[2025-02-28T03:28:15.224+0000] {processor.py:186} INFO - Started process (PID=347) to work on /home/airflow/.local/lib/python3.12/site-packages/airflow/example_dags/example_complex.py
[2025-02-28T03:28:15.226+0000] {processor.py:914} INFO - Processing file /home/airflow/.local/lib/python3.12/site-packages/airflow/example_dags/example_complex.py for tasks to queue
[2025-02-28T03:28:15.232+0000] {logging_mixin.py:190} INFO - [2025-02-28T03:28:15.231+0000] {dagbag.py:588} INFO - Filling up the DagBag from /home/airflow/.local/lib/python3.12/site-packages/airflow/example_dags/example_complex.py
[2025-02-28T03:28:15.251+0000] {processor.py:925} INFO - DAG(s) 'example_complex' retrieved from /home/airflow/.local/lib/python3.12/site-packages/airflow/example_dags/example_complex.py
[2025-02-28T03:28:15.314+0000] {logging_mixin.py:190} INFO - [2025-02-28T03:28:15.313+0000] {dag.py:3239} INFO - Sync 1 DAGs
[2025-02-28T03:28:15.352+0000] {logging_mixin.py:190} INFO - [2025-02-28T03:28:15.352+0000] {dag.py:4180} INFO - Setting next_dagrun for example_complex to None, run_after=None
[2025-02-28T03:28:15.417+0000] {processor.py:208} INFO - Processing /home/airflow/.local/lib/python3.12/site-packages/airflow/example_dags/example_complex.py took 0.202 seconds
[2025-02-28T03:28:46.057+0000] {processor.py:186} INFO - Started process (PID=648) to work on /home/airflow/.local/lib/python3.12/site-packages/airflow/example_dags/example_complex.py
[2025-02-28T03:28:46.061+0000] {processor.py:914} INFO - Processing file /home/airflow/.local/lib/python3.12/site-packages/airflow/example_dags/example_complex.py for tasks to queue
[2025-02-28T03:28:46.066+0000] {logging_mixin.py:190} INFO - [2025-02-28T03:28:46.065+0000] {dagbag.py:588} INFO - Filling up the DagBag from /home/airflow/.local/lib/python3.12/site-packages/airflow/example_dags/example_complex.py
[2025-02-28T03:28:46.107+0000] {processor.py:925} INFO - DAG(s) 'example_complex' retrieved from /home/airflow/.local/lib/python3.12/site-packages/airflow/example_dags/example_complex.py
[2025-02-28T03:28:46.230+0000] {logging_mixin.py:190} INFO - [2025-02-28T03:28:46.229+0000] {dag.py:3239} INFO - Sync 1 DAGs
[2025-02-28T03:28:46.301+0000] {logging_mixin.py:190} INFO - [2025-02-28T03:28:46.299+0000] {dag.py:4180} INFO - Setting next_dagrun for example_complex to None, run_after=None
[2025-02-28T03:28:46.368+0000] {processor.py:208} INFO - Processing /home/airflow/.local/lib/python3.12/site-packages/airflow/example_dags/example_complex.py took 0.328 seconds
[2025-02-28T03:29:17.692+0000] {processor.py:186} INFO - Started process (PID=955) to work on /home/airflow/.local/lib/python3.12/site-packages/airflow/example_dags/example_complex.py
[2025-02-28T03:29:17.696+0000] {processor.py:914} INFO - Processing file /home/airflow/.local/lib/python3.12/site-packages/airflow/example_dags/example_complex.py for tasks to queue
[2025-02-28T03:29:17.704+0000] {logging_mixin.py:190} INFO - [2025-02-28T03:29:17.701+0000] {dagbag.py:588} INFO - Filling up the DagBag from /home/airflow/.local/lib/python3.12/site-packages/airflow/example_dags/example_complex.py
[2025-02-28T03:29:17.748+0000] {processor.py:925} INFO - DAG(s) 'example_complex' retrieved from /home/airflow/.local/lib/python3.12/site-packages/airflow/example_dags/example_complex.py
[2025-02-28T03:29:17.814+0000] {logging_mixin.py:190} INFO - [2025-02-28T03:29:17.814+0000] {dag.py:3239} INFO - Sync 1 DAGs
[2025-02-28T03:29:17.837+0000] {logging_mixin.py:190} INFO - [2025-02-28T03:29:17.836+0000] {dag.py:4180} INFO - Setting next_dagrun for example_complex to None, run_after=None
[2025-02-28T03:29:17.889+0000] {processor.py:208} INFO - Processing /home/airflow/.local/lib/python3.12/site-packages/airflow/example_dags/example_complex.py took 0.217 seconds
[2025-02-28T03:29:48.838+0000] {processor.py:186} INFO - Started process (PID=1256) to work on /home/airflow/.local/lib/python3.12/site-packages/airflow/example_dags/example_complex.py
[2025-02-28T03:29:48.844+0000] {processor.py:914} INFO - Processing file /home/airflow/.local/lib/python3.12/site-packages/airflow/example_dags/example_complex.py for tasks to queue
[2025-02-28T03:29:48.856+0000] {logging_mixin.py:190} INFO - [2025-02-28T03:29:48.851+0000] {dagbag.py:588} INFO - Filling up the DagBag from /home/airflow/.local/lib/python3.12/site-packages/airflow/example_dags/example_complex.py
[2025-02-28T03:29:48.897+0000] {processor.py:925} INFO - DAG(s) 'example_complex' retrieved from /home/airflow/.local/lib/python3.12/site-packages/airflow/example_dags/example_complex.py
[2025-02-28T03:29:48.978+0000] {logging_mixin.py:190} INFO - [2025-02-28T03:29:48.978+0000] {dag.py:3239} INFO - Sync 1 DAGs
[2025-02-28T03:29:49.039+0000] {logging_mixin.py:190} INFO - [2025-02-28T03:29:49.039+0000] {dag.py:4180} INFO - Setting next_dagrun for example_complex to None, run_after=None
[2025-02-28T03:29:49.080+0000] {processor.py:208} INFO - Processing /home/airflow/.local/lib/python3.12/site-packages/airflow/example_dags/example_complex.py took 0.275 seconds
[2025-02-28T03:30:20.111+0000] {processor.py:186} INFO - Started process (PID=1556) to work on /home/airflow/.local/lib/python3.12/site-packages/airflow/example_dags/example_complex.py
[2025-02-28T03:30:20.113+0000] {processor.py:914} INFO - Processing file /home/airflow/.local/lib/python3.12/site-packages/airflow/example_dags/example_complex.py for tasks to queue
[2025-02-28T03:30:20.124+0000] {logging_mixin.py:190} INFO - [2025-02-28T03:30:20.124+0000] {dagbag.py:588} INFO - Filling up the DagBag from /home/airflow/.local/lib/python3.12/site-packages/airflow/example_dags/example_complex.py
[2025-02-28T03:30:20.162+0000] {processor.py:925} INFO - DAG(s) 'example_complex' retrieved from /home/airflow/.local/lib/python3.12/site-packages/airflow/example_dags/example_complex.py
[2025-02-28T03:30:20.224+0000] {logging_mixin.py:190} INFO - [2025-02-28T03:30:20.224+0000] {dag.py:3239} INFO - Sync 1 DAGs
[2025-02-28T03:30:20.263+0000] {logging_mixin.py:190} INFO - [2025-02-28T03:30:20.262+0000] {dag.py:4180} INFO - Setting next_dagrun for example_complex to None, run_after=None
[2025-02-28T03:30:20.306+0000] {processor.py:208} INFO - Processing /home/airflow/.local/lib/python3.12/site-packages/airflow/example_dags/example_complex.py took 0.214 seconds
[2025-02-28T03:30:51.145+0000] {processor.py:186} INFO - Started process (PID=1856) to work on /home/airflow/.local/lib/python3.12/site-packages/airflow/example_dags/example_complex.py
[2025-02-28T03:30:51.148+0000] {processor.py:914} INFO - Processing file /home/airflow/.local/lib/python3.12/site-packages/airflow/example_dags/example_complex.py for tasks to queue
[2025-02-28T03:30:51.154+0000] {logging_mixin.py:190} INFO - [2025-02-28T03:30:51.153+0000] {dagbag.py:588} INFO - Filling up the DagBag from /home/airflow/.local/lib/python3.12/site-packages/airflow/example_dags/example_complex.py
[2025-02-28T03:30:51.174+0000] {processor.py:925} INFO - DAG(s) 'example_complex' retrieved from /home/airflow/.local/lib/python3.12/site-packages/airflow/example_dags/example_complex.py
[2025-02-28T03:30:51.293+0000] {logging_mixin.py:190} INFO - [2025-02-28T03:30:51.293+0000] {dag.py:3239} INFO - Sync 1 DAGs
[2025-02-28T03:30:51.354+0000] {logging_mixin.py:190} INFO - [2025-02-28T03:30:51.354+0000] {dag.py:4180} INFO - Setting next_dagrun for example_complex to None, run_after=None
[2025-02-28T03:30:51.408+0000] {processor.py:208} INFO - Processing /home/airflow/.local/lib/python3.12/site-packages/airflow/example_dags/example_complex.py took 0.271 seconds
[2025-02-28T03:31:21.889+0000] {processor.py:186} INFO - Started process (PID=2157) to work on /home/airflow/.local/lib/python3.12/site-packages/airflow/example_dags/example_complex.py
[2025-02-28T03:31:21.896+0000] {processor.py:914} INFO - Processing file /home/airflow/.local/lib/python3.12/site-packages/airflow/example_dags/example_complex.py for tasks to queue
[2025-02-28T03:31:21.903+0000] {logging_mixin.py:190} INFO - [2025-02-28T03:31:21.902+0000] {dagbag.py:588} INFO - Filling up the DagBag from /home/airflow/.local/lib/python3.12/site-packages/airflow/example_dags/example_complex.py
[2025-02-28T03:31:21.966+0000] {processor.py:925} INFO - DAG(s) 'example_complex' retrieved from /home/airflow/.local/lib/python3.12/site-packages/airflow/example_dags/example_complex.py
[2025-02-28T03:31:22.088+0000] {logging_mixin.py:190} INFO - [2025-02-28T03:31:22.087+0000] {dag.py:3239} INFO - Sync 1 DAGs
[2025-02-28T03:31:22.144+0000] {logging_mixin.py:190} INFO - [2025-02-28T03:31:22.144+0000] {dag.py:4180} INFO - Setting next_dagrun for example_complex to None, run_after=None
[2025-02-28T03:31:22.199+0000] {processor.py:208} INFO - Processing /home/airflow/.local/lib/python3.12/site-packages/airflow/example_dags/example_complex.py took 0.334 seconds
[2025-02-28T03:31:52.511+0000] {processor.py:186} INFO - Started process (PID=2458) to work on /home/airflow/.local/lib/python3.12/site-packages/airflow/example_dags/example_complex.py
[2025-02-28T03:31:52.514+0000] {processor.py:914} INFO - Processing file /home/airflow/.local/lib/python3.12/site-packages/airflow/example_dags/example_complex.py for tasks to queue
[2025-02-28T03:31:52.518+0000] {logging_mixin.py:190} INFO - [2025-02-28T03:31:52.517+0000] {dagbag.py:588} INFO - Filling up the DagBag from /home/airflow/.local/lib/python3.12/site-packages/airflow/example_dags/example_complex.py
[2025-02-28T03:31:52.554+0000] {processor.py:925} INFO - DAG(s) 'example_complex' retrieved from /home/airflow/.local/lib/python3.12/site-packages/airflow/example_dags/example_complex.py
[2025-02-28T03:31:52.662+0000] {logging_mixin.py:190} INFO - [2025-02-28T03:31:52.661+0000] {dag.py:3239} INFO - Sync 1 DAGs
[2025-02-28T03:31:52.713+0000] {logging_mixin.py:190} INFO - [2025-02-28T03:31:52.713+0000] {dag.py:4180} INFO - Setting next_dagrun for example_complex to None, run_after=None
[2025-02-28T03:31:52.747+0000] {processor.py:208} INFO - Processing /home/airflow/.local/lib/python3.12/site-packages/airflow/example_dags/example_complex.py took 0.252 seconds
[2025-02-28T03:32:22.935+0000] {processor.py:186} INFO - Started process (PID=2758) to work on /home/airflow/.local/lib/python3.12/site-packages/airflow/example_dags/example_complex.py
[2025-02-28T03:32:22.939+0000] {processor.py:914} INFO - Processing file /home/airflow/.local/lib/python3.12/site-packages/airflow/example_dags/example_complex.py for tasks to queue
[2025-02-28T03:32:22.944+0000] {logging_mixin.py:190} INFO - [2025-02-28T03:32:22.943+0000] {dagbag.py:588} INFO - Filling up the DagBag from /home/airflow/.local/lib/python3.12/site-packages/airflow/example_dags/example_complex.py
[2025-02-28T03:32:22.987+0000] {processor.py:925} INFO - DAG(s) 'example_complex' retrieved from /home/airflow/.local/lib/python3.12/site-packages/airflow/example_dags/example_complex.py
[2025-02-28T03:32:23.105+0000] {logging_mixin.py:190} INFO - [2025-02-28T03:32:23.105+0000] {dag.py:3239} INFO - Sync 1 DAGs
[2025-02-28T03:32:23.173+0000] {logging_mixin.py:190} INFO - [2025-02-28T03:32:23.173+0000] {dag.py:4180} INFO - Setting next_dagrun for example_complex to None, run_after=None
[2025-02-28T03:32:23.219+0000] {processor.py:208} INFO - Processing /home/airflow/.local/lib/python3.12/site-packages/airflow/example_dags/example_complex.py took 0.305 seconds
[2025-02-28T03:32:53.877+0000] {processor.py:186} INFO - Started process (PID=3059) to work on /home/airflow/.local/lib/python3.12/site-packages/airflow/example_dags/example_complex.py
[2025-02-28T03:32:53.880+0000] {processor.py:914} INFO - Processing file /home/airflow/.local/lib/python3.12/site-packages/airflow/example_dags/example_complex.py for tasks to queue
[2025-02-28T03:32:53.883+0000] {logging_mixin.py:190} INFO - [2025-02-28T03:32:53.883+0000] {dagbag.py:588} INFO - Filling up the DagBag from /home/airflow/.local/lib/python3.12/site-packages/airflow/example_dags/example_complex.py
[2025-02-28T03:32:53.934+0000] {processor.py:925} INFO - DAG(s) 'example_complex' retrieved from /home/airflow/.local/lib/python3.12/site-packages/airflow/example_dags/example_complex.py
[2025-02-28T03:32:54.039+0000] {logging_mixin.py:190} INFO - [2025-02-28T03:32:54.039+0000] {dag.py:3239} INFO - Sync 1 DAGs
[2025-02-28T03:32:54.088+0000] {logging_mixin.py:190} INFO - [2025-02-28T03:32:54.088+0000] {dag.py:4180} INFO - Setting next_dagrun for example_complex to None, run_after=None
[2025-02-28T03:32:54.139+0000] {processor.py:208} INFO - Processing /home/airflow/.local/lib/python3.12/site-packages/airflow/example_dags/example_complex.py took 0.278 seconds
[2025-02-28T03:33:24.506+0000] {processor.py:186} INFO - Started process (PID=3360) to work on /home/airflow/.local/lib/python3.12/site-packages/airflow/example_dags/example_complex.py
[2025-02-28T03:33:24.508+0000] {processor.py:914} INFO - Processing file /home/airflow/.local/lib/python3.12/site-packages/airflow/example_dags/example_complex.py for tasks to queue
[2025-02-28T03:33:24.514+0000] {logging_mixin.py:190} INFO - [2025-02-28T03:33:24.514+0000] {dagbag.py:588} INFO - Filling up the DagBag from /home/airflow/.local/lib/python3.12/site-packages/airflow/example_dags/example_complex.py
[2025-02-28T03:33:24.562+0000] {processor.py:925} INFO - DAG(s) 'example_complex' retrieved from /home/airflow/.local/lib/python3.12/site-packages/airflow/example_dags/example_complex.py
[2025-02-28T03:33:24.663+0000] {logging_mixin.py:190} INFO - [2025-02-28T03:33:24.663+0000] {dag.py:3239} INFO - Sync 1 DAGs
[2025-02-28T03:33:24.693+0000] {logging_mixin.py:190} INFO - [2025-02-28T03:33:24.691+0000] {dag.py:4180} INFO - Setting next_dagrun for example_complex to None, run_after=None
[2025-02-28T03:33:24.738+0000] {processor.py:208} INFO - Processing /home/airflow/.local/lib/python3.12/site-packages/airflow/example_dags/example_complex.py took 0.247 seconds
[2025-02-28T03:33:55.027+0000] {processor.py:186} INFO - Started process (PID=3658) to work on /home/airflow/.local/lib/python3.12/site-packages/airflow/example_dags/example_complex.py
[2025-02-28T03:33:55.028+0000] {processor.py:914} INFO - Processing file /home/airflow/.local/lib/python3.12/site-packages/airflow/example_dags/example_complex.py for tasks to queue
[2025-02-28T03:33:55.030+0000] {logging_mixin.py:190} INFO - [2025-02-28T03:33:55.030+0000] {dagbag.py:588} INFO - Filling up the DagBag from /home/airflow/.local/lib/python3.12/site-packages/airflow/example_dags/example_complex.py
[2025-02-28T03:33:55.049+0000] {processor.py:925} INFO - DAG(s) 'example_complex' retrieved from /home/airflow/.local/lib/python3.12/site-packages/airflow/example_dags/example_complex.py
[2025-02-28T03:33:55.101+0000] {logging_mixin.py:190} INFO - [2025-02-28T03:33:55.101+0000] {dag.py:3239} INFO - Sync 1 DAGs
[2025-02-28T03:33:55.128+0000] {logging_mixin.py:190} INFO - [2025-02-28T03:33:55.127+0000] {dag.py:4180} INFO - Setting next_dagrun for example_complex to None, run_after=None
[2025-02-28T03:33:55.155+0000] {processor.py:208} INFO - Processing /home/airflow/.local/lib/python3.12/site-packages/airflow/example_dags/example_complex.py took 0.137 seconds
[2025-02-28T03:34:25.443+0000] {processor.py:186} INFO - Started process (PID=3959) to work on /home/airflow/.local/lib/python3.12/site-packages/airflow/example_dags/example_complex.py
[2025-02-28T03:34:25.446+0000] {processor.py:914} INFO - Processing file /home/airflow/.local/lib/python3.12/site-packages/airflow/example_dags/example_complex.py for tasks to queue
[2025-02-28T03:34:25.452+0000] {logging_mixin.py:190} INFO - [2025-02-28T03:34:25.451+0000] {dagbag.py:588} INFO - Filling up the DagBag from /home/airflow/.local/lib/python3.12/site-packages/airflow/example_dags/example_complex.py
[2025-02-28T03:34:25.497+0000] {processor.py:925} INFO - DAG(s) 'example_complex' retrieved from /home/airflow/.local/lib/python3.12/site-packages/airflow/example_dags/example_complex.py
[2025-02-28T03:34:25.633+0000] {logging_mixin.py:190} INFO - [2025-02-28T03:34:25.633+0000] {dag.py:3239} INFO - Sync 1 DAGs
[2025-02-28T03:34:25.694+0000] {logging_mixin.py:190} INFO - [2025-02-28T03:34:25.694+0000] {dag.py:4180} INFO - Setting next_dagrun for example_complex to None, run_after=None
[2025-02-28T03:34:25.746+0000] {processor.py:208} INFO - Processing /home/airflow/.local/lib/python3.12/site-packages/airflow/example_dags/example_complex.py took 0.314 seconds
[2025-02-28T03:34:55.906+0000] {processor.py:186} INFO - Started process (PID=4257) to work on /home/airflow/.local/lib/python3.12/site-packages/airflow/example_dags/example_complex.py
[2025-02-28T03:34:55.908+0000] {processor.py:914} INFO - Processing file /home/airflow/.local/lib/python3.12/site-packages/airflow/example_dags/example_complex.py for tasks to queue
[2025-02-28T03:34:55.911+0000] {logging_mixin.py:190} INFO - [2025-02-28T03:34:55.910+0000] {dagbag.py:588} INFO - Filling up the DagBag from /home/airflow/.local/lib/python3.12/site-packages/airflow/example_dags/example_complex.py
[2025-02-28T03:34:55.931+0000] {processor.py:925} INFO - DAG(s) 'example_complex' retrieved from /home/airflow/.local/lib/python3.12/site-packages/airflow/example_dags/example_complex.py
[2025-02-28T03:34:55.984+0000] {logging_mixin.py:190} INFO - [2025-02-28T03:34:55.984+0000] {dag.py:3239} INFO - Sync 1 DAGs
[2025-02-28T03:34:56.008+0000] {logging_mixin.py:190} INFO - [2025-02-28T03:34:56.008+0000] {dag.py:4180} INFO - Setting next_dagrun for example_complex to None, run_after=None
[2025-02-28T03:34:56.031+0000] {processor.py:208} INFO - Processing /home/airflow/.local/lib/python3.12/site-packages/airflow/example_dags/example_complex.py took 0.135 seconds
[2025-02-28T03:35:26.715+0000] {processor.py:186} INFO - Started process (PID=4558) to work on /home/airflow/.local/lib/python3.12/site-packages/airflow/example_dags/example_complex.py
[2025-02-28T03:35:26.717+0000] {processor.py:914} INFO - Processing file /home/airflow/.local/lib/python3.12/site-packages/airflow/example_dags/example_complex.py for tasks to queue
[2025-02-28T03:35:26.720+0000] {logging_mixin.py:190} INFO - [2025-02-28T03:35:26.720+0000] {dagbag.py:588} INFO - Filling up the DagBag from /home/airflow/.local/lib/python3.12/site-packages/airflow/example_dags/example_complex.py
[2025-02-28T03:35:26.740+0000] {processor.py:925} INFO - DAG(s) 'example_complex' retrieved from /home/airflow/.local/lib/python3.12/site-packages/airflow/example_dags/example_complex.py
[2025-02-28T03:35:26.778+0000] {logging_mixin.py:190} INFO - [2025-02-28T03:35:26.778+0000] {dag.py:3239} INFO - Sync 1 DAGs
[2025-02-28T03:35:26.794+0000] {logging_mixin.py:190} INFO - [2025-02-28T03:35:26.794+0000] {dag.py:4180} INFO - Setting next_dagrun for example_complex to None, run_after=None
[2025-02-28T03:35:26.812+0000] {processor.py:208} INFO - Processing /home/airflow/.local/lib/python3.12/site-packages/airflow/example_dags/example_complex.py took 0.106 seconds
[2025-02-28T03:35:57.397+0000] {processor.py:186} INFO - Started process (PID=4859) to work on /home/airflow/.local/lib/python3.12/site-packages/airflow/example_dags/example_complex.py
[2025-02-28T03:35:57.401+0000] {processor.py:914} INFO - Processing file /home/airflow/.local/lib/python3.12/site-packages/airflow/example_dags/example_complex.py for tasks to queue
[2025-02-28T03:35:57.405+0000] {logging_mixin.py:190} INFO - [2025-02-28T03:35:57.405+0000] {dagbag.py:588} INFO - Filling up the DagBag from /home/airflow/.local/lib/python3.12/site-packages/airflow/example_dags/example_complex.py
[2025-02-28T03:35:57.443+0000] {processor.py:925} INFO - DAG(s) 'example_complex' retrieved from /home/airflow/.local/lib/python3.12/site-packages/airflow/example_dags/example_complex.py
[2025-02-28T03:35:57.548+0000] {logging_mixin.py:190} INFO - [2025-02-28T03:35:57.548+0000] {dag.py:3239} INFO - Sync 1 DAGs
[2025-02-28T03:35:57.578+0000] {logging_mixin.py:190} INFO - [2025-02-28T03:35:57.577+0000] {dag.py:4180} INFO - Setting next_dagrun for example_complex to None, run_after=None
[2025-02-28T03:35:57.607+0000] {processor.py:208} INFO - Processing /home/airflow/.local/lib/python3.12/site-packages/airflow/example_dags/example_complex.py took 0.230 seconds
[2025-02-28T03:36:27.873+0000] {processor.py:186} INFO - Started process (PID=5160) to work on /home/airflow/.local/lib/python3.12/site-packages/airflow/example_dags/example_complex.py
[2025-02-28T03:36:27.875+0000] {processor.py:914} INFO - Processing file /home/airflow/.local/lib/python3.12/site-packages/airflow/example_dags/example_complex.py for tasks to queue
[2025-02-28T03:36:27.878+0000] {logging_mixin.py:190} INFO - [2025-02-28T03:36:27.878+0000] {dagbag.py:588} INFO - Filling up the DagBag from /home/airflow/.local/lib/python3.12/site-packages/airflow/example_dags/example_complex.py
[2025-02-28T03:36:27.897+0000] {processor.py:925} INFO - DAG(s) 'example_complex' retrieved from /home/airflow/.local/lib/python3.12/site-packages/airflow/example_dags/example_complex.py
[2025-02-28T03:36:27.949+0000] {logging_mixin.py:190} INFO - [2025-02-28T03:36:27.949+0000] {dag.py:3239} INFO - Sync 1 DAGs
[2025-02-28T03:36:27.973+0000] {logging_mixin.py:190} INFO - [2025-02-28T03:36:27.973+0000] {dag.py:4180} INFO - Setting next_dagrun for example_complex to None, run_after=None
[2025-02-28T03:36:27.997+0000] {processor.py:208} INFO - Processing /home/airflow/.local/lib/python3.12/site-packages/airflow/example_dags/example_complex.py took 0.133 seconds
[2025-02-28T03:36:58.816+0000] {processor.py:186} INFO - Started process (PID=5456) to work on /home/airflow/.local/lib/python3.12/site-packages/airflow/example_dags/example_complex.py
[2025-02-28T03:36:58.818+0000] {processor.py:914} INFO - Processing file /home/airflow/.local/lib/python3.12/site-packages/airflow/example_dags/example_complex.py for tasks to queue
[2025-02-28T03:36:58.821+0000] {logging_mixin.py:190} INFO - [2025-02-28T03:36:58.821+0000] {dagbag.py:588} INFO - Filling up the DagBag from /home/airflow/.local/lib/python3.12/site-packages/airflow/example_dags/example_complex.py
[2025-02-28T03:36:58.840+0000] {processor.py:925} INFO - DAG(s) 'example_complex' retrieved from /home/airflow/.local/lib/python3.12/site-packages/airflow/example_dags/example_complex.py
[2025-02-28T03:36:58.890+0000] {logging_mixin.py:190} INFO - [2025-02-28T03:36:58.890+0000] {dag.py:3239} INFO - Sync 1 DAGs
[2025-02-28T03:36:58.914+0000] {logging_mixin.py:190} INFO - [2025-02-28T03:36:58.914+0000] {dag.py:4180} INFO - Setting next_dagrun for example_complex to None, run_after=None
[2025-02-28T03:36:58.935+0000] {processor.py:208} INFO - Processing /home/airflow/.local/lib/python3.12/site-packages/airflow/example_dags/example_complex.py took 0.128 seconds
