[2025-02-28T03:28:13.816+0000] {processor.py:186} INFO - Started process (PID=322) to work on /home/airflow/.local/lib/python3.12/site-packages/airflow/example_dags/example_sensor_decorator.py
[2025-02-28T03:28:13.817+0000] {processor.py:914} INFO - Processing file /home/airflow/.local/lib/python3.12/site-packages/airflow/example_dags/example_sensor_decorator.py for tasks to queue
[2025-02-28T03:28:13.825+0000] {logging_mixin.py:190} INFO - [2025-02-28T03:28:13.825+0000] {dagbag.py:588} INFO - Filling up the DagBag from /home/airflow/.local/lib/python3.12/site-packages/airflow/example_dags/example_sensor_decorator.py
[2025-02-28T03:28:13.860+0000] {processor.py:925} INFO - DAG(s) 'example_sensor_decorator' retrieved from /home/airflow/.local/lib/python3.12/site-packages/airflow/example_dags/example_sensor_decorator.py
[2025-02-28T03:28:13.943+0000] {logging_mixin.py:190} INFO - [2025-02-28T03:28:13.942+0000] {dag.py:3239} INFO - Sync 1 DAGs
[2025-02-28T03:28:14.013+0000] {logging_mixin.py:190} INFO - [2025-02-28T03:28:14.013+0000] {dag.py:4180} INFO - Setting next_dagrun for example_sensor_decorator to None, run_after=None
[2025-02-28T03:28:14.068+0000] {processor.py:208} INFO - Processing /home/airflow/.local/lib/python3.12/site-packages/airflow/example_dags/example_sensor_decorator.py took 0.272 seconds
[2025-02-28T03:28:45.108+0000] {processor.py:186} INFO - Started process (PID=623) to work on /home/airflow/.local/lib/python3.12/site-packages/airflow/example_dags/example_sensor_decorator.py
[2025-02-28T03:28:45.114+0000] {processor.py:914} INFO - Processing file /home/airflow/.local/lib/python3.12/site-packages/airflow/example_dags/example_sensor_decorator.py for tasks to queue
[2025-02-28T03:28:45.126+0000] {logging_mixin.py:190} INFO - [2025-02-28T03:28:45.121+0000] {dagbag.py:588} INFO - Filling up the DagBag from /home/airflow/.local/lib/python3.12/site-packages/airflow/example_dags/example_sensor_decorator.py
[2025-02-28T03:28:45.143+0000] {processor.py:925} INFO - DAG(s) 'example_sensor_decorator' retrieved from /home/airflow/.local/lib/python3.12/site-packages/airflow/example_dags/example_sensor_decorator.py
[2025-02-28T03:28:45.206+0000] {logging_mixin.py:190} INFO - [2025-02-28T03:28:45.204+0000] {dag.py:3239} INFO - Sync 1 DAGs
[2025-02-28T03:28:45.246+0000] {logging_mixin.py:190} INFO - [2025-02-28T03:28:45.245+0000] {dag.py:4180} INFO - Setting next_dagrun for example_sensor_decorator to None, run_after=None
[2025-02-28T03:28:45.291+0000] {processor.py:208} INFO - Processing /home/airflow/.local/lib/python3.12/site-packages/airflow/example_dags/example_sensor_decorator.py took 0.215 seconds
[2025-02-28T03:29:15.763+0000] {processor.py:186} INFO - Started process (PID=919) to work on /home/airflow/.local/lib/python3.12/site-packages/airflow/example_dags/example_sensor_decorator.py
[2025-02-28T03:29:15.768+0000] {processor.py:914} INFO - Processing file /home/airflow/.local/lib/python3.12/site-packages/airflow/example_dags/example_sensor_decorator.py for tasks to queue
[2025-02-28T03:29:15.772+0000] {logging_mixin.py:190} INFO - [2025-02-28T03:29:15.771+0000] {dagbag.py:588} INFO - Filling up the DagBag from /home/airflow/.local/lib/python3.12/site-packages/airflow/example_dags/example_sensor_decorator.py
[2025-02-28T03:29:15.794+0000] {processor.py:925} INFO - DAG(s) 'example_sensor_decorator' retrieved from /home/airflow/.local/lib/python3.12/site-packages/airflow/example_dags/example_sensor_decorator.py
[2025-02-28T03:29:15.865+0000] {logging_mixin.py:190} INFO - [2025-02-28T03:29:15.865+0000] {dag.py:3239} INFO - Sync 1 DAGs
[2025-02-28T03:29:15.891+0000] {logging_mixin.py:190} INFO - [2025-02-28T03:29:15.891+0000] {dag.py:4180} INFO - Setting next_dagrun for example_sensor_decorator to None, run_after=None
[2025-02-28T03:29:15.926+0000] {processor.py:208} INFO - Processing /home/airflow/.local/lib/python3.12/site-packages/airflow/example_dags/example_sensor_decorator.py took 0.208 seconds
[2025-02-28T03:29:46.445+0000] {processor.py:186} INFO - Started process (PID=1220) to work on /home/airflow/.local/lib/python3.12/site-packages/airflow/example_dags/example_sensor_decorator.py
[2025-02-28T03:29:46.449+0000] {processor.py:914} INFO - Processing file /home/airflow/.local/lib/python3.12/site-packages/airflow/example_dags/example_sensor_decorator.py for tasks to queue
[2025-02-28T03:29:46.456+0000] {logging_mixin.py:190} INFO - [2025-02-28T03:29:46.455+0000] {dagbag.py:588} INFO - Filling up the DagBag from /home/airflow/.local/lib/python3.12/site-packages/airflow/example_dags/example_sensor_decorator.py
[2025-02-28T03:29:46.484+0000] {processor.py:925} INFO - DAG(s) 'example_sensor_decorator' retrieved from /home/airflow/.local/lib/python3.12/site-packages/airflow/example_dags/example_sensor_decorator.py
[2025-02-28T03:29:46.547+0000] {logging_mixin.py:190} INFO - [2025-02-28T03:29:46.545+0000] {dag.py:3239} INFO - Sync 1 DAGs
[2025-02-28T03:29:46.604+0000] {logging_mixin.py:190} INFO - [2025-02-28T03:29:46.602+0000] {dag.py:4180} INFO - Setting next_dagrun for example_sensor_decorator to None, run_after=None
[2025-02-28T03:29:46.667+0000] {processor.py:208} INFO - Processing /home/airflow/.local/lib/python3.12/site-packages/airflow/example_dags/example_sensor_decorator.py took 0.232 seconds
[2025-02-28T03:30:16.785+0000] {processor.py:186} INFO - Started process (PID=1519) to work on /home/airflow/.local/lib/python3.12/site-packages/airflow/example_dags/example_sensor_decorator.py
[2025-02-28T03:30:16.788+0000] {processor.py:914} INFO - Processing file /home/airflow/.local/lib/python3.12/site-packages/airflow/example_dags/example_sensor_decorator.py for tasks to queue
[2025-02-28T03:30:16.793+0000] {logging_mixin.py:190} INFO - [2025-02-28T03:30:16.793+0000] {dagbag.py:588} INFO - Filling up the DagBag from /home/airflow/.local/lib/python3.12/site-packages/airflow/example_dags/example_sensor_decorator.py
[2025-02-28T03:30:16.809+0000] {processor.py:925} INFO - DAG(s) 'example_sensor_decorator' retrieved from /home/airflow/.local/lib/python3.12/site-packages/airflow/example_dags/example_sensor_decorator.py
[2025-02-28T03:30:16.890+0000] {logging_mixin.py:190} INFO - [2025-02-28T03:30:16.889+0000] {dag.py:3239} INFO - Sync 1 DAGs
[2025-02-28T03:30:16.956+0000] {logging_mixin.py:190} INFO - [2025-02-28T03:30:16.956+0000] {dag.py:4180} INFO - Setting next_dagrun for example_sensor_decorator to None, run_after=None
[2025-02-28T03:30:17.021+0000] {processor.py:208} INFO - Processing /home/airflow/.local/lib/python3.12/site-packages/airflow/example_dags/example_sensor_decorator.py took 0.254 seconds
[2025-02-28T03:30:47.273+0000] {processor.py:186} INFO - Started process (PID=1819) to work on /home/airflow/.local/lib/python3.12/site-packages/airflow/example_dags/example_sensor_decorator.py
[2025-02-28T03:30:47.278+0000] {processor.py:914} INFO - Processing file /home/airflow/.local/lib/python3.12/site-packages/airflow/example_dags/example_sensor_decorator.py for tasks to queue
[2025-02-28T03:30:47.288+0000] {logging_mixin.py:190} INFO - [2025-02-28T03:30:47.287+0000] {dagbag.py:588} INFO - Filling up the DagBag from /home/airflow/.local/lib/python3.12/site-packages/airflow/example_dags/example_sensor_decorator.py
[2025-02-28T03:30:47.325+0000] {processor.py:925} INFO - DAG(s) 'example_sensor_decorator' retrieved from /home/airflow/.local/lib/python3.12/site-packages/airflow/example_dags/example_sensor_decorator.py
[2025-02-28T03:30:47.394+0000] {logging_mixin.py:190} INFO - [2025-02-28T03:30:47.394+0000] {dag.py:3239} INFO - Sync 1 DAGs
[2025-02-28T03:30:47.455+0000] {logging_mixin.py:190} INFO - [2025-02-28T03:30:47.455+0000] {dag.py:4180} INFO - Setting next_dagrun for example_sensor_decorator to None, run_after=None
[2025-02-28T03:30:47.520+0000] {processor.py:208} INFO - Processing /home/airflow/.local/lib/python3.12/site-packages/airflow/example_dags/example_sensor_decorator.py took 0.280 seconds
[2025-02-28T03:31:18.220+0000] {processor.py:186} INFO - Started process (PID=2130) to work on /home/airflow/.local/lib/python3.12/site-packages/airflow/example_dags/example_sensor_decorator.py
[2025-02-28T03:31:18.224+0000] {processor.py:914} INFO - Processing file /home/airflow/.local/lib/python3.12/site-packages/airflow/example_dags/example_sensor_decorator.py for tasks to queue
[2025-02-28T03:31:18.232+0000] {logging_mixin.py:190} INFO - [2025-02-28T03:31:18.231+0000] {dagbag.py:588} INFO - Filling up the DagBag from /home/airflow/.local/lib/python3.12/site-packages/airflow/example_dags/example_sensor_decorator.py
[2025-02-28T03:31:18.253+0000] {processor.py:925} INFO - DAG(s) 'example_sensor_decorator' retrieved from /home/airflow/.local/lib/python3.12/site-packages/airflow/example_dags/example_sensor_decorator.py
[2025-02-28T03:31:18.294+0000] {logging_mixin.py:190} INFO - [2025-02-28T03:31:18.293+0000] {dag.py:3239} INFO - Sync 1 DAGs
[2025-02-28T03:31:18.318+0000] {logging_mixin.py:190} INFO - [2025-02-28T03:31:18.318+0000] {dag.py:4180} INFO - Setting next_dagrun for example_sensor_decorator to None, run_after=None
[2025-02-28T03:31:18.352+0000] {processor.py:208} INFO - Processing /home/airflow/.local/lib/python3.12/site-packages/airflow/example_dags/example_sensor_decorator.py took 0.161 seconds
[2025-02-28T03:31:48.789+0000] {processor.py:186} INFO - Started process (PID=2431) to work on /home/airflow/.local/lib/python3.12/site-packages/airflow/example_dags/example_sensor_decorator.py
[2025-02-28T03:31:48.793+0000] {processor.py:914} INFO - Processing file /home/airflow/.local/lib/python3.12/site-packages/airflow/example_dags/example_sensor_decorator.py for tasks to queue
[2025-02-28T03:31:48.798+0000] {logging_mixin.py:190} INFO - [2025-02-28T03:31:48.798+0000] {dagbag.py:588} INFO - Filling up the DagBag from /home/airflow/.local/lib/python3.12/site-packages/airflow/example_dags/example_sensor_decorator.py
[2025-02-28T03:31:48.823+0000] {processor.py:925} INFO - DAG(s) 'example_sensor_decorator' retrieved from /home/airflow/.local/lib/python3.12/site-packages/airflow/example_dags/example_sensor_decorator.py
[2025-02-28T03:31:48.863+0000] {logging_mixin.py:190} INFO - [2025-02-28T03:31:48.863+0000] {dag.py:3239} INFO - Sync 1 DAGs
[2025-02-28T03:31:48.884+0000] {logging_mixin.py:190} INFO - [2025-02-28T03:31:48.884+0000] {dag.py:4180} INFO - Setting next_dagrun for example_sensor_decorator to None, run_after=None
[2025-02-28T03:31:48.906+0000] {processor.py:208} INFO - Processing /home/airflow/.local/lib/python3.12/site-packages/airflow/example_dags/example_sensor_decorator.py took 0.147 seconds
[2025-02-28T03:32:20.075+0000] {processor.py:186} INFO - Started process (PID=2731) to work on /home/airflow/.local/lib/python3.12/site-packages/airflow/example_dags/example_sensor_decorator.py
[2025-02-28T03:32:20.080+0000] {processor.py:914} INFO - Processing file /home/airflow/.local/lib/python3.12/site-packages/airflow/example_dags/example_sensor_decorator.py for tasks to queue
[2025-02-28T03:32:20.085+0000] {logging_mixin.py:190} INFO - [2025-02-28T03:32:20.084+0000] {dagbag.py:588} INFO - Filling up the DagBag from /home/airflow/.local/lib/python3.12/site-packages/airflow/example_dags/example_sensor_decorator.py
[2025-02-28T03:32:20.111+0000] {processor.py:925} INFO - DAG(s) 'example_sensor_decorator' retrieved from /home/airflow/.local/lib/python3.12/site-packages/airflow/example_dags/example_sensor_decorator.py
[2025-02-28T03:32:20.188+0000] {logging_mixin.py:190} INFO - [2025-02-28T03:32:20.188+0000] {dag.py:3239} INFO - Sync 1 DAGs
[2025-02-28T03:32:20.238+0000] {logging_mixin.py:190} INFO - [2025-02-28T03:32:20.237+0000] {dag.py:4180} INFO - Setting next_dagrun for example_sensor_decorator to None, run_after=None
[2025-02-28T03:32:20.302+0000] {processor.py:208} INFO - Processing /home/airflow/.local/lib/python3.12/site-packages/airflow/example_dags/example_sensor_decorator.py took 0.247 seconds
[2025-02-28T03:32:51.861+0000] {processor.py:186} INFO - Started process (PID=3032) to work on /home/airflow/.local/lib/python3.12/site-packages/airflow/example_dags/example_sensor_decorator.py
[2025-02-28T03:32:51.863+0000] {processor.py:914} INFO - Processing file /home/airflow/.local/lib/python3.12/site-packages/airflow/example_dags/example_sensor_decorator.py for tasks to queue
[2025-02-28T03:32:51.868+0000] {logging_mixin.py:190} INFO - [2025-02-28T03:32:51.867+0000] {dagbag.py:588} INFO - Filling up the DagBag from /home/airflow/.local/lib/python3.12/site-packages/airflow/example_dags/example_sensor_decorator.py
[2025-02-28T03:32:51.896+0000] {processor.py:925} INFO - DAG(s) 'example_sensor_decorator' retrieved from /home/airflow/.local/lib/python3.12/site-packages/airflow/example_dags/example_sensor_decorator.py
[2025-02-28T03:32:51.958+0000] {logging_mixin.py:190} INFO - [2025-02-28T03:32:51.958+0000] {dag.py:3239} INFO - Sync 1 DAGs
[2025-02-28T03:32:52.015+0000] {logging_mixin.py:190} INFO - [2025-02-28T03:32:52.015+0000] {dag.py:4180} INFO - Setting next_dagrun for example_sensor_decorator to None, run_after=None
[2025-02-28T03:32:52.085+0000] {processor.py:208} INFO - Processing /home/airflow/.local/lib/python3.12/site-packages/airflow/example_dags/example_sensor_decorator.py took 0.247 seconds
[2025-02-28T03:33:22.170+0000] {processor.py:186} INFO - Started process (PID=3333) to work on /home/airflow/.local/lib/python3.12/site-packages/airflow/example_dags/example_sensor_decorator.py
[2025-02-28T03:33:22.172+0000] {processor.py:914} INFO - Processing file /home/airflow/.local/lib/python3.12/site-packages/airflow/example_dags/example_sensor_decorator.py for tasks to queue
[2025-02-28T03:33:22.176+0000] {logging_mixin.py:190} INFO - [2025-02-28T03:33:22.175+0000] {dagbag.py:588} INFO - Filling up the DagBag from /home/airflow/.local/lib/python3.12/site-packages/airflow/example_dags/example_sensor_decorator.py
[2025-02-28T03:33:22.188+0000] {processor.py:925} INFO - DAG(s) 'example_sensor_decorator' retrieved from /home/airflow/.local/lib/python3.12/site-packages/airflow/example_dags/example_sensor_decorator.py
[2025-02-28T03:33:22.217+0000] {logging_mixin.py:190} INFO - [2025-02-28T03:33:22.216+0000] {dag.py:3239} INFO - Sync 1 DAGs
[2025-02-28T03:33:22.240+0000] {logging_mixin.py:190} INFO - [2025-02-28T03:33:22.240+0000] {dag.py:4180} INFO - Setting next_dagrun for example_sensor_decorator to None, run_after=None
[2025-02-28T03:33:22.265+0000] {processor.py:208} INFO - Processing /home/airflow/.local/lib/python3.12/site-packages/airflow/example_dags/example_sensor_decorator.py took 0.104 seconds
[2025-02-28T03:33:52.665+0000] {processor.py:186} INFO - Started process (PID=3630) to work on /home/airflow/.local/lib/python3.12/site-packages/airflow/example_dags/example_sensor_decorator.py
[2025-02-28T03:33:52.667+0000] {processor.py:914} INFO - Processing file /home/airflow/.local/lib/python3.12/site-packages/airflow/example_dags/example_sensor_decorator.py for tasks to queue
[2025-02-28T03:33:52.670+0000] {logging_mixin.py:190} INFO - [2025-02-28T03:33:52.670+0000] {dagbag.py:588} INFO - Filling up the DagBag from /home/airflow/.local/lib/python3.12/site-packages/airflow/example_dags/example_sensor_decorator.py
[2025-02-28T03:33:52.684+0000] {processor.py:925} INFO - DAG(s) 'example_sensor_decorator' retrieved from /home/airflow/.local/lib/python3.12/site-packages/airflow/example_dags/example_sensor_decorator.py
[2025-02-28T03:33:52.714+0000] {logging_mixin.py:190} INFO - [2025-02-28T03:33:52.714+0000] {dag.py:3239} INFO - Sync 1 DAGs
[2025-02-28T03:33:52.739+0000] {logging_mixin.py:190} INFO - [2025-02-28T03:33:52.738+0000] {dag.py:4180} INFO - Setting next_dagrun for example_sensor_decorator to None, run_after=None
[2025-02-28T03:33:52.765+0000] {processor.py:208} INFO - Processing /home/airflow/.local/lib/python3.12/site-packages/airflow/example_dags/example_sensor_decorator.py took 0.110 seconds
[2025-02-28T03:34:23.631+0000] {processor.py:186} INFO - Started process (PID=3929) to work on /home/airflow/.local/lib/python3.12/site-packages/airflow/example_dags/example_sensor_decorator.py
[2025-02-28T03:34:23.632+0000] {processor.py:914} INFO - Processing file /home/airflow/.local/lib/python3.12/site-packages/airflow/example_dags/example_sensor_decorator.py for tasks to queue
[2025-02-28T03:34:23.636+0000] {logging_mixin.py:190} INFO - [2025-02-28T03:34:23.635+0000] {dagbag.py:588} INFO - Filling up the DagBag from /home/airflow/.local/lib/python3.12/site-packages/airflow/example_dags/example_sensor_decorator.py
[2025-02-28T03:34:23.648+0000] {processor.py:925} INFO - DAG(s) 'example_sensor_decorator' retrieved from /home/airflow/.local/lib/python3.12/site-packages/airflow/example_dags/example_sensor_decorator.py
[2025-02-28T03:34:23.676+0000] {logging_mixin.py:190} INFO - [2025-02-28T03:34:23.675+0000] {dag.py:3239} INFO - Sync 1 DAGs
[2025-02-28T03:34:23.699+0000] {logging_mixin.py:190} INFO - [2025-02-28T03:34:23.698+0000] {dag.py:4180} INFO - Setting next_dagrun for example_sensor_decorator to None, run_after=None
[2025-02-28T03:34:23.724+0000] {processor.py:208} INFO - Processing /home/airflow/.local/lib/python3.12/site-packages/airflow/example_dags/example_sensor_decorator.py took 0.102 seconds
[2025-02-28T03:34:54.071+0000] {processor.py:186} INFO - Started process (PID=4230) to work on /home/airflow/.local/lib/python3.12/site-packages/airflow/example_dags/example_sensor_decorator.py
[2025-02-28T03:34:54.073+0000] {processor.py:914} INFO - Processing file /home/airflow/.local/lib/python3.12/site-packages/airflow/example_dags/example_sensor_decorator.py for tasks to queue
[2025-02-28T03:34:54.076+0000] {logging_mixin.py:190} INFO - [2025-02-28T03:34:54.075+0000] {dagbag.py:588} INFO - Filling up the DagBag from /home/airflow/.local/lib/python3.12/site-packages/airflow/example_dags/example_sensor_decorator.py
[2025-02-28T03:34:54.088+0000] {processor.py:925} INFO - DAG(s) 'example_sensor_decorator' retrieved from /home/airflow/.local/lib/python3.12/site-packages/airflow/example_dags/example_sensor_decorator.py
[2025-02-28T03:34:54.122+0000] {logging_mixin.py:190} INFO - [2025-02-28T03:34:54.118+0000] {dag.py:3239} INFO - Sync 1 DAGs
[2025-02-28T03:34:54.151+0000] {logging_mixin.py:190} INFO - [2025-02-28T03:34:54.151+0000] {dag.py:4180} INFO - Setting next_dagrun for example_sensor_decorator to None, run_after=None
[2025-02-28T03:34:54.178+0000] {processor.py:208} INFO - Processing /home/airflow/.local/lib/python3.12/site-packages/airflow/example_dags/example_sensor_decorator.py took 0.117 seconds
[2025-02-28T03:35:25.212+0000] {processor.py:186} INFO - Started process (PID=4533) to work on /home/airflow/.local/lib/python3.12/site-packages/airflow/example_dags/example_sensor_decorator.py
[2025-02-28T03:35:25.214+0000] {processor.py:914} INFO - Processing file /home/airflow/.local/lib/python3.12/site-packages/airflow/example_dags/example_sensor_decorator.py for tasks to queue
[2025-02-28T03:35:25.217+0000] {logging_mixin.py:190} INFO - [2025-02-28T03:35:25.217+0000] {dagbag.py:588} INFO - Filling up the DagBag from /home/airflow/.local/lib/python3.12/site-packages/airflow/example_dags/example_sensor_decorator.py
[2025-02-28T03:35:25.231+0000] {processor.py:925} INFO - DAG(s) 'example_sensor_decorator' retrieved from /home/airflow/.local/lib/python3.12/site-packages/airflow/example_dags/example_sensor_decorator.py
[2025-02-28T03:35:25.297+0000] {logging_mixin.py:190} INFO - [2025-02-28T03:35:25.297+0000] {dag.py:3239} INFO - Sync 1 DAGs
[2025-02-28T03:35:25.342+0000] {logging_mixin.py:190} INFO - [2025-02-28T03:35:25.341+0000] {dag.py:4180} INFO - Setting next_dagrun for example_sensor_decorator to None, run_after=None
[2025-02-28T03:35:25.371+0000] {processor.py:208} INFO - Processing /home/airflow/.local/lib/python3.12/site-packages/airflow/example_dags/example_sensor_decorator.py took 0.169 seconds
[2025-02-28T03:35:55.674+0000] {processor.py:186} INFO - Started process (PID=4829) to work on /home/airflow/.local/lib/python3.12/site-packages/airflow/example_dags/example_sensor_decorator.py
[2025-02-28T03:35:55.676+0000] {processor.py:914} INFO - Processing file /home/airflow/.local/lib/python3.12/site-packages/airflow/example_dags/example_sensor_decorator.py for tasks to queue
[2025-02-28T03:35:55.679+0000] {logging_mixin.py:190} INFO - [2025-02-28T03:35:55.679+0000] {dagbag.py:588} INFO - Filling up the DagBag from /home/airflow/.local/lib/python3.12/site-packages/airflow/example_dags/example_sensor_decorator.py
[2025-02-28T03:35:55.691+0000] {processor.py:925} INFO - DAG(s) 'example_sensor_decorator' retrieved from /home/airflow/.local/lib/python3.12/site-packages/airflow/example_dags/example_sensor_decorator.py
[2025-02-28T03:35:55.719+0000] {logging_mixin.py:190} INFO - [2025-02-28T03:35:55.719+0000] {dag.py:3239} INFO - Sync 1 DAGs
[2025-02-28T03:35:55.742+0000] {logging_mixin.py:190} INFO - [2025-02-28T03:35:55.742+0000] {dag.py:4180} INFO - Setting next_dagrun for example_sensor_decorator to None, run_after=None
[2025-02-28T03:35:55.767+0000] {processor.py:208} INFO - Processing /home/airflow/.local/lib/python3.12/site-packages/airflow/example_dags/example_sensor_decorator.py took 0.102 seconds
[2025-02-28T03:36:25.912+0000] {processor.py:186} INFO - Started process (PID=5125) to work on /home/airflow/.local/lib/python3.12/site-packages/airflow/example_dags/example_sensor_decorator.py
[2025-02-28T03:36:25.916+0000] {processor.py:914} INFO - Processing file /home/airflow/.local/lib/python3.12/site-packages/airflow/example_dags/example_sensor_decorator.py for tasks to queue
[2025-02-28T03:36:25.923+0000] {logging_mixin.py:190} INFO - [2025-02-28T03:36:25.922+0000] {dagbag.py:588} INFO - Filling up the DagBag from /home/airflow/.local/lib/python3.12/site-packages/airflow/example_dags/example_sensor_decorator.py
[2025-02-28T03:36:25.946+0000] {processor.py:925} INFO - DAG(s) 'example_sensor_decorator' retrieved from /home/airflow/.local/lib/python3.12/site-packages/airflow/example_dags/example_sensor_decorator.py
[2025-02-28T03:36:26.005+0000] {logging_mixin.py:190} INFO - [2025-02-28T03:36:26.004+0000] {dag.py:3239} INFO - Sync 1 DAGs
[2025-02-28T03:36:26.051+0000] {logging_mixin.py:190} INFO - [2025-02-28T03:36:26.050+0000] {dag.py:4180} INFO - Setting next_dagrun for example_sensor_decorator to None, run_after=None
[2025-02-28T03:36:26.103+0000] {processor.py:208} INFO - Processing /home/airflow/.local/lib/python3.12/site-packages/airflow/example_dags/example_sensor_decorator.py took 0.218 seconds
[2025-02-28T03:36:57.136+0000] {processor.py:186} INFO - Started process (PID=5421) to work on /home/airflow/.local/lib/python3.12/site-packages/airflow/example_dags/example_sensor_decorator.py
[2025-02-28T03:36:57.138+0000] {processor.py:914} INFO - Processing file /home/airflow/.local/lib/python3.12/site-packages/airflow/example_dags/example_sensor_decorator.py for tasks to queue
[2025-02-28T03:36:57.145+0000] {logging_mixin.py:190} INFO - [2025-02-28T03:36:57.145+0000] {dagbag.py:588} INFO - Filling up the DagBag from /home/airflow/.local/lib/python3.12/site-packages/airflow/example_dags/example_sensor_decorator.py
[2025-02-28T03:36:57.175+0000] {processor.py:925} INFO - DAG(s) 'example_sensor_decorator' retrieved from /home/airflow/.local/lib/python3.12/site-packages/airflow/example_dags/example_sensor_decorator.py
[2025-02-28T03:36:57.220+0000] {logging_mixin.py:190} INFO - [2025-02-28T03:36:57.219+0000] {dag.py:3239} INFO - Sync 1 DAGs
[2025-02-28T03:36:57.263+0000] {logging_mixin.py:190} INFO - [2025-02-28T03:36:57.263+0000] {dag.py:4180} INFO - Setting next_dagrun for example_sensor_decorator to None, run_after=None
[2025-02-28T03:36:57.308+0000] {processor.py:208} INFO - Processing /home/airflow/.local/lib/python3.12/site-packages/airflow/example_dags/example_sensor_decorator.py took 0.197 seconds
[2025-02-28T03:37:28.130+0000] {processor.py:186} INFO - Started process (PID=5727) to work on /home/airflow/.local/lib/python3.12/site-packages/airflow/example_dags/example_sensor_decorator.py
[2025-02-28T03:37:28.139+0000] {processor.py:914} INFO - Processing file /home/airflow/.local/lib/python3.12/site-packages/airflow/example_dags/example_sensor_decorator.py for tasks to queue
[2025-02-28T03:37:28.146+0000] {logging_mixin.py:190} INFO - [2025-02-28T03:37:28.145+0000] {dagbag.py:588} INFO - Filling up the DagBag from /home/airflow/.local/lib/python3.12/site-packages/airflow/example_dags/example_sensor_decorator.py
[2025-02-28T03:37:28.167+0000] {processor.py:925} INFO - DAG(s) 'example_sensor_decorator' retrieved from /home/airflow/.local/lib/python3.12/site-packages/airflow/example_dags/example_sensor_decorator.py
[2025-02-28T03:37:28.212+0000] {logging_mixin.py:190} INFO - [2025-02-28T03:37:28.211+0000] {dag.py:3239} INFO - Sync 1 DAGs
