[2025-02-28T03:28:20.213+0000] {processor.py:186} INFO - Started process (PID=410) to work on /home/airflow/.local/lib/python3.12/site-packages/airflow/example_dags/example_bash_operator.py
[2025-02-28T03:28:20.221+0000] {processor.py:914} INFO - Processing file /home/airflow/.local/lib/python3.12/site-packages/airflow/example_dags/example_bash_operator.py for tasks to queue
[2025-02-28T03:28:20.234+0000] {logging_mixin.py:190} INFO - [2025-02-28T03:28:20.234+0000] {dagbag.py:588} INFO - Filling up the DagBag from /home/airflow/.local/lib/python3.12/site-packages/airflow/example_dags/example_bash_operator.py
[2025-02-28T03:28:20.263+0000] {processor.py:925} INFO - DAG(s) 'example_bash_operator' retrieved from /home/airflow/.local/lib/python3.12/site-packages/airflow/example_dags/example_bash_operator.py
[2025-02-28T03:28:20.306+0000] {logging_mixin.py:190} INFO - [2025-02-28T03:28:20.306+0000] {dag.py:3239} INFO - Sync 1 DAGs
[2025-02-28T03:28:20.406+0000] {logging_mixin.py:190} INFO - [2025-02-28T03:28:20.406+0000] {dag.py:4180} INFO - Setting next_dagrun for example_bash_operator to 2025-02-27 00:00:00+00:00, run_after=2025-02-28 00:00:00+00:00
[2025-02-28T03:28:20.483+0000] {processor.py:208} INFO - Processing /home/airflow/.local/lib/python3.12/site-packages/airflow/example_dags/example_bash_operator.py took 0.295 seconds
[2025-02-28T03:28:51.443+0000] {processor.py:186} INFO - Started process (PID=709) to work on /home/airflow/.local/lib/python3.12/site-packages/airflow/example_dags/example_bash_operator.py
[2025-02-28T03:28:51.451+0000] {processor.py:914} INFO - Processing file /home/airflow/.local/lib/python3.12/site-packages/airflow/example_dags/example_bash_operator.py for tasks to queue
[2025-02-28T03:28:51.465+0000] {logging_mixin.py:190} INFO - [2025-02-28T03:28:51.464+0000] {dagbag.py:588} INFO - Filling up the DagBag from /home/airflow/.local/lib/python3.12/site-packages/airflow/example_dags/example_bash_operator.py
[2025-02-28T03:28:51.530+0000] {processor.py:925} INFO - DAG(s) 'example_bash_operator' retrieved from /home/airflow/.local/lib/python3.12/site-packages/airflow/example_dags/example_bash_operator.py
[2025-02-28T03:28:51.635+0000] {logging_mixin.py:190} INFO - [2025-02-28T03:28:51.634+0000] {dag.py:3239} INFO - Sync 1 DAGs
[2025-02-28T03:28:51.727+0000] {logging_mixin.py:190} INFO - [2025-02-28T03:28:51.726+0000] {dag.py:4180} INFO - Setting next_dagrun for example_bash_operator to 2025-02-27 00:00:00+00:00, run_after=2025-02-28 00:00:00+00:00
[2025-02-28T03:28:51.791+0000] {processor.py:208} INFO - Processing /home/airflow/.local/lib/python3.12/site-packages/airflow/example_dags/example_bash_operator.py took 0.380 seconds
[2025-02-28T03:29:22.507+0000] {processor.py:186} INFO - Started process (PID=1010) to work on /home/airflow/.local/lib/python3.12/site-packages/airflow/example_dags/example_bash_operator.py
[2025-02-28T03:29:22.511+0000] {processor.py:914} INFO - Processing file /home/airflow/.local/lib/python3.12/site-packages/airflow/example_dags/example_bash_operator.py for tasks to queue
[2025-02-28T03:29:22.520+0000] {logging_mixin.py:190} INFO - [2025-02-28T03:29:22.519+0000] {dagbag.py:588} INFO - Filling up the DagBag from /home/airflow/.local/lib/python3.12/site-packages/airflow/example_dags/example_bash_operator.py
[2025-02-28T03:29:22.574+0000] {processor.py:925} INFO - DAG(s) 'example_bash_operator' retrieved from /home/airflow/.local/lib/python3.12/site-packages/airflow/example_dags/example_bash_operator.py
[2025-02-28T03:29:22.743+0000] {logging_mixin.py:190} INFO - [2025-02-28T03:29:22.743+0000] {dag.py:3239} INFO - Sync 1 DAGs
[2025-02-28T03:29:22.831+0000] {logging_mixin.py:190} INFO - [2025-02-28T03:29:22.831+0000] {dag.py:4180} INFO - Setting next_dagrun for example_bash_operator to 2025-02-27 00:00:00+00:00, run_after=2025-02-28 00:00:00+00:00
[2025-02-28T03:29:22.886+0000] {processor.py:208} INFO - Processing /home/airflow/.local/lib/python3.12/site-packages/airflow/example_dags/example_bash_operator.py took 0.397 seconds
[2025-02-28T03:29:53.884+0000] {processor.py:186} INFO - Started process (PID=1308) to work on /home/airflow/.local/lib/python3.12/site-packages/airflow/example_dags/example_bash_operator.py
[2025-02-28T03:29:53.887+0000] {processor.py:914} INFO - Processing file /home/airflow/.local/lib/python3.12/site-packages/airflow/example_dags/example_bash_operator.py for tasks to queue
[2025-02-28T03:29:53.893+0000] {logging_mixin.py:190} INFO - [2025-02-28T03:29:53.890+0000] {dagbag.py:588} INFO - Filling up the DagBag from /home/airflow/.local/lib/python3.12/site-packages/airflow/example_dags/example_bash_operator.py
[2025-02-28T03:29:53.944+0000] {processor.py:925} INFO - DAG(s) 'example_bash_operator' retrieved from /home/airflow/.local/lib/python3.12/site-packages/airflow/example_dags/example_bash_operator.py
[2025-02-28T03:29:54.023+0000] {logging_mixin.py:190} INFO - [2025-02-28T03:29:54.023+0000] {dag.py:3239} INFO - Sync 1 DAGs
[2025-02-28T03:29:54.061+0000] {logging_mixin.py:190} INFO - [2025-02-28T03:29:54.061+0000] {dag.py:4180} INFO - Setting next_dagrun for example_bash_operator to 2025-02-27 00:00:00+00:00, run_after=2025-02-28 00:00:00+00:00
[2025-02-28T03:29:54.122+0000] {processor.py:208} INFO - Processing /home/airflow/.local/lib/python3.12/site-packages/airflow/example_dags/example_bash_operator.py took 0.255 seconds
[2025-02-28T03:30:24.772+0000] {processor.py:186} INFO - Started process (PID=1611) to work on /home/airflow/.local/lib/python3.12/site-packages/airflow/example_dags/example_bash_operator.py
[2025-02-28T03:30:24.777+0000] {processor.py:914} INFO - Processing file /home/airflow/.local/lib/python3.12/site-packages/airflow/example_dags/example_bash_operator.py for tasks to queue
[2025-02-28T03:30:24.790+0000] {logging_mixin.py:190} INFO - [2025-02-28T03:30:24.786+0000] {dagbag.py:588} INFO - Filling up the DagBag from /home/airflow/.local/lib/python3.12/site-packages/airflow/example_dags/example_bash_operator.py
[2025-02-28T03:30:24.849+0000] {processor.py:925} INFO - DAG(s) 'example_bash_operator' retrieved from /home/airflow/.local/lib/python3.12/site-packages/airflow/example_dags/example_bash_operator.py
[2025-02-28T03:30:24.948+0000] {logging_mixin.py:190} INFO - [2025-02-28T03:30:24.947+0000] {dag.py:3239} INFO - Sync 1 DAGs
[2025-02-28T03:30:25.019+0000] {logging_mixin.py:190} INFO - [2025-02-28T03:30:25.018+0000] {dag.py:4180} INFO - Setting next_dagrun for example_bash_operator to 2025-02-27 00:00:00+00:00, run_after=2025-02-28 00:00:00+00:00
[2025-02-28T03:30:25.051+0000] {processor.py:208} INFO - Processing /home/airflow/.local/lib/python3.12/site-packages/airflow/example_dags/example_bash_operator.py took 0.299 seconds
[2025-02-28T03:30:55.336+0000] {processor.py:186} INFO - Started process (PID=1911) to work on /home/airflow/.local/lib/python3.12/site-packages/airflow/example_dags/example_bash_operator.py
[2025-02-28T03:30:55.342+0000] {processor.py:914} INFO - Processing file /home/airflow/.local/lib/python3.12/site-packages/airflow/example_dags/example_bash_operator.py for tasks to queue
[2025-02-28T03:30:55.353+0000] {logging_mixin.py:190} INFO - [2025-02-28T03:30:55.352+0000] {dagbag.py:588} INFO - Filling up the DagBag from /home/airflow/.local/lib/python3.12/site-packages/airflow/example_dags/example_bash_operator.py
[2025-02-28T03:30:55.411+0000] {processor.py:925} INFO - DAG(s) 'example_bash_operator' retrieved from /home/airflow/.local/lib/python3.12/site-packages/airflow/example_dags/example_bash_operator.py
[2025-02-28T03:30:55.509+0000] {logging_mixin.py:190} INFO - [2025-02-28T03:30:55.508+0000] {dag.py:3239} INFO - Sync 1 DAGs
[2025-02-28T03:30:55.594+0000] {logging_mixin.py:190} INFO - [2025-02-28T03:30:55.593+0000] {dag.py:4180} INFO - Setting next_dagrun for example_bash_operator to 2025-02-27 00:00:00+00:00, run_after=2025-02-28 00:00:00+00:00
[2025-02-28T03:30:55.641+0000] {processor.py:208} INFO - Processing /home/airflow/.local/lib/python3.12/site-packages/airflow/example_dags/example_bash_operator.py took 0.327 seconds
[2025-02-28T03:31:26.511+0000] {processor.py:186} INFO - Started process (PID=2210) to work on /home/airflow/.local/lib/python3.12/site-packages/airflow/example_dags/example_bash_operator.py
[2025-02-28T03:31:26.515+0000] {processor.py:914} INFO - Processing file /home/airflow/.local/lib/python3.12/site-packages/airflow/example_dags/example_bash_operator.py for tasks to queue
[2025-02-28T03:31:26.521+0000] {logging_mixin.py:190} INFO - [2025-02-28T03:31:26.519+0000] {dagbag.py:588} INFO - Filling up the DagBag from /home/airflow/.local/lib/python3.12/site-packages/airflow/example_dags/example_bash_operator.py
[2025-02-28T03:31:26.573+0000] {processor.py:925} INFO - DAG(s) 'example_bash_operator' retrieved from /home/airflow/.local/lib/python3.12/site-packages/airflow/example_dags/example_bash_operator.py
[2025-02-28T03:31:26.651+0000] {logging_mixin.py:190} INFO - [2025-02-28T03:31:26.651+0000] {dag.py:3239} INFO - Sync 1 DAGs
[2025-02-28T03:31:26.757+0000] {logging_mixin.py:190} INFO - [2025-02-28T03:31:26.756+0000] {dag.py:4180} INFO - Setting next_dagrun for example_bash_operator to 2025-02-27 00:00:00+00:00, run_after=2025-02-28 00:00:00+00:00
[2025-02-28T03:31:26.808+0000] {processor.py:208} INFO - Processing /home/airflow/.local/lib/python3.12/site-packages/airflow/example_dags/example_bash_operator.py took 0.313 seconds
[2025-02-28T03:31:57.016+0000] {processor.py:186} INFO - Started process (PID=2511) to work on /home/airflow/.local/lib/python3.12/site-packages/airflow/example_dags/example_bash_operator.py
[2025-02-28T03:31:57.020+0000] {processor.py:914} INFO - Processing file /home/airflow/.local/lib/python3.12/site-packages/airflow/example_dags/example_bash_operator.py for tasks to queue
[2025-02-28T03:31:57.025+0000] {logging_mixin.py:190} INFO - [2025-02-28T03:31:57.025+0000] {dagbag.py:588} INFO - Filling up the DagBag from /home/airflow/.local/lib/python3.12/site-packages/airflow/example_dags/example_bash_operator.py
[2025-02-28T03:31:57.068+0000] {processor.py:925} INFO - DAG(s) 'example_bash_operator' retrieved from /home/airflow/.local/lib/python3.12/site-packages/airflow/example_dags/example_bash_operator.py
[2025-02-28T03:31:57.169+0000] {logging_mixin.py:190} INFO - [2025-02-28T03:31:57.168+0000] {dag.py:3239} INFO - Sync 1 DAGs
[2025-02-28T03:31:57.253+0000] {logging_mixin.py:190} INFO - [2025-02-28T03:31:57.253+0000] {dag.py:4180} INFO - Setting next_dagrun for example_bash_operator to 2025-02-27 00:00:00+00:00, run_after=2025-02-28 00:00:00+00:00
[2025-02-28T03:31:57.322+0000] {processor.py:208} INFO - Processing /home/airflow/.local/lib/python3.12/site-packages/airflow/example_dags/example_bash_operator.py took 0.337 seconds
[2025-02-28T03:32:27.384+0000] {processor.py:186} INFO - Started process (PID=2808) to work on /home/airflow/.local/lib/python3.12/site-packages/airflow/example_dags/example_bash_operator.py
[2025-02-28T03:32:27.386+0000] {processor.py:914} INFO - Processing file /home/airflow/.local/lib/python3.12/site-packages/airflow/example_dags/example_bash_operator.py for tasks to queue
[2025-02-28T03:32:27.390+0000] {logging_mixin.py:190} INFO - [2025-02-28T03:32:27.390+0000] {dagbag.py:588} INFO - Filling up the DagBag from /home/airflow/.local/lib/python3.12/site-packages/airflow/example_dags/example_bash_operator.py
[2025-02-28T03:32:27.410+0000] {processor.py:925} INFO - DAG(s) 'example_bash_operator' retrieved from /home/airflow/.local/lib/python3.12/site-packages/airflow/example_dags/example_bash_operator.py
[2025-02-28T03:32:27.453+0000] {logging_mixin.py:190} INFO - [2025-02-28T03:32:27.453+0000] {dag.py:3239} INFO - Sync 1 DAGs
[2025-02-28T03:32:27.501+0000] {logging_mixin.py:190} INFO - [2025-02-28T03:32:27.501+0000] {dag.py:4180} INFO - Setting next_dagrun for example_bash_operator to 2025-02-27 00:00:00+00:00, run_after=2025-02-28 00:00:00+00:00
[2025-02-28T03:32:27.524+0000] {processor.py:208} INFO - Processing /home/airflow/.local/lib/python3.12/site-packages/airflow/example_dags/example_bash_operator.py took 0.149 seconds
[2025-02-28T03:32:58.243+0000] {processor.py:186} INFO - Started process (PID=3109) to work on /home/airflow/.local/lib/python3.12/site-packages/airflow/example_dags/example_bash_operator.py
[2025-02-28T03:32:58.245+0000] {processor.py:914} INFO - Processing file /home/airflow/.local/lib/python3.12/site-packages/airflow/example_dags/example_bash_operator.py for tasks to queue
[2025-02-28T03:32:58.249+0000] {logging_mixin.py:190} INFO - [2025-02-28T03:32:58.248+0000] {dagbag.py:588} INFO - Filling up the DagBag from /home/airflow/.local/lib/python3.12/site-packages/airflow/example_dags/example_bash_operator.py
[2025-02-28T03:32:58.270+0000] {processor.py:925} INFO - DAG(s) 'example_bash_operator' retrieved from /home/airflow/.local/lib/python3.12/site-packages/airflow/example_dags/example_bash_operator.py
[2025-02-28T03:32:58.314+0000] {logging_mixin.py:190} INFO - [2025-02-28T03:32:58.313+0000] {dag.py:3239} INFO - Sync 1 DAGs
[2025-02-28T03:32:58.351+0000] {logging_mixin.py:190} INFO - [2025-02-28T03:32:58.350+0000] {dag.py:4180} INFO - Setting next_dagrun for example_bash_operator to 2025-02-27 00:00:00+00:00, run_after=2025-02-28 00:00:00+00:00
[2025-02-28T03:32:58.387+0000] {processor.py:208} INFO - Processing /home/airflow/.local/lib/python3.12/site-packages/airflow/example_dags/example_bash_operator.py took 0.156 seconds
[2025-02-28T03:33:28.914+0000] {processor.py:186} INFO - Started process (PID=3410) to work on /home/airflow/.local/lib/python3.12/site-packages/airflow/example_dags/example_bash_operator.py
[2025-02-28T03:33:28.916+0000] {processor.py:914} INFO - Processing file /home/airflow/.local/lib/python3.12/site-packages/airflow/example_dags/example_bash_operator.py for tasks to queue
[2025-02-28T03:33:28.919+0000] {logging_mixin.py:190} INFO - [2025-02-28T03:33:28.919+0000] {dagbag.py:588} INFO - Filling up the DagBag from /home/airflow/.local/lib/python3.12/site-packages/airflow/example_dags/example_bash_operator.py
[2025-02-28T03:33:28.933+0000] {processor.py:925} INFO - DAG(s) 'example_bash_operator' retrieved from /home/airflow/.local/lib/python3.12/site-packages/airflow/example_dags/example_bash_operator.py
[2025-02-28T03:33:28.961+0000] {logging_mixin.py:190} INFO - [2025-02-28T03:33:28.961+0000] {dag.py:3239} INFO - Sync 1 DAGs
[2025-02-28T03:33:28.990+0000] {logging_mixin.py:190} INFO - [2025-02-28T03:33:28.989+0000] {dag.py:4180} INFO - Setting next_dagrun for example_bash_operator to 2025-02-27 00:00:00+00:00, run_after=2025-02-28 00:00:00+00:00
[2025-02-28T03:33:29.007+0000] {processor.py:208} INFO - Processing /home/airflow/.local/lib/python3.12/site-packages/airflow/example_dags/example_bash_operator.py took 0.099 seconds
[2025-02-28T03:33:59.961+0000] {processor.py:186} INFO - Started process (PID=3710) to work on /home/airflow/.local/lib/python3.12/site-packages/airflow/example_dags/example_bash_operator.py
[2025-02-28T03:33:59.962+0000] {processor.py:914} INFO - Processing file /home/airflow/.local/lib/python3.12/site-packages/airflow/example_dags/example_bash_operator.py for tasks to queue
[2025-02-28T03:33:59.965+0000] {logging_mixin.py:190} INFO - [2025-02-28T03:33:59.965+0000] {dagbag.py:588} INFO - Filling up the DagBag from /home/airflow/.local/lib/python3.12/site-packages/airflow/example_dags/example_bash_operator.py
[2025-02-28T03:33:59.979+0000] {processor.py:925} INFO - DAG(s) 'example_bash_operator' retrieved from /home/airflow/.local/lib/python3.12/site-packages/airflow/example_dags/example_bash_operator.py
[2025-02-28T03:34:00.007+0000] {logging_mixin.py:190} INFO - [2025-02-28T03:34:00.006+0000] {dag.py:3239} INFO - Sync 1 DAGs
[2025-02-28T03:34:00.037+0000] {logging_mixin.py:190} INFO - [2025-02-28T03:34:00.037+0000] {dag.py:4180} INFO - Setting next_dagrun for example_bash_operator to 2025-02-27 00:00:00+00:00, run_after=2025-02-28 00:00:00+00:00
[2025-02-28T03:34:00.057+0000] {processor.py:208} INFO - Processing /home/airflow/.local/lib/python3.12/site-packages/airflow/example_dags/example_bash_operator.py took 0.104 seconds
[2025-02-28T03:34:30.728+0000] {processor.py:186} INFO - Started process (PID=4011) to work on /home/airflow/.local/lib/python3.12/site-packages/airflow/example_dags/example_bash_operator.py
[2025-02-28T03:34:30.731+0000] {processor.py:914} INFO - Processing file /home/airflow/.local/lib/python3.12/site-packages/airflow/example_dags/example_bash_operator.py for tasks to queue
[2025-02-28T03:34:30.734+0000] {logging_mixin.py:190} INFO - [2025-02-28T03:34:30.734+0000] {dagbag.py:588} INFO - Filling up the DagBag from /home/airflow/.local/lib/python3.12/site-packages/airflow/example_dags/example_bash_operator.py
[2025-02-28T03:34:30.753+0000] {processor.py:925} INFO - DAG(s) 'example_bash_operator' retrieved from /home/airflow/.local/lib/python3.12/site-packages/airflow/example_dags/example_bash_operator.py
[2025-02-28T03:34:30.794+0000] {logging_mixin.py:190} INFO - [2025-02-28T03:34:30.793+0000] {dag.py:3239} INFO - Sync 1 DAGs
[2025-02-28T03:34:30.832+0000] {logging_mixin.py:190} INFO - [2025-02-28T03:34:30.832+0000] {dag.py:4180} INFO - Setting next_dagrun for example_bash_operator to 2025-02-27 00:00:00+00:00, run_after=2025-02-28 00:00:00+00:00
[2025-02-28T03:34:30.855+0000] {processor.py:208} INFO - Processing /home/airflow/.local/lib/python3.12/site-packages/airflow/example_dags/example_bash_operator.py took 0.136 seconds
[2025-02-28T03:35:01.247+0000] {processor.py:186} INFO - Started process (PID=4313) to work on /home/airflow/.local/lib/python3.12/site-packages/airflow/example_dags/example_bash_operator.py
[2025-02-28T03:35:01.251+0000] {processor.py:914} INFO - Processing file /home/airflow/.local/lib/python3.12/site-packages/airflow/example_dags/example_bash_operator.py for tasks to queue
[2025-02-28T03:35:01.260+0000] {logging_mixin.py:190} INFO - [2025-02-28T03:35:01.258+0000] {dagbag.py:588} INFO - Filling up the DagBag from /home/airflow/.local/lib/python3.12/site-packages/airflow/example_dags/example_bash_operator.py
[2025-02-28T03:35:01.302+0000] {processor.py:925} INFO - DAG(s) 'example_bash_operator' retrieved from /home/airflow/.local/lib/python3.12/site-packages/airflow/example_dags/example_bash_operator.py
[2025-02-28T03:35:01.396+0000] {logging_mixin.py:190} INFO - [2025-02-28T03:35:01.395+0000] {dag.py:3239} INFO - Sync 1 DAGs
[2025-02-28T03:35:01.483+0000] {logging_mixin.py:190} INFO - [2025-02-28T03:35:01.483+0000] {dag.py:4180} INFO - Setting next_dagrun for example_bash_operator to 2025-02-27 00:00:00+00:00, run_after=2025-02-28 00:00:00+00:00
[2025-02-28T03:35:01.537+0000] {processor.py:208} INFO - Processing /home/airflow/.local/lib/python3.12/site-packages/airflow/example_dags/example_bash_operator.py took 0.307 seconds
[2025-02-28T03:35:31.669+0000] {processor.py:186} INFO - Started process (PID=4615) to work on /home/airflow/.local/lib/python3.12/site-packages/airflow/example_dags/example_bash_operator.py
[2025-02-28T03:35:31.670+0000] {processor.py:914} INFO - Processing file /home/airflow/.local/lib/python3.12/site-packages/airflow/example_dags/example_bash_operator.py for tasks to queue
[2025-02-28T03:35:31.673+0000] {logging_mixin.py:190} INFO - [2025-02-28T03:35:31.673+0000] {dagbag.py:588} INFO - Filling up the DagBag from /home/airflow/.local/lib/python3.12/site-packages/airflow/example_dags/example_bash_operator.py
[2025-02-28T03:35:31.687+0000] {processor.py:925} INFO - DAG(s) 'example_bash_operator' retrieved from /home/airflow/.local/lib/python3.12/site-packages/airflow/example_dags/example_bash_operator.py
[2025-02-28T03:35:31.719+0000] {logging_mixin.py:190} INFO - [2025-02-28T03:35:31.718+0000] {dag.py:3239} INFO - Sync 1 DAGs
[2025-02-28T03:35:31.746+0000] {logging_mixin.py:190} INFO - [2025-02-28T03:35:31.746+0000] {dag.py:4180} INFO - Setting next_dagrun for example_bash_operator to 2025-02-27 00:00:00+00:00, run_after=2025-02-28 00:00:00+00:00
[2025-02-28T03:35:31.765+0000] {processor.py:208} INFO - Processing /home/airflow/.local/lib/python3.12/site-packages/airflow/example_dags/example_bash_operator.py took 0.105 seconds
[2025-02-28T03:36:02.517+0000] {processor.py:186} INFO - Started process (PID=4916) to work on /home/airflow/.local/lib/python3.12/site-packages/airflow/example_dags/example_bash_operator.py
[2025-02-28T03:36:02.519+0000] {processor.py:914} INFO - Processing file /home/airflow/.local/lib/python3.12/site-packages/airflow/example_dags/example_bash_operator.py for tasks to queue
[2025-02-28T03:36:02.523+0000] {logging_mixin.py:190} INFO - [2025-02-28T03:36:02.523+0000] {dagbag.py:588} INFO - Filling up the DagBag from /home/airflow/.local/lib/python3.12/site-packages/airflow/example_dags/example_bash_operator.py
[2025-02-28T03:36:02.543+0000] {processor.py:925} INFO - DAG(s) 'example_bash_operator' retrieved from /home/airflow/.local/lib/python3.12/site-packages/airflow/example_dags/example_bash_operator.py
[2025-02-28T03:36:02.584+0000] {logging_mixin.py:190} INFO - [2025-02-28T03:36:02.584+0000] {dag.py:3239} INFO - Sync 1 DAGs
[2025-02-28T03:36:02.625+0000] {logging_mixin.py:190} INFO - [2025-02-28T03:36:02.625+0000] {dag.py:4180} INFO - Setting next_dagrun for example_bash_operator to 2025-02-27 00:00:00+00:00, run_after=2025-02-28 00:00:00+00:00
[2025-02-28T03:36:02.652+0000] {processor.py:208} INFO - Processing /home/airflow/.local/lib/python3.12/site-packages/airflow/example_dags/example_bash_operator.py took 0.144 seconds
[2025-02-28T03:36:33.414+0000] {processor.py:186} INFO - Started process (PID=5215) to work on /home/airflow/.local/lib/python3.12/site-packages/airflow/example_dags/example_bash_operator.py
[2025-02-28T03:36:33.416+0000] {processor.py:914} INFO - Processing file /home/airflow/.local/lib/python3.12/site-packages/airflow/example_dags/example_bash_operator.py for tasks to queue
[2025-02-28T03:36:33.420+0000] {logging_mixin.py:190} INFO - [2025-02-28T03:36:33.419+0000] {dagbag.py:588} INFO - Filling up the DagBag from /home/airflow/.local/lib/python3.12/site-packages/airflow/example_dags/example_bash_operator.py
[2025-02-28T03:36:33.437+0000] {processor.py:925} INFO - DAG(s) 'example_bash_operator' retrieved from /home/airflow/.local/lib/python3.12/site-packages/airflow/example_dags/example_bash_operator.py
[2025-02-28T03:36:33.465+0000] {logging_mixin.py:190} INFO - [2025-02-28T03:36:33.465+0000] {dag.py:3239} INFO - Sync 1 DAGs
[2025-02-28T03:36:33.492+0000] {logging_mixin.py:190} INFO - [2025-02-28T03:36:33.492+0000] {dag.py:4180} INFO - Setting next_dagrun for example_bash_operator to 2025-02-27 00:00:00+00:00, run_after=2025-02-28 00:00:00+00:00
[2025-02-28T03:36:33.509+0000] {processor.py:208} INFO - Processing /home/airflow/.local/lib/python3.12/site-packages/airflow/example_dags/example_bash_operator.py took 0.104 seconds
[2025-02-28T03:37:03.630+0000] {processor.py:186} INFO - Started process (PID=5516) to work on /home/airflow/.local/lib/python3.12/site-packages/airflow/example_dags/example_bash_operator.py
[2025-02-28T03:37:03.632+0000] {processor.py:914} INFO - Processing file /home/airflow/.local/lib/python3.12/site-packages/airflow/example_dags/example_bash_operator.py for tasks to queue
[2025-02-28T03:37:03.636+0000] {logging_mixin.py:190} INFO - [2025-02-28T03:37:03.635+0000] {dagbag.py:588} INFO - Filling up the DagBag from /home/airflow/.local/lib/python3.12/site-packages/airflow/example_dags/example_bash_operator.py
[2025-02-28T03:37:03.656+0000] {processor.py:925} INFO - DAG(s) 'example_bash_operator' retrieved from /home/airflow/.local/lib/python3.12/site-packages/airflow/example_dags/example_bash_operator.py
[2025-02-28T03:37:03.698+0000] {logging_mixin.py:190} INFO - [2025-02-28T03:37:03.698+0000] {dag.py:3239} INFO - Sync 1 DAGs
[2025-02-28T03:37:03.736+0000] {logging_mixin.py:190} INFO - [2025-02-28T03:37:03.736+0000] {dag.py:4180} INFO - Setting next_dagrun for example_bash_operator to 2025-02-27 00:00:00+00:00, run_after=2025-02-28 00:00:00+00:00
[2025-02-28T03:37:03.763+0000] {processor.py:208} INFO - Processing /home/airflow/.local/lib/python3.12/site-packages/airflow/example_dags/example_bash_operator.py took 0.142 seconds
