[2025-02-28T03:27:59.894+0000] {processor.py:186} INFO - Started process (PID=243) to work on /home/airflow/.local/lib/python3.12/site-packages/airflow/example_dags/example_dag_decorator.py
[2025-02-28T03:27:59.914+0000] {processor.py:914} INFO - Processing file /home/airflow/.local/lib/python3.12/site-packages/airflow/example_dags/example_dag_decorator.py for tasks to queue
[2025-02-28T03:27:59.940+0000] {logging_mixin.py:190} INFO - [2025-02-28T03:27:59.929+0000] {dagbag.py:588} INFO - Filling up the DagBag from /home/airflow/.local/lib/python3.12/site-packages/airflow/example_dags/example_dag_decorator.py
[2025-02-28T03:28:01.293+0000] {processor.py:925} INFO - DAG(s) 'example_dag_decorator' retrieved from /home/airflow/.local/lib/python3.12/site-packages/airflow/example_dags/example_dag_decorator.py
[2025-02-28T03:28:02.900+0000] {logging_mixin.py:190} INFO - [2025-02-28T03:28:02.900+0000] {dag.py:3239} INFO - Sync 1 DAGs
[2025-02-28T03:28:03.127+0000] {logging_mixin.py:190} INFO - [2025-02-28T03:28:03.127+0000] {dag.py:4180} INFO - Setting next_dagrun for example_dag_decorator to None, run_after=None
[2025-02-28T03:28:03.424+0000] {processor.py:208} INFO - Processing /home/airflow/.local/lib/python3.12/site-packages/airflow/example_dags/example_dag_decorator.py took 3.596 seconds
[2025-02-28T03:28:34.170+0000] {processor.py:186} INFO - Started process (PID=555) to work on /home/airflow/.local/lib/python3.12/site-packages/airflow/example_dags/example_dag_decorator.py
[2025-02-28T03:28:34.174+0000] {processor.py:914} INFO - Processing file /home/airflow/.local/lib/python3.12/site-packages/airflow/example_dags/example_dag_decorator.py for tasks to queue
[2025-02-28T03:28:34.179+0000] {logging_mixin.py:190} INFO - [2025-02-28T03:28:34.178+0000] {dagbag.py:588} INFO - Filling up the DagBag from /home/airflow/.local/lib/python3.12/site-packages/airflow/example_dags/example_dag_decorator.py
[2025-02-28T03:28:34.439+0000] {processor.py:925} INFO - DAG(s) 'example_dag_decorator' retrieved from /home/airflow/.local/lib/python3.12/site-packages/airflow/example_dags/example_dag_decorator.py
[2025-02-28T03:28:34.639+0000] {logging_mixin.py:190} INFO - [2025-02-28T03:28:34.638+0000] {dag.py:3239} INFO - Sync 1 DAGs
[2025-02-28T03:28:34.661+0000] {logging_mixin.py:190} INFO - [2025-02-28T03:28:34.661+0000] {dag.py:4180} INFO - Setting next_dagrun for example_dag_decorator to None, run_after=None
[2025-02-28T03:28:34.689+0000] {processor.py:208} INFO - Processing /home/airflow/.local/lib/python3.12/site-packages/airflow/example_dags/example_dag_decorator.py took 0.541 seconds
[2025-02-28T03:29:05.079+0000] {processor.py:186} INFO - Started process (PID=856) to work on /home/airflow/.local/lib/python3.12/site-packages/airflow/example_dags/example_dag_decorator.py
[2025-02-28T03:29:05.081+0000] {processor.py:914} INFO - Processing file /home/airflow/.local/lib/python3.12/site-packages/airflow/example_dags/example_dag_decorator.py for tasks to queue
[2025-02-28T03:29:05.086+0000] {logging_mixin.py:190} INFO - [2025-02-28T03:29:05.085+0000] {dagbag.py:588} INFO - Filling up the DagBag from /home/airflow/.local/lib/python3.12/site-packages/airflow/example_dags/example_dag_decorator.py
[2025-02-28T03:29:05.406+0000] {processor.py:925} INFO - DAG(s) 'example_dag_decorator' retrieved from /home/airflow/.local/lib/python3.12/site-packages/airflow/example_dags/example_dag_decorator.py
[2025-02-28T03:29:05.642+0000] {logging_mixin.py:190} INFO - [2025-02-28T03:29:05.641+0000] {dag.py:3239} INFO - Sync 1 DAGs
[2025-02-28T03:29:05.686+0000] {logging_mixin.py:190} INFO - [2025-02-28T03:29:05.686+0000] {dag.py:4180} INFO - Setting next_dagrun for example_dag_decorator to None, run_after=None
[2025-02-28T03:29:05.719+0000] {processor.py:208} INFO - Processing /home/airflow/.local/lib/python3.12/site-packages/airflow/example_dags/example_dag_decorator.py took 0.656 seconds
[2025-02-28T03:29:36.085+0000] {processor.py:186} INFO - Started process (PID=1160) to work on /home/airflow/.local/lib/python3.12/site-packages/airflow/example_dags/example_dag_decorator.py
[2025-02-28T03:29:36.087+0000] {processor.py:914} INFO - Processing file /home/airflow/.local/lib/python3.12/site-packages/airflow/example_dags/example_dag_decorator.py for tasks to queue
[2025-02-28T03:29:36.094+0000] {logging_mixin.py:190} INFO - [2025-02-28T03:29:36.093+0000] {dagbag.py:588} INFO - Filling up the DagBag from /home/airflow/.local/lib/python3.12/site-packages/airflow/example_dags/example_dag_decorator.py
[2025-02-28T03:29:36.338+0000] {processor.py:925} INFO - DAG(s) 'example_dag_decorator' retrieved from /home/airflow/.local/lib/python3.12/site-packages/airflow/example_dags/example_dag_decorator.py
[2025-02-28T03:29:36.519+0000] {logging_mixin.py:190} INFO - [2025-02-28T03:29:36.519+0000] {dag.py:3239} INFO - Sync 1 DAGs
[2025-02-28T03:29:36.538+0000] {logging_mixin.py:190} INFO - [2025-02-28T03:29:36.538+0000] {dag.py:4180} INFO - Setting next_dagrun for example_dag_decorator to None, run_after=None
[2025-02-28T03:29:36.562+0000] {processor.py:208} INFO - Processing /home/airflow/.local/lib/python3.12/site-packages/airflow/example_dags/example_dag_decorator.py took 0.487 seconds
[2025-02-28T03:30:07.732+0000] {processor.py:186} INFO - Started process (PID=1459) to work on /home/airflow/.local/lib/python3.12/site-packages/airflow/example_dags/example_dag_decorator.py
[2025-02-28T03:30:07.738+0000] {processor.py:914} INFO - Processing file /home/airflow/.local/lib/python3.12/site-packages/airflow/example_dags/example_dag_decorator.py for tasks to queue
[2025-02-28T03:30:07.745+0000] {logging_mixin.py:190} INFO - [2025-02-28T03:30:07.744+0000] {dagbag.py:588} INFO - Filling up the DagBag from /home/airflow/.local/lib/python3.12/site-packages/airflow/example_dags/example_dag_decorator.py
[2025-02-28T03:30:08.122+0000] {processor.py:925} INFO - DAG(s) 'example_dag_decorator' retrieved from /home/airflow/.local/lib/python3.12/site-packages/airflow/example_dags/example_dag_decorator.py
[2025-02-28T03:30:08.482+0000] {logging_mixin.py:190} INFO - [2025-02-28T03:30:08.481+0000] {dag.py:3239} INFO - Sync 1 DAGs
[2025-02-28T03:30:08.502+0000] {logging_mixin.py:190} INFO - [2025-02-28T03:30:08.502+0000] {dag.py:4180} INFO - Setting next_dagrun for example_dag_decorator to None, run_after=None
[2025-02-28T03:30:08.537+0000] {processor.py:208} INFO - Processing /home/airflow/.local/lib/python3.12/site-packages/airflow/example_dags/example_dag_decorator.py took 0.831 seconds
[2025-02-28T03:30:40.688+0000] {processor.py:186} INFO - Started process (PID=1759) to work on /home/airflow/.local/lib/python3.12/site-packages/airflow/example_dags/example_dag_decorator.py
[2025-02-28T03:30:40.695+0000] {processor.py:914} INFO - Processing file /home/airflow/.local/lib/python3.12/site-packages/airflow/example_dags/example_dag_decorator.py for tasks to queue
[2025-02-28T03:30:40.704+0000] {logging_mixin.py:190} INFO - [2025-02-28T03:30:40.703+0000] {dagbag.py:588} INFO - Filling up the DagBag from /home/airflow/.local/lib/python3.12/site-packages/airflow/example_dags/example_dag_decorator.py
[2025-02-28T03:30:41.064+0000] {processor.py:925} INFO - DAG(s) 'example_dag_decorator' retrieved from /home/airflow/.local/lib/python3.12/site-packages/airflow/example_dags/example_dag_decorator.py
[2025-02-28T03:30:41.407+0000] {logging_mixin.py:190} INFO - [2025-02-28T03:30:41.407+0000] {dag.py:3239} INFO - Sync 1 DAGs
[2025-02-28T03:30:41.453+0000] {logging_mixin.py:190} INFO - [2025-02-28T03:30:41.452+0000] {dag.py:4180} INFO - Setting next_dagrun for example_dag_decorator to None, run_after=None
[2025-02-28T03:30:41.500+0000] {processor.py:208} INFO - Processing /home/airflow/.local/lib/python3.12/site-packages/airflow/example_dags/example_dag_decorator.py took 0.853 seconds
[2025-02-28T03:31:12.614+0000] {processor.py:186} INFO - Started process (PID=2059) to work on /home/airflow/.local/lib/python3.12/site-packages/airflow/example_dags/example_dag_decorator.py
[2025-02-28T03:31:12.618+0000] {processor.py:914} INFO - Processing file /home/airflow/.local/lib/python3.12/site-packages/airflow/example_dags/example_dag_decorator.py for tasks to queue
[2025-02-28T03:31:12.623+0000] {logging_mixin.py:190} INFO - [2025-02-28T03:31:12.622+0000] {dagbag.py:588} INFO - Filling up the DagBag from /home/airflow/.local/lib/python3.12/site-packages/airflow/example_dags/example_dag_decorator.py
[2025-02-28T03:31:12.910+0000] {processor.py:925} INFO - DAG(s) 'example_dag_decorator' retrieved from /home/airflow/.local/lib/python3.12/site-packages/airflow/example_dags/example_dag_decorator.py
[2025-02-28T03:31:12.980+0000] {logging_mixin.py:190} INFO - [2025-02-28T03:31:12.979+0000] {dag.py:3239} INFO - Sync 1 DAGs
[2025-02-28T03:31:13.030+0000] {logging_mixin.py:190} INFO - [2025-02-28T03:31:13.030+0000] {dag.py:4180} INFO - Setting next_dagrun for example_dag_decorator to None, run_after=None
[2025-02-28T03:31:13.099+0000] {processor.py:208} INFO - Processing /home/airflow/.local/lib/python3.12/site-packages/airflow/example_dags/example_dag_decorator.py took 0.498 seconds
[2025-02-28T03:31:44.285+0000] {processor.py:186} INFO - Started process (PID=2360) to work on /home/airflow/.local/lib/python3.12/site-packages/airflow/example_dags/example_dag_decorator.py
[2025-02-28T03:31:44.289+0000] {processor.py:914} INFO - Processing file /home/airflow/.local/lib/python3.12/site-packages/airflow/example_dags/example_dag_decorator.py for tasks to queue
[2025-02-28T03:31:44.294+0000] {logging_mixin.py:190} INFO - [2025-02-28T03:31:44.293+0000] {dagbag.py:588} INFO - Filling up the DagBag from /home/airflow/.local/lib/python3.12/site-packages/airflow/example_dags/example_dag_decorator.py
[2025-02-28T03:31:44.687+0000] {processor.py:925} INFO - DAG(s) 'example_dag_decorator' retrieved from /home/airflow/.local/lib/python3.12/site-packages/airflow/example_dags/example_dag_decorator.py
[2025-02-28T03:31:45.125+0000] {logging_mixin.py:190} INFO - [2025-02-28T03:31:45.125+0000] {dag.py:3239} INFO - Sync 1 DAGs
[2025-02-28T03:31:45.186+0000] {logging_mixin.py:190} INFO - [2025-02-28T03:31:45.185+0000] {dag.py:4180} INFO - Setting next_dagrun for example_dag_decorator to None, run_after=None
[2025-02-28T03:31:45.275+0000] {processor.py:208} INFO - Processing /home/airflow/.local/lib/python3.12/site-packages/airflow/example_dags/example_dag_decorator.py took 0.999 seconds
[2025-02-28T03:32:15.457+0000] {processor.py:186} INFO - Started process (PID=2656) to work on /home/airflow/.local/lib/python3.12/site-packages/airflow/example_dags/example_dag_decorator.py
[2025-02-28T03:32:15.459+0000] {processor.py:914} INFO - Processing file /home/airflow/.local/lib/python3.12/site-packages/airflow/example_dags/example_dag_decorator.py for tasks to queue
[2025-02-28T03:32:15.466+0000] {logging_mixin.py:190} INFO - [2025-02-28T03:32:15.466+0000] {dagbag.py:588} INFO - Filling up the DagBag from /home/airflow/.local/lib/python3.12/site-packages/airflow/example_dags/example_dag_decorator.py
[2025-02-28T03:32:15.804+0000] {processor.py:925} INFO - DAG(s) 'example_dag_decorator' retrieved from /home/airflow/.local/lib/python3.12/site-packages/airflow/example_dags/example_dag_decorator.py
[2025-02-28T03:32:16.156+0000] {logging_mixin.py:190} INFO - [2025-02-28T03:32:16.156+0000] {dag.py:3239} INFO - Sync 1 DAGs
[2025-02-28T03:32:16.192+0000] {logging_mixin.py:190} INFO - [2025-02-28T03:32:16.191+0000] {dag.py:4180} INFO - Setting next_dagrun for example_dag_decorator to None, run_after=None
[2025-02-28T03:32:16.243+0000] {processor.py:208} INFO - Processing /home/airflow/.local/lib/python3.12/site-packages/airflow/example_dags/example_dag_decorator.py took 0.808 seconds
[2025-02-28T03:32:46.527+0000] {processor.py:186} INFO - Started process (PID=2956) to work on /home/airflow/.local/lib/python3.12/site-packages/airflow/example_dags/example_dag_decorator.py
[2025-02-28T03:32:46.532+0000] {processor.py:914} INFO - Processing file /home/airflow/.local/lib/python3.12/site-packages/airflow/example_dags/example_dag_decorator.py for tasks to queue
[2025-02-28T03:32:46.538+0000] {logging_mixin.py:190} INFO - [2025-02-28T03:32:46.538+0000] {dagbag.py:588} INFO - Filling up the DagBag from /home/airflow/.local/lib/python3.12/site-packages/airflow/example_dags/example_dag_decorator.py
[2025-02-28T03:32:46.890+0000] {processor.py:925} INFO - DAG(s) 'example_dag_decorator' retrieved from /home/airflow/.local/lib/python3.12/site-packages/airflow/example_dags/example_dag_decorator.py
[2025-02-28T03:32:47.252+0000] {logging_mixin.py:190} INFO - [2025-02-28T03:32:47.252+0000] {dag.py:3239} INFO - Sync 1 DAGs
[2025-02-28T03:32:47.289+0000] {logging_mixin.py:190} INFO - [2025-02-28T03:32:47.289+0000] {dag.py:4180} INFO - Setting next_dagrun for example_dag_decorator to None, run_after=None
[2025-02-28T03:32:47.346+0000] {processor.py:208} INFO - Processing /home/airflow/.local/lib/python3.12/site-packages/airflow/example_dags/example_dag_decorator.py took 0.830 seconds
[2025-02-28T03:33:17.646+0000] {processor.py:186} INFO - Started process (PID=3254) to work on /home/airflow/.local/lib/python3.12/site-packages/airflow/example_dags/example_dag_decorator.py
[2025-02-28T03:33:17.648+0000] {processor.py:914} INFO - Processing file /home/airflow/.local/lib/python3.12/site-packages/airflow/example_dags/example_dag_decorator.py for tasks to queue
[2025-02-28T03:33:17.650+0000] {logging_mixin.py:190} INFO - [2025-02-28T03:33:17.650+0000] {dagbag.py:588} INFO - Filling up the DagBag from /home/airflow/.local/lib/python3.12/site-packages/airflow/example_dags/example_dag_decorator.py
[2025-02-28T03:33:17.761+0000] {processor.py:925} INFO - DAG(s) 'example_dag_decorator' retrieved from /home/airflow/.local/lib/python3.12/site-packages/airflow/example_dags/example_dag_decorator.py
[2025-02-28T03:33:17.897+0000] {logging_mixin.py:190} INFO - [2025-02-28T03:33:17.896+0000] {dag.py:3239} INFO - Sync 1 DAGs
[2025-02-28T03:33:17.924+0000] {logging_mixin.py:190} INFO - [2025-02-28T03:33:17.924+0000] {dag.py:4180} INFO - Setting next_dagrun for example_dag_decorator to None, run_after=None
[2025-02-28T03:33:17.948+0000] {processor.py:208} INFO - Processing /home/airflow/.local/lib/python3.12/site-packages/airflow/example_dags/example_dag_decorator.py took 0.311 seconds
[2025-02-28T03:33:48.609+0000] {processor.py:186} INFO - Started process (PID=3560) to work on /home/airflow/.local/lib/python3.12/site-packages/airflow/example_dags/example_dag_decorator.py
[2025-02-28T03:33:48.611+0000] {processor.py:914} INFO - Processing file /home/airflow/.local/lib/python3.12/site-packages/airflow/example_dags/example_dag_decorator.py for tasks to queue
[2025-02-28T03:33:48.615+0000] {logging_mixin.py:190} INFO - [2025-02-28T03:33:48.615+0000] {dagbag.py:588} INFO - Filling up the DagBag from /home/airflow/.local/lib/python3.12/site-packages/airflow/example_dags/example_dag_decorator.py
[2025-02-28T03:33:48.905+0000] {processor.py:925} INFO - DAG(s) 'example_dag_decorator' retrieved from /home/airflow/.local/lib/python3.12/site-packages/airflow/example_dags/example_dag_decorator.py
[2025-02-28T03:33:49.119+0000] {logging_mixin.py:190} INFO - [2025-02-28T03:33:49.118+0000] {dag.py:3239} INFO - Sync 1 DAGs
[2025-02-28T03:33:49.145+0000] {logging_mixin.py:190} INFO - [2025-02-28T03:33:49.144+0000] {dag.py:4180} INFO - Setting next_dagrun for example_dag_decorator to None, run_after=None
[2025-02-28T03:33:49.167+0000] {processor.py:208} INFO - Processing /home/airflow/.local/lib/python3.12/site-packages/airflow/example_dags/example_dag_decorator.py took 0.587 seconds
[2025-02-28T03:34:20.069+0000] {processor.py:186} INFO - Started process (PID=3866) to work on /home/airflow/.local/lib/python3.12/site-packages/airflow/example_dags/example_dag_decorator.py
[2025-02-28T03:34:20.071+0000] {processor.py:914} INFO - Processing file /home/airflow/.local/lib/python3.12/site-packages/airflow/example_dags/example_dag_decorator.py for tasks to queue
[2025-02-28T03:34:20.074+0000] {logging_mixin.py:190} INFO - [2025-02-28T03:34:20.074+0000] {dagbag.py:588} INFO - Filling up the DagBag from /home/airflow/.local/lib/python3.12/site-packages/airflow/example_dags/example_dag_decorator.py
[2025-02-28T03:34:20.341+0000] {processor.py:925} INFO - DAG(s) 'example_dag_decorator' retrieved from /home/airflow/.local/lib/python3.12/site-packages/airflow/example_dags/example_dag_decorator.py
[2025-02-28T03:34:20.827+0000] {logging_mixin.py:190} INFO - [2025-02-28T03:34:20.827+0000] {dag.py:3239} INFO - Sync 1 DAGs
[2025-02-28T03:34:20.858+0000] {logging_mixin.py:190} INFO - [2025-02-28T03:34:20.858+0000] {dag.py:4180} INFO - Setting next_dagrun for example_dag_decorator to None, run_after=None
[2025-02-28T03:34:20.897+0000] {processor.py:208} INFO - Processing /home/airflow/.local/lib/python3.12/site-packages/airflow/example_dags/example_dag_decorator.py took 0.837 seconds
[2025-02-28T03:34:51.338+0000] {processor.py:186} INFO - Started process (PID=4167) to work on /home/airflow/.local/lib/python3.12/site-packages/airflow/example_dags/example_dag_decorator.py
[2025-02-28T03:34:51.340+0000] {processor.py:914} INFO - Processing file /home/airflow/.local/lib/python3.12/site-packages/airflow/example_dags/example_dag_decorator.py for tasks to queue
[2025-02-28T03:34:51.346+0000] {logging_mixin.py:190} INFO - [2025-02-28T03:34:51.345+0000] {dagbag.py:588} INFO - Filling up the DagBag from /home/airflow/.local/lib/python3.12/site-packages/airflow/example_dags/example_dag_decorator.py
[2025-02-28T03:34:51.734+0000] {processor.py:925} INFO - DAG(s) 'example_dag_decorator' retrieved from /home/airflow/.local/lib/python3.12/site-packages/airflow/example_dags/example_dag_decorator.py
[2025-02-28T03:34:51.997+0000] {logging_mixin.py:190} INFO - [2025-02-28T03:34:51.996+0000] {dag.py:3239} INFO - Sync 1 DAGs
[2025-02-28T03:34:52.016+0000] {logging_mixin.py:190} INFO - [2025-02-28T03:34:52.016+0000] {dag.py:4180} INFO - Setting next_dagrun for example_dag_decorator to None, run_after=None
[2025-02-28T03:34:52.044+0000] {processor.py:208} INFO - Processing /home/airflow/.local/lib/python3.12/site-packages/airflow/example_dags/example_dag_decorator.py took 0.723 seconds
[2025-02-28T03:35:22.095+0000] {processor.py:186} INFO - Started process (PID=4470) to work on /home/airflow/.local/lib/python3.12/site-packages/airflow/example_dags/example_dag_decorator.py
[2025-02-28T03:35:22.096+0000] {processor.py:914} INFO - Processing file /home/airflow/.local/lib/python3.12/site-packages/airflow/example_dags/example_dag_decorator.py for tasks to queue
[2025-02-28T03:35:22.101+0000] {logging_mixin.py:190} INFO - [2025-02-28T03:35:22.100+0000] {dagbag.py:588} INFO - Filling up the DagBag from /home/airflow/.local/lib/python3.12/site-packages/airflow/example_dags/example_dag_decorator.py
[2025-02-28T03:35:22.268+0000] {processor.py:925} INFO - DAG(s) 'example_dag_decorator' retrieved from /home/airflow/.local/lib/python3.12/site-packages/airflow/example_dags/example_dag_decorator.py
[2025-02-28T03:35:22.463+0000] {logging_mixin.py:190} INFO - [2025-02-28T03:35:22.463+0000] {dag.py:3239} INFO - Sync 1 DAGs
[2025-02-28T03:35:22.485+0000] {logging_mixin.py:190} INFO - [2025-02-28T03:35:22.484+0000] {dag.py:4180} INFO - Setting next_dagrun for example_dag_decorator to None, run_after=None
[2025-02-28T03:35:22.512+0000] {processor.py:208} INFO - Processing /home/airflow/.local/lib/python3.12/site-packages/airflow/example_dags/example_dag_decorator.py took 0.426 seconds
[2025-02-28T03:35:52.769+0000] {processor.py:186} INFO - Started process (PID=4766) to work on /home/airflow/.local/lib/python3.12/site-packages/airflow/example_dags/example_dag_decorator.py
[2025-02-28T03:35:52.773+0000] {processor.py:914} INFO - Processing file /home/airflow/.local/lib/python3.12/site-packages/airflow/example_dags/example_dag_decorator.py for tasks to queue
[2025-02-28T03:35:52.781+0000] {logging_mixin.py:190} INFO - [2025-02-28T03:35:52.780+0000] {dagbag.py:588} INFO - Filling up the DagBag from /home/airflow/.local/lib/python3.12/site-packages/airflow/example_dags/example_dag_decorator.py
[2025-02-28T03:35:53.108+0000] {processor.py:925} INFO - DAG(s) 'example_dag_decorator' retrieved from /home/airflow/.local/lib/python3.12/site-packages/airflow/example_dags/example_dag_decorator.py
[2025-02-28T03:35:53.474+0000] {logging_mixin.py:190} INFO - [2025-02-28T03:35:53.473+0000] {dag.py:3239} INFO - Sync 1 DAGs
[2025-02-28T03:35:53.492+0000] {logging_mixin.py:190} INFO - [2025-02-28T03:35:53.491+0000] {dag.py:4180} INFO - Setting next_dagrun for example_dag_decorator to None, run_after=None
[2025-02-28T03:35:53.514+0000] {processor.py:208} INFO - Processing /home/airflow/.local/lib/python3.12/site-packages/airflow/example_dags/example_dag_decorator.py took 0.767 seconds
[2025-02-28T03:36:23.733+0000] {processor.py:186} INFO - Started process (PID=5067) to work on /home/airflow/.local/lib/python3.12/site-packages/airflow/example_dags/example_dag_decorator.py
[2025-02-28T03:36:23.737+0000] {processor.py:914} INFO - Processing file /home/airflow/.local/lib/python3.12/site-packages/airflow/example_dags/example_dag_decorator.py for tasks to queue
[2025-02-28T03:36:23.745+0000] {logging_mixin.py:190} INFO - [2025-02-28T03:36:23.745+0000] {dagbag.py:588} INFO - Filling up the DagBag from /home/airflow/.local/lib/python3.12/site-packages/airflow/example_dags/example_dag_decorator.py
[2025-02-28T03:36:24.065+0000] {processor.py:925} INFO - DAG(s) 'example_dag_decorator' retrieved from /home/airflow/.local/lib/python3.12/site-packages/airflow/example_dags/example_dag_decorator.py
[2025-02-28T03:36:24.425+0000] {logging_mixin.py:190} INFO - [2025-02-28T03:36:24.425+0000] {dag.py:3239} INFO - Sync 1 DAGs
[2025-02-28T03:36:24.471+0000] {logging_mixin.py:190} INFO - [2025-02-28T03:36:24.471+0000] {dag.py:4180} INFO - Setting next_dagrun for example_dag_decorator to None, run_after=None
[2025-02-28T03:36:24.532+0000] {processor.py:208} INFO - Processing /home/airflow/.local/lib/python3.12/site-packages/airflow/example_dags/example_dag_decorator.py took 0.820 seconds
[2025-02-28T03:36:55.178+0000] {processor.py:186} INFO - Started process (PID=5373) to work on /home/airflow/.local/lib/python3.12/site-packages/airflow/example_dags/example_dag_decorator.py
[2025-02-28T03:36:55.180+0000] {processor.py:914} INFO - Processing file /home/airflow/.local/lib/python3.12/site-packages/airflow/example_dags/example_dag_decorator.py for tasks to queue
[2025-02-28T03:36:55.185+0000] {logging_mixin.py:190} INFO - [2025-02-28T03:36:55.184+0000] {dagbag.py:588} INFO - Filling up the DagBag from /home/airflow/.local/lib/python3.12/site-packages/airflow/example_dags/example_dag_decorator.py
[2025-02-28T03:36:55.503+0000] {processor.py:925} INFO - DAG(s) 'example_dag_decorator' retrieved from /home/airflow/.local/lib/python3.12/site-packages/airflow/example_dags/example_dag_decorator.py
[2025-02-28T03:36:55.808+0000] {logging_mixin.py:190} INFO - [2025-02-28T03:36:55.808+0000] {dag.py:3239} INFO - Sync 1 DAGs
[2025-02-28T03:36:55.851+0000] {logging_mixin.py:190} INFO - [2025-02-28T03:36:55.851+0000] {dag.py:4180} INFO - Setting next_dagrun for example_dag_decorator to None, run_after=None
[2025-02-28T03:36:55.910+0000] {processor.py:208} INFO - Processing /home/airflow/.local/lib/python3.12/site-packages/airflow/example_dags/example_dag_decorator.py took 0.750 seconds
[2025-02-28T03:37:26.517+0000] {processor.py:186} INFO - Started process (PID=5674) to work on /home/airflow/.local/lib/python3.12/site-packages/airflow/example_dags/example_dag_decorator.py
[2025-02-28T03:37:26.530+0000] {processor.py:914} INFO - Processing file /home/airflow/.local/lib/python3.12/site-packages/airflow/example_dags/example_dag_decorator.py for tasks to queue
[2025-02-28T03:37:26.534+0000] {logging_mixin.py:190} INFO - [2025-02-28T03:37:26.533+0000] {dagbag.py:588} INFO - Filling up the DagBag from /home/airflow/.local/lib/python3.12/site-packages/airflow/example_dags/example_dag_decorator.py
[2025-02-28T03:37:26.725+0000] {processor.py:925} INFO - DAG(s) 'example_dag_decorator' retrieved from /home/airflow/.local/lib/python3.12/site-packages/airflow/example_dags/example_dag_decorator.py
[2025-02-28T03:37:26.951+0000] {logging_mixin.py:190} INFO - [2025-02-28T03:37:26.951+0000] {dag.py:3239} INFO - Sync 1 DAGs
[2025-02-28T03:37:26.971+0000] {logging_mixin.py:190} INFO - [2025-02-28T03:37:26.971+0000] {dag.py:4180} INFO - Setting next_dagrun for example_dag_decorator to None, run_after=None
[2025-02-28T03:37:27.011+0000] {processor.py:208} INFO - Processing /home/airflow/.local/lib/python3.12/site-packages/airflow/example_dags/example_dag_decorator.py took 0.502 seconds
