[2025-02-28T03:28:18.960+0000] {processor.py:186} INFO - Started process (PID=393) to work on /home/airflow/.local/lib/python3.12/site-packages/airflow/example_dags/example_task_group.py
[2025-02-28T03:28:18.969+0000] {processor.py:914} INFO - Processing file /home/airflow/.local/lib/python3.12/site-packages/airflow/example_dags/example_task_group.py for tasks to queue
[2025-02-28T03:28:18.984+0000] {logging_mixin.py:190} INFO - [2025-02-28T03:28:18.979+0000] {dagbag.py:588} INFO - Filling up the DagBag from /home/airflow/.local/lib/python3.12/site-packages/airflow/example_dags/example_task_group.py
[2025-02-28T03:28:19.044+0000] {processor.py:925} INFO - DAG(s) 'example_task_group' retrieved from /home/airflow/.local/lib/python3.12/site-packages/airflow/example_dags/example_task_group.py
[2025-02-28T03:28:19.187+0000] {logging_mixin.py:190} INFO - [2025-02-28T03:28:19.185+0000] {dag.py:3239} INFO - Sync 1 DAGs
[2025-02-28T03:28:19.291+0000] {logging_mixin.py:190} INFO - [2025-02-28T03:28:19.290+0000] {dag.py:4180} INFO - Setting next_dagrun for example_task_group to None, run_after=None
[2025-02-28T03:28:19.383+0000] {processor.py:208} INFO - Processing /home/airflow/.local/lib/python3.12/site-packages/airflow/example_dags/example_task_group.py took 0.479 seconds
[2025-02-28T03:28:50.349+0000] {processor.py:186} INFO - Started process (PID=694) to work on /home/airflow/.local/lib/python3.12/site-packages/airflow/example_dags/example_task_group.py
[2025-02-28T03:28:50.353+0000] {processor.py:914} INFO - Processing file /home/airflow/.local/lib/python3.12/site-packages/airflow/example_dags/example_task_group.py for tasks to queue
[2025-02-28T03:28:50.358+0000] {logging_mixin.py:190} INFO - [2025-02-28T03:28:50.358+0000] {dagbag.py:588} INFO - Filling up the DagBag from /home/airflow/.local/lib/python3.12/site-packages/airflow/example_dags/example_task_group.py
[2025-02-28T03:28:50.403+0000] {processor.py:925} INFO - DAG(s) 'example_task_group' retrieved from /home/airflow/.local/lib/python3.12/site-packages/airflow/example_dags/example_task_group.py
[2025-02-28T03:28:50.463+0000] {logging_mixin.py:190} INFO - [2025-02-28T03:28:50.463+0000] {dag.py:3239} INFO - Sync 1 DAGs
[2025-02-28T03:28:50.486+0000] {logging_mixin.py:190} INFO - [2025-02-28T03:28:50.486+0000] {dag.py:4180} INFO - Setting next_dagrun for example_task_group to None, run_after=None
[2025-02-28T03:28:50.534+0000] {processor.py:208} INFO - Processing /home/airflow/.local/lib/python3.12/site-packages/airflow/example_dags/example_task_group.py took 0.209 seconds
[2025-02-28T03:29:20.981+0000] {processor.py:186} INFO - Started process (PID=992) to work on /home/airflow/.local/lib/python3.12/site-packages/airflow/example_dags/example_task_group.py
[2025-02-28T03:29:20.983+0000] {processor.py:914} INFO - Processing file /home/airflow/.local/lib/python3.12/site-packages/airflow/example_dags/example_task_group.py for tasks to queue
[2025-02-28T03:29:20.985+0000] {logging_mixin.py:190} INFO - [2025-02-28T03:29:20.985+0000] {dagbag.py:588} INFO - Filling up the DagBag from /home/airflow/.local/lib/python3.12/site-packages/airflow/example_dags/example_task_group.py
[2025-02-28T03:29:20.995+0000] {processor.py:925} INFO - DAG(s) 'example_task_group' retrieved from /home/airflow/.local/lib/python3.12/site-packages/airflow/example_dags/example_task_group.py
[2025-02-28T03:29:21.017+0000] {logging_mixin.py:190} INFO - [2025-02-28T03:29:21.016+0000] {dag.py:3239} INFO - Sync 1 DAGs
[2025-02-28T03:29:21.032+0000] {logging_mixin.py:190} INFO - [2025-02-28T03:29:21.032+0000] {dag.py:4180} INFO - Setting next_dagrun for example_task_group to None, run_after=None
[2025-02-28T03:29:21.049+0000] {processor.py:208} INFO - Processing /home/airflow/.local/lib/python3.12/site-packages/airflow/example_dags/example_task_group.py took 0.077 seconds
[2025-02-28T03:29:51.542+0000] {processor.py:186} INFO - Started process (PID=1293) to work on /home/airflow/.local/lib/python3.12/site-packages/airflow/example_dags/example_task_group.py
[2025-02-28T03:29:51.544+0000] {processor.py:914} INFO - Processing file /home/airflow/.local/lib/python3.12/site-packages/airflow/example_dags/example_task_group.py for tasks to queue
[2025-02-28T03:29:51.549+0000] {logging_mixin.py:190} INFO - [2025-02-28T03:29:51.548+0000] {dagbag.py:588} INFO - Filling up the DagBag from /home/airflow/.local/lib/python3.12/site-packages/airflow/example_dags/example_task_group.py
[2025-02-28T03:29:51.577+0000] {processor.py:925} INFO - DAG(s) 'example_task_group' retrieved from /home/airflow/.local/lib/python3.12/site-packages/airflow/example_dags/example_task_group.py
[2025-02-28T03:29:51.632+0000] {logging_mixin.py:190} INFO - [2025-02-28T03:29:51.632+0000] {dag.py:3239} INFO - Sync 1 DAGs
[2025-02-28T03:29:51.660+0000] {logging_mixin.py:190} INFO - [2025-02-28T03:29:51.658+0000] {dag.py:4180} INFO - Setting next_dagrun for example_task_group to None, run_after=None
[2025-02-28T03:29:51.716+0000] {processor.py:208} INFO - Processing /home/airflow/.local/lib/python3.12/site-packages/airflow/example_dags/example_task_group.py took 0.185 seconds
[2025-02-28T03:30:22.210+0000] {processor.py:186} INFO - Started process (PID=1594) to work on /home/airflow/.local/lib/python3.12/site-packages/airflow/example_dags/example_task_group.py
[2025-02-28T03:30:22.214+0000] {processor.py:914} INFO - Processing file /home/airflow/.local/lib/python3.12/site-packages/airflow/example_dags/example_task_group.py for tasks to queue
[2025-02-28T03:30:22.219+0000] {logging_mixin.py:190} INFO - [2025-02-28T03:30:22.218+0000] {dagbag.py:588} INFO - Filling up the DagBag from /home/airflow/.local/lib/python3.12/site-packages/airflow/example_dags/example_task_group.py
[2025-02-28T03:30:22.246+0000] {processor.py:925} INFO - DAG(s) 'example_task_group' retrieved from /home/airflow/.local/lib/python3.12/site-packages/airflow/example_dags/example_task_group.py
[2025-02-28T03:30:22.319+0000] {logging_mixin.py:190} INFO - [2025-02-28T03:30:22.319+0000] {dag.py:3239} INFO - Sync 1 DAGs
[2025-02-28T03:30:22.363+0000] {logging_mixin.py:190} INFO - [2025-02-28T03:30:22.362+0000] {dag.py:4180} INFO - Setting next_dagrun for example_task_group to None, run_after=None
[2025-02-28T03:30:22.418+0000] {processor.py:208} INFO - Processing /home/airflow/.local/lib/python3.12/site-packages/airflow/example_dags/example_task_group.py took 0.233 seconds
[2025-02-28T03:30:53.280+0000] {processor.py:186} INFO - Started process (PID=1894) to work on /home/airflow/.local/lib/python3.12/site-packages/airflow/example_dags/example_task_group.py
[2025-02-28T03:30:53.284+0000] {processor.py:914} INFO - Processing file /home/airflow/.local/lib/python3.12/site-packages/airflow/example_dags/example_task_group.py for tasks to queue
[2025-02-28T03:30:53.294+0000] {logging_mixin.py:190} INFO - [2025-02-28T03:30:53.292+0000] {dagbag.py:588} INFO - Filling up the DagBag from /home/airflow/.local/lib/python3.12/site-packages/airflow/example_dags/example_task_group.py
[2025-02-28T03:30:53.322+0000] {processor.py:925} INFO - DAG(s) 'example_task_group' retrieved from /home/airflow/.local/lib/python3.12/site-packages/airflow/example_dags/example_task_group.py
[2025-02-28T03:30:53.386+0000] {logging_mixin.py:190} INFO - [2025-02-28T03:30:53.385+0000] {dag.py:3239} INFO - Sync 1 DAGs
[2025-02-28T03:30:53.436+0000] {logging_mixin.py:190} INFO - [2025-02-28T03:30:53.436+0000] {dag.py:4180} INFO - Setting next_dagrun for example_task_group to None, run_after=None
[2025-02-28T03:30:53.505+0000] {processor.py:208} INFO - Processing /home/airflow/.local/lib/python3.12/site-packages/airflow/example_dags/example_task_group.py took 0.242 seconds
[2025-02-28T03:31:23.946+0000] {processor.py:186} INFO - Started process (PID=2190) to work on /home/airflow/.local/lib/python3.12/site-packages/airflow/example_dags/example_task_group.py
[2025-02-28T03:31:23.951+0000] {processor.py:914} INFO - Processing file /home/airflow/.local/lib/python3.12/site-packages/airflow/example_dags/example_task_group.py for tasks to queue
[2025-02-28T03:31:23.956+0000] {logging_mixin.py:190} INFO - [2025-02-28T03:31:23.956+0000] {dagbag.py:588} INFO - Filling up the DagBag from /home/airflow/.local/lib/python3.12/site-packages/airflow/example_dags/example_task_group.py
[2025-02-28T03:31:23.984+0000] {processor.py:925} INFO - DAG(s) 'example_task_group' retrieved from /home/airflow/.local/lib/python3.12/site-packages/airflow/example_dags/example_task_group.py
[2025-02-28T03:31:24.049+0000] {logging_mixin.py:190} INFO - [2025-02-28T03:31:24.049+0000] {dag.py:3239} INFO - Sync 1 DAGs
[2025-02-28T03:31:24.101+0000] {logging_mixin.py:190} INFO - [2025-02-28T03:31:24.101+0000] {dag.py:4180} INFO - Setting next_dagrun for example_task_group to None, run_after=None
[2025-02-28T03:31:24.154+0000] {processor.py:208} INFO - Processing /home/airflow/.local/lib/python3.12/site-packages/airflow/example_dags/example_task_group.py took 0.225 seconds
[2025-02-28T03:31:54.489+0000] {processor.py:186} INFO - Started process (PID=2491) to work on /home/airflow/.local/lib/python3.12/site-packages/airflow/example_dags/example_task_group.py
[2025-02-28T03:31:54.493+0000] {processor.py:914} INFO - Processing file /home/airflow/.local/lib/python3.12/site-packages/airflow/example_dags/example_task_group.py for tasks to queue
[2025-02-28T03:31:54.500+0000] {logging_mixin.py:190} INFO - [2025-02-28T03:31:54.499+0000] {dagbag.py:588} INFO - Filling up the DagBag from /home/airflow/.local/lib/python3.12/site-packages/airflow/example_dags/example_task_group.py
[2025-02-28T03:31:54.544+0000] {processor.py:925} INFO - DAG(s) 'example_task_group' retrieved from /home/airflow/.local/lib/python3.12/site-packages/airflow/example_dags/example_task_group.py
[2025-02-28T03:31:54.622+0000] {logging_mixin.py:190} INFO - [2025-02-28T03:31:54.622+0000] {dag.py:3239} INFO - Sync 1 DAGs
[2025-02-28T03:31:54.655+0000] {logging_mixin.py:190} INFO - [2025-02-28T03:31:54.655+0000] {dag.py:4180} INFO - Setting next_dagrun for example_task_group to None, run_after=None
[2025-02-28T03:31:54.695+0000] {processor.py:208} INFO - Processing /home/airflow/.local/lib/python3.12/site-packages/airflow/example_dags/example_task_group.py took 0.228 seconds
[2025-02-28T03:32:24.934+0000] {processor.py:186} INFO - Started process (PID=2791) to work on /home/airflow/.local/lib/python3.12/site-packages/airflow/example_dags/example_task_group.py
[2025-02-28T03:32:24.939+0000] {processor.py:914} INFO - Processing file /home/airflow/.local/lib/python3.12/site-packages/airflow/example_dags/example_task_group.py for tasks to queue
[2025-02-28T03:32:24.945+0000] {logging_mixin.py:190} INFO - [2025-02-28T03:32:24.944+0000] {dagbag.py:588} INFO - Filling up the DagBag from /home/airflow/.local/lib/python3.12/site-packages/airflow/example_dags/example_task_group.py
[2025-02-28T03:32:24.965+0000] {processor.py:925} INFO - DAG(s) 'example_task_group' retrieved from /home/airflow/.local/lib/python3.12/site-packages/airflow/example_dags/example_task_group.py
[2025-02-28T03:32:25.030+0000] {logging_mixin.py:190} INFO - [2025-02-28T03:32:25.030+0000] {dag.py:3239} INFO - Sync 1 DAGs
[2025-02-28T03:32:25.084+0000] {logging_mixin.py:190} INFO - [2025-02-28T03:32:25.084+0000] {dag.py:4180} INFO - Setting next_dagrun for example_task_group to None, run_after=None
[2025-02-28T03:32:25.145+0000] {processor.py:208} INFO - Processing /home/airflow/.local/lib/python3.12/site-packages/airflow/example_dags/example_task_group.py took 0.234 seconds
[2025-02-28T03:32:55.797+0000] {processor.py:186} INFO - Started process (PID=3092) to work on /home/airflow/.local/lib/python3.12/site-packages/airflow/example_dags/example_task_group.py
[2025-02-28T03:32:55.806+0000] {processor.py:914} INFO - Processing file /home/airflow/.local/lib/python3.12/site-packages/airflow/example_dags/example_task_group.py for tasks to queue
[2025-02-28T03:32:55.817+0000] {logging_mixin.py:190} INFO - [2025-02-28T03:32:55.817+0000] {dagbag.py:588} INFO - Filling up the DagBag from /home/airflow/.local/lib/python3.12/site-packages/airflow/example_dags/example_task_group.py
[2025-02-28T03:32:55.866+0000] {processor.py:925} INFO - DAG(s) 'example_task_group' retrieved from /home/airflow/.local/lib/python3.12/site-packages/airflow/example_dags/example_task_group.py
[2025-02-28T03:32:55.947+0000] {logging_mixin.py:190} INFO - [2025-02-28T03:32:55.947+0000] {dag.py:3239} INFO - Sync 1 DAGs
[2025-02-28T03:32:55.998+0000] {logging_mixin.py:190} INFO - [2025-02-28T03:32:55.998+0000] {dag.py:4180} INFO - Setting next_dagrun for example_task_group to None, run_after=None
[2025-02-28T03:32:56.054+0000] {processor.py:208} INFO - Processing /home/airflow/.local/lib/python3.12/site-packages/airflow/example_dags/example_task_group.py took 0.282 seconds
[2025-02-28T03:33:26.434+0000] {processor.py:186} INFO - Started process (PID=3393) to work on /home/airflow/.local/lib/python3.12/site-packages/airflow/example_dags/example_task_group.py
[2025-02-28T03:33:26.438+0000] {processor.py:914} INFO - Processing file /home/airflow/.local/lib/python3.12/site-packages/airflow/example_dags/example_task_group.py for tasks to queue
[2025-02-28T03:33:26.441+0000] {logging_mixin.py:190} INFO - [2025-02-28T03:33:26.441+0000] {dagbag.py:588} INFO - Filling up the DagBag from /home/airflow/.local/lib/python3.12/site-packages/airflow/example_dags/example_task_group.py
[2025-02-28T03:33:26.460+0000] {processor.py:925} INFO - DAG(s) 'example_task_group' retrieved from /home/airflow/.local/lib/python3.12/site-packages/airflow/example_dags/example_task_group.py
[2025-02-28T03:33:26.521+0000] {logging_mixin.py:190} INFO - [2025-02-28T03:33:26.520+0000] {dag.py:3239} INFO - Sync 1 DAGs
[2025-02-28T03:33:26.566+0000] {logging_mixin.py:190} INFO - [2025-02-28T03:33:26.565+0000] {dag.py:4180} INFO - Setting next_dagrun for example_task_group to None, run_after=None
[2025-02-28T03:33:26.626+0000] {processor.py:208} INFO - Processing /home/airflow/.local/lib/python3.12/site-packages/airflow/example_dags/example_task_group.py took 0.231 seconds
[2025-02-28T03:33:56.775+0000] {processor.py:186} INFO - Started process (PID=3695) to work on /home/airflow/.local/lib/python3.12/site-packages/airflow/example_dags/example_task_group.py
[2025-02-28T03:33:56.776+0000] {processor.py:914} INFO - Processing file /home/airflow/.local/lib/python3.12/site-packages/airflow/example_dags/example_task_group.py for tasks to queue
[2025-02-28T03:33:56.778+0000] {logging_mixin.py:190} INFO - [2025-02-28T03:33:56.778+0000] {dagbag.py:588} INFO - Filling up the DagBag from /home/airflow/.local/lib/python3.12/site-packages/airflow/example_dags/example_task_group.py
[2025-02-28T03:33:56.788+0000] {processor.py:925} INFO - DAG(s) 'example_task_group' retrieved from /home/airflow/.local/lib/python3.12/site-packages/airflow/example_dags/example_task_group.py
[2025-02-28T03:33:56.810+0000] {logging_mixin.py:190} INFO - [2025-02-28T03:33:56.810+0000] {dag.py:3239} INFO - Sync 1 DAGs
[2025-02-28T03:33:56.825+0000] {logging_mixin.py:190} INFO - [2025-02-28T03:33:56.825+0000] {dag.py:4180} INFO - Setting next_dagrun for example_task_group to None, run_after=None
[2025-02-28T03:33:56.841+0000] {processor.py:208} INFO - Processing /home/airflow/.local/lib/python3.12/site-packages/airflow/example_dags/example_task_group.py took 0.073 seconds
[2025-02-28T03:34:27.532+0000] {processor.py:186} INFO - Started process (PID=3996) to work on /home/airflow/.local/lib/python3.12/site-packages/airflow/example_dags/example_task_group.py
[2025-02-28T03:34:27.534+0000] {processor.py:914} INFO - Processing file /home/airflow/.local/lib/python3.12/site-packages/airflow/example_dags/example_task_group.py for tasks to queue
[2025-02-28T03:34:27.536+0000] {logging_mixin.py:190} INFO - [2025-02-28T03:34:27.536+0000] {dagbag.py:588} INFO - Filling up the DagBag from /home/airflow/.local/lib/python3.12/site-packages/airflow/example_dags/example_task_group.py
[2025-02-28T03:34:27.545+0000] {processor.py:925} INFO - DAG(s) 'example_task_group' retrieved from /home/airflow/.local/lib/python3.12/site-packages/airflow/example_dags/example_task_group.py
[2025-02-28T03:34:27.568+0000] {logging_mixin.py:190} INFO - [2025-02-28T03:34:27.568+0000] {dag.py:3239} INFO - Sync 1 DAGs
[2025-02-28T03:34:27.584+0000] {logging_mixin.py:190} INFO - [2025-02-28T03:34:27.583+0000] {dag.py:4180} INFO - Setting next_dagrun for example_task_group to None, run_after=None
[2025-02-28T03:34:27.601+0000] {processor.py:208} INFO - Processing /home/airflow/.local/lib/python3.12/site-packages/airflow/example_dags/example_task_group.py took 0.075 seconds
[2025-02-28T03:34:57.867+0000] {processor.py:186} INFO - Started process (PID=4295) to work on /home/airflow/.local/lib/python3.12/site-packages/airflow/example_dags/example_task_group.py
[2025-02-28T03:34:57.868+0000] {processor.py:914} INFO - Processing file /home/airflow/.local/lib/python3.12/site-packages/airflow/example_dags/example_task_group.py for tasks to queue
[2025-02-28T03:34:57.871+0000] {logging_mixin.py:190} INFO - [2025-02-28T03:34:57.871+0000] {dagbag.py:588} INFO - Filling up the DagBag from /home/airflow/.local/lib/python3.12/site-packages/airflow/example_dags/example_task_group.py
[2025-02-28T03:34:57.885+0000] {processor.py:925} INFO - DAG(s) 'example_task_group' retrieved from /home/airflow/.local/lib/python3.12/site-packages/airflow/example_dags/example_task_group.py
[2025-02-28T03:34:57.930+0000] {logging_mixin.py:190} INFO - [2025-02-28T03:34:57.929+0000] {dag.py:3239} INFO - Sync 1 DAGs
[2025-02-28T03:34:57.953+0000] {logging_mixin.py:190} INFO - [2025-02-28T03:34:57.953+0000] {dag.py:4180} INFO - Setting next_dagrun for example_task_group to None, run_after=None
[2025-02-28T03:34:57.977+0000] {processor.py:208} INFO - Processing /home/airflow/.local/lib/python3.12/site-packages/airflow/example_dags/example_task_group.py took 0.120 seconds
[2025-02-28T03:35:28.243+0000] {processor.py:186} INFO - Started process (PID=4593) to work on /home/airflow/.local/lib/python3.12/site-packages/airflow/example_dags/example_task_group.py
[2025-02-28T03:35:28.244+0000] {processor.py:914} INFO - Processing file /home/airflow/.local/lib/python3.12/site-packages/airflow/example_dags/example_task_group.py for tasks to queue
[2025-02-28T03:35:28.247+0000] {logging_mixin.py:190} INFO - [2025-02-28T03:35:28.246+0000] {dagbag.py:588} INFO - Filling up the DagBag from /home/airflow/.local/lib/python3.12/site-packages/airflow/example_dags/example_task_group.py
[2025-02-28T03:35:28.259+0000] {processor.py:925} INFO - DAG(s) 'example_task_group' retrieved from /home/airflow/.local/lib/python3.12/site-packages/airflow/example_dags/example_task_group.py
[2025-02-28T03:35:28.283+0000] {logging_mixin.py:190} INFO - [2025-02-28T03:35:28.283+0000] {dag.py:3239} INFO - Sync 1 DAGs
[2025-02-28T03:35:28.298+0000] {logging_mixin.py:190} INFO - [2025-02-28T03:35:28.298+0000] {dag.py:4180} INFO - Setting next_dagrun for example_task_group to None, run_after=None
[2025-02-28T03:35:28.315+0000] {processor.py:208} INFO - Processing /home/airflow/.local/lib/python3.12/site-packages/airflow/example_dags/example_task_group.py took 0.081 seconds
[2025-02-28T03:35:59.437+0000] {processor.py:186} INFO - Started process (PID=4896) to work on /home/airflow/.local/lib/python3.12/site-packages/airflow/example_dags/example_task_group.py
[2025-02-28T03:35:59.439+0000] {processor.py:914} INFO - Processing file /home/airflow/.local/lib/python3.12/site-packages/airflow/example_dags/example_task_group.py for tasks to queue
[2025-02-28T03:35:59.442+0000] {logging_mixin.py:190} INFO - [2025-02-28T03:35:59.442+0000] {dagbag.py:588} INFO - Filling up the DagBag from /home/airflow/.local/lib/python3.12/site-packages/airflow/example_dags/example_task_group.py
[2025-02-28T03:35:59.451+0000] {processor.py:925} INFO - DAG(s) 'example_task_group' retrieved from /home/airflow/.local/lib/python3.12/site-packages/airflow/example_dags/example_task_group.py
[2025-02-28T03:35:59.474+0000] {logging_mixin.py:190} INFO - [2025-02-28T03:35:59.474+0000] {dag.py:3239} INFO - Sync 1 DAGs
[2025-02-28T03:35:59.489+0000] {logging_mixin.py:190} INFO - [2025-02-28T03:35:59.488+0000] {dag.py:4180} INFO - Setting next_dagrun for example_task_group to None, run_after=None
[2025-02-28T03:35:59.505+0000] {processor.py:208} INFO - Processing /home/airflow/.local/lib/python3.12/site-packages/airflow/example_dags/example_task_group.py took 0.076 seconds
[2025-02-28T03:36:30.948+0000] {processor.py:186} INFO - Started process (PID=5195) to work on /home/airflow/.local/lib/python3.12/site-packages/airflow/example_dags/example_task_group.py
[2025-02-28T03:36:30.950+0000] {processor.py:914} INFO - Processing file /home/airflow/.local/lib/python3.12/site-packages/airflow/example_dags/example_task_group.py for tasks to queue
[2025-02-28T03:36:30.960+0000] {logging_mixin.py:190} INFO - [2025-02-28T03:36:30.958+0000] {dagbag.py:588} INFO - Filling up the DagBag from /home/airflow/.local/lib/python3.12/site-packages/airflow/example_dags/example_task_group.py
[2025-02-28T03:36:30.991+0000] {processor.py:925} INFO - DAG(s) 'example_task_group' retrieved from /home/airflow/.local/lib/python3.12/site-packages/airflow/example_dags/example_task_group.py
[2025-02-28T03:36:31.035+0000] {logging_mixin.py:190} INFO - [2025-02-28T03:36:31.035+0000] {dag.py:3239} INFO - Sync 1 DAGs
[2025-02-28T03:36:31.068+0000] {logging_mixin.py:190} INFO - [2025-02-28T03:36:31.068+0000] {dag.py:4180} INFO - Setting next_dagrun for example_task_group to None, run_after=None
[2025-02-28T03:36:31.122+0000] {processor.py:208} INFO - Processing /home/airflow/.local/lib/python3.12/site-packages/airflow/example_dags/example_task_group.py took 0.201 seconds
[2025-02-28T03:37:01.349+0000] {processor.py:186} INFO - Started process (PID=5496) to work on /home/airflow/.local/lib/python3.12/site-packages/airflow/example_dags/example_task_group.py
[2025-02-28T03:37:01.351+0000] {processor.py:914} INFO - Processing file /home/airflow/.local/lib/python3.12/site-packages/airflow/example_dags/example_task_group.py for tasks to queue
[2025-02-28T03:37:01.354+0000] {logging_mixin.py:190} INFO - [2025-02-28T03:37:01.353+0000] {dagbag.py:588} INFO - Filling up the DagBag from /home/airflow/.local/lib/python3.12/site-packages/airflow/example_dags/example_task_group.py
[2025-02-28T03:37:01.368+0000] {processor.py:925} INFO - DAG(s) 'example_task_group' retrieved from /home/airflow/.local/lib/python3.12/site-packages/airflow/example_dags/example_task_group.py
[2025-02-28T03:37:01.399+0000] {logging_mixin.py:190} INFO - [2025-02-28T03:37:01.399+0000] {dag.py:3239} INFO - Sync 1 DAGs
[2025-02-28T03:37:01.421+0000] {logging_mixin.py:190} INFO - [2025-02-28T03:37:01.421+0000] {dag.py:4180} INFO - Setting next_dagrun for example_task_group to None, run_after=None
[2025-02-28T03:37:01.444+0000] {processor.py:208} INFO - Processing /home/airflow/.local/lib/python3.12/site-packages/airflow/example_dags/example_task_group.py took 0.104 seconds
