[2025-02-28T03:28:21.520+0000] {processor.py:186} INFO - Started process (PID=428) to work on /home/airflow/.local/lib/python3.12/site-packages/airflow/example_dags/example_branch_operator.py
[2025-02-28T03:28:21.523+0000] {processor.py:914} INFO - Processing file /home/airflow/.local/lib/python3.12/site-packages/airflow/example_dags/example_branch_operator.py for tasks to queue
[2025-02-28T03:28:21.530+0000] {logging_mixin.py:190} INFO - [2025-02-28T03:28:21.529+0000] {dagbag.py:588} INFO - Filling up the DagBag from /home/airflow/.local/lib/python3.12/site-packages/airflow/example_dags/example_branch_operator.py
[2025-02-28T03:28:21.595+0000] {processor.py:925} INFO - DAG(s) 'example_branch_operator' retrieved from /home/airflow/.local/lib/python3.12/site-packages/airflow/example_dags/example_branch_operator.py
[2025-02-28T03:28:22.223+0000] {logging_mixin.py:190} INFO - [2025-02-28T03:28:22.223+0000] {dag.py:3239} INFO - Sync 1 DAGs
[2025-02-28T03:28:22.284+0000] {logging_mixin.py:190} INFO - [2025-02-28T03:28:22.283+0000] {dag.py:4180} INFO - Setting next_dagrun for example_branch_operator to 2025-02-27 00:00:00+00:00, run_after=2025-02-28 00:00:00+00:00
[2025-02-28T03:28:22.315+0000] {processor.py:208} INFO - Processing /home/airflow/.local/lib/python3.12/site-packages/airflow/example_dags/example_branch_operator.py took 0.810 seconds
[2025-02-28T03:28:52.510+0000] {processor.py:186} INFO - Started process (PID=729) to work on /home/airflow/.local/lib/python3.12/site-packages/airflow/example_dags/example_branch_operator.py
[2025-02-28T03:28:52.513+0000] {processor.py:914} INFO - Processing file /home/airflow/.local/lib/python3.12/site-packages/airflow/example_dags/example_branch_operator.py for tasks to queue
[2025-02-28T03:28:52.519+0000] {logging_mixin.py:190} INFO - [2025-02-28T03:28:52.518+0000] {dagbag.py:588} INFO - Filling up the DagBag from /home/airflow/.local/lib/python3.12/site-packages/airflow/example_dags/example_branch_operator.py
[2025-02-28T03:28:52.579+0000] {processor.py:925} INFO - DAG(s) 'example_branch_operator' retrieved from /home/airflow/.local/lib/python3.12/site-packages/airflow/example_dags/example_branch_operator.py
[2025-02-28T03:28:52.669+0000] {logging_mixin.py:190} INFO - [2025-02-28T03:28:52.668+0000] {dag.py:3239} INFO - Sync 1 DAGs
[2025-02-28T03:28:52.729+0000] {logging_mixin.py:190} INFO - [2025-02-28T03:28:52.729+0000] {dag.py:4180} INFO - Setting next_dagrun for example_branch_operator to 2025-02-27 00:00:00+00:00, run_after=2025-02-28 00:00:00+00:00
[2025-02-28T03:28:52.771+0000] {processor.py:208} INFO - Processing /home/airflow/.local/lib/python3.12/site-packages/airflow/example_dags/example_branch_operator.py took 0.282 seconds
[2025-02-28T03:29:24.077+0000] {processor.py:186} INFO - Started process (PID=1030) to work on /home/airflow/.local/lib/python3.12/site-packages/airflow/example_dags/example_branch_operator.py
[2025-02-28T03:29:24.083+0000] {processor.py:914} INFO - Processing file /home/airflow/.local/lib/python3.12/site-packages/airflow/example_dags/example_branch_operator.py for tasks to queue
[2025-02-28T03:29:24.092+0000] {logging_mixin.py:190} INFO - [2025-02-28T03:29:24.091+0000] {dagbag.py:588} INFO - Filling up the DagBag from /home/airflow/.local/lib/python3.12/site-packages/airflow/example_dags/example_branch_operator.py
[2025-02-28T03:29:24.186+0000] {processor.py:925} INFO - DAG(s) 'example_branch_operator' retrieved from /home/airflow/.local/lib/python3.12/site-packages/airflow/example_dags/example_branch_operator.py
[2025-02-28T03:29:24.272+0000] {logging_mixin.py:190} INFO - [2025-02-28T03:29:24.272+0000] {dag.py:3239} INFO - Sync 1 DAGs
[2025-02-28T03:29:24.369+0000] {logging_mixin.py:190} INFO - [2025-02-28T03:29:24.369+0000] {dag.py:4180} INFO - Setting next_dagrun for example_branch_operator to 2025-02-27 00:00:00+00:00, run_after=2025-02-28 00:00:00+00:00
[2025-02-28T03:29:24.424+0000] {processor.py:208} INFO - Processing /home/airflow/.local/lib/python3.12/site-packages/airflow/example_dags/example_branch_operator.py took 0.381 seconds
[2025-02-28T03:29:55.340+0000] {processor.py:186} INFO - Started process (PID=1331) to work on /home/airflow/.local/lib/python3.12/site-packages/airflow/example_dags/example_branch_operator.py
[2025-02-28T03:29:55.344+0000] {processor.py:914} INFO - Processing file /home/airflow/.local/lib/python3.12/site-packages/airflow/example_dags/example_branch_operator.py for tasks to queue
[2025-02-28T03:29:55.349+0000] {logging_mixin.py:190} INFO - [2025-02-28T03:29:55.348+0000] {dagbag.py:588} INFO - Filling up the DagBag from /home/airflow/.local/lib/python3.12/site-packages/airflow/example_dags/example_branch_operator.py
[2025-02-28T03:29:55.405+0000] {processor.py:925} INFO - DAG(s) 'example_branch_operator' retrieved from /home/airflow/.local/lib/python3.12/site-packages/airflow/example_dags/example_branch_operator.py
[2025-02-28T03:29:55.512+0000] {logging_mixin.py:190} INFO - [2025-02-28T03:29:55.512+0000] {dag.py:3239} INFO - Sync 1 DAGs
[2025-02-28T03:29:55.603+0000] {logging_mixin.py:190} INFO - [2025-02-28T03:29:55.603+0000] {dag.py:4180} INFO - Setting next_dagrun for example_branch_operator to 2025-02-27 00:00:00+00:00, run_after=2025-02-28 00:00:00+00:00
[2025-02-28T03:29:55.648+0000] {processor.py:208} INFO - Processing /home/airflow/.local/lib/python3.12/site-packages/airflow/example_dags/example_branch_operator.py took 0.334 seconds
[2025-02-28T03:30:26.346+0000] {processor.py:186} INFO - Started process (PID=1634) to work on /home/airflow/.local/lib/python3.12/site-packages/airflow/example_dags/example_branch_operator.py
[2025-02-28T03:30:26.350+0000] {processor.py:914} INFO - Processing file /home/airflow/.local/lib/python3.12/site-packages/airflow/example_dags/example_branch_operator.py for tasks to queue
[2025-02-28T03:30:26.353+0000] {logging_mixin.py:190} INFO - [2025-02-28T03:30:26.353+0000] {dagbag.py:588} INFO - Filling up the DagBag from /home/airflow/.local/lib/python3.12/site-packages/airflow/example_dags/example_branch_operator.py
[2025-02-28T03:30:26.410+0000] {processor.py:925} INFO - DAG(s) 'example_branch_operator' retrieved from /home/airflow/.local/lib/python3.12/site-packages/airflow/example_dags/example_branch_operator.py
[2025-02-28T03:30:26.468+0000] {logging_mixin.py:190} INFO - [2025-02-28T03:30:26.467+0000] {dag.py:3239} INFO - Sync 1 DAGs
[2025-02-28T03:30:26.514+0000] {logging_mixin.py:190} INFO - [2025-02-28T03:30:26.513+0000] {dag.py:4180} INFO - Setting next_dagrun for example_branch_operator to 2025-02-27 00:00:00+00:00, run_after=2025-02-28 00:00:00+00:00
[2025-02-28T03:30:26.566+0000] {processor.py:208} INFO - Processing /home/airflow/.local/lib/python3.12/site-packages/airflow/example_dags/example_branch_operator.py took 0.237 seconds
[2025-02-28T03:30:56.882+0000] {processor.py:186} INFO - Started process (PID=1931) to work on /home/airflow/.local/lib/python3.12/site-packages/airflow/example_dags/example_branch_operator.py
[2025-02-28T03:30:56.884+0000] {processor.py:914} INFO - Processing file /home/airflow/.local/lib/python3.12/site-packages/airflow/example_dags/example_branch_operator.py for tasks to queue
[2025-02-28T03:30:56.888+0000] {logging_mixin.py:190} INFO - [2025-02-28T03:30:56.887+0000] {dagbag.py:588} INFO - Filling up the DagBag from /home/airflow/.local/lib/python3.12/site-packages/airflow/example_dags/example_branch_operator.py
[2025-02-28T03:30:56.915+0000] {processor.py:925} INFO - DAG(s) 'example_branch_operator' retrieved from /home/airflow/.local/lib/python3.12/site-packages/airflow/example_dags/example_branch_operator.py
[2025-02-28T03:30:56.960+0000] {logging_mixin.py:190} INFO - [2025-02-28T03:30:56.960+0000] {dag.py:3239} INFO - Sync 1 DAGs
[2025-02-28T03:30:56.996+0000] {logging_mixin.py:190} INFO - [2025-02-28T03:30:56.996+0000] {dag.py:4180} INFO - Setting next_dagrun for example_branch_operator to 2025-02-27 00:00:00+00:00, run_after=2025-02-28 00:00:00+00:00
[2025-02-28T03:30:57.019+0000] {processor.py:208} INFO - Processing /home/airflow/.local/lib/python3.12/site-packages/airflow/example_dags/example_branch_operator.py took 0.146 seconds
[2025-02-28T03:31:27.266+0000] {processor.py:186} INFO - Started process (PID=2230) to work on /home/airflow/.local/lib/python3.12/site-packages/airflow/example_dags/example_branch_operator.py
[2025-02-28T03:31:27.269+0000] {processor.py:914} INFO - Processing file /home/airflow/.local/lib/python3.12/site-packages/airflow/example_dags/example_branch_operator.py for tasks to queue
[2025-02-28T03:31:27.276+0000] {logging_mixin.py:190} INFO - [2025-02-28T03:31:27.276+0000] {dagbag.py:588} INFO - Filling up the DagBag from /home/airflow/.local/lib/python3.12/site-packages/airflow/example_dags/example_branch_operator.py
[2025-02-28T03:31:27.340+0000] {processor.py:925} INFO - DAG(s) 'example_branch_operator' retrieved from /home/airflow/.local/lib/python3.12/site-packages/airflow/example_dags/example_branch_operator.py
[2025-02-28T03:31:27.442+0000] {logging_mixin.py:190} INFO - [2025-02-28T03:31:27.442+0000] {dag.py:3239} INFO - Sync 1 DAGs
[2025-02-28T03:31:27.511+0000] {logging_mixin.py:190} INFO - [2025-02-28T03:31:27.511+0000] {dag.py:4180} INFO - Setting next_dagrun for example_branch_operator to 2025-02-27 00:00:00+00:00, run_after=2025-02-28 00:00:00+00:00
[2025-02-28T03:31:27.572+0000] {processor.py:208} INFO - Processing /home/airflow/.local/lib/python3.12/site-packages/airflow/example_dags/example_branch_operator.py took 0.329 seconds
[2025-02-28T03:31:58.368+0000] {processor.py:186} INFO - Started process (PID=2531) to work on /home/airflow/.local/lib/python3.12/site-packages/airflow/example_dags/example_branch_operator.py
[2025-02-28T03:31:58.370+0000] {processor.py:914} INFO - Processing file /home/airflow/.local/lib/python3.12/site-packages/airflow/example_dags/example_branch_operator.py for tasks to queue
[2025-02-28T03:31:58.383+0000] {logging_mixin.py:190} INFO - [2025-02-28T03:31:58.383+0000] {dagbag.py:588} INFO - Filling up the DagBag from /home/airflow/.local/lib/python3.12/site-packages/airflow/example_dags/example_branch_operator.py
[2025-02-28T03:31:58.445+0000] {processor.py:925} INFO - DAG(s) 'example_branch_operator' retrieved from /home/airflow/.local/lib/python3.12/site-packages/airflow/example_dags/example_branch_operator.py
[2025-02-28T03:31:58.517+0000] {logging_mixin.py:190} INFO - [2025-02-28T03:31:58.516+0000] {dag.py:3239} INFO - Sync 1 DAGs
[2025-02-28T03:31:58.607+0000] {logging_mixin.py:190} INFO - [2025-02-28T03:31:58.607+0000] {dag.py:4180} INFO - Setting next_dagrun for example_branch_operator to 2025-02-27 00:00:00+00:00, run_after=2025-02-28 00:00:00+00:00
[2025-02-28T03:31:58.660+0000] {processor.py:208} INFO - Processing /home/airflow/.local/lib/python3.12/site-packages/airflow/example_dags/example_branch_operator.py took 0.317 seconds
[2025-02-28T03:32:28.918+0000] {processor.py:186} INFO - Started process (PID=2826) to work on /home/airflow/.local/lib/python3.12/site-packages/airflow/example_dags/example_branch_operator.py
[2025-02-28T03:32:28.922+0000] {processor.py:914} INFO - Processing file /home/airflow/.local/lib/python3.12/site-packages/airflow/example_dags/example_branch_operator.py for tasks to queue
[2025-02-28T03:32:28.929+0000] {logging_mixin.py:190} INFO - [2025-02-28T03:32:28.928+0000] {dagbag.py:588} INFO - Filling up the DagBag from /home/airflow/.local/lib/python3.12/site-packages/airflow/example_dags/example_branch_operator.py
[2025-02-28T03:32:28.992+0000] {processor.py:925} INFO - DAG(s) 'example_branch_operator' retrieved from /home/airflow/.local/lib/python3.12/site-packages/airflow/example_dags/example_branch_operator.py
[2025-02-28T03:32:29.058+0000] {logging_mixin.py:190} INFO - [2025-02-28T03:32:29.057+0000] {dag.py:3239} INFO - Sync 1 DAGs
[2025-02-28T03:32:29.141+0000] {logging_mixin.py:190} INFO - [2025-02-28T03:32:29.141+0000] {dag.py:4180} INFO - Setting next_dagrun for example_branch_operator to 2025-02-27 00:00:00+00:00, run_after=2025-02-28 00:00:00+00:00
[2025-02-28T03:32:29.214+0000] {processor.py:208} INFO - Processing /home/airflow/.local/lib/python3.12/site-packages/airflow/example_dags/example_branch_operator.py took 0.328 seconds
[2025-02-28T03:32:59.865+0000] {processor.py:186} INFO - Started process (PID=3129) to work on /home/airflow/.local/lib/python3.12/site-packages/airflow/example_dags/example_branch_operator.py
[2025-02-28T03:32:59.866+0000] {processor.py:914} INFO - Processing file /home/airflow/.local/lib/python3.12/site-packages/airflow/example_dags/example_branch_operator.py for tasks to queue
[2025-02-28T03:32:59.869+0000] {logging_mixin.py:190} INFO - [2025-02-28T03:32:59.869+0000] {dagbag.py:588} INFO - Filling up the DagBag from /home/airflow/.local/lib/python3.12/site-packages/airflow/example_dags/example_branch_operator.py
[2025-02-28T03:32:59.902+0000] {processor.py:925} INFO - DAG(s) 'example_branch_operator' retrieved from /home/airflow/.local/lib/python3.12/site-packages/airflow/example_dags/example_branch_operator.py
[2025-02-28T03:32:59.946+0000] {logging_mixin.py:190} INFO - [2025-02-28T03:32:59.946+0000] {dag.py:3239} INFO - Sync 1 DAGs
[2025-02-28T03:32:59.982+0000] {logging_mixin.py:190} INFO - [2025-02-28T03:32:59.982+0000] {dag.py:4180} INFO - Setting next_dagrun for example_branch_operator to 2025-02-27 00:00:00+00:00, run_after=2025-02-28 00:00:00+00:00
[2025-02-28T03:33:00.004+0000] {processor.py:208} INFO - Processing /home/airflow/.local/lib/python3.12/site-packages/airflow/example_dags/example_branch_operator.py took 0.148 seconds
[2025-02-28T03:33:30.393+0000] {processor.py:186} INFO - Started process (PID=3428) to work on /home/airflow/.local/lib/python3.12/site-packages/airflow/example_dags/example_branch_operator.py
[2025-02-28T03:33:30.398+0000] {processor.py:914} INFO - Processing file /home/airflow/.local/lib/python3.12/site-packages/airflow/example_dags/example_branch_operator.py for tasks to queue
[2025-02-28T03:33:30.404+0000] {logging_mixin.py:190} INFO - [2025-02-28T03:33:30.401+0000] {dagbag.py:588} INFO - Filling up the DagBag from /home/airflow/.local/lib/python3.12/site-packages/airflow/example_dags/example_branch_operator.py
[2025-02-28T03:33:30.461+0000] {processor.py:925} INFO - DAG(s) 'example_branch_operator' retrieved from /home/airflow/.local/lib/python3.12/site-packages/airflow/example_dags/example_branch_operator.py
[2025-02-28T03:33:30.554+0000] {logging_mixin.py:190} INFO - [2025-02-28T03:33:30.553+0000] {dag.py:3239} INFO - Sync 1 DAGs
[2025-02-28T03:33:30.633+0000] {logging_mixin.py:190} INFO - [2025-02-28T03:33:30.632+0000] {dag.py:4180} INFO - Setting next_dagrun for example_branch_operator to 2025-02-27 00:00:00+00:00, run_after=2025-02-28 00:00:00+00:00
[2025-02-28T03:33:30.694+0000] {processor.py:208} INFO - Processing /home/airflow/.local/lib/python3.12/site-packages/airflow/example_dags/example_branch_operator.py took 0.315 seconds
[2025-02-28T03:34:01.183+0000] {processor.py:186} INFO - Started process (PID=3728) to work on /home/airflow/.local/lib/python3.12/site-packages/airflow/example_dags/example_branch_operator.py
[2025-02-28T03:34:01.184+0000] {processor.py:914} INFO - Processing file /home/airflow/.local/lib/python3.12/site-packages/airflow/example_dags/example_branch_operator.py for tasks to queue
[2025-02-28T03:34:01.188+0000] {logging_mixin.py:190} INFO - [2025-02-28T03:34:01.188+0000] {dagbag.py:588} INFO - Filling up the DagBag from /home/airflow/.local/lib/python3.12/site-packages/airflow/example_dags/example_branch_operator.py
[2025-02-28T03:34:01.217+0000] {processor.py:925} INFO - DAG(s) 'example_branch_operator' retrieved from /home/airflow/.local/lib/python3.12/site-packages/airflow/example_dags/example_branch_operator.py
[2025-02-28T03:34:01.262+0000] {logging_mixin.py:190} INFO - [2025-02-28T03:34:01.262+0000] {dag.py:3239} INFO - Sync 1 DAGs
[2025-02-28T03:34:01.296+0000] {logging_mixin.py:190} INFO - [2025-02-28T03:34:01.296+0000] {dag.py:4180} INFO - Setting next_dagrun for example_branch_operator to 2025-02-27 00:00:00+00:00, run_after=2025-02-28 00:00:00+00:00
[2025-02-28T03:34:01.321+0000] {processor.py:208} INFO - Processing /home/airflow/.local/lib/python3.12/site-packages/airflow/example_dags/example_branch_operator.py took 0.147 seconds
[2025-02-28T03:34:32.261+0000] {processor.py:186} INFO - Started process (PID=4031) to work on /home/airflow/.local/lib/python3.12/site-packages/airflow/example_dags/example_branch_operator.py
[2025-02-28T03:34:32.264+0000] {processor.py:914} INFO - Processing file /home/airflow/.local/lib/python3.12/site-packages/airflow/example_dags/example_branch_operator.py for tasks to queue
[2025-02-28T03:34:32.269+0000] {logging_mixin.py:190} INFO - [2025-02-28T03:34:32.269+0000] {dagbag.py:588} INFO - Filling up the DagBag from /home/airflow/.local/lib/python3.12/site-packages/airflow/example_dags/example_branch_operator.py
[2025-02-28T03:34:32.335+0000] {processor.py:925} INFO - DAG(s) 'example_branch_operator' retrieved from /home/airflow/.local/lib/python3.12/site-packages/airflow/example_dags/example_branch_operator.py
[2025-02-28T03:34:32.425+0000] {logging_mixin.py:190} INFO - [2025-02-28T03:34:32.425+0000] {dag.py:3239} INFO - Sync 1 DAGs
[2025-02-28T03:34:32.524+0000] {logging_mixin.py:190} INFO - [2025-02-28T03:34:32.524+0000] {dag.py:4180} INFO - Setting next_dagrun for example_branch_operator to 2025-02-27 00:00:00+00:00, run_after=2025-02-28 00:00:00+00:00
[2025-02-28T03:34:32.575+0000] {processor.py:208} INFO - Processing /home/airflow/.local/lib/python3.12/site-packages/airflow/example_dags/example_branch_operator.py took 0.329 seconds
[2025-02-28T03:35:03.160+0000] {processor.py:186} INFO - Started process (PID=4333) to work on /home/airflow/.local/lib/python3.12/site-packages/airflow/example_dags/example_branch_operator.py
[2025-02-28T03:35:03.168+0000] {processor.py:914} INFO - Processing file /home/airflow/.local/lib/python3.12/site-packages/airflow/example_dags/example_branch_operator.py for tasks to queue
[2025-02-28T03:35:03.177+0000] {logging_mixin.py:190} INFO - [2025-02-28T03:35:03.177+0000] {dagbag.py:588} INFO - Filling up the DagBag from /home/airflow/.local/lib/python3.12/site-packages/airflow/example_dags/example_branch_operator.py
[2025-02-28T03:35:03.314+0000] {processor.py:925} INFO - DAG(s) 'example_branch_operator' retrieved from /home/airflow/.local/lib/python3.12/site-packages/airflow/example_dags/example_branch_operator.py
[2025-02-28T03:35:03.478+0000] {logging_mixin.py:190} INFO - [2025-02-28T03:35:03.476+0000] {dag.py:3239} INFO - Sync 1 DAGs
[2025-02-28T03:35:03.611+0000] {logging_mixin.py:190} INFO - [2025-02-28T03:35:03.611+0000] {dag.py:4180} INFO - Setting next_dagrun for example_branch_operator to 2025-02-27 00:00:00+00:00, run_after=2025-02-28 00:00:00+00:00
[2025-02-28T03:35:03.697+0000] {processor.py:208} INFO - Processing /home/airflow/.local/lib/python3.12/site-packages/airflow/example_dags/example_branch_operator.py took 0.583 seconds
[2025-02-28T03:35:33.879+0000] {processor.py:186} INFO - Started process (PID=4633) to work on /home/airflow/.local/lib/python3.12/site-packages/airflow/example_dags/example_branch_operator.py
[2025-02-28T03:35:33.881+0000] {processor.py:914} INFO - Processing file /home/airflow/.local/lib/python3.12/site-packages/airflow/example_dags/example_branch_operator.py for tasks to queue
[2025-02-28T03:35:33.884+0000] {logging_mixin.py:190} INFO - [2025-02-28T03:35:33.883+0000] {dagbag.py:588} INFO - Filling up the DagBag from /home/airflow/.local/lib/python3.12/site-packages/airflow/example_dags/example_branch_operator.py
[2025-02-28T03:35:33.920+0000] {processor.py:925} INFO - DAG(s) 'example_branch_operator' retrieved from /home/airflow/.local/lib/python3.12/site-packages/airflow/example_dags/example_branch_operator.py
[2025-02-28T03:35:33.975+0000] {logging_mixin.py:190} INFO - [2025-02-28T03:35:33.974+0000] {dag.py:3239} INFO - Sync 1 DAGs
[2025-02-28T03:35:34.015+0000] {logging_mixin.py:190} INFO - [2025-02-28T03:35:34.014+0000] {dag.py:4180} INFO - Setting next_dagrun for example_branch_operator to 2025-02-27 00:00:00+00:00, run_after=2025-02-28 00:00:00+00:00
[2025-02-28T03:35:34.037+0000] {processor.py:208} INFO - Processing /home/airflow/.local/lib/python3.12/site-packages/airflow/example_dags/example_branch_operator.py took 0.168 seconds
[2025-02-28T03:36:04.742+0000] {processor.py:186} INFO - Started process (PID=4934) to work on /home/airflow/.local/lib/python3.12/site-packages/airflow/example_dags/example_branch_operator.py
[2025-02-28T03:36:04.745+0000] {processor.py:914} INFO - Processing file /home/airflow/.local/lib/python3.12/site-packages/airflow/example_dags/example_branch_operator.py for tasks to queue
[2025-02-28T03:36:04.749+0000] {logging_mixin.py:190} INFO - [2025-02-28T03:36:04.749+0000] {dagbag.py:588} INFO - Filling up the DagBag from /home/airflow/.local/lib/python3.12/site-packages/airflow/example_dags/example_branch_operator.py
[2025-02-28T03:36:04.782+0000] {processor.py:925} INFO - DAG(s) 'example_branch_operator' retrieved from /home/airflow/.local/lib/python3.12/site-packages/airflow/example_dags/example_branch_operator.py
[2025-02-28T03:36:04.835+0000] {logging_mixin.py:190} INFO - [2025-02-28T03:36:04.835+0000] {dag.py:3239} INFO - Sync 1 DAGs
[2025-02-28T03:36:04.873+0000] {logging_mixin.py:190} INFO - [2025-02-28T03:36:04.873+0000] {dag.py:4180} INFO - Setting next_dagrun for example_branch_operator to 2025-02-27 00:00:00+00:00, run_after=2025-02-28 00:00:00+00:00
[2025-02-28T03:36:04.898+0000] {processor.py:208} INFO - Processing /home/airflow/.local/lib/python3.12/site-packages/airflow/example_dags/example_branch_operator.py took 0.168 seconds
[2025-02-28T03:36:35.756+0000] {processor.py:186} INFO - Started process (PID=5235) to work on /home/airflow/.local/lib/python3.12/site-packages/airflow/example_dags/example_branch_operator.py
[2025-02-28T03:36:35.757+0000] {processor.py:914} INFO - Processing file /home/airflow/.local/lib/python3.12/site-packages/airflow/example_dags/example_branch_operator.py for tasks to queue
[2025-02-28T03:36:35.772+0000] {logging_mixin.py:190} INFO - [2025-02-28T03:36:35.772+0000] {dagbag.py:588} INFO - Filling up the DagBag from /home/airflow/.local/lib/python3.12/site-packages/airflow/example_dags/example_branch_operator.py
[2025-02-28T03:36:35.846+0000] {processor.py:925} INFO - DAG(s) 'example_branch_operator' retrieved from /home/airflow/.local/lib/python3.12/site-packages/airflow/example_dags/example_branch_operator.py
[2025-02-28T03:36:35.916+0000] {logging_mixin.py:190} INFO - [2025-02-28T03:36:35.915+0000] {dag.py:3239} INFO - Sync 1 DAGs
[2025-02-28T03:36:36.005+0000] {logging_mixin.py:190} INFO - [2025-02-28T03:36:36.004+0000] {dag.py:4180} INFO - Setting next_dagrun for example_branch_operator to 2025-02-27 00:00:00+00:00, run_after=2025-02-28 00:00:00+00:00
[2025-02-28T03:36:36.082+0000] {processor.py:208} INFO - Processing /home/airflow/.local/lib/python3.12/site-packages/airflow/example_dags/example_branch_operator.py took 0.367 seconds
[2025-02-28T03:37:06.999+0000] {processor.py:186} INFO - Started process (PID=5538) to work on /home/airflow/.local/lib/python3.12/site-packages/airflow/example_dags/example_branch_operator.py
[2025-02-28T03:37:07.001+0000] {processor.py:914} INFO - Processing file /home/airflow/.local/lib/python3.12/site-packages/airflow/example_dags/example_branch_operator.py for tasks to queue
[2025-02-28T03:37:07.007+0000] {logging_mixin.py:190} INFO - [2025-02-28T03:37:07.006+0000] {dagbag.py:588} INFO - Filling up the DagBag from /home/airflow/.local/lib/python3.12/site-packages/airflow/example_dags/example_branch_operator.py
[2025-02-28T03:37:07.046+0000] {processor.py:925} INFO - DAG(s) 'example_branch_operator' retrieved from /home/airflow/.local/lib/python3.12/site-packages/airflow/example_dags/example_branch_operator.py
[2025-02-28T03:37:07.118+0000] {logging_mixin.py:190} INFO - [2025-02-28T03:37:07.118+0000] {dag.py:3239} INFO - Sync 1 DAGs
[2025-02-28T03:37:07.193+0000] {logging_mixin.py:190} INFO - [2025-02-28T03:37:07.193+0000] {dag.py:4180} INFO - Setting next_dagrun for example_branch_operator to 2025-02-27 00:00:00+00:00, run_after=2025-02-28 00:00:00+00:00
[2025-02-28T03:37:07.235+0000] {processor.py:208} INFO - Processing /home/airflow/.local/lib/python3.12/site-packages/airflow/example_dags/example_branch_operator.py took 0.250 seconds
