[2025-02-28T03:28:06.210+0000] {processor.py:186} INFO - Started process (PID=268) to work on /home/airflow/.local/lib/python3.12/site-packages/airflow/example_dags/example_latest_only_with_trigger.py
[2025-02-28T03:28:06.239+0000] {processor.py:914} INFO - Processing file /home/airflow/.local/lib/python3.12/site-packages/airflow/example_dags/example_latest_only_with_trigger.py for tasks to queue
[2025-02-28T03:28:06.291+0000] {logging_mixin.py:190} INFO - [2025-02-28T03:28:06.290+0000] {dagbag.py:588} INFO - Filling up the DagBag from /home/airflow/.local/lib/python3.12/site-packages/airflow/example_dags/example_latest_only_with_trigger.py
[2025-02-28T03:28:06.506+0000] {processor.py:925} INFO - DAG(s) 'latest_only_with_trigger' retrieved from /home/airflow/.local/lib/python3.12/site-packages/airflow/example_dags/example_latest_only_with_trigger.py
[2025-02-28T03:28:06.904+0000] {logging_mixin.py:190} INFO - [2025-02-28T03:28:06.903+0000] {dag.py:3239} INFO - Sync 1 DAGs
[2025-02-28T03:28:07.630+0000] {logging_mixin.py:190} INFO - [2025-02-28T03:28:07.630+0000] {dag.py:4180} INFO - Setting next_dagrun for latest_only_with_trigger to 2025-02-27 20:00:00+00:00, run_after=2025-02-28 00:00:00+00:00
[2025-02-28T03:28:08.293+0000] {processor.py:208} INFO - Processing /home/airflow/.local/lib/python3.12/site-packages/airflow/example_dags/example_latest_only_with_trigger.py took 2.242 seconds
[2025-02-28T03:28:38.792+0000] {processor.py:186} INFO - Started process (PID=570) to work on /home/airflow/.local/lib/python3.12/site-packages/airflow/example_dags/example_latest_only_with_trigger.py
[2025-02-28T03:28:38.794+0000] {processor.py:914} INFO - Processing file /home/airflow/.local/lib/python3.12/site-packages/airflow/example_dags/example_latest_only_with_trigger.py for tasks to queue
[2025-02-28T03:28:38.797+0000] {logging_mixin.py:190} INFO - [2025-02-28T03:28:38.797+0000] {dagbag.py:588} INFO - Filling up the DagBag from /home/airflow/.local/lib/python3.12/site-packages/airflow/example_dags/example_latest_only_with_trigger.py
[2025-02-28T03:28:38.810+0000] {processor.py:925} INFO - DAG(s) 'latest_only_with_trigger' retrieved from /home/airflow/.local/lib/python3.12/site-packages/airflow/example_dags/example_latest_only_with_trigger.py
[2025-02-28T03:28:38.852+0000] {logging_mixin.py:190} INFO - [2025-02-28T03:28:38.851+0000] {dag.py:3239} INFO - Sync 1 DAGs
[2025-02-28T03:28:38.890+0000] {logging_mixin.py:190} INFO - [2025-02-28T03:28:38.890+0000] {dag.py:4180} INFO - Setting next_dagrun for latest_only_with_trigger to 2025-02-27 20:00:00+00:00, run_after=2025-02-28 00:00:00+00:00
[2025-02-28T03:28:38.934+0000] {processor.py:208} INFO - Processing /home/airflow/.local/lib/python3.12/site-packages/airflow/example_dags/example_latest_only_with_trigger.py took 0.150 seconds
[2025-02-28T03:29:09.474+0000] {processor.py:186} INFO - Started process (PID=871) to work on /home/airflow/.local/lib/python3.12/site-packages/airflow/example_dags/example_latest_only_with_trigger.py
[2025-02-28T03:29:09.476+0000] {processor.py:914} INFO - Processing file /home/airflow/.local/lib/python3.12/site-packages/airflow/example_dags/example_latest_only_with_trigger.py for tasks to queue
[2025-02-28T03:29:09.480+0000] {logging_mixin.py:190} INFO - [2025-02-28T03:29:09.479+0000] {dagbag.py:588} INFO - Filling up the DagBag from /home/airflow/.local/lib/python3.12/site-packages/airflow/example_dags/example_latest_only_with_trigger.py
[2025-02-28T03:29:09.492+0000] {processor.py:925} INFO - DAG(s) 'latest_only_with_trigger' retrieved from /home/airflow/.local/lib/python3.12/site-packages/airflow/example_dags/example_latest_only_with_trigger.py
[2025-02-28T03:29:09.525+0000] {logging_mixin.py:190} INFO - [2025-02-28T03:29:09.524+0000] {dag.py:3239} INFO - Sync 1 DAGs
[2025-02-28T03:29:09.560+0000] {logging_mixin.py:190} INFO - [2025-02-28T03:29:09.560+0000] {dag.py:4180} INFO - Setting next_dagrun for latest_only_with_trigger to 2025-02-27 20:00:00+00:00, run_after=2025-02-28 00:00:00+00:00
[2025-02-28T03:29:09.583+0000] {processor.py:208} INFO - Processing /home/airflow/.local/lib/python3.12/site-packages/airflow/example_dags/example_latest_only_with_trigger.py took 0.120 seconds
[2025-02-28T03:29:40.250+0000] {processor.py:186} INFO - Started process (PID=1172) to work on /home/airflow/.local/lib/python3.12/site-packages/airflow/example_dags/example_latest_only_with_trigger.py
[2025-02-28T03:29:40.252+0000] {processor.py:914} INFO - Processing file /home/airflow/.local/lib/python3.12/site-packages/airflow/example_dags/example_latest_only_with_trigger.py for tasks to queue
[2025-02-28T03:29:40.255+0000] {logging_mixin.py:190} INFO - [2025-02-28T03:29:40.255+0000] {dagbag.py:588} INFO - Filling up the DagBag from /home/airflow/.local/lib/python3.12/site-packages/airflow/example_dags/example_latest_only_with_trigger.py
[2025-02-28T03:29:40.275+0000] {processor.py:925} INFO - DAG(s) 'latest_only_with_trigger' retrieved from /home/airflow/.local/lib/python3.12/site-packages/airflow/example_dags/example_latest_only_with_trigger.py
[2025-02-28T03:29:40.304+0000] {logging_mixin.py:190} INFO - [2025-02-28T03:29:40.304+0000] {dag.py:3239} INFO - Sync 1 DAGs
[2025-02-28T03:29:40.343+0000] {logging_mixin.py:190} INFO - [2025-02-28T03:29:40.342+0000] {dag.py:4180} INFO - Setting next_dagrun for latest_only_with_trigger to 2025-02-27 20:00:00+00:00, run_after=2025-02-28 00:00:00+00:00
[2025-02-28T03:29:40.368+0000] {processor.py:208} INFO - Processing /home/airflow/.local/lib/python3.12/site-packages/airflow/example_dags/example_latest_only_with_trigger.py took 0.129 seconds
[2025-02-28T03:30:10.616+0000] {processor.py:186} INFO - Started process (PID=1476) to work on /home/airflow/.local/lib/python3.12/site-packages/airflow/example_dags/example_latest_only_with_trigger.py
[2025-02-28T03:30:10.619+0000] {processor.py:914} INFO - Processing file /home/airflow/.local/lib/python3.12/site-packages/airflow/example_dags/example_latest_only_with_trigger.py for tasks to queue
[2025-02-28T03:30:10.626+0000] {logging_mixin.py:190} INFO - [2025-02-28T03:30:10.625+0000] {dagbag.py:588} INFO - Filling up the DagBag from /home/airflow/.local/lib/python3.12/site-packages/airflow/example_dags/example_latest_only_with_trigger.py
[2025-02-28T03:30:10.646+0000] {processor.py:925} INFO - DAG(s) 'latest_only_with_trigger' retrieved from /home/airflow/.local/lib/python3.12/site-packages/airflow/example_dags/example_latest_only_with_trigger.py
[2025-02-28T03:30:10.711+0000] {logging_mixin.py:190} INFO - [2025-02-28T03:30:10.711+0000] {dag.py:3239} INFO - Sync 1 DAGs
[2025-02-28T03:30:10.782+0000] {logging_mixin.py:190} INFO - [2025-02-28T03:30:10.782+0000] {dag.py:4180} INFO - Setting next_dagrun for latest_only_with_trigger to 2025-02-27 20:00:00+00:00, run_after=2025-02-28 00:00:00+00:00
[2025-02-28T03:30:10.816+0000] {processor.py:208} INFO - Processing /home/airflow/.local/lib/python3.12/site-packages/airflow/example_dags/example_latest_only_with_trigger.py took 0.209 seconds
[2025-02-28T03:30:41.793+0000] {processor.py:186} INFO - Started process (PID=1776) to work on /home/airflow/.local/lib/python3.12/site-packages/airflow/example_dags/example_latest_only_with_trigger.py
[2025-02-28T03:30:41.795+0000] {processor.py:914} INFO - Processing file /home/airflow/.local/lib/python3.12/site-packages/airflow/example_dags/example_latest_only_with_trigger.py for tasks to queue
[2025-02-28T03:30:41.798+0000] {logging_mixin.py:190} INFO - [2025-02-28T03:30:41.798+0000] {dagbag.py:588} INFO - Filling up the DagBag from /home/airflow/.local/lib/python3.12/site-packages/airflow/example_dags/example_latest_only_with_trigger.py
[2025-02-28T03:30:41.809+0000] {processor.py:925} INFO - DAG(s) 'latest_only_with_trigger' retrieved from /home/airflow/.local/lib/python3.12/site-packages/airflow/example_dags/example_latest_only_with_trigger.py
[2025-02-28T03:30:41.839+0000] {logging_mixin.py:190} INFO - [2025-02-28T03:30:41.839+0000] {dag.py:3239} INFO - Sync 1 DAGs
[2025-02-28T03:30:41.877+0000] {logging_mixin.py:190} INFO - [2025-02-28T03:30:41.877+0000] {dag.py:4180} INFO - Setting next_dagrun for latest_only_with_trigger to 2025-02-27 20:00:00+00:00, run_after=2025-02-28 00:00:00+00:00
[2025-02-28T03:30:41.903+0000] {processor.py:208} INFO - Processing /home/airflow/.local/lib/python3.12/site-packages/airflow/example_dags/example_latest_only_with_trigger.py took 0.119 seconds
[2025-02-28T03:31:13.870+0000] {processor.py:186} INFO - Started process (PID=2079) to work on /home/airflow/.local/lib/python3.12/site-packages/airflow/example_dags/example_latest_only_with_trigger.py
[2025-02-28T03:31:13.878+0000] {processor.py:914} INFO - Processing file /home/airflow/.local/lib/python3.12/site-packages/airflow/example_dags/example_latest_only_with_trigger.py for tasks to queue
[2025-02-28T03:31:13.887+0000] {logging_mixin.py:190} INFO - [2025-02-28T03:31:13.886+0000] {dagbag.py:588} INFO - Filling up the DagBag from /home/airflow/.local/lib/python3.12/site-packages/airflow/example_dags/example_latest_only_with_trigger.py
[2025-02-28T03:31:13.925+0000] {processor.py:925} INFO - DAG(s) 'latest_only_with_trigger' retrieved from /home/airflow/.local/lib/python3.12/site-packages/airflow/example_dags/example_latest_only_with_trigger.py
[2025-02-28T03:31:13.981+0000] {logging_mixin.py:190} INFO - [2025-02-28T03:31:13.980+0000] {dag.py:3239} INFO - Sync 1 DAGs
[2025-02-28T03:31:14.023+0000] {logging_mixin.py:190} INFO - [2025-02-28T03:31:14.022+0000] {dag.py:4180} INFO - Setting next_dagrun for latest_only_with_trigger to 2025-02-27 20:00:00+00:00, run_after=2025-02-28 00:00:00+00:00
[2025-02-28T03:31:14.047+0000] {processor.py:208} INFO - Processing /home/airflow/.local/lib/python3.12/site-packages/airflow/example_dags/example_latest_only_with_trigger.py took 0.210 seconds
[2025-02-28T03:31:46.450+0000] {processor.py:186} INFO - Started process (PID=2382) to work on /home/airflow/.local/lib/python3.12/site-packages/airflow/example_dags/example_latest_only_with_trigger.py
[2025-02-28T03:31:46.452+0000] {processor.py:914} INFO - Processing file /home/airflow/.local/lib/python3.12/site-packages/airflow/example_dags/example_latest_only_with_trigger.py for tasks to queue
[2025-02-28T03:31:46.455+0000] {logging_mixin.py:190} INFO - [2025-02-28T03:31:46.455+0000] {dagbag.py:588} INFO - Filling up the DagBag from /home/airflow/.local/lib/python3.12/site-packages/airflow/example_dags/example_latest_only_with_trigger.py
[2025-02-28T03:31:46.468+0000] {processor.py:925} INFO - DAG(s) 'latest_only_with_trigger' retrieved from /home/airflow/.local/lib/python3.12/site-packages/airflow/example_dags/example_latest_only_with_trigger.py
[2025-02-28T03:31:46.500+0000] {logging_mixin.py:190} INFO - [2025-02-28T03:31:46.499+0000] {dag.py:3239} INFO - Sync 1 DAGs
[2025-02-28T03:31:46.539+0000] {logging_mixin.py:190} INFO - [2025-02-28T03:31:46.539+0000] {dag.py:4180} INFO - Setting next_dagrun for latest_only_with_trigger to 2025-02-27 20:00:00+00:00, run_after=2025-02-28 00:00:00+00:00
[2025-02-28T03:31:46.566+0000] {processor.py:208} INFO - Processing /home/airflow/.local/lib/python3.12/site-packages/airflow/example_dags/example_latest_only_with_trigger.py took 0.126 seconds
[2025-02-28T03:32:17.919+0000] {processor.py:186} INFO - Started process (PID=2686) to work on /home/airflow/.local/lib/python3.12/site-packages/airflow/example_dags/example_latest_only_with_trigger.py
[2025-02-28T03:32:17.921+0000] {processor.py:914} INFO - Processing file /home/airflow/.local/lib/python3.12/site-packages/airflow/example_dags/example_latest_only_with_trigger.py for tasks to queue
[2025-02-28T03:32:17.932+0000] {logging_mixin.py:190} INFO - [2025-02-28T03:32:17.931+0000] {dagbag.py:588} INFO - Filling up the DagBag from /home/airflow/.local/lib/python3.12/site-packages/airflow/example_dags/example_latest_only_with_trigger.py
[2025-02-28T03:32:17.955+0000] {processor.py:925} INFO - DAG(s) 'latest_only_with_trigger' retrieved from /home/airflow/.local/lib/python3.12/site-packages/airflow/example_dags/example_latest_only_with_trigger.py
[2025-02-28T03:32:18.013+0000] {logging_mixin.py:190} INFO - [2025-02-28T03:32:18.012+0000] {dag.py:3239} INFO - Sync 1 DAGs
[2025-02-28T03:32:18.090+0000] {logging_mixin.py:190} INFO - [2025-02-28T03:32:18.090+0000] {dag.py:4180} INFO - Setting next_dagrun for latest_only_with_trigger to 2025-02-27 20:00:00+00:00, run_after=2025-02-28 00:00:00+00:00
[2025-02-28T03:32:18.144+0000] {processor.py:208} INFO - Processing /home/airflow/.local/lib/python3.12/site-packages/airflow/example_dags/example_latest_only_with_trigger.py took 0.249 seconds
[2025-02-28T03:32:48.345+0000] {processor.py:186} INFO - Started process (PID=2984) to work on /home/airflow/.local/lib/python3.12/site-packages/airflow/example_dags/example_latest_only_with_trigger.py
[2025-02-28T03:32:48.347+0000] {processor.py:914} INFO - Processing file /home/airflow/.local/lib/python3.12/site-packages/airflow/example_dags/example_latest_only_with_trigger.py for tasks to queue
[2025-02-28T03:32:48.350+0000] {logging_mixin.py:190} INFO - [2025-02-28T03:32:48.349+0000] {dagbag.py:588} INFO - Filling up the DagBag from /home/airflow/.local/lib/python3.12/site-packages/airflow/example_dags/example_latest_only_with_trigger.py
[2025-02-28T03:32:48.361+0000] {processor.py:925} INFO - DAG(s) 'latest_only_with_trigger' retrieved from /home/airflow/.local/lib/python3.12/site-packages/airflow/example_dags/example_latest_only_with_trigger.py
[2025-02-28T03:32:48.392+0000] {logging_mixin.py:190} INFO - [2025-02-28T03:32:48.391+0000] {dag.py:3239} INFO - Sync 1 DAGs
[2025-02-28T03:32:48.427+0000] {logging_mixin.py:190} INFO - [2025-02-28T03:32:48.426+0000] {dag.py:4180} INFO - Setting next_dagrun for latest_only_with_trigger to 2025-02-27 20:00:00+00:00, run_after=2025-02-28 00:00:00+00:00
[2025-02-28T03:32:48.450+0000] {processor.py:208} INFO - Processing /home/airflow/.local/lib/python3.12/site-packages/airflow/example_dags/example_latest_only_with_trigger.py took 0.113 seconds
[2025-02-28T03:33:19.768+0000] {processor.py:186} INFO - Started process (PID=3285) to work on /home/airflow/.local/lib/python3.12/site-packages/airflow/example_dags/example_latest_only_with_trigger.py
[2025-02-28T03:33:19.770+0000] {processor.py:914} INFO - Processing file /home/airflow/.local/lib/python3.12/site-packages/airflow/example_dags/example_latest_only_with_trigger.py for tasks to queue
[2025-02-28T03:33:19.774+0000] {logging_mixin.py:190} INFO - [2025-02-28T03:33:19.774+0000] {dagbag.py:588} INFO - Filling up the DagBag from /home/airflow/.local/lib/python3.12/site-packages/airflow/example_dags/example_latest_only_with_trigger.py
[2025-02-28T03:33:19.787+0000] {processor.py:925} INFO - DAG(s) 'latest_only_with_trigger' retrieved from /home/airflow/.local/lib/python3.12/site-packages/airflow/example_dags/example_latest_only_with_trigger.py
[2025-02-28T03:33:19.822+0000] {logging_mixin.py:190} INFO - [2025-02-28T03:33:19.821+0000] {dag.py:3239} INFO - Sync 1 DAGs
[2025-02-28T03:33:19.864+0000] {logging_mixin.py:190} INFO - [2025-02-28T03:33:19.864+0000] {dag.py:4180} INFO - Setting next_dagrun for latest_only_with_trigger to 2025-02-27 20:00:00+00:00, run_after=2025-02-28 00:00:00+00:00
[2025-02-28T03:33:19.896+0000] {processor.py:208} INFO - Processing /home/airflow/.local/lib/python3.12/site-packages/airflow/example_dags/example_latest_only_with_trigger.py took 0.141 seconds
[2025-02-28T03:33:50.149+0000] {processor.py:186} INFO - Started process (PID=3583) to work on /home/airflow/.local/lib/python3.12/site-packages/airflow/example_dags/example_latest_only_with_trigger.py
[2025-02-28T03:33:50.151+0000] {processor.py:914} INFO - Processing file /home/airflow/.local/lib/python3.12/site-packages/airflow/example_dags/example_latest_only_with_trigger.py for tasks to queue
[2025-02-28T03:33:50.154+0000] {logging_mixin.py:190} INFO - [2025-02-28T03:33:50.154+0000] {dagbag.py:588} INFO - Filling up the DagBag from /home/airflow/.local/lib/python3.12/site-packages/airflow/example_dags/example_latest_only_with_trigger.py
[2025-02-28T03:33:50.165+0000] {processor.py:925} INFO - DAG(s) 'latest_only_with_trigger' retrieved from /home/airflow/.local/lib/python3.12/site-packages/airflow/example_dags/example_latest_only_with_trigger.py
[2025-02-28T03:33:50.195+0000] {logging_mixin.py:190} INFO - [2025-02-28T03:33:50.194+0000] {dag.py:3239} INFO - Sync 1 DAGs
[2025-02-28T03:33:50.229+0000] {logging_mixin.py:190} INFO - [2025-02-28T03:33:50.229+0000] {dag.py:4180} INFO - Setting next_dagrun for latest_only_with_trigger to 2025-02-27 20:00:00+00:00, run_after=2025-02-28 00:00:00+00:00
[2025-02-28T03:33:50.253+0000] {processor.py:208} INFO - Processing /home/airflow/.local/lib/python3.12/site-packages/airflow/example_dags/example_latest_only_with_trigger.py took 0.113 seconds
[2025-02-28T03:34:21.002+0000] {processor.py:186} INFO - Started process (PID=3879) to work on /home/airflow/.local/lib/python3.12/site-packages/airflow/example_dags/example_latest_only_with_trigger.py
[2025-02-28T03:34:21.003+0000] {processor.py:914} INFO - Processing file /home/airflow/.local/lib/python3.12/site-packages/airflow/example_dags/example_latest_only_with_trigger.py for tasks to queue
[2025-02-28T03:34:21.010+0000] {logging_mixin.py:190} INFO - [2025-02-28T03:34:21.009+0000] {dagbag.py:588} INFO - Filling up the DagBag from /home/airflow/.local/lib/python3.12/site-packages/airflow/example_dags/example_latest_only_with_trigger.py
[2025-02-28T03:34:21.031+0000] {processor.py:925} INFO - DAG(s) 'latest_only_with_trigger' retrieved from /home/airflow/.local/lib/python3.12/site-packages/airflow/example_dags/example_latest_only_with_trigger.py
[2025-02-28T03:34:21.063+0000] {logging_mixin.py:190} INFO - [2025-02-28T03:34:21.063+0000] {dag.py:3239} INFO - Sync 1 DAGs
[2025-02-28T03:34:21.098+0000] {logging_mixin.py:190} INFO - [2025-02-28T03:34:21.098+0000] {dag.py:4180} INFO - Setting next_dagrun for latest_only_with_trigger to 2025-02-27 20:00:00+00:00, run_after=2025-02-28 00:00:00+00:00
[2025-02-28T03:34:21.140+0000] {processor.py:208} INFO - Processing /home/airflow/.local/lib/python3.12/site-packages/airflow/example_dags/example_latest_only_with_trigger.py took 0.160 seconds
[2025-02-28T03:34:52.027+0000] {processor.py:186} INFO - Started process (PID=4180) to work on /home/airflow/.local/lib/python3.12/site-packages/airflow/example_dags/example_latest_only_with_trigger.py
[2025-02-28T03:34:52.029+0000] {processor.py:914} INFO - Processing file /home/airflow/.local/lib/python3.12/site-packages/airflow/example_dags/example_latest_only_with_trigger.py for tasks to queue
[2025-02-28T03:34:52.032+0000] {logging_mixin.py:190} INFO - [2025-02-28T03:34:52.032+0000] {dagbag.py:588} INFO - Filling up the DagBag from /home/airflow/.local/lib/python3.12/site-packages/airflow/example_dags/example_latest_only_with_trigger.py
[2025-02-28T03:34:52.045+0000] {processor.py:925} INFO - DAG(s) 'latest_only_with_trigger' retrieved from /home/airflow/.local/lib/python3.12/site-packages/airflow/example_dags/example_latest_only_with_trigger.py
[2025-02-28T03:34:52.077+0000] {logging_mixin.py:190} INFO - [2025-02-28T03:34:52.077+0000] {dag.py:3239} INFO - Sync 1 DAGs
[2025-02-28T03:34:52.116+0000] {logging_mixin.py:190} INFO - [2025-02-28T03:34:52.115+0000] {dag.py:4180} INFO - Setting next_dagrun for latest_only_with_trigger to 2025-02-27 20:00:00+00:00, run_after=2025-02-28 00:00:00+00:00
[2025-02-28T03:34:52.153+0000] {processor.py:208} INFO - Processing /home/airflow/.local/lib/python3.12/site-packages/airflow/example_dags/example_latest_only_with_trigger.py took 0.136 seconds
[2025-02-28T03:35:22.546+0000] {processor.py:186} INFO - Started process (PID=4485) to work on /home/airflow/.local/lib/python3.12/site-packages/airflow/example_dags/example_latest_only_with_trigger.py
[2025-02-28T03:35:22.547+0000] {processor.py:914} INFO - Processing file /home/airflow/.local/lib/python3.12/site-packages/airflow/example_dags/example_latest_only_with_trigger.py for tasks to queue
[2025-02-28T03:35:22.550+0000] {logging_mixin.py:190} INFO - [2025-02-28T03:35:22.550+0000] {dagbag.py:588} INFO - Filling up the DagBag from /home/airflow/.local/lib/python3.12/site-packages/airflow/example_dags/example_latest_only_with_trigger.py
[2025-02-28T03:35:22.562+0000] {processor.py:925} INFO - DAG(s) 'latest_only_with_trigger' retrieved from /home/airflow/.local/lib/python3.12/site-packages/airflow/example_dags/example_latest_only_with_trigger.py
[2025-02-28T03:35:22.595+0000] {logging_mixin.py:190} INFO - [2025-02-28T03:35:22.594+0000] {dag.py:3239} INFO - Sync 1 DAGs
[2025-02-28T03:35:22.635+0000] {logging_mixin.py:190} INFO - [2025-02-28T03:35:22.634+0000] {dag.py:4180} INFO - Setting next_dagrun for latest_only_with_trigger to 2025-02-27 20:00:00+00:00, run_after=2025-02-28 00:00:00+00:00
[2025-02-28T03:35:22.681+0000] {processor.py:208} INFO - Processing /home/airflow/.local/lib/python3.12/site-packages/airflow/example_dags/example_latest_only_with_trigger.py took 0.145 seconds
[2025-02-28T03:35:53.482+0000] {processor.py:186} INFO - Started process (PID=4779) to work on /home/airflow/.local/lib/python3.12/site-packages/airflow/example_dags/example_latest_only_with_trigger.py
[2025-02-28T03:35:53.484+0000] {processor.py:914} INFO - Processing file /home/airflow/.local/lib/python3.12/site-packages/airflow/example_dags/example_latest_only_with_trigger.py for tasks to queue
[2025-02-28T03:35:53.487+0000] {logging_mixin.py:190} INFO - [2025-02-28T03:35:53.487+0000] {dagbag.py:588} INFO - Filling up the DagBag from /home/airflow/.local/lib/python3.12/site-packages/airflow/example_dags/example_latest_only_with_trigger.py
[2025-02-28T03:35:53.498+0000] {processor.py:925} INFO - DAG(s) 'latest_only_with_trigger' retrieved from /home/airflow/.local/lib/python3.12/site-packages/airflow/example_dags/example_latest_only_with_trigger.py
[2025-02-28T03:35:53.528+0000] {logging_mixin.py:190} INFO - [2025-02-28T03:35:53.527+0000] {dag.py:3239} INFO - Sync 1 DAGs
[2025-02-28T03:35:53.563+0000] {logging_mixin.py:190} INFO - [2025-02-28T03:35:53.563+0000] {dag.py:4180} INFO - Setting next_dagrun for latest_only_with_trigger to 2025-02-27 20:00:00+00:00, run_after=2025-02-28 00:00:00+00:00
[2025-02-28T03:35:53.586+0000] {processor.py:208} INFO - Processing /home/airflow/.local/lib/python3.12/site-packages/airflow/example_dags/example_latest_only_with_trigger.py took 0.113 seconds
[2025-02-28T03:36:24.541+0000] {processor.py:186} INFO - Started process (PID=5080) to work on /home/airflow/.local/lib/python3.12/site-packages/airflow/example_dags/example_latest_only_with_trigger.py
[2025-02-28T03:36:24.543+0000] {processor.py:914} INFO - Processing file /home/airflow/.local/lib/python3.12/site-packages/airflow/example_dags/example_latest_only_with_trigger.py for tasks to queue
[2025-02-28T03:36:24.550+0000] {logging_mixin.py:190} INFO - [2025-02-28T03:36:24.549+0000] {dagbag.py:588} INFO - Filling up the DagBag from /home/airflow/.local/lib/python3.12/site-packages/airflow/example_dags/example_latest_only_with_trigger.py
[2025-02-28T03:36:24.583+0000] {processor.py:925} INFO - DAG(s) 'latest_only_with_trigger' retrieved from /home/airflow/.local/lib/python3.12/site-packages/airflow/example_dags/example_latest_only_with_trigger.py
[2025-02-28T03:36:24.649+0000] {logging_mixin.py:190} INFO - [2025-02-28T03:36:24.649+0000] {dag.py:3239} INFO - Sync 1 DAGs
[2025-02-28T03:36:24.736+0000] {logging_mixin.py:190} INFO - [2025-02-28T03:36:24.735+0000] {dag.py:4180} INFO - Setting next_dagrun for latest_only_with_trigger to 2025-02-27 20:00:00+00:00, run_after=2025-02-28 00:00:00+00:00
[2025-02-28T03:36:24.797+0000] {processor.py:208} INFO - Processing /home/airflow/.local/lib/python3.12/site-packages/airflow/example_dags/example_latest_only_with_trigger.py took 0.271 seconds
[2025-02-28T03:36:55.663+0000] {processor.py:186} INFO - Started process (PID=5381) to work on /home/airflow/.local/lib/python3.12/site-packages/airflow/example_dags/example_latest_only_with_trigger.py
[2025-02-28T03:36:55.667+0000] {processor.py:914} INFO - Processing file /home/airflow/.local/lib/python3.12/site-packages/airflow/example_dags/example_latest_only_with_trigger.py for tasks to queue
[2025-02-28T03:36:55.676+0000] {logging_mixin.py:190} INFO - [2025-02-28T03:36:55.676+0000] {dagbag.py:588} INFO - Filling up the DagBag from /home/airflow/.local/lib/python3.12/site-packages/airflow/example_dags/example_latest_only_with_trigger.py
[2025-02-28T03:36:55.705+0000] {processor.py:925} INFO - DAG(s) 'latest_only_with_trigger' retrieved from /home/airflow/.local/lib/python3.12/site-packages/airflow/example_dags/example_latest_only_with_trigger.py
[2025-02-28T03:36:55.769+0000] {logging_mixin.py:190} INFO - [2025-02-28T03:36:55.769+0000] {dag.py:3239} INFO - Sync 1 DAGs
[2025-02-28T03:36:55.838+0000] {logging_mixin.py:190} INFO - [2025-02-28T03:36:55.838+0000] {dag.py:4180} INFO - Setting next_dagrun for latest_only_with_trigger to 2025-02-27 20:00:00+00:00, run_after=2025-02-28 00:00:00+00:00
[2025-02-28T03:36:55.899+0000] {processor.py:208} INFO - Processing /home/airflow/.local/lib/python3.12/site-packages/airflow/example_dags/example_latest_only_with_trigger.py took 0.272 seconds
[2025-02-28T03:37:26.836+0000] {processor.py:186} INFO - Started process (PID=5682) to work on /home/airflow/.local/lib/python3.12/site-packages/airflow/example_dags/example_latest_only_with_trigger.py
[2025-02-28T03:37:26.839+0000] {processor.py:914} INFO - Processing file /home/airflow/.local/lib/python3.12/site-packages/airflow/example_dags/example_latest_only_with_trigger.py for tasks to queue
[2025-02-28T03:37:26.843+0000] {logging_mixin.py:190} INFO - [2025-02-28T03:37:26.842+0000] {dagbag.py:588} INFO - Filling up the DagBag from /home/airflow/.local/lib/python3.12/site-packages/airflow/example_dags/example_latest_only_with_trigger.py
[2025-02-28T03:37:26.854+0000] {processor.py:925} INFO - DAG(s) 'latest_only_with_trigger' retrieved from /home/airflow/.local/lib/python3.12/site-packages/airflow/example_dags/example_latest_only_with_trigger.py
[2025-02-28T03:37:26.885+0000] {logging_mixin.py:190} INFO - [2025-02-28T03:37:26.884+0000] {dag.py:3239} INFO - Sync 1 DAGs
[2025-02-28T03:37:26.920+0000] {logging_mixin.py:190} INFO - [2025-02-28T03:37:26.920+0000] {dag.py:4180} INFO - Setting next_dagrun for latest_only_with_trigger to 2025-02-27 20:00:00+00:00, run_after=2025-02-28 00:00:00+00:00
[2025-02-28T03:37:26.958+0000] {processor.py:208} INFO - Processing /home/airflow/.local/lib/python3.12/site-packages/airflow/example_dags/example_latest_only_with_trigger.py took 0.131 seconds
