[2025-02-28T03:28:23.120+0000] {processor.py:186} INFO - Started process (PID=450) to work on /home/airflow/.local/lib/python3.12/site-packages/airflow/example_dags/example_xcom.py
[2025-02-28T03:28:23.123+0000] {processor.py:914} INFO - Processing file /home/airflow/.local/lib/python3.12/site-packages/airflow/example_dags/example_xcom.py for tasks to queue
[2025-02-28T03:28:23.128+0000] {logging_mixin.py:190} INFO - [2025-02-28T03:28:23.127+0000] {dagbag.py:588} INFO - Filling up the DagBag from /home/airflow/.local/lib/python3.12/site-packages/airflow/example_dags/example_xcom.py
[2025-02-28T03:28:23.143+0000] {processor.py:925} INFO - DAG(s) 'example_xcom' retrieved from /home/airflow/.local/lib/python3.12/site-packages/airflow/example_dags/example_xcom.py
[2025-02-28T03:28:23.183+0000] {logging_mixin.py:190} INFO - [2025-02-28T03:28:23.183+0000] {dag.py:3239} INFO - Sync 1 DAGs
[2025-02-28T03:28:23.220+0000] {logging_mixin.py:190} INFO - [2025-02-28T03:28:23.219+0000] {dag.py:4180} INFO - Setting next_dagrun for example_xcom to 2021-01-01 00:00:00+00:00, run_after=2021-01-01 00:00:00+00:00
[2025-02-28T03:28:23.243+0000] {processor.py:208} INFO - Processing /home/airflow/.local/lib/python3.12/site-packages/airflow/example_dags/example_xcom.py took 0.145 seconds
[2025-02-28T03:28:54.230+0000] {processor.py:186} INFO - Started process (PID=749) to work on /home/airflow/.local/lib/python3.12/site-packages/airflow/example_dags/example_xcom.py
[2025-02-28T03:28:54.235+0000] {processor.py:914} INFO - Processing file /home/airflow/.local/lib/python3.12/site-packages/airflow/example_dags/example_xcom.py for tasks to queue
[2025-02-28T03:28:54.243+0000] {logging_mixin.py:190} INFO - [2025-02-28T03:28:54.243+0000] {dagbag.py:588} INFO - Filling up the DagBag from /home/airflow/.local/lib/python3.12/site-packages/airflow/example_dags/example_xcom.py
[2025-02-28T03:28:54.279+0000] {processor.py:925} INFO - DAG(s) 'example_xcom' retrieved from /home/airflow/.local/lib/python3.12/site-packages/airflow/example_dags/example_xcom.py
[2025-02-28T03:28:54.333+0000] {logging_mixin.py:190} INFO - [2025-02-28T03:28:54.333+0000] {dag.py:3239} INFO - Sync 1 DAGs
[2025-02-28T03:28:54.453+0000] {logging_mixin.py:190} INFO - [2025-02-28T03:28:54.452+0000] {dag.py:4180} INFO - Setting next_dagrun for example_xcom to 2021-01-01 00:00:00+00:00, run_after=2021-01-01 00:00:00+00:00
[2025-02-28T03:28:54.536+0000] {processor.py:208} INFO - Processing /home/airflow/.local/lib/python3.12/site-packages/airflow/example_dags/example_xcom.py took 0.323 seconds
[2025-02-28T03:29:24.735+0000] {processor.py:186} INFO - Started process (PID=1050) to work on /home/airflow/.local/lib/python3.12/site-packages/airflow/example_dags/example_xcom.py
[2025-02-28T03:29:24.738+0000] {processor.py:914} INFO - Processing file /home/airflow/.local/lib/python3.12/site-packages/airflow/example_dags/example_xcom.py for tasks to queue
[2025-02-28T03:29:24.746+0000] {logging_mixin.py:190} INFO - [2025-02-28T03:29:24.744+0000] {dagbag.py:588} INFO - Filling up the DagBag from /home/airflow/.local/lib/python3.12/site-packages/airflow/example_dags/example_xcom.py
[2025-02-28T03:29:24.781+0000] {processor.py:925} INFO - DAG(s) 'example_xcom' retrieved from /home/airflow/.local/lib/python3.12/site-packages/airflow/example_dags/example_xcom.py
[2025-02-28T03:29:24.864+0000] {logging_mixin.py:190} INFO - [2025-02-28T03:29:24.864+0000] {dag.py:3239} INFO - Sync 1 DAGs
[2025-02-28T03:29:24.976+0000] {logging_mixin.py:190} INFO - [2025-02-28T03:29:24.975+0000] {dag.py:4180} INFO - Setting next_dagrun for example_xcom to 2021-01-01 00:00:00+00:00, run_after=2021-01-01 00:00:00+00:00
[2025-02-28T03:29:25.037+0000] {processor.py:208} INFO - Processing /home/airflow/.local/lib/python3.12/site-packages/airflow/example_dags/example_xcom.py took 0.311 seconds
[2025-02-28T03:29:56.238+0000] {processor.py:186} INFO - Started process (PID=1351) to work on /home/airflow/.local/lib/python3.12/site-packages/airflow/example_dags/example_xcom.py
[2025-02-28T03:29:56.242+0000] {processor.py:914} INFO - Processing file /home/airflow/.local/lib/python3.12/site-packages/airflow/example_dags/example_xcom.py for tasks to queue
[2025-02-28T03:29:56.250+0000] {logging_mixin.py:190} INFO - [2025-02-28T03:29:56.250+0000] {dagbag.py:588} INFO - Filling up the DagBag from /home/airflow/.local/lib/python3.12/site-packages/airflow/example_dags/example_xcom.py
[2025-02-28T03:29:56.276+0000] {processor.py:925} INFO - DAG(s) 'example_xcom' retrieved from /home/airflow/.local/lib/python3.12/site-packages/airflow/example_dags/example_xcom.py
[2025-02-28T03:29:56.321+0000] {logging_mixin.py:190} INFO - [2025-02-28T03:29:56.320+0000] {dag.py:3239} INFO - Sync 1 DAGs
[2025-02-28T03:29:56.356+0000] {logging_mixin.py:190} INFO - [2025-02-28T03:29:56.356+0000] {dag.py:4180} INFO - Setting next_dagrun for example_xcom to 2021-01-01 00:00:00+00:00, run_after=2021-01-01 00:00:00+00:00
[2025-02-28T03:29:56.379+0000] {processor.py:208} INFO - Processing /home/airflow/.local/lib/python3.12/site-packages/airflow/example_dags/example_xcom.py took 0.160 seconds
[2025-02-28T03:30:27.768+0000] {processor.py:186} INFO - Started process (PID=1654) to work on /home/airflow/.local/lib/python3.12/site-packages/airflow/example_dags/example_xcom.py
[2025-02-28T03:30:27.773+0000] {processor.py:914} INFO - Processing file /home/airflow/.local/lib/python3.12/site-packages/airflow/example_dags/example_xcom.py for tasks to queue
[2025-02-28T03:30:27.780+0000] {logging_mixin.py:190} INFO - [2025-02-28T03:30:27.779+0000] {dagbag.py:588} INFO - Filling up the DagBag from /home/airflow/.local/lib/python3.12/site-packages/airflow/example_dags/example_xcom.py
[2025-02-28T03:30:27.798+0000] {processor.py:925} INFO - DAG(s) 'example_xcom' retrieved from /home/airflow/.local/lib/python3.12/site-packages/airflow/example_dags/example_xcom.py
[2025-02-28T03:30:27.832+0000] {logging_mixin.py:190} INFO - [2025-02-28T03:30:27.832+0000] {dag.py:3239} INFO - Sync 1 DAGs
[2025-02-28T03:30:27.870+0000] {logging_mixin.py:190} INFO - [2025-02-28T03:30:27.870+0000] {dag.py:4180} INFO - Setting next_dagrun for example_xcom to 2021-01-01 00:00:00+00:00, run_after=2021-01-01 00:00:00+00:00
[2025-02-28T03:30:27.918+0000] {processor.py:208} INFO - Processing /home/airflow/.local/lib/python3.12/site-packages/airflow/example_dags/example_xcom.py took 0.179 seconds
[2025-02-28T03:30:58.409+0000] {processor.py:186} INFO - Started process (PID=1949) to work on /home/airflow/.local/lib/python3.12/site-packages/airflow/example_dags/example_xcom.py
[2025-02-28T03:30:58.413+0000] {processor.py:914} INFO - Processing file /home/airflow/.local/lib/python3.12/site-packages/airflow/example_dags/example_xcom.py for tasks to queue
[2025-02-28T03:30:58.418+0000] {logging_mixin.py:190} INFO - [2025-02-28T03:30:58.418+0000] {dagbag.py:588} INFO - Filling up the DagBag from /home/airflow/.local/lib/python3.12/site-packages/airflow/example_dags/example_xcom.py
[2025-02-28T03:30:58.442+0000] {processor.py:925} INFO - DAG(s) 'example_xcom' retrieved from /home/airflow/.local/lib/python3.12/site-packages/airflow/example_dags/example_xcom.py
[2025-02-28T03:30:58.486+0000] {logging_mixin.py:190} INFO - [2025-02-28T03:30:58.486+0000] {dag.py:3239} INFO - Sync 1 DAGs
[2025-02-28T03:30:58.551+0000] {logging_mixin.py:190} INFO - [2025-02-28T03:30:58.551+0000] {dag.py:4180} INFO - Setting next_dagrun for example_xcom to 2021-01-01 00:00:00+00:00, run_after=2021-01-01 00:00:00+00:00
[2025-02-28T03:30:58.596+0000] {processor.py:208} INFO - Processing /home/airflow/.local/lib/python3.12/site-packages/airflow/example_dags/example_xcom.py took 0.202 seconds
[2025-02-28T03:31:28.944+0000] {processor.py:186} INFO - Started process (PID=2250) to work on /home/airflow/.local/lib/python3.12/site-packages/airflow/example_dags/example_xcom.py
[2025-02-28T03:31:28.947+0000] {processor.py:914} INFO - Processing file /home/airflow/.local/lib/python3.12/site-packages/airflow/example_dags/example_xcom.py for tasks to queue
[2025-02-28T03:31:28.955+0000] {logging_mixin.py:190} INFO - [2025-02-28T03:31:28.954+0000] {dagbag.py:588} INFO - Filling up the DagBag from /home/airflow/.local/lib/python3.12/site-packages/airflow/example_dags/example_xcom.py
[2025-02-28T03:31:28.997+0000] {processor.py:925} INFO - DAG(s) 'example_xcom' retrieved from /home/airflow/.local/lib/python3.12/site-packages/airflow/example_dags/example_xcom.py
[2025-02-28T03:31:29.037+0000] {logging_mixin.py:190} INFO - [2025-02-28T03:31:29.036+0000] {dag.py:3239} INFO - Sync 1 DAGs
[2025-02-28T03:31:29.073+0000] {logging_mixin.py:190} INFO - [2025-02-28T03:31:29.071+0000] {dag.py:4180} INFO - Setting next_dagrun for example_xcom to 2021-01-01 00:00:00+00:00, run_after=2021-01-01 00:00:00+00:00
[2025-02-28T03:31:29.114+0000] {processor.py:208} INFO - Processing /home/airflow/.local/lib/python3.12/site-packages/airflow/example_dags/example_xcom.py took 0.197 seconds
[2025-02-28T03:31:59.277+0000] {processor.py:186} INFO - Started process (PID=2551) to work on /home/airflow/.local/lib/python3.12/site-packages/airflow/example_dags/example_xcom.py
[2025-02-28T03:31:59.281+0000] {processor.py:914} INFO - Processing file /home/airflow/.local/lib/python3.12/site-packages/airflow/example_dags/example_xcom.py for tasks to queue
[2025-02-28T03:31:59.287+0000] {logging_mixin.py:190} INFO - [2025-02-28T03:31:59.285+0000] {dagbag.py:588} INFO - Filling up the DagBag from /home/airflow/.local/lib/python3.12/site-packages/airflow/example_dags/example_xcom.py
[2025-02-28T03:31:59.317+0000] {processor.py:925} INFO - DAG(s) 'example_xcom' retrieved from /home/airflow/.local/lib/python3.12/site-packages/airflow/example_dags/example_xcom.py
[2025-02-28T03:31:59.364+0000] {logging_mixin.py:190} INFO - [2025-02-28T03:31:59.363+0000] {dag.py:3239} INFO - Sync 1 DAGs
[2025-02-28T03:31:59.399+0000] {logging_mixin.py:190} INFO - [2025-02-28T03:31:59.399+0000] {dag.py:4180} INFO - Setting next_dagrun for example_xcom to 2021-01-01 00:00:00+00:00, run_after=2021-01-01 00:00:00+00:00
[2025-02-28T03:31:59.431+0000] {processor.py:208} INFO - Processing /home/airflow/.local/lib/python3.12/site-packages/airflow/example_dags/example_xcom.py took 0.171 seconds
[2025-02-28T03:32:30.585+0000] {processor.py:186} INFO - Started process (PID=2851) to work on /home/airflow/.local/lib/python3.12/site-packages/airflow/example_dags/example_xcom.py
[2025-02-28T03:32:30.589+0000] {processor.py:914} INFO - Processing file /home/airflow/.local/lib/python3.12/site-packages/airflow/example_dags/example_xcom.py for tasks to queue
[2025-02-28T03:32:30.597+0000] {logging_mixin.py:190} INFO - [2025-02-28T03:32:30.596+0000] {dagbag.py:588} INFO - Filling up the DagBag from /home/airflow/.local/lib/python3.12/site-packages/airflow/example_dags/example_xcom.py
[2025-02-28T03:32:30.651+0000] {processor.py:925} INFO - DAG(s) 'example_xcom' retrieved from /home/airflow/.local/lib/python3.12/site-packages/airflow/example_dags/example_xcom.py
[2025-02-28T03:32:30.731+0000] {logging_mixin.py:190} INFO - [2025-02-28T03:32:30.731+0000] {dag.py:3239} INFO - Sync 1 DAGs
[2025-02-28T03:32:30.798+0000] {logging_mixin.py:190} INFO - [2025-02-28T03:32:30.798+0000] {dag.py:4180} INFO - Setting next_dagrun for example_xcom to 2021-01-01 00:00:00+00:00, run_after=2021-01-01 00:00:00+00:00
[2025-02-28T03:32:30.865+0000] {processor.py:208} INFO - Processing /home/airflow/.local/lib/python3.12/site-packages/airflow/example_dags/example_xcom.py took 0.321 seconds
[2025-02-28T03:33:01.809+0000] {processor.py:186} INFO - Started process (PID=3152) to work on /home/airflow/.local/lib/python3.12/site-packages/airflow/example_dags/example_xcom.py
[2025-02-28T03:33:01.812+0000] {processor.py:914} INFO - Processing file /home/airflow/.local/lib/python3.12/site-packages/airflow/example_dags/example_xcom.py for tasks to queue
[2025-02-28T03:33:01.818+0000] {logging_mixin.py:190} INFO - [2025-02-28T03:33:01.818+0000] {dagbag.py:588} INFO - Filling up the DagBag from /home/airflow/.local/lib/python3.12/site-packages/airflow/example_dags/example_xcom.py
[2025-02-28T03:33:01.832+0000] {processor.py:925} INFO - DAG(s) 'example_xcom' retrieved from /home/airflow/.local/lib/python3.12/site-packages/airflow/example_dags/example_xcom.py
[2025-02-28T03:33:01.910+0000] {logging_mixin.py:190} INFO - [2025-02-28T03:33:01.909+0000] {dag.py:3239} INFO - Sync 1 DAGs
[2025-02-28T03:33:01.976+0000] {logging_mixin.py:190} INFO - [2025-02-28T03:33:01.976+0000] {dag.py:4180} INFO - Setting next_dagrun for example_xcom to 2021-01-01 00:00:00+00:00, run_after=2021-01-01 00:00:00+00:00
[2025-02-28T03:33:02.013+0000] {processor.py:208} INFO - Processing /home/airflow/.local/lib/python3.12/site-packages/airflow/example_dags/example_xcom.py took 0.218 seconds
[2025-02-28T03:33:32.118+0000] {processor.py:186} INFO - Started process (PID=3450) to work on /home/airflow/.local/lib/python3.12/site-packages/airflow/example_dags/example_xcom.py
[2025-02-28T03:33:32.121+0000] {processor.py:914} INFO - Processing file /home/airflow/.local/lib/python3.12/site-packages/airflow/example_dags/example_xcom.py for tasks to queue
[2025-02-28T03:33:32.128+0000] {logging_mixin.py:190} INFO - [2025-02-28T03:33:32.127+0000] {dagbag.py:588} INFO - Filling up the DagBag from /home/airflow/.local/lib/python3.12/site-packages/airflow/example_dags/example_xcom.py
[2025-02-28T03:33:32.142+0000] {processor.py:925} INFO - DAG(s) 'example_xcom' retrieved from /home/airflow/.local/lib/python3.12/site-packages/airflow/example_dags/example_xcom.py
[2025-02-28T03:33:32.172+0000] {logging_mixin.py:190} INFO - [2025-02-28T03:33:32.172+0000] {dag.py:3239} INFO - Sync 1 DAGs
[2025-02-28T03:33:32.210+0000] {logging_mixin.py:190} INFO - [2025-02-28T03:33:32.209+0000] {dag.py:4180} INFO - Setting next_dagrun for example_xcom to 2021-01-01 00:00:00+00:00, run_after=2021-01-01 00:00:00+00:00
[2025-02-28T03:33:32.236+0000] {processor.py:208} INFO - Processing /home/airflow/.local/lib/python3.12/site-packages/airflow/example_dags/example_xcom.py took 0.127 seconds
[2025-02-28T03:34:02.499+0000] {processor.py:186} INFO - Started process (PID=3748) to work on /home/airflow/.local/lib/python3.12/site-packages/airflow/example_dags/example_xcom.py
[2025-02-28T03:34:02.503+0000] {processor.py:914} INFO - Processing file /home/airflow/.local/lib/python3.12/site-packages/airflow/example_dags/example_xcom.py for tasks to queue
[2025-02-28T03:34:02.510+0000] {logging_mixin.py:190} INFO - [2025-02-28T03:34:02.509+0000] {dagbag.py:588} INFO - Filling up the DagBag from /home/airflow/.local/lib/python3.12/site-packages/airflow/example_dags/example_xcom.py
[2025-02-28T03:34:02.542+0000] {processor.py:925} INFO - DAG(s) 'example_xcom' retrieved from /home/airflow/.local/lib/python3.12/site-packages/airflow/example_dags/example_xcom.py
[2025-02-28T03:34:02.600+0000] {logging_mixin.py:190} INFO - [2025-02-28T03:34:02.600+0000] {dag.py:3239} INFO - Sync 1 DAGs
[2025-02-28T03:34:02.642+0000] {logging_mixin.py:190} INFO - [2025-02-28T03:34:02.641+0000] {dag.py:4180} INFO - Setting next_dagrun for example_xcom to 2021-01-01 00:00:00+00:00, run_after=2021-01-01 00:00:00+00:00
[2025-02-28T03:34:02.665+0000] {processor.py:208} INFO - Processing /home/airflow/.local/lib/python3.12/site-packages/airflow/example_dags/example_xcom.py took 0.184 seconds
[2025-02-28T03:34:32.898+0000] {processor.py:186} INFO - Started process (PID=4049) to work on /home/airflow/.local/lib/python3.12/site-packages/airflow/example_dags/example_xcom.py
[2025-02-28T03:34:32.904+0000] {processor.py:914} INFO - Processing file /home/airflow/.local/lib/python3.12/site-packages/airflow/example_dags/example_xcom.py for tasks to queue
[2025-02-28T03:34:32.907+0000] {logging_mixin.py:190} INFO - [2025-02-28T03:34:32.906+0000] {dagbag.py:588} INFO - Filling up the DagBag from /home/airflow/.local/lib/python3.12/site-packages/airflow/example_dags/example_xcom.py
[2025-02-28T03:34:32.929+0000] {processor.py:925} INFO - DAG(s) 'example_xcom' retrieved from /home/airflow/.local/lib/python3.12/site-packages/airflow/example_dags/example_xcom.py
[2025-02-28T03:34:32.970+0000] {logging_mixin.py:190} INFO - [2025-02-28T03:34:32.970+0000] {dag.py:3239} INFO - Sync 1 DAGs
[2025-02-28T03:34:33.044+0000] {logging_mixin.py:190} INFO - [2025-02-28T03:34:33.044+0000] {dag.py:4180} INFO - Setting next_dagrun for example_xcom to 2021-01-01 00:00:00+00:00, run_after=2021-01-01 00:00:00+00:00
[2025-02-28T03:34:33.070+0000] {processor.py:208} INFO - Processing /home/airflow/.local/lib/python3.12/site-packages/airflow/example_dags/example_xcom.py took 0.188 seconds
[2025-02-28T03:35:04.064+0000] {processor.py:186} INFO - Started process (PID=4353) to work on /home/airflow/.local/lib/python3.12/site-packages/airflow/example_dags/example_xcom.py
[2025-02-28T03:35:04.067+0000] {processor.py:914} INFO - Processing file /home/airflow/.local/lib/python3.12/site-packages/airflow/example_dags/example_xcom.py for tasks to queue
[2025-02-28T03:35:04.073+0000] {logging_mixin.py:190} INFO - [2025-02-28T03:35:04.073+0000] {dagbag.py:588} INFO - Filling up the DagBag from /home/airflow/.local/lib/python3.12/site-packages/airflow/example_dags/example_xcom.py
[2025-02-28T03:35:04.100+0000] {processor.py:925} INFO - DAG(s) 'example_xcom' retrieved from /home/airflow/.local/lib/python3.12/site-packages/airflow/example_dags/example_xcom.py
[2025-02-28T03:35:04.137+0000] {logging_mixin.py:190} INFO - [2025-02-28T03:35:04.136+0000] {dag.py:3239} INFO - Sync 1 DAGs
[2025-02-28T03:35:04.171+0000] {logging_mixin.py:190} INFO - [2025-02-28T03:35:04.171+0000] {dag.py:4180} INFO - Setting next_dagrun for example_xcom to 2021-01-01 00:00:00+00:00, run_after=2021-01-01 00:00:00+00:00
[2025-02-28T03:35:04.196+0000] {processor.py:208} INFO - Processing /home/airflow/.local/lib/python3.12/site-packages/airflow/example_dags/example_xcom.py took 0.154 seconds
[2025-02-28T03:35:34.278+0000] {processor.py:186} INFO - Started process (PID=4653) to work on /home/airflow/.local/lib/python3.12/site-packages/airflow/example_dags/example_xcom.py
[2025-02-28T03:35:34.279+0000] {processor.py:914} INFO - Processing file /home/airflow/.local/lib/python3.12/site-packages/airflow/example_dags/example_xcom.py for tasks to queue
[2025-02-28T03:35:34.282+0000] {logging_mixin.py:190} INFO - [2025-02-28T03:35:34.281+0000] {dagbag.py:588} INFO - Filling up the DagBag from /home/airflow/.local/lib/python3.12/site-packages/airflow/example_dags/example_xcom.py
[2025-02-28T03:35:34.296+0000] {processor.py:925} INFO - DAG(s) 'example_xcom' retrieved from /home/airflow/.local/lib/python3.12/site-packages/airflow/example_dags/example_xcom.py
[2025-02-28T03:35:34.325+0000] {logging_mixin.py:190} INFO - [2025-02-28T03:35:34.325+0000] {dag.py:3239} INFO - Sync 1 DAGs
[2025-02-28T03:35:34.360+0000] {logging_mixin.py:190} INFO - [2025-02-28T03:35:34.359+0000] {dag.py:4180} INFO - Setting next_dagrun for example_xcom to 2021-01-01 00:00:00+00:00, run_after=2021-01-01 00:00:00+00:00
[2025-02-28T03:35:34.377+0000] {processor.py:208} INFO - Processing /home/airflow/.local/lib/python3.12/site-packages/airflow/example_dags/example_xcom.py took 0.108 seconds
[2025-02-28T03:36:05.121+0000] {processor.py:186} INFO - Started process (PID=4954) to work on /home/airflow/.local/lib/python3.12/site-packages/airflow/example_dags/example_xcom.py
[2025-02-28T03:36:05.127+0000] {processor.py:914} INFO - Processing file /home/airflow/.local/lib/python3.12/site-packages/airflow/example_dags/example_xcom.py for tasks to queue
[2025-02-28T03:36:05.130+0000] {logging_mixin.py:190} INFO - [2025-02-28T03:36:05.130+0000] {dagbag.py:588} INFO - Filling up the DagBag from /home/airflow/.local/lib/python3.12/site-packages/airflow/example_dags/example_xcom.py
[2025-02-28T03:36:05.145+0000] {processor.py:925} INFO - DAG(s) 'example_xcom' retrieved from /home/airflow/.local/lib/python3.12/site-packages/airflow/example_dags/example_xcom.py
[2025-02-28T03:36:05.176+0000] {logging_mixin.py:190} INFO - [2025-02-28T03:36:05.176+0000] {dag.py:3239} INFO - Sync 1 DAGs
[2025-02-28T03:36:05.214+0000] {logging_mixin.py:190} INFO - [2025-02-28T03:36:05.213+0000] {dag.py:4180} INFO - Setting next_dagrun for example_xcom to 2021-01-01 00:00:00+00:00, run_after=2021-01-01 00:00:00+00:00
[2025-02-28T03:36:05.238+0000] {processor.py:208} INFO - Processing /home/airflow/.local/lib/python3.12/site-packages/airflow/example_dags/example_xcom.py took 0.128 seconds
[2025-02-28T03:36:36.446+0000] {processor.py:186} INFO - Started process (PID=5255) to work on /home/airflow/.local/lib/python3.12/site-packages/airflow/example_dags/example_xcom.py
[2025-02-28T03:36:36.450+0000] {processor.py:914} INFO - Processing file /home/airflow/.local/lib/python3.12/site-packages/airflow/example_dags/example_xcom.py for tasks to queue
[2025-02-28T03:36:36.458+0000] {logging_mixin.py:190} INFO - [2025-02-28T03:36:36.455+0000] {dagbag.py:588} INFO - Filling up the DagBag from /home/airflow/.local/lib/python3.12/site-packages/airflow/example_dags/example_xcom.py
[2025-02-28T03:36:36.489+0000] {processor.py:925} INFO - DAG(s) 'example_xcom' retrieved from /home/airflow/.local/lib/python3.12/site-packages/airflow/example_dags/example_xcom.py
[2025-02-28T03:36:36.529+0000] {logging_mixin.py:190} INFO - [2025-02-28T03:36:36.528+0000] {dag.py:3239} INFO - Sync 1 DAGs
[2025-02-28T03:36:36.593+0000] {logging_mixin.py:190} INFO - [2025-02-28T03:36:36.592+0000] {dag.py:4180} INFO - Setting next_dagrun for example_xcom to 2021-01-01 00:00:00+00:00, run_after=2021-01-01 00:00:00+00:00
[2025-02-28T03:36:36.652+0000] {processor.py:208} INFO - Processing /home/airflow/.local/lib/python3.12/site-packages/airflow/example_dags/example_xcom.py took 0.234 seconds
[2025-02-28T03:37:07.498+0000] {processor.py:186} INFO - Started process (PID=5556) to work on /home/airflow/.local/lib/python3.12/site-packages/airflow/example_dags/example_xcom.py
[2025-02-28T03:37:07.501+0000] {processor.py:914} INFO - Processing file /home/airflow/.local/lib/python3.12/site-packages/airflow/example_dags/example_xcom.py for tasks to queue
[2025-02-28T03:37:07.505+0000] {logging_mixin.py:190} INFO - [2025-02-28T03:37:07.504+0000] {dagbag.py:588} INFO - Filling up the DagBag from /home/airflow/.local/lib/python3.12/site-packages/airflow/example_dags/example_xcom.py
[2025-02-28T03:37:07.540+0000] {processor.py:925} INFO - DAG(s) 'example_xcom' retrieved from /home/airflow/.local/lib/python3.12/site-packages/airflow/example_dags/example_xcom.py
[2025-02-28T03:37:07.582+0000] {logging_mixin.py:190} INFO - [2025-02-28T03:37:07.581+0000] {dag.py:3239} INFO - Sync 1 DAGs
[2025-02-28T03:37:07.620+0000] {logging_mixin.py:190} INFO - [2025-02-28T03:37:07.619+0000] {dag.py:4180} INFO - Setting next_dagrun for example_xcom to 2021-01-01 00:00:00+00:00, run_after=2021-01-01 00:00:00+00:00
[2025-02-28T03:37:07.657+0000] {processor.py:208} INFO - Processing /home/airflow/.local/lib/python3.12/site-packages/airflow/example_dags/example_xcom.py took 0.182 seconds
