[2025-02-28T03:28:17.027+0000] {processor.py:186} INFO - Started process (PID=373) to work on /home/airflow/.local/lib/python3.12/site-packages/airflow/example_dags/example_dataset_alias.py
[2025-02-28T03:28:17.028+0000] {processor.py:914} INFO - Processing file /home/airflow/.local/lib/python3.12/site-packages/airflow/example_dags/example_dataset_alias.py for tasks to queue
[2025-02-28T03:28:17.032+0000] {logging_mixin.py:190} INFO - [2025-02-28T03:28:17.031+0000] {dagbag.py:588} INFO - Filling up the DagBag from /home/airflow/.local/lib/python3.12/site-packages/airflow/example_dags/example_dataset_alias.py
[2025-02-28T03:28:19.070+0000] {processor.py:925} INFO - DAG(s) 'dataset_alias_example_alias_consumer', 'dataset_alias_example_alias_producer', 'dataset_s3_bucket_consumer', 'dataset_s3_bucket_producer' retrieved from /home/airflow/.local/lib/python3.12/site-packages/airflow/example_dags/example_dataset_alias.py
[2025-02-28T03:28:19.215+0000] {logging_mixin.py:190} INFO - [2025-02-28T03:28:19.214+0000] {dag.py:3239} INFO - Sync 4 DAGs
[2025-02-28T03:28:19.299+0000] {logging_mixin.py:190} INFO - [2025-02-28T03:28:19.298+0000] {dag.py:4180} INFO - Setting next_dagrun for dataset_alias_example_alias_consumer to None, run_after=None
[2025-02-28T03:28:19.311+0000] {logging_mixin.py:190} INFO - [2025-02-28T03:28:19.310+0000] {dag.py:4180} INFO - Setting next_dagrun for dataset_alias_example_alias_producer to None, run_after=None
[2025-02-28T03:28:19.318+0000] {logging_mixin.py:190} INFO - [2025-02-28T03:28:19.316+0000] {dag.py:4180} INFO - Setting next_dagrun for dataset_s3_bucket_consumer to None, run_after=None
[2025-02-28T03:28:19.325+0000] {logging_mixin.py:190} INFO - [2025-02-28T03:28:19.323+0000] {dag.py:4180} INFO - Setting next_dagrun for dataset_s3_bucket_producer to None, run_after=None
[2025-02-28T03:28:19.474+0000] {processor.py:208} INFO - Processing /home/airflow/.local/lib/python3.12/site-packages/airflow/example_dags/example_dataset_alias.py took 2.462 seconds
[2025-02-28T03:28:50.308+0000] {processor.py:186} INFO - Started process (PID=691) to work on /home/airflow/.local/lib/python3.12/site-packages/airflow/example_dags/example_dataset_alias.py
[2025-02-28T03:28:50.314+0000] {processor.py:914} INFO - Processing file /home/airflow/.local/lib/python3.12/site-packages/airflow/example_dags/example_dataset_alias.py for tasks to queue
[2025-02-28T03:28:50.321+0000] {logging_mixin.py:190} INFO - [2025-02-28T03:28:50.321+0000] {dagbag.py:588} INFO - Filling up the DagBag from /home/airflow/.local/lib/python3.12/site-packages/airflow/example_dags/example_dataset_alias.py
[2025-02-28T03:28:51.710+0000] {processor.py:925} INFO - DAG(s) 'dataset_s3_bucket_consumer', 'dataset_alias_example_alias_producer', 'dataset_s3_bucket_producer', 'dataset_alias_example_alias_consumer' retrieved from /home/airflow/.local/lib/python3.12/site-packages/airflow/example_dags/example_dataset_alias.py
[2025-02-28T03:28:51.784+0000] {logging_mixin.py:190} INFO - [2025-02-28T03:28:51.782+0000] {dag.py:3239} INFO - Sync 4 DAGs
[2025-02-28T03:28:51.831+0000] {logging_mixin.py:190} INFO - [2025-02-28T03:28:51.831+0000] {dag.py:4180} INFO - Setting next_dagrun for dataset_alias_example_alias_consumer to None, run_after=None
[2025-02-28T03:28:51.836+0000] {logging_mixin.py:190} INFO - [2025-02-28T03:28:51.836+0000] {dag.py:4180} INFO - Setting next_dagrun for dataset_alias_example_alias_producer to None, run_after=None
[2025-02-28T03:28:51.840+0000] {logging_mixin.py:190} INFO - [2025-02-28T03:28:51.840+0000] {dag.py:4180} INFO - Setting next_dagrun for dataset_s3_bucket_consumer to None, run_after=None
[2025-02-28T03:28:51.844+0000] {logging_mixin.py:190} INFO - [2025-02-28T03:28:51.844+0000] {dag.py:4180} INFO - Setting next_dagrun for dataset_s3_bucket_producer to None, run_after=None
[2025-02-28T03:28:51.941+0000] {processor.py:208} INFO - Processing /home/airflow/.local/lib/python3.12/site-packages/airflow/example_dags/example_dataset_alias.py took 1.650 seconds
[2025-02-28T03:29:22.138+0000] {processor.py:186} INFO - Started process (PID=1002) to work on /home/airflow/.local/lib/python3.12/site-packages/airflow/example_dags/example_dataset_alias.py
[2025-02-28T03:29:22.141+0000] {processor.py:914} INFO - Processing file /home/airflow/.local/lib/python3.12/site-packages/airflow/example_dags/example_dataset_alias.py for tasks to queue
[2025-02-28T03:29:22.145+0000] {logging_mixin.py:190} INFO - [2025-02-28T03:29:22.145+0000] {dagbag.py:588} INFO - Filling up the DagBag from /home/airflow/.local/lib/python3.12/site-packages/airflow/example_dags/example_dataset_alias.py
[2025-02-28T03:29:24.052+0000] {processor.py:925} INFO - DAG(s) 'dataset_s3_bucket_consumer', 'dataset_alias_example_alias_producer', 'dataset_s3_bucket_producer', 'dataset_alias_example_alias_consumer' retrieved from /home/airflow/.local/lib/python3.12/site-packages/airflow/example_dags/example_dataset_alias.py
[2025-02-28T03:29:24.095+0000] {logging_mixin.py:190} INFO - [2025-02-28T03:29:24.094+0000] {dag.py:3239} INFO - Sync 4 DAGs
[2025-02-28T03:29:24.142+0000] {logging_mixin.py:190} INFO - [2025-02-28T03:29:24.141+0000] {dag.py:4180} INFO - Setting next_dagrun for dataset_alias_example_alias_consumer to None, run_after=None
[2025-02-28T03:29:24.146+0000] {logging_mixin.py:190} INFO - [2025-02-28T03:29:24.146+0000] {dag.py:4180} INFO - Setting next_dagrun for dataset_alias_example_alias_producer to None, run_after=None
[2025-02-28T03:29:24.148+0000] {logging_mixin.py:190} INFO - [2025-02-28T03:29:24.148+0000] {dag.py:4180} INFO - Setting next_dagrun for dataset_s3_bucket_consumer to None, run_after=None
[2025-02-28T03:29:24.150+0000] {logging_mixin.py:190} INFO - [2025-02-28T03:29:24.150+0000] {dag.py:4180} INFO - Setting next_dagrun for dataset_s3_bucket_producer to None, run_after=None
[2025-02-28T03:29:24.198+0000] {processor.py:208} INFO - Processing /home/airflow/.local/lib/python3.12/site-packages/airflow/example_dags/example_dataset_alias.py took 2.084 seconds
[2025-02-28T03:29:54.507+0000] {processor.py:186} INFO - Started process (PID=1328) to work on /home/airflow/.local/lib/python3.12/site-packages/airflow/example_dags/example_dataset_alias.py
[2025-02-28T03:29:54.509+0000] {processor.py:914} INFO - Processing file /home/airflow/.local/lib/python3.12/site-packages/airflow/example_dags/example_dataset_alias.py for tasks to queue
[2025-02-28T03:29:54.512+0000] {logging_mixin.py:190} INFO - [2025-02-28T03:29:54.511+0000] {dagbag.py:588} INFO - Filling up the DagBag from /home/airflow/.local/lib/python3.12/site-packages/airflow/example_dags/example_dataset_alias.py
[2025-02-28T03:29:55.611+0000] {processor.py:925} INFO - DAG(s) 'dataset_alias_example_alias_producer', 'dataset_s3_bucket_producer', 'dataset_alias_example_alias_consumer', 'dataset_s3_bucket_consumer' retrieved from /home/airflow/.local/lib/python3.12/site-packages/airflow/example_dags/example_dataset_alias.py
[2025-02-28T03:29:55.670+0000] {logging_mixin.py:190} INFO - [2025-02-28T03:29:55.669+0000] {dag.py:3239} INFO - Sync 4 DAGs
[2025-02-28T03:29:55.750+0000] {logging_mixin.py:190} INFO - [2025-02-28T03:29:55.749+0000] {dag.py:4180} INFO - Setting next_dagrun for dataset_alias_example_alias_consumer to None, run_after=None
[2025-02-28T03:29:55.761+0000] {logging_mixin.py:190} INFO - [2025-02-28T03:29:55.760+0000] {dag.py:4180} INFO - Setting next_dagrun for dataset_alias_example_alias_producer to None, run_after=None
[2025-02-28T03:29:55.765+0000] {logging_mixin.py:190} INFO - [2025-02-28T03:29:55.765+0000] {dag.py:4180} INFO - Setting next_dagrun for dataset_s3_bucket_consumer to None, run_after=None
[2025-02-28T03:29:55.769+0000] {logging_mixin.py:190} INFO - [2025-02-28T03:29:55.769+0000] {dag.py:4180} INFO - Setting next_dagrun for dataset_s3_bucket_producer to None, run_after=None
[2025-02-28T03:29:55.825+0000] {processor.py:208} INFO - Processing /home/airflow/.local/lib/python3.12/site-packages/airflow/example_dags/example_dataset_alias.py took 1.327 seconds
[2025-02-28T03:30:26.318+0000] {processor.py:186} INFO - Started process (PID=1631) to work on /home/airflow/.local/lib/python3.12/site-packages/airflow/example_dags/example_dataset_alias.py
[2025-02-28T03:30:26.319+0000] {processor.py:914} INFO - Processing file /home/airflow/.local/lib/python3.12/site-packages/airflow/example_dags/example_dataset_alias.py for tasks to queue
[2025-02-28T03:30:26.324+0000] {logging_mixin.py:190} INFO - [2025-02-28T03:30:26.323+0000] {dagbag.py:588} INFO - Filling up the DagBag from /home/airflow/.local/lib/python3.12/site-packages/airflow/example_dags/example_dataset_alias.py
[2025-02-28T03:30:27.435+0000] {processor.py:925} INFO - DAG(s) 'dataset_s3_bucket_consumer', 'dataset_alias_example_alias_producer', 'dataset_s3_bucket_producer', 'dataset_alias_example_alias_consumer' retrieved from /home/airflow/.local/lib/python3.12/site-packages/airflow/example_dags/example_dataset_alias.py
[2025-02-28T03:30:27.965+0000] {logging_mixin.py:190} INFO - [2025-02-28T03:30:27.964+0000] {dag.py:3239} INFO - Sync 4 DAGs
[2025-02-28T03:30:28.014+0000] {logging_mixin.py:190} INFO - [2025-02-28T03:30:28.013+0000] {dag.py:4180} INFO - Setting next_dagrun for dataset_alias_example_alias_consumer to None, run_after=None
[2025-02-28T03:30:28.031+0000] {logging_mixin.py:190} INFO - [2025-02-28T03:30:28.031+0000] {dag.py:4180} INFO - Setting next_dagrun for dataset_alias_example_alias_producer to None, run_after=None
[2025-02-28T03:30:28.038+0000] {logging_mixin.py:190} INFO - [2025-02-28T03:30:28.037+0000] {dag.py:4180} INFO - Setting next_dagrun for dataset_s3_bucket_consumer to None, run_after=None
[2025-02-28T03:30:28.042+0000] {logging_mixin.py:190} INFO - [2025-02-28T03:30:28.042+0000] {dag.py:4180} INFO - Setting next_dagrun for dataset_s3_bucket_producer to None, run_after=None
[2025-02-28T03:30:28.126+0000] {processor.py:208} INFO - Processing /home/airflow/.local/lib/python3.12/site-packages/airflow/example_dags/example_dataset_alias.py took 1.823 seconds
[2025-02-28T03:30:58.506+0000] {processor.py:186} INFO - Started process (PID=1954) to work on /home/airflow/.local/lib/python3.12/site-packages/airflow/example_dags/example_dataset_alias.py
[2025-02-28T03:30:58.510+0000] {processor.py:914} INFO - Processing file /home/airflow/.local/lib/python3.12/site-packages/airflow/example_dags/example_dataset_alias.py for tasks to queue
[2025-02-28T03:30:58.515+0000] {logging_mixin.py:190} INFO - [2025-02-28T03:30:58.514+0000] {dagbag.py:588} INFO - Filling up the DagBag from /home/airflow/.local/lib/python3.12/site-packages/airflow/example_dags/example_dataset_alias.py
[2025-02-28T03:30:59.503+0000] {processor.py:925} INFO - DAG(s) 'dataset_s3_bucket_producer', 'dataset_alias_example_alias_producer', 'dataset_alias_example_alias_consumer', 'dataset_s3_bucket_consumer' retrieved from /home/airflow/.local/lib/python3.12/site-packages/airflow/example_dags/example_dataset_alias.py
[2025-02-28T03:30:59.913+0000] {logging_mixin.py:190} INFO - [2025-02-28T03:30:59.912+0000] {dag.py:3239} INFO - Sync 4 DAGs
[2025-02-28T03:30:59.949+0000] {logging_mixin.py:190} INFO - [2025-02-28T03:30:59.949+0000] {dag.py:4180} INFO - Setting next_dagrun for dataset_alias_example_alias_consumer to None, run_after=None
[2025-02-28T03:30:59.953+0000] {logging_mixin.py:190} INFO - [2025-02-28T03:30:59.953+0000] {dag.py:4180} INFO - Setting next_dagrun for dataset_alias_example_alias_producer to None, run_after=None
[2025-02-28T03:30:59.955+0000] {logging_mixin.py:190} INFO - [2025-02-28T03:30:59.955+0000] {dag.py:4180} INFO - Setting next_dagrun for dataset_s3_bucket_consumer to None, run_after=None
[2025-02-28T03:30:59.957+0000] {logging_mixin.py:190} INFO - [2025-02-28T03:30:59.957+0000] {dag.py:4180} INFO - Setting next_dagrun for dataset_s3_bucket_producer to None, run_after=None
[2025-02-28T03:30:59.985+0000] {processor.py:208} INFO - Processing /home/airflow/.local/lib/python3.12/site-packages/airflow/example_dags/example_dataset_alias.py took 1.500 seconds
[2025-02-28T03:31:30.216+0000] {processor.py:186} INFO - Started process (PID=2262) to work on /home/airflow/.local/lib/python3.12/site-packages/airflow/example_dags/example_dataset_alias.py
[2025-02-28T03:31:30.222+0000] {processor.py:914} INFO - Processing file /home/airflow/.local/lib/python3.12/site-packages/airflow/example_dags/example_dataset_alias.py for tasks to queue
[2025-02-28T03:31:30.228+0000] {logging_mixin.py:190} INFO - [2025-02-28T03:31:30.228+0000] {dagbag.py:588} INFO - Filling up the DagBag from /home/airflow/.local/lib/python3.12/site-packages/airflow/example_dags/example_dataset_alias.py
[2025-02-28T03:31:31.025+0000] {processor.py:925} INFO - DAG(s) 'dataset_alias_example_alias_producer', 'dataset_alias_example_alias_consumer', 'dataset_s3_bucket_consumer', 'dataset_s3_bucket_producer' retrieved from /home/airflow/.local/lib/python3.12/site-packages/airflow/example_dags/example_dataset_alias.py
[2025-02-28T03:31:31.044+0000] {logging_mixin.py:190} INFO - [2025-02-28T03:31:31.044+0000] {dag.py:3239} INFO - Sync 4 DAGs
[2025-02-28T03:31:31.069+0000] {logging_mixin.py:190} INFO - [2025-02-28T03:31:31.068+0000] {dag.py:4180} INFO - Setting next_dagrun for dataset_alias_example_alias_consumer to None, run_after=None
[2025-02-28T03:31:31.071+0000] {logging_mixin.py:190} INFO - [2025-02-28T03:31:31.071+0000] {dag.py:4180} INFO - Setting next_dagrun for dataset_alias_example_alias_producer to None, run_after=None
[2025-02-28T03:31:31.073+0000] {logging_mixin.py:190} INFO - [2025-02-28T03:31:31.073+0000] {dag.py:4180} INFO - Setting next_dagrun for dataset_s3_bucket_consumer to None, run_after=None
[2025-02-28T03:31:31.074+0000] {logging_mixin.py:190} INFO - [2025-02-28T03:31:31.074+0000] {dag.py:4180} INFO - Setting next_dagrun for dataset_s3_bucket_producer to None, run_after=None
[2025-02-28T03:31:31.093+0000] {processor.py:208} INFO - Processing /home/airflow/.local/lib/python3.12/site-packages/airflow/example_dags/example_dataset_alias.py took 0.895 seconds
[2025-02-28T03:32:01.700+0000] {processor.py:186} INFO - Started process (PID=2568) to work on /home/airflow/.local/lib/python3.12/site-packages/airflow/example_dags/example_dataset_alias.py
[2025-02-28T03:32:01.702+0000] {processor.py:914} INFO - Processing file /home/airflow/.local/lib/python3.12/site-packages/airflow/example_dags/example_dataset_alias.py for tasks to queue
[2025-02-28T03:32:01.711+0000] {logging_mixin.py:190} INFO - [2025-02-28T03:32:01.710+0000] {dagbag.py:588} INFO - Filling up the DagBag from /home/airflow/.local/lib/python3.12/site-packages/airflow/example_dags/example_dataset_alias.py
[2025-02-28T03:32:02.660+0000] {processor.py:925} INFO - DAG(s) 'dataset_s3_bucket_producer', 'dataset_s3_bucket_consumer', 'dataset_alias_example_alias_producer', 'dataset_alias_example_alias_consumer' retrieved from /home/airflow/.local/lib/python3.12/site-packages/airflow/example_dags/example_dataset_alias.py
[2025-02-28T03:32:02.692+0000] {logging_mixin.py:190} INFO - [2025-02-28T03:32:02.691+0000] {dag.py:3239} INFO - Sync 4 DAGs
[2025-02-28T03:32:02.730+0000] {logging_mixin.py:190} INFO - [2025-02-28T03:32:02.730+0000] {dag.py:4180} INFO - Setting next_dagrun for dataset_alias_example_alias_consumer to None, run_after=None
[2025-02-28T03:32:02.734+0000] {logging_mixin.py:190} INFO - [2025-02-28T03:32:02.734+0000] {dag.py:4180} INFO - Setting next_dagrun for dataset_alias_example_alias_producer to None, run_after=None
[2025-02-28T03:32:02.736+0000] {logging_mixin.py:190} INFO - [2025-02-28T03:32:02.736+0000] {dag.py:4180} INFO - Setting next_dagrun for dataset_s3_bucket_consumer to None, run_after=None
[2025-02-28T03:32:02.737+0000] {logging_mixin.py:190} INFO - [2025-02-28T03:32:02.737+0000] {dag.py:4180} INFO - Setting next_dagrun for dataset_s3_bucket_producer to None, run_after=None
[2025-02-28T03:32:02.766+0000] {processor.py:208} INFO - Processing /home/airflow/.local/lib/python3.12/site-packages/airflow/example_dags/example_dataset_alias.py took 1.083 seconds
[2025-02-28T03:32:33.256+0000] {processor.py:186} INFO - Started process (PID=2868) to work on /home/airflow/.local/lib/python3.12/site-packages/airflow/example_dags/example_dataset_alias.py
[2025-02-28T03:32:33.258+0000] {processor.py:914} INFO - Processing file /home/airflow/.local/lib/python3.12/site-packages/airflow/example_dags/example_dataset_alias.py for tasks to queue
[2025-02-28T03:32:33.263+0000] {logging_mixin.py:190} INFO - [2025-02-28T03:32:33.262+0000] {dagbag.py:588} INFO - Filling up the DagBag from /home/airflow/.local/lib/python3.12/site-packages/airflow/example_dags/example_dataset_alias.py
[2025-02-28T03:32:34.248+0000] {processor.py:925} INFO - DAG(s) 'dataset_alias_example_alias_producer', 'dataset_s3_bucket_producer', 'dataset_s3_bucket_consumer', 'dataset_alias_example_alias_consumer' retrieved from /home/airflow/.local/lib/python3.12/site-packages/airflow/example_dags/example_dataset_alias.py
[2025-02-28T03:32:34.276+0000] {logging_mixin.py:190} INFO - [2025-02-28T03:32:34.274+0000] {dag.py:3239} INFO - Sync 4 DAGs
[2025-02-28T03:32:34.322+0000] {logging_mixin.py:190} INFO - [2025-02-28T03:32:34.322+0000] {dag.py:4180} INFO - Setting next_dagrun for dataset_alias_example_alias_consumer to None, run_after=None
[2025-02-28T03:32:34.327+0000] {logging_mixin.py:190} INFO - [2025-02-28T03:32:34.326+0000] {dag.py:4180} INFO - Setting next_dagrun for dataset_alias_example_alias_producer to None, run_after=None
[2025-02-28T03:32:34.334+0000] {logging_mixin.py:190} INFO - [2025-02-28T03:32:34.334+0000] {dag.py:4180} INFO - Setting next_dagrun for dataset_s3_bucket_consumer to None, run_after=None
[2025-02-28T03:32:34.340+0000] {logging_mixin.py:190} INFO - [2025-02-28T03:32:34.340+0000] {dag.py:4180} INFO - Setting next_dagrun for dataset_s3_bucket_producer to None, run_after=None
[2025-02-28T03:32:34.366+0000] {processor.py:208} INFO - Processing /home/airflow/.local/lib/python3.12/site-packages/airflow/example_dags/example_dataset_alias.py took 1.119 seconds
[2025-02-28T03:33:04.747+0000] {processor.py:186} INFO - Started process (PID=3169) to work on /home/airflow/.local/lib/python3.12/site-packages/airflow/example_dags/example_dataset_alias.py
[2025-02-28T03:33:04.749+0000] {processor.py:914} INFO - Processing file /home/airflow/.local/lib/python3.12/site-packages/airflow/example_dags/example_dataset_alias.py for tasks to queue
[2025-02-28T03:33:04.752+0000] {logging_mixin.py:190} INFO - [2025-02-28T03:33:04.751+0000] {dagbag.py:588} INFO - Filling up the DagBag from /home/airflow/.local/lib/python3.12/site-packages/airflow/example_dags/example_dataset_alias.py
[2025-02-28T03:33:05.421+0000] {processor.py:925} INFO - DAG(s) 'dataset_alias_example_alias_consumer', 'dataset_alias_example_alias_producer', 'dataset_s3_bucket_producer', 'dataset_s3_bucket_consumer' retrieved from /home/airflow/.local/lib/python3.12/site-packages/airflow/example_dags/example_dataset_alias.py
[2025-02-28T03:33:05.443+0000] {logging_mixin.py:190} INFO - [2025-02-28T03:33:05.442+0000] {dag.py:3239} INFO - Sync 4 DAGs
[2025-02-28T03:33:05.465+0000] {logging_mixin.py:190} INFO - [2025-02-28T03:33:05.465+0000] {dag.py:4180} INFO - Setting next_dagrun for dataset_alias_example_alias_consumer to None, run_after=None
[2025-02-28T03:33:05.468+0000] {logging_mixin.py:190} INFO - [2025-02-28T03:33:05.467+0000] {dag.py:4180} INFO - Setting next_dagrun for dataset_alias_example_alias_producer to None, run_after=None
[2025-02-28T03:33:05.469+0000] {logging_mixin.py:190} INFO - [2025-02-28T03:33:05.469+0000] {dag.py:4180} INFO - Setting next_dagrun for dataset_s3_bucket_consumer to None, run_after=None
[2025-02-28T03:33:05.470+0000] {logging_mixin.py:190} INFO - [2025-02-28T03:33:05.470+0000] {dag.py:4180} INFO - Setting next_dagrun for dataset_s3_bucket_producer to None, run_after=None
[2025-02-28T03:33:05.492+0000] {processor.py:208} INFO - Processing /home/airflow/.local/lib/python3.12/site-packages/airflow/example_dags/example_dataset_alias.py took 0.751 seconds
[2025-02-28T03:33:36.112+0000] {processor.py:186} INFO - Started process (PID=3473) to work on /home/airflow/.local/lib/python3.12/site-packages/airflow/example_dags/example_dataset_alias.py
[2025-02-28T03:33:36.116+0000] {processor.py:914} INFO - Processing file /home/airflow/.local/lib/python3.12/site-packages/airflow/example_dags/example_dataset_alias.py for tasks to queue
[2025-02-28T03:33:36.128+0000] {logging_mixin.py:190} INFO - [2025-02-28T03:33:36.127+0000] {dagbag.py:588} INFO - Filling up the DagBag from /home/airflow/.local/lib/python3.12/site-packages/airflow/example_dags/example_dataset_alias.py
[2025-02-28T03:33:37.235+0000] {processor.py:925} INFO - DAG(s) 'dataset_alias_example_alias_consumer', 'dataset_alias_example_alias_producer', 'dataset_s3_bucket_consumer', 'dataset_s3_bucket_producer' retrieved from /home/airflow/.local/lib/python3.12/site-packages/airflow/example_dags/example_dataset_alias.py
[2025-02-28T03:33:37.278+0000] {logging_mixin.py:190} INFO - [2025-02-28T03:33:37.276+0000] {dag.py:3239} INFO - Sync 4 DAGs
[2025-02-28T03:33:37.319+0000] {logging_mixin.py:190} INFO - [2025-02-28T03:33:37.319+0000] {dag.py:4180} INFO - Setting next_dagrun for dataset_alias_example_alias_consumer to None, run_after=None
[2025-02-28T03:33:37.323+0000] {logging_mixin.py:190} INFO - [2025-02-28T03:33:37.323+0000] {dag.py:4180} INFO - Setting next_dagrun for dataset_alias_example_alias_producer to None, run_after=None
[2025-02-28T03:33:37.325+0000] {logging_mixin.py:190} INFO - [2025-02-28T03:33:37.325+0000] {dag.py:4180} INFO - Setting next_dagrun for dataset_s3_bucket_consumer to None, run_after=None
[2025-02-28T03:33:37.326+0000] {logging_mixin.py:190} INFO - [2025-02-28T03:33:37.326+0000] {dag.py:4180} INFO - Setting next_dagrun for dataset_s3_bucket_producer to None, run_after=None
[2025-02-28T03:33:37.359+0000] {processor.py:208} INFO - Processing /home/airflow/.local/lib/python3.12/site-packages/airflow/example_dags/example_dataset_alias.py took 1.268 seconds
[2025-02-28T03:34:07.626+0000] {processor.py:186} INFO - Started process (PID=3775) to work on /home/airflow/.local/lib/python3.12/site-packages/airflow/example_dags/example_dataset_alias.py
[2025-02-28T03:34:07.627+0000] {processor.py:914} INFO - Processing file /home/airflow/.local/lib/python3.12/site-packages/airflow/example_dags/example_dataset_alias.py for tasks to queue
[2025-02-28T03:34:07.631+0000] {logging_mixin.py:190} INFO - [2025-02-28T03:34:07.630+0000] {dagbag.py:588} INFO - Filling up the DagBag from /home/airflow/.local/lib/python3.12/site-packages/airflow/example_dags/example_dataset_alias.py
[2025-02-28T03:34:08.375+0000] {processor.py:925} INFO - DAG(s) 'dataset_alias_example_alias_consumer', 'dataset_alias_example_alias_producer', 'dataset_s3_bucket_consumer', 'dataset_s3_bucket_producer' retrieved from /home/airflow/.local/lib/python3.12/site-packages/airflow/example_dags/example_dataset_alias.py
[2025-02-28T03:34:08.412+0000] {logging_mixin.py:190} INFO - [2025-02-28T03:34:08.411+0000] {dag.py:3239} INFO - Sync 4 DAGs
[2025-02-28T03:34:08.449+0000] {logging_mixin.py:190} INFO - [2025-02-28T03:34:08.449+0000] {dag.py:4180} INFO - Setting next_dagrun for dataset_alias_example_alias_consumer to None, run_after=None
[2025-02-28T03:34:08.455+0000] {logging_mixin.py:190} INFO - [2025-02-28T03:34:08.455+0000] {dag.py:4180} INFO - Setting next_dagrun for dataset_alias_example_alias_producer to None, run_after=None
[2025-02-28T03:34:08.457+0000] {logging_mixin.py:190} INFO - [2025-02-28T03:34:08.457+0000] {dag.py:4180} INFO - Setting next_dagrun for dataset_s3_bucket_consumer to None, run_after=None
[2025-02-28T03:34:08.460+0000] {logging_mixin.py:190} INFO - [2025-02-28T03:34:08.459+0000] {dag.py:4180} INFO - Setting next_dagrun for dataset_s3_bucket_producer to None, run_after=None
[2025-02-28T03:34:08.491+0000] {processor.py:208} INFO - Processing /home/airflow/.local/lib/python3.12/site-packages/airflow/example_dags/example_dataset_alias.py took 0.874 seconds
[2025-02-28T03:34:38.613+0000] {processor.py:186} INFO - Started process (PID=4076) to work on /home/airflow/.local/lib/python3.12/site-packages/airflow/example_dags/example_dataset_alias.py
[2025-02-28T03:34:38.614+0000] {processor.py:914} INFO - Processing file /home/airflow/.local/lib/python3.12/site-packages/airflow/example_dags/example_dataset_alias.py for tasks to queue
[2025-02-28T03:34:38.618+0000] {logging_mixin.py:190} INFO - [2025-02-28T03:34:38.617+0000] {dagbag.py:588} INFO - Filling up the DagBag from /home/airflow/.local/lib/python3.12/site-packages/airflow/example_dags/example_dataset_alias.py
[2025-02-28T03:34:39.321+0000] {processor.py:925} INFO - DAG(s) 'dataset_s3_bucket_consumer', 'dataset_s3_bucket_producer', 'dataset_alias_example_alias_producer', 'dataset_alias_example_alias_consumer' retrieved from /home/airflow/.local/lib/python3.12/site-packages/airflow/example_dags/example_dataset_alias.py
[2025-02-28T03:34:39.341+0000] {logging_mixin.py:190} INFO - [2025-02-28T03:34:39.341+0000] {dag.py:3239} INFO - Sync 4 DAGs
[2025-02-28T03:34:39.366+0000] {logging_mixin.py:190} INFO - [2025-02-28T03:34:39.366+0000] {dag.py:4180} INFO - Setting next_dagrun for dataset_alias_example_alias_consumer to None, run_after=None
[2025-02-28T03:34:39.369+0000] {logging_mixin.py:190} INFO - [2025-02-28T03:34:39.368+0000] {dag.py:4180} INFO - Setting next_dagrun for dataset_alias_example_alias_producer to None, run_after=None
[2025-02-28T03:34:39.370+0000] {logging_mixin.py:190} INFO - [2025-02-28T03:34:39.370+0000] {dag.py:4180} INFO - Setting next_dagrun for dataset_s3_bucket_consumer to None, run_after=None
[2025-02-28T03:34:39.372+0000] {logging_mixin.py:190} INFO - [2025-02-28T03:34:39.372+0000] {dag.py:4180} INFO - Setting next_dagrun for dataset_s3_bucket_producer to None, run_after=None
[2025-02-28T03:34:39.398+0000] {processor.py:208} INFO - Processing /home/airflow/.local/lib/python3.12/site-packages/airflow/example_dags/example_dataset_alias.py took 0.795 seconds
[2025-02-28T03:35:09.469+0000] {processor.py:186} INFO - Started process (PID=4380) to work on /home/airflow/.local/lib/python3.12/site-packages/airflow/example_dags/example_dataset_alias.py
[2025-02-28T03:35:09.471+0000] {processor.py:914} INFO - Processing file /home/airflow/.local/lib/python3.12/site-packages/airflow/example_dags/example_dataset_alias.py for tasks to queue
[2025-02-28T03:35:09.475+0000] {logging_mixin.py:190} INFO - [2025-02-28T03:35:09.474+0000] {dagbag.py:588} INFO - Filling up the DagBag from /home/airflow/.local/lib/python3.12/site-packages/airflow/example_dags/example_dataset_alias.py
[2025-02-28T03:35:10.210+0000] {processor.py:925} INFO - DAG(s) 'dataset_s3_bucket_producer', 'dataset_alias_example_alias_producer', 'dataset_alias_example_alias_consumer', 'dataset_s3_bucket_consumer' retrieved from /home/airflow/.local/lib/python3.12/site-packages/airflow/example_dags/example_dataset_alias.py
[2025-02-28T03:35:10.233+0000] {logging_mixin.py:190} INFO - [2025-02-28T03:35:10.232+0000] {dag.py:3239} INFO - Sync 4 DAGs
[2025-02-28T03:35:10.261+0000] {logging_mixin.py:190} INFO - [2025-02-28T03:35:10.261+0000] {dag.py:4180} INFO - Setting next_dagrun for dataset_alias_example_alias_consumer to None, run_after=None
[2025-02-28T03:35:10.264+0000] {logging_mixin.py:190} INFO - [2025-02-28T03:35:10.264+0000] {dag.py:4180} INFO - Setting next_dagrun for dataset_alias_example_alias_producer to None, run_after=None
[2025-02-28T03:35:10.266+0000] {logging_mixin.py:190} INFO - [2025-02-28T03:35:10.266+0000] {dag.py:4180} INFO - Setting next_dagrun for dataset_s3_bucket_consumer to None, run_after=None
[2025-02-28T03:35:10.267+0000] {logging_mixin.py:190} INFO - [2025-02-28T03:35:10.267+0000] {dag.py:4180} INFO - Setting next_dagrun for dataset_s3_bucket_producer to None, run_after=None
[2025-02-28T03:35:10.291+0000] {processor.py:208} INFO - Processing /home/airflow/.local/lib/python3.12/site-packages/airflow/example_dags/example_dataset_alias.py took 0.831 seconds
[2025-02-28T03:35:41.241+0000] {processor.py:186} INFO - Started process (PID=4688) to work on /home/airflow/.local/lib/python3.12/site-packages/airflow/example_dags/example_dataset_alias.py
[2025-02-28T03:35:41.244+0000] {processor.py:914} INFO - Processing file /home/airflow/.local/lib/python3.12/site-packages/airflow/example_dags/example_dataset_alias.py for tasks to queue
[2025-02-28T03:35:41.248+0000] {logging_mixin.py:190} INFO - [2025-02-28T03:35:41.248+0000] {dagbag.py:588} INFO - Filling up the DagBag from /home/airflow/.local/lib/python3.12/site-packages/airflow/example_dags/example_dataset_alias.py
[2025-02-28T03:35:42.309+0000] {processor.py:925} INFO - DAG(s) 'dataset_s3_bucket_producer', 'dataset_alias_example_alias_consumer', 'dataset_alias_example_alias_producer', 'dataset_s3_bucket_consumer' retrieved from /home/airflow/.local/lib/python3.12/site-packages/airflow/example_dags/example_dataset_alias.py
[2025-02-28T03:35:42.340+0000] {logging_mixin.py:190} INFO - [2025-02-28T03:35:42.339+0000] {dag.py:3239} INFO - Sync 4 DAGs
[2025-02-28T03:35:42.390+0000] {logging_mixin.py:190} INFO - [2025-02-28T03:35:42.390+0000] {dag.py:4180} INFO - Setting next_dagrun for dataset_alias_example_alias_consumer to None, run_after=None
[2025-02-28T03:35:42.395+0000] {logging_mixin.py:190} INFO - [2025-02-28T03:35:42.395+0000] {dag.py:4180} INFO - Setting next_dagrun for dataset_alias_example_alias_producer to None, run_after=None
[2025-02-28T03:35:42.398+0000] {logging_mixin.py:190} INFO - [2025-02-28T03:35:42.398+0000] {dag.py:4180} INFO - Setting next_dagrun for dataset_s3_bucket_consumer to None, run_after=None
[2025-02-28T03:35:42.400+0000] {logging_mixin.py:190} INFO - [2025-02-28T03:35:42.399+0000] {dag.py:4180} INFO - Setting next_dagrun for dataset_s3_bucket_producer to None, run_after=None
[2025-02-28T03:35:42.443+0000] {processor.py:208} INFO - Processing /home/airflow/.local/lib/python3.12/site-packages/airflow/example_dags/example_dataset_alias.py took 1.222 seconds
[2025-02-28T03:36:12.649+0000] {processor.py:186} INFO - Started process (PID=4991) to work on /home/airflow/.local/lib/python3.12/site-packages/airflow/example_dags/example_dataset_alias.py
[2025-02-28T03:36:12.651+0000] {processor.py:914} INFO - Processing file /home/airflow/.local/lib/python3.12/site-packages/airflow/example_dags/example_dataset_alias.py for tasks to queue
[2025-02-28T03:36:12.655+0000] {logging_mixin.py:190} INFO - [2025-02-28T03:36:12.654+0000] {dagbag.py:588} INFO - Filling up the DagBag from /home/airflow/.local/lib/python3.12/site-packages/airflow/example_dags/example_dataset_alias.py
[2025-02-28T03:36:13.802+0000] {processor.py:925} INFO - DAG(s) 'dataset_alias_example_alias_consumer', 'dataset_s3_bucket_consumer', 'dataset_alias_example_alias_producer', 'dataset_s3_bucket_producer' retrieved from /home/airflow/.local/lib/python3.12/site-packages/airflow/example_dags/example_dataset_alias.py
[2025-02-28T03:36:13.833+0000] {logging_mixin.py:190} INFO - [2025-02-28T03:36:13.832+0000] {dag.py:3239} INFO - Sync 4 DAGs
[2025-02-28T03:36:13.869+0000] {logging_mixin.py:190} INFO - [2025-02-28T03:36:13.869+0000] {dag.py:4180} INFO - Setting next_dagrun for dataset_alias_example_alias_consumer to None, run_after=None
[2025-02-28T03:36:13.873+0000] {logging_mixin.py:190} INFO - [2025-02-28T03:36:13.873+0000] {dag.py:4180} INFO - Setting next_dagrun for dataset_alias_example_alias_producer to None, run_after=None
[2025-02-28T03:36:13.875+0000] {logging_mixin.py:190} INFO - [2025-02-28T03:36:13.875+0000] {dag.py:4180} INFO - Setting next_dagrun for dataset_s3_bucket_consumer to None, run_after=None
[2025-02-28T03:36:13.877+0000] {logging_mixin.py:190} INFO - [2025-02-28T03:36:13.877+0000] {dag.py:4180} INFO - Setting next_dagrun for dataset_s3_bucket_producer to None, run_after=None
[2025-02-28T03:36:13.918+0000] {processor.py:208} INFO - Processing /home/airflow/.local/lib/python3.12/site-packages/airflow/example_dags/example_dataset_alias.py took 1.280 seconds
[2025-02-28T03:36:44.072+0000] {processor.py:186} INFO - Started process (PID=5302) to work on /home/airflow/.local/lib/python3.12/site-packages/airflow/example_dags/example_dataset_alias.py
[2025-02-28T03:36:44.073+0000] {processor.py:914} INFO - Processing file /home/airflow/.local/lib/python3.12/site-packages/airflow/example_dags/example_dataset_alias.py for tasks to queue
[2025-02-28T03:36:44.076+0000] {logging_mixin.py:190} INFO - [2025-02-28T03:36:44.075+0000] {dagbag.py:588} INFO - Filling up the DagBag from /home/airflow/.local/lib/python3.12/site-packages/airflow/example_dags/example_dataset_alias.py
[2025-02-28T03:36:45.107+0000] {processor.py:925} INFO - DAG(s) 'dataset_s3_bucket_consumer', 'dataset_alias_example_alias_consumer', 'dataset_s3_bucket_producer', 'dataset_alias_example_alias_producer' retrieved from /home/airflow/.local/lib/python3.12/site-packages/airflow/example_dags/example_dataset_alias.py
[2025-02-28T03:36:45.140+0000] {logging_mixin.py:190} INFO - [2025-02-28T03:36:45.139+0000] {dag.py:3239} INFO - Sync 4 DAGs
[2025-02-28T03:36:45.177+0000] {logging_mixin.py:190} INFO - [2025-02-28T03:36:45.177+0000] {dag.py:4180} INFO - Setting next_dagrun for dataset_alias_example_alias_consumer to None, run_after=None
[2025-02-28T03:36:45.182+0000] {logging_mixin.py:190} INFO - [2025-02-28T03:36:45.181+0000] {dag.py:4180} INFO - Setting next_dagrun for dataset_alias_example_alias_producer to None, run_after=None
[2025-02-28T03:36:45.184+0000] {logging_mixin.py:190} INFO - [2025-02-28T03:36:45.184+0000] {dag.py:4180} INFO - Setting next_dagrun for dataset_s3_bucket_consumer to None, run_after=None
[2025-02-28T03:36:45.186+0000] {logging_mixin.py:190} INFO - [2025-02-28T03:36:45.186+0000] {dag.py:4180} INFO - Setting next_dagrun for dataset_s3_bucket_producer to None, run_after=None
[2025-02-28T03:36:45.215+0000] {processor.py:208} INFO - Processing /home/airflow/.local/lib/python3.12/site-packages/airflow/example_dags/example_dataset_alias.py took 1.150 seconds
[2025-02-28T03:37:15.333+0000] {processor.py:186} INFO - Started process (PID=5606) to work on /home/airflow/.local/lib/python3.12/site-packages/airflow/example_dags/example_dataset_alias.py
[2025-02-28T03:37:15.334+0000] {processor.py:914} INFO - Processing file /home/airflow/.local/lib/python3.12/site-packages/airflow/example_dags/example_dataset_alias.py for tasks to queue
[2025-02-28T03:37:15.339+0000] {logging_mixin.py:190} INFO - [2025-02-28T03:37:15.338+0000] {dagbag.py:588} INFO - Filling up the DagBag from /home/airflow/.local/lib/python3.12/site-packages/airflow/example_dags/example_dataset_alias.py
[2025-02-28T03:37:16.132+0000] {processor.py:925} INFO - DAG(s) 'dataset_alias_example_alias_producer', 'dataset_s3_bucket_consumer', 'dataset_alias_example_alias_consumer', 'dataset_s3_bucket_producer' retrieved from /home/airflow/.local/lib/python3.12/site-packages/airflow/example_dags/example_dataset_alias.py
[2025-02-28T03:37:16.156+0000] {logging_mixin.py:190} INFO - [2025-02-28T03:37:16.155+0000] {dag.py:3239} INFO - Sync 4 DAGs
[2025-02-28T03:37:16.183+0000] {logging_mixin.py:190} INFO - [2025-02-28T03:37:16.183+0000] {dag.py:4180} INFO - Setting next_dagrun for dataset_alias_example_alias_consumer to None, run_after=None
[2025-02-28T03:37:16.186+0000] {logging_mixin.py:190} INFO - [2025-02-28T03:37:16.186+0000] {dag.py:4180} INFO - Setting next_dagrun for dataset_alias_example_alias_producer to None, run_after=None
[2025-02-28T03:37:16.188+0000] {logging_mixin.py:190} INFO - [2025-02-28T03:37:16.187+0000] {dag.py:4180} INFO - Setting next_dagrun for dataset_s3_bucket_consumer to None, run_after=None
[2025-02-28T03:37:16.189+0000] {logging_mixin.py:190} INFO - [2025-02-28T03:37:16.189+0000] {dag.py:4180} INFO - Setting next_dagrun for dataset_s3_bucket_producer to None, run_after=None
[2025-02-28T03:37:16.210+0000] {processor.py:208} INFO - Processing /home/airflow/.local/lib/python3.12/site-packages/airflow/example_dags/example_dataset_alias.py took 0.888 seconds
