[2025-02-28T03:28:23.347+0000] {processor.py:186} INFO - Started process (PID=458) to work on /home/airflow/.local/lib/python3.12/site-packages/airflow/example_dags/example_datasets.py
[2025-02-28T03:28:23.349+0000] {processor.py:914} INFO - Processing file /home/airflow/.local/lib/python3.12/site-packages/airflow/example_dags/example_datasets.py for tasks to queue
[2025-02-28T03:28:23.357+0000] {logging_mixin.py:190} INFO - [2025-02-28T03:28:23.352+0000] {dagbag.py:588} INFO - Filling up the DagBag from /home/airflow/.local/lib/python3.12/site-packages/airflow/example_dags/example_datasets.py
[2025-02-28T03:28:24.735+0000] {processor.py:925} INFO - DAG(s) 'dataset_consumes_1_and_2', 'dataset_produces_1', 'dataset_consumes_1', 'consume_1_and_2_with_dataset_expressions', 'dataset_consumes_unknown_never_scheduled', 'dataset_consumes_1_never_scheduled', 'dataset_produces_2', 'consume_1_or_both_2_and_3_with_dataset_expressions', 'conditional_dataset_and_time_based_timetable', 'consume_1_or_2_with_dataset_expressions' retrieved from /home/airflow/.local/lib/python3.12/site-packages/airflow/example_dags/example_datasets.py
[2025-02-28T03:28:24.897+0000] {logging_mixin.py:190} INFO - [2025-02-28T03:28:24.897+0000] {dag.py:3239} INFO - Sync 10 DAGs
[2025-02-28T03:28:25.736+0000] {logging_mixin.py:190} INFO - [2025-02-28T03:28:25.736+0000] {dag.py:4180} INFO - Setting next_dagrun for conditional_dataset_and_time_based_timetable to 2025-02-26 01:00:00+00:00, run_after=2025-02-26 01:00:00+00:00
[2025-02-28T03:28:25.749+0000] {logging_mixin.py:190} INFO - [2025-02-28T03:28:25.749+0000] {dag.py:4180} INFO - Setting next_dagrun for consume_1_and_2_with_dataset_expressions to None, run_after=None
[2025-02-28T03:28:25.755+0000] {logging_mixin.py:190} INFO - [2025-02-28T03:28:25.755+0000] {dag.py:4180} INFO - Setting next_dagrun for consume_1_or_2_with_dataset_expressions to None, run_after=None
[2025-02-28T03:28:25.758+0000] {logging_mixin.py:190} INFO - [2025-02-28T03:28:25.758+0000] {dag.py:4180} INFO - Setting next_dagrun for consume_1_or_both_2_and_3_with_dataset_expressions to None, run_after=None
[2025-02-28T03:28:25.763+0000] {logging_mixin.py:190} INFO - [2025-02-28T03:28:25.763+0000] {dag.py:4180} INFO - Setting next_dagrun for dataset_consumes_1 to None, run_after=None
[2025-02-28T03:28:25.766+0000] {logging_mixin.py:190} INFO - [2025-02-28T03:28:25.766+0000] {dag.py:4180} INFO - Setting next_dagrun for dataset_consumes_1_and_2 to None, run_after=None
[2025-02-28T03:28:25.769+0000] {logging_mixin.py:190} INFO - [2025-02-28T03:28:25.769+0000] {dag.py:4180} INFO - Setting next_dagrun for dataset_consumes_1_never_scheduled to None, run_after=None
[2025-02-28T03:28:25.775+0000] {logging_mixin.py:190} INFO - [2025-02-28T03:28:25.775+0000] {dag.py:4180} INFO - Setting next_dagrun for dataset_consumes_unknown_never_scheduled to None, run_after=None
[2025-02-28T03:28:25.784+0000] {logging_mixin.py:190} INFO - [2025-02-28T03:28:25.781+0000] {dag.py:4180} INFO - Setting next_dagrun for dataset_produces_1 to 2025-02-27 00:00:00+00:00, run_after=2025-02-28 00:00:00+00:00
[2025-02-28T03:28:25.787+0000] {logging_mixin.py:190} INFO - [2025-02-28T03:28:25.787+0000] {dag.py:4180} INFO - Setting next_dagrun for dataset_produces_2 to None, run_after=None
[2025-02-28T03:28:25.915+0000] {processor.py:208} INFO - Processing /home/airflow/.local/lib/python3.12/site-packages/airflow/example_dags/example_datasets.py took 2.587 seconds
[2025-02-28T03:28:56.660+0000] {processor.py:186} INFO - Started process (PID=766) to work on /home/airflow/.local/lib/python3.12/site-packages/airflow/example_dags/example_datasets.py
[2025-02-28T03:28:56.662+0000] {processor.py:914} INFO - Processing file /home/airflow/.local/lib/python3.12/site-packages/airflow/example_dags/example_datasets.py for tasks to queue
[2025-02-28T03:28:56.670+0000] {logging_mixin.py:190} INFO - [2025-02-28T03:28:56.667+0000] {dagbag.py:588} INFO - Filling up the DagBag from /home/airflow/.local/lib/python3.12/site-packages/airflow/example_dags/example_datasets.py
[2025-02-28T03:28:58.188+0000] {processor.py:925} INFO - DAG(s) 'conditional_dataset_and_time_based_timetable', 'dataset_consumes_1_and_2', 'consume_1_and_2_with_dataset_expressions', 'consume_1_or_both_2_and_3_with_dataset_expressions', 'dataset_consumes_unknown_never_scheduled', 'dataset_produces_2', 'dataset_consumes_1_never_scheduled', 'dataset_produces_1', 'consume_1_or_2_with_dataset_expressions', 'dataset_consumes_1' retrieved from /home/airflow/.local/lib/python3.12/site-packages/airflow/example_dags/example_datasets.py
[2025-02-28T03:28:58.295+0000] {logging_mixin.py:190} INFO - [2025-02-28T03:28:58.295+0000] {dag.py:3239} INFO - Sync 10 DAGs
[2025-02-28T03:28:59.068+0000] {logging_mixin.py:190} INFO - [2025-02-28T03:28:59.068+0000] {dag.py:4180} INFO - Setting next_dagrun for conditional_dataset_and_time_based_timetable to 2025-02-26 01:00:00+00:00, run_after=2025-02-26 01:00:00+00:00
[2025-02-28T03:28:59.075+0000] {logging_mixin.py:190} INFO - [2025-02-28T03:28:59.075+0000] {dag.py:4180} INFO - Setting next_dagrun for consume_1_and_2_with_dataset_expressions to None, run_after=None
[2025-02-28T03:28:59.077+0000] {logging_mixin.py:190} INFO - [2025-02-28T03:28:59.077+0000] {dag.py:4180} INFO - Setting next_dagrun for consume_1_or_2_with_dataset_expressions to None, run_after=None
[2025-02-28T03:28:59.079+0000] {logging_mixin.py:190} INFO - [2025-02-28T03:28:59.078+0000] {dag.py:4180} INFO - Setting next_dagrun for consume_1_or_both_2_and_3_with_dataset_expressions to None, run_after=None
[2025-02-28T03:28:59.080+0000] {logging_mixin.py:190} INFO - [2025-02-28T03:28:59.080+0000] {dag.py:4180} INFO - Setting next_dagrun for dataset_consumes_1 to None, run_after=None
[2025-02-28T03:28:59.082+0000] {logging_mixin.py:190} INFO - [2025-02-28T03:28:59.082+0000] {dag.py:4180} INFO - Setting next_dagrun for dataset_consumes_1_and_2 to None, run_after=None
[2025-02-28T03:28:59.083+0000] {logging_mixin.py:190} INFO - [2025-02-28T03:28:59.083+0000] {dag.py:4180} INFO - Setting next_dagrun for dataset_consumes_1_never_scheduled to None, run_after=None
[2025-02-28T03:28:59.085+0000] {logging_mixin.py:190} INFO - [2025-02-28T03:28:59.085+0000] {dag.py:4180} INFO - Setting next_dagrun for dataset_consumes_unknown_never_scheduled to None, run_after=None
[2025-02-28T03:28:59.088+0000] {logging_mixin.py:190} INFO - [2025-02-28T03:28:59.088+0000] {dag.py:4180} INFO - Setting next_dagrun for dataset_produces_1 to 2025-02-27 00:00:00+00:00, run_after=2025-02-28 00:00:00+00:00
[2025-02-28T03:28:59.090+0000] {logging_mixin.py:190} INFO - [2025-02-28T03:28:59.090+0000] {dag.py:4180} INFO - Setting next_dagrun for dataset_produces_2 to None, run_after=None
[2025-02-28T03:28:59.188+0000] {processor.py:208} INFO - Processing /home/airflow/.local/lib/python3.12/site-packages/airflow/example_dags/example_datasets.py took 2.542 seconds
[2025-02-28T03:29:29.315+0000] {processor.py:186} INFO - Started process (PID=1067) to work on /home/airflow/.local/lib/python3.12/site-packages/airflow/example_dags/example_datasets.py
[2025-02-28T03:29:29.318+0000] {processor.py:914} INFO - Processing file /home/airflow/.local/lib/python3.12/site-packages/airflow/example_dags/example_datasets.py for tasks to queue
[2025-02-28T03:29:29.322+0000] {logging_mixin.py:190} INFO - [2025-02-28T03:29:29.321+0000] {dagbag.py:588} INFO - Filling up the DagBag from /home/airflow/.local/lib/python3.12/site-packages/airflow/example_dags/example_datasets.py
[2025-02-28T03:29:30.911+0000] {processor.py:925} INFO - DAG(s) 'consume_1_or_both_2_and_3_with_dataset_expressions', 'dataset_consumes_1', 'dataset_consumes_1_never_scheduled', 'dataset_consumes_unknown_never_scheduled', 'dataset_produces_1', 'dataset_produces_2', 'dataset_consumes_1_and_2', 'consume_1_or_2_with_dataset_expressions', 'consume_1_and_2_with_dataset_expressions', 'conditional_dataset_and_time_based_timetable' retrieved from /home/airflow/.local/lib/python3.12/site-packages/airflow/example_dags/example_datasets.py
[2025-02-28T03:29:31.084+0000] {logging_mixin.py:190} INFO - [2025-02-28T03:29:31.083+0000] {dag.py:3239} INFO - Sync 10 DAGs
[2025-02-28T03:29:31.769+0000] {logging_mixin.py:190} INFO - [2025-02-28T03:29:31.769+0000] {dag.py:4180} INFO - Setting next_dagrun for conditional_dataset_and_time_based_timetable to 2025-02-26 01:00:00+00:00, run_after=2025-02-26 01:00:00+00:00
[2025-02-28T03:29:31.776+0000] {logging_mixin.py:190} INFO - [2025-02-28T03:29:31.776+0000] {dag.py:4180} INFO - Setting next_dagrun for consume_1_and_2_with_dataset_expressions to None, run_after=None
[2025-02-28T03:29:31.778+0000] {logging_mixin.py:190} INFO - [2025-02-28T03:29:31.778+0000] {dag.py:4180} INFO - Setting next_dagrun for consume_1_or_2_with_dataset_expressions to None, run_after=None
[2025-02-28T03:29:31.780+0000] {logging_mixin.py:190} INFO - [2025-02-28T03:29:31.780+0000] {dag.py:4180} INFO - Setting next_dagrun for consume_1_or_both_2_and_3_with_dataset_expressions to None, run_after=None
[2025-02-28T03:29:31.782+0000] {logging_mixin.py:190} INFO - [2025-02-28T03:29:31.782+0000] {dag.py:4180} INFO - Setting next_dagrun for dataset_consumes_1 to None, run_after=None
[2025-02-28T03:29:31.786+0000] {logging_mixin.py:190} INFO - [2025-02-28T03:29:31.785+0000] {dag.py:4180} INFO - Setting next_dagrun for dataset_consumes_1_and_2 to None, run_after=None
[2025-02-28T03:29:31.788+0000] {logging_mixin.py:190} INFO - [2025-02-28T03:29:31.788+0000] {dag.py:4180} INFO - Setting next_dagrun for dataset_consumes_1_never_scheduled to None, run_after=None
[2025-02-28T03:29:31.790+0000] {logging_mixin.py:190} INFO - [2025-02-28T03:29:31.790+0000] {dag.py:4180} INFO - Setting next_dagrun for dataset_consumes_unknown_never_scheduled to None, run_after=None
[2025-02-28T03:29:31.794+0000] {logging_mixin.py:190} INFO - [2025-02-28T03:29:31.794+0000] {dag.py:4180} INFO - Setting next_dagrun for dataset_produces_1 to 2025-02-27 00:00:00+00:00, run_after=2025-02-28 00:00:00+00:00
[2025-02-28T03:29:31.796+0000] {logging_mixin.py:190} INFO - [2025-02-28T03:29:31.796+0000] {dag.py:4180} INFO - Setting next_dagrun for dataset_produces_2 to None, run_after=None
[2025-02-28T03:29:31.872+0000] {processor.py:208} INFO - Processing /home/airflow/.local/lib/python3.12/site-packages/airflow/example_dags/example_datasets.py took 2.573 seconds
[2025-02-28T03:30:04.197+0000] {processor.py:186} INFO - Started process (PID=1387) to work on /home/airflow/.local/lib/python3.12/site-packages/airflow/example_dags/example_datasets.py
[2025-02-28T03:30:04.205+0000] {processor.py:914} INFO - Processing file /home/airflow/.local/lib/python3.12/site-packages/airflow/example_dags/example_datasets.py for tasks to queue
[2025-02-28T03:30:04.221+0000] {logging_mixin.py:190} INFO - [2025-02-28T03:30:04.220+0000] {dagbag.py:588} INFO - Filling up the DagBag from /home/airflow/.local/lib/python3.12/site-packages/airflow/example_dags/example_datasets.py
[2025-02-28T03:30:06.421+0000] {processor.py:925} INFO - DAG(s) 'consume_1_or_2_with_dataset_expressions', 'consume_1_or_both_2_and_3_with_dataset_expressions', 'conditional_dataset_and_time_based_timetable', 'dataset_consumes_1_and_2', 'dataset_consumes_1_never_scheduled', 'dataset_produces_2', 'dataset_produces_1', 'consume_1_and_2_with_dataset_expressions', 'dataset_consumes_unknown_never_scheduled', 'dataset_consumes_1' retrieved from /home/airflow/.local/lib/python3.12/site-packages/airflow/example_dags/example_datasets.py
[2025-02-28T03:30:06.633+0000] {logging_mixin.py:190} INFO - [2025-02-28T03:30:06.632+0000] {dag.py:3239} INFO - Sync 10 DAGs
[2025-02-28T03:30:06.722+0000] {logging_mixin.py:190} INFO - [2025-02-28T03:30:06.722+0000] {dag.py:4180} INFO - Setting next_dagrun for conditional_dataset_and_time_based_timetable to 2025-02-26 01:00:00+00:00, run_after=2025-02-26 01:00:00+00:00
[2025-02-28T03:30:06.731+0000] {logging_mixin.py:190} INFO - [2025-02-28T03:30:06.731+0000] {dag.py:4180} INFO - Setting next_dagrun for consume_1_and_2_with_dataset_expressions to None, run_after=None
[2025-02-28T03:30:06.734+0000] {logging_mixin.py:190} INFO - [2025-02-28T03:30:06.734+0000] {dag.py:4180} INFO - Setting next_dagrun for consume_1_or_2_with_dataset_expressions to None, run_after=None
[2025-02-28T03:30:06.736+0000] {logging_mixin.py:190} INFO - [2025-02-28T03:30:06.736+0000] {dag.py:4180} INFO - Setting next_dagrun for consume_1_or_both_2_and_3_with_dataset_expressions to None, run_after=None
[2025-02-28T03:30:06.739+0000] {logging_mixin.py:190} INFO - [2025-02-28T03:30:06.739+0000] {dag.py:4180} INFO - Setting next_dagrun for dataset_consumes_1 to None, run_after=None
[2025-02-28T03:30:06.741+0000] {logging_mixin.py:190} INFO - [2025-02-28T03:30:06.741+0000] {dag.py:4180} INFO - Setting next_dagrun for dataset_consumes_1_and_2 to None, run_after=None
[2025-02-28T03:30:06.746+0000] {logging_mixin.py:190} INFO - [2025-02-28T03:30:06.745+0000] {dag.py:4180} INFO - Setting next_dagrun for dataset_consumes_1_never_scheduled to None, run_after=None
[2025-02-28T03:30:06.747+0000] {logging_mixin.py:190} INFO - [2025-02-28T03:30:06.747+0000] {dag.py:4180} INFO - Setting next_dagrun for dataset_consumes_unknown_never_scheduled to None, run_after=None
[2025-02-28T03:30:06.753+0000] {logging_mixin.py:190} INFO - [2025-02-28T03:30:06.752+0000] {dag.py:4180} INFO - Setting next_dagrun for dataset_produces_1 to 2025-02-27 00:00:00+00:00, run_after=2025-02-28 00:00:00+00:00
[2025-02-28T03:30:06.757+0000] {logging_mixin.py:190} INFO - [2025-02-28T03:30:06.756+0000] {dag.py:4180} INFO - Setting next_dagrun for dataset_produces_2 to None, run_after=None
[2025-02-28T03:30:06.848+0000] {processor.py:208} INFO - Processing /home/airflow/.local/lib/python3.12/site-packages/airflow/example_dags/example_datasets.py took 2.698 seconds
[2025-02-28T03:30:37.559+0000] {processor.py:186} INFO - Started process (PID=1716) to work on /home/airflow/.local/lib/python3.12/site-packages/airflow/example_dags/example_datasets.py
[2025-02-28T03:30:37.560+0000] {processor.py:914} INFO - Processing file /home/airflow/.local/lib/python3.12/site-packages/airflow/example_dags/example_datasets.py for tasks to queue
[2025-02-28T03:30:37.564+0000] {logging_mixin.py:190} INFO - [2025-02-28T03:30:37.563+0000] {dagbag.py:588} INFO - Filling up the DagBag from /home/airflow/.local/lib/python3.12/site-packages/airflow/example_dags/example_datasets.py
[2025-02-28T03:30:38.753+0000] {processor.py:925} INFO - DAG(s) 'consume_1_and_2_with_dataset_expressions', 'dataset_consumes_1_and_2', 'dataset_consumes_unknown_never_scheduled', 'dataset_produces_2', 'consume_1_or_2_with_dataset_expressions', 'conditional_dataset_and_time_based_timetable', 'dataset_consumes_1', 'dataset_consumes_1_never_scheduled', 'consume_1_or_both_2_and_3_with_dataset_expressions', 'dataset_produces_1' retrieved from /home/airflow/.local/lib/python3.12/site-packages/airflow/example_dags/example_datasets.py
[2025-02-28T03:30:38.840+0000] {logging_mixin.py:190} INFO - [2025-02-28T03:30:38.840+0000] {dag.py:3239} INFO - Sync 10 DAGs
[2025-02-28T03:30:38.926+0000] {logging_mixin.py:190} INFO - [2025-02-28T03:30:38.924+0000] {dag.py:4180} INFO - Setting next_dagrun for conditional_dataset_and_time_based_timetable to 2025-02-26 01:00:00+00:00, run_after=2025-02-26 01:00:00+00:00
[2025-02-28T03:30:38.939+0000] {logging_mixin.py:190} INFO - [2025-02-28T03:30:38.939+0000] {dag.py:4180} INFO - Setting next_dagrun for consume_1_and_2_with_dataset_expressions to None, run_after=None
[2025-02-28T03:30:38.949+0000] {logging_mixin.py:190} INFO - [2025-02-28T03:30:38.948+0000] {dag.py:4180} INFO - Setting next_dagrun for consume_1_or_2_with_dataset_expressions to None, run_after=None
[2025-02-28T03:30:38.951+0000] {logging_mixin.py:190} INFO - [2025-02-28T03:30:38.951+0000] {dag.py:4180} INFO - Setting next_dagrun for consume_1_or_both_2_and_3_with_dataset_expressions to None, run_after=None
[2025-02-28T03:30:38.953+0000] {logging_mixin.py:190} INFO - [2025-02-28T03:30:38.953+0000] {dag.py:4180} INFO - Setting next_dagrun for dataset_consumes_1 to None, run_after=None
[2025-02-28T03:30:38.960+0000] {logging_mixin.py:190} INFO - [2025-02-28T03:30:38.960+0000] {dag.py:4180} INFO - Setting next_dagrun for dataset_consumes_1_and_2 to None, run_after=None
[2025-02-28T03:30:38.969+0000] {logging_mixin.py:190} INFO - [2025-02-28T03:30:38.969+0000] {dag.py:4180} INFO - Setting next_dagrun for dataset_consumes_1_never_scheduled to None, run_after=None
[2025-02-28T03:30:38.975+0000] {logging_mixin.py:190} INFO - [2025-02-28T03:30:38.974+0000] {dag.py:4180} INFO - Setting next_dagrun for dataset_consumes_unknown_never_scheduled to None, run_after=None
[2025-02-28T03:30:38.994+0000] {logging_mixin.py:190} INFO - [2025-02-28T03:30:38.992+0000] {dag.py:4180} INFO - Setting next_dagrun for dataset_produces_1 to 2025-02-27 00:00:00+00:00, run_after=2025-02-28 00:00:00+00:00
[2025-02-28T03:30:38.999+0000] {logging_mixin.py:190} INFO - [2025-02-28T03:30:38.999+0000] {dag.py:4180} INFO - Setting next_dagrun for dataset_produces_2 to None, run_after=None
[2025-02-28T03:30:39.106+0000] {processor.py:208} INFO - Processing /home/airflow/.local/lib/python3.12/site-packages/airflow/example_dags/example_datasets.py took 1.556 seconds
[2025-02-28T03:31:10.412+0000] {processor.py:186} INFO - Started process (PID=2029) to work on /home/airflow/.local/lib/python3.12/site-packages/airflow/example_dags/example_datasets.py
[2025-02-28T03:31:10.416+0000] {processor.py:914} INFO - Processing file /home/airflow/.local/lib/python3.12/site-packages/airflow/example_dags/example_datasets.py for tasks to queue
[2025-02-28T03:31:10.422+0000] {logging_mixin.py:190} INFO - [2025-02-28T03:31:10.421+0000] {dagbag.py:588} INFO - Filling up the DagBag from /home/airflow/.local/lib/python3.12/site-packages/airflow/example_dags/example_datasets.py
[2025-02-28T03:31:12.225+0000] {processor.py:925} INFO - DAG(s) 'conditional_dataset_and_time_based_timetable', 'dataset_consumes_1_never_scheduled', 'consume_1_or_both_2_and_3_with_dataset_expressions', 'dataset_consumes_unknown_never_scheduled', 'consume_1_and_2_with_dataset_expressions', 'dataset_produces_2', 'dataset_consumes_1_and_2', 'dataset_consumes_1', 'dataset_produces_1', 'consume_1_or_2_with_dataset_expressions' retrieved from /home/airflow/.local/lib/python3.12/site-packages/airflow/example_dags/example_datasets.py
[2025-02-28T03:31:12.338+0000] {logging_mixin.py:190} INFO - [2025-02-28T03:31:12.338+0000] {dag.py:3239} INFO - Sync 10 DAGs
[2025-02-28T03:31:12.396+0000] {logging_mixin.py:190} INFO - [2025-02-28T03:31:12.395+0000] {dag.py:4180} INFO - Setting next_dagrun for conditional_dataset_and_time_based_timetable to 2025-02-26 01:00:00+00:00, run_after=2025-02-26 01:00:00+00:00
[2025-02-28T03:31:12.402+0000] {logging_mixin.py:190} INFO - [2025-02-28T03:31:12.402+0000] {dag.py:4180} INFO - Setting next_dagrun for consume_1_and_2_with_dataset_expressions to None, run_after=None
[2025-02-28T03:31:12.405+0000] {logging_mixin.py:190} INFO - [2025-02-28T03:31:12.405+0000] {dag.py:4180} INFO - Setting next_dagrun for consume_1_or_2_with_dataset_expressions to None, run_after=None
[2025-02-28T03:31:12.407+0000] {logging_mixin.py:190} INFO - [2025-02-28T03:31:12.406+0000] {dag.py:4180} INFO - Setting next_dagrun for consume_1_or_both_2_and_3_with_dataset_expressions to None, run_after=None
[2025-02-28T03:31:12.408+0000] {logging_mixin.py:190} INFO - [2025-02-28T03:31:12.408+0000] {dag.py:4180} INFO - Setting next_dagrun for dataset_consumes_1 to None, run_after=None
[2025-02-28T03:31:12.410+0000] {logging_mixin.py:190} INFO - [2025-02-28T03:31:12.410+0000] {dag.py:4180} INFO - Setting next_dagrun for dataset_consumes_1_and_2 to None, run_after=None
[2025-02-28T03:31:12.412+0000] {logging_mixin.py:190} INFO - [2025-02-28T03:31:12.412+0000] {dag.py:4180} INFO - Setting next_dagrun for dataset_consumes_1_never_scheduled to None, run_after=None
[2025-02-28T03:31:12.414+0000] {logging_mixin.py:190} INFO - [2025-02-28T03:31:12.414+0000] {dag.py:4180} INFO - Setting next_dagrun for dataset_consumes_unknown_never_scheduled to None, run_after=None
[2025-02-28T03:31:12.418+0000] {logging_mixin.py:190} INFO - [2025-02-28T03:31:12.418+0000] {dag.py:4180} INFO - Setting next_dagrun for dataset_produces_1 to 2025-02-27 00:00:00+00:00, run_after=2025-02-28 00:00:00+00:00
[2025-02-28T03:31:12.420+0000] {logging_mixin.py:190} INFO - [2025-02-28T03:31:12.420+0000] {dag.py:4180} INFO - Setting next_dagrun for dataset_produces_2 to None, run_after=None
[2025-02-28T03:31:12.539+0000] {processor.py:208} INFO - Processing /home/airflow/.local/lib/python3.12/site-packages/airflow/example_dags/example_datasets.py took 2.144 seconds
[2025-02-28T03:31:43.086+0000] {processor.py:186} INFO - Started process (PID=2352) to work on /home/airflow/.local/lib/python3.12/site-packages/airflow/example_dags/example_datasets.py
[2025-02-28T03:31:43.090+0000] {processor.py:914} INFO - Processing file /home/airflow/.local/lib/python3.12/site-packages/airflow/example_dags/example_datasets.py for tasks to queue
[2025-02-28T03:31:43.094+0000] {logging_mixin.py:190} INFO - [2025-02-28T03:31:43.094+0000] {dagbag.py:588} INFO - Filling up the DagBag from /home/airflow/.local/lib/python3.12/site-packages/airflow/example_dags/example_datasets.py
[2025-02-28T03:31:43.984+0000] {processor.py:925} INFO - DAG(s) 'dataset_produces_1', 'dataset_consumes_1_and_2', 'dataset_consumes_unknown_never_scheduled', 'dataset_produces_2', 'conditional_dataset_and_time_based_timetable', 'consume_1_or_both_2_and_3_with_dataset_expressions', 'consume_1_or_2_with_dataset_expressions', 'consume_1_and_2_with_dataset_expressions', 'dataset_consumes_1', 'dataset_consumes_1_never_scheduled' retrieved from /home/airflow/.local/lib/python3.12/site-packages/airflow/example_dags/example_datasets.py
[2025-02-28T03:31:44.049+0000] {logging_mixin.py:190} INFO - [2025-02-28T03:31:44.049+0000] {dag.py:3239} INFO - Sync 10 DAGs
[2025-02-28T03:31:44.094+0000] {logging_mixin.py:190} INFO - [2025-02-28T03:31:44.093+0000] {dag.py:4180} INFO - Setting next_dagrun for conditional_dataset_and_time_based_timetable to 2025-02-26 01:00:00+00:00, run_after=2025-02-26 01:00:00+00:00
[2025-02-28T03:31:44.100+0000] {logging_mixin.py:190} INFO - [2025-02-28T03:31:44.099+0000] {dag.py:4180} INFO - Setting next_dagrun for consume_1_and_2_with_dataset_expressions to None, run_after=None
[2025-02-28T03:31:44.102+0000] {logging_mixin.py:190} INFO - [2025-02-28T03:31:44.101+0000] {dag.py:4180} INFO - Setting next_dagrun for consume_1_or_2_with_dataset_expressions to None, run_after=None
[2025-02-28T03:31:44.103+0000] {logging_mixin.py:190} INFO - [2025-02-28T03:31:44.103+0000] {dag.py:4180} INFO - Setting next_dagrun for consume_1_or_both_2_and_3_with_dataset_expressions to None, run_after=None
[2025-02-28T03:31:44.106+0000] {logging_mixin.py:190} INFO - [2025-02-28T03:31:44.106+0000] {dag.py:4180} INFO - Setting next_dagrun for dataset_consumes_1 to None, run_after=None
[2025-02-28T03:31:44.109+0000] {logging_mixin.py:190} INFO - [2025-02-28T03:31:44.109+0000] {dag.py:4180} INFO - Setting next_dagrun for dataset_consumes_1_and_2 to None, run_after=None
[2025-02-28T03:31:44.112+0000] {logging_mixin.py:190} INFO - [2025-02-28T03:31:44.112+0000] {dag.py:4180} INFO - Setting next_dagrun for dataset_consumes_1_never_scheduled to None, run_after=None
[2025-02-28T03:31:44.116+0000] {logging_mixin.py:190} INFO - [2025-02-28T03:31:44.116+0000] {dag.py:4180} INFO - Setting next_dagrun for dataset_consumes_unknown_never_scheduled to None, run_after=None
[2025-02-28T03:31:44.132+0000] {logging_mixin.py:190} INFO - [2025-02-28T03:31:44.131+0000] {dag.py:4180} INFO - Setting next_dagrun for dataset_produces_1 to 2025-02-27 00:00:00+00:00, run_after=2025-02-28 00:00:00+00:00
[2025-02-28T03:31:44.140+0000] {logging_mixin.py:190} INFO - [2025-02-28T03:31:44.138+0000] {dag.py:4180} INFO - Setting next_dagrun for dataset_produces_2 to None, run_after=None
[2025-02-28T03:31:44.210+0000] {processor.py:208} INFO - Processing /home/airflow/.local/lib/python3.12/site-packages/airflow/example_dags/example_datasets.py took 1.130 seconds
[2025-02-28T03:32:14.404+0000] {processor.py:186} INFO - Started process (PID=2653) to work on /home/airflow/.local/lib/python3.12/site-packages/airflow/example_dags/example_datasets.py
[2025-02-28T03:32:14.406+0000] {processor.py:914} INFO - Processing file /home/airflow/.local/lib/python3.12/site-packages/airflow/example_dags/example_datasets.py for tasks to queue
[2025-02-28T03:32:14.409+0000] {logging_mixin.py:190} INFO - [2025-02-28T03:32:14.409+0000] {dagbag.py:588} INFO - Filling up the DagBag from /home/airflow/.local/lib/python3.12/site-packages/airflow/example_dags/example_datasets.py
[2025-02-28T03:32:15.392+0000] {processor.py:925} INFO - DAG(s) 'dataset_consumes_1_never_scheduled', 'dataset_produces_1', 'dataset_consumes_1', 'consume_1_and_2_with_dataset_expressions', 'consume_1_or_2_with_dataset_expressions', 'consume_1_or_both_2_and_3_with_dataset_expressions', 'conditional_dataset_and_time_based_timetable', 'dataset_produces_2', 'dataset_consumes_1_and_2', 'dataset_consumes_unknown_never_scheduled' retrieved from /home/airflow/.local/lib/python3.12/site-packages/airflow/example_dags/example_datasets.py
[2025-02-28T03:32:15.492+0000] {logging_mixin.py:190} INFO - [2025-02-28T03:32:15.492+0000] {dag.py:3239} INFO - Sync 10 DAGs
[2025-02-28T03:32:15.567+0000] {logging_mixin.py:190} INFO - [2025-02-28T03:32:15.566+0000] {dag.py:4180} INFO - Setting next_dagrun for conditional_dataset_and_time_based_timetable to 2025-02-26 01:00:00+00:00, run_after=2025-02-26 01:00:00+00:00
[2025-02-28T03:32:15.580+0000] {logging_mixin.py:190} INFO - [2025-02-28T03:32:15.580+0000] {dag.py:4180} INFO - Setting next_dagrun for consume_1_and_2_with_dataset_expressions to None, run_after=None
[2025-02-28T03:32:15.589+0000] {logging_mixin.py:190} INFO - [2025-02-28T03:32:15.587+0000] {dag.py:4180} INFO - Setting next_dagrun for consume_1_or_2_with_dataset_expressions to None, run_after=None
[2025-02-28T03:32:15.591+0000] {logging_mixin.py:190} INFO - [2025-02-28T03:32:15.591+0000] {dag.py:4180} INFO - Setting next_dagrun for consume_1_or_both_2_and_3_with_dataset_expressions to None, run_after=None
[2025-02-28T03:32:15.596+0000] {logging_mixin.py:190} INFO - [2025-02-28T03:32:15.595+0000] {dag.py:4180} INFO - Setting next_dagrun for dataset_consumes_1 to None, run_after=None
[2025-02-28T03:32:15.599+0000] {logging_mixin.py:190} INFO - [2025-02-28T03:32:15.599+0000] {dag.py:4180} INFO - Setting next_dagrun for dataset_consumes_1_and_2 to None, run_after=None
[2025-02-28T03:32:15.604+0000] {logging_mixin.py:190} INFO - [2025-02-28T03:32:15.603+0000] {dag.py:4180} INFO - Setting next_dagrun for dataset_consumes_1_never_scheduled to None, run_after=None
[2025-02-28T03:32:15.605+0000] {logging_mixin.py:190} INFO - [2025-02-28T03:32:15.605+0000] {dag.py:4180} INFO - Setting next_dagrun for dataset_consumes_unknown_never_scheduled to None, run_after=None
[2025-02-28T03:32:15.612+0000] {logging_mixin.py:190} INFO - [2025-02-28T03:32:15.612+0000] {dag.py:4180} INFO - Setting next_dagrun for dataset_produces_1 to 2025-02-27 00:00:00+00:00, run_after=2025-02-28 00:00:00+00:00
[2025-02-28T03:32:15.618+0000] {logging_mixin.py:190} INFO - [2025-02-28T03:32:15.618+0000] {dag.py:4180} INFO - Setting next_dagrun for dataset_produces_2 to None, run_after=None
[2025-02-28T03:32:15.734+0000] {processor.py:208} INFO - Processing /home/airflow/.local/lib/python3.12/site-packages/airflow/example_dags/example_datasets.py took 1.336 seconds
[2025-02-28T03:32:45.994+0000] {processor.py:186} INFO - Started process (PID=2953) to work on /home/airflow/.local/lib/python3.12/site-packages/airflow/example_dags/example_datasets.py
[2025-02-28T03:32:45.996+0000] {processor.py:914} INFO - Processing file /home/airflow/.local/lib/python3.12/site-packages/airflow/example_dags/example_datasets.py for tasks to queue
[2025-02-28T03:32:45.999+0000] {logging_mixin.py:190} INFO - [2025-02-28T03:32:45.999+0000] {dagbag.py:588} INFO - Filling up the DagBag from /home/airflow/.local/lib/python3.12/site-packages/airflow/example_dags/example_datasets.py
[2025-02-28T03:32:47.562+0000] {processor.py:925} INFO - DAG(s) 'dataset_consumes_1_never_scheduled', 'dataset_consumes_1', 'consume_1_or_2_with_dataset_expressions', 'dataset_consumes_unknown_never_scheduled', 'dataset_produces_2', 'consume_1_and_2_with_dataset_expressions', 'dataset_produces_1', 'dataset_consumes_1_and_2', 'consume_1_or_both_2_and_3_with_dataset_expressions', 'conditional_dataset_and_time_based_timetable' retrieved from /home/airflow/.local/lib/python3.12/site-packages/airflow/example_dags/example_datasets.py
[2025-02-28T03:32:47.687+0000] {logging_mixin.py:190} INFO - [2025-02-28T03:32:47.687+0000] {dag.py:3239} INFO - Sync 10 DAGs
[2025-02-28T03:32:47.731+0000] {logging_mixin.py:190} INFO - [2025-02-28T03:32:47.731+0000] {dag.py:4180} INFO - Setting next_dagrun for conditional_dataset_and_time_based_timetable to 2025-02-26 01:00:00+00:00, run_after=2025-02-26 01:00:00+00:00
[2025-02-28T03:32:47.738+0000] {logging_mixin.py:190} INFO - [2025-02-28T03:32:47.737+0000] {dag.py:4180} INFO - Setting next_dagrun for consume_1_and_2_with_dataset_expressions to None, run_after=None
[2025-02-28T03:32:47.740+0000] {logging_mixin.py:190} INFO - [2025-02-28T03:32:47.740+0000] {dag.py:4180} INFO - Setting next_dagrun for consume_1_or_2_with_dataset_expressions to None, run_after=None
[2025-02-28T03:32:47.742+0000] {logging_mixin.py:190} INFO - [2025-02-28T03:32:47.741+0000] {dag.py:4180} INFO - Setting next_dagrun for consume_1_or_both_2_and_3_with_dataset_expressions to None, run_after=None
[2025-02-28T03:32:47.743+0000] {logging_mixin.py:190} INFO - [2025-02-28T03:32:47.743+0000] {dag.py:4180} INFO - Setting next_dagrun for dataset_consumes_1 to None, run_after=None
[2025-02-28T03:32:47.745+0000] {logging_mixin.py:190} INFO - [2025-02-28T03:32:47.745+0000] {dag.py:4180} INFO - Setting next_dagrun for dataset_consumes_1_and_2 to None, run_after=None
[2025-02-28T03:32:47.747+0000] {logging_mixin.py:190} INFO - [2025-02-28T03:32:47.747+0000] {dag.py:4180} INFO - Setting next_dagrun for dataset_consumes_1_never_scheduled to None, run_after=None
[2025-02-28T03:32:47.749+0000] {logging_mixin.py:190} INFO - [2025-02-28T03:32:47.749+0000] {dag.py:4180} INFO - Setting next_dagrun for dataset_consumes_unknown_never_scheduled to None, run_after=None
[2025-02-28T03:32:47.754+0000] {logging_mixin.py:190} INFO - [2025-02-28T03:32:47.754+0000] {dag.py:4180} INFO - Setting next_dagrun for dataset_produces_1 to 2025-02-27 00:00:00+00:00, run_after=2025-02-28 00:00:00+00:00
[2025-02-28T03:32:47.756+0000] {logging_mixin.py:190} INFO - [2025-02-28T03:32:47.755+0000] {dag.py:4180} INFO - Setting next_dagrun for dataset_produces_2 to None, run_after=None
[2025-02-28T03:32:47.862+0000] {processor.py:208} INFO - Processing /home/airflow/.local/lib/python3.12/site-packages/airflow/example_dags/example_datasets.py took 1.876 seconds
[2025-02-28T03:33:18.031+0000] {processor.py:186} INFO - Started process (PID=3264) to work on /home/airflow/.local/lib/python3.12/site-packages/airflow/example_dags/example_datasets.py
[2025-02-28T03:33:18.033+0000] {processor.py:914} INFO - Processing file /home/airflow/.local/lib/python3.12/site-packages/airflow/example_dags/example_datasets.py for tasks to queue
[2025-02-28T03:33:18.035+0000] {logging_mixin.py:190} INFO - [2025-02-28T03:33:18.035+0000] {dagbag.py:588} INFO - Filling up the DagBag from /home/airflow/.local/lib/python3.12/site-packages/airflow/example_dags/example_datasets.py
[2025-02-28T03:33:19.280+0000] {processor.py:925} INFO - DAG(s) 'dataset_consumes_unknown_never_scheduled', 'conditional_dataset_and_time_based_timetable', 'consume_1_or_2_with_dataset_expressions', 'dataset_consumes_1_never_scheduled', 'dataset_produces_2', 'dataset_produces_1', 'consume_1_and_2_with_dataset_expressions', 'dataset_consumes_1_and_2', 'dataset_consumes_1', 'consume_1_or_both_2_and_3_with_dataset_expressions' retrieved from /home/airflow/.local/lib/python3.12/site-packages/airflow/example_dags/example_datasets.py
[2025-02-28T03:33:19.426+0000] {logging_mixin.py:190} INFO - [2025-02-28T03:33:19.425+0000] {dag.py:3239} INFO - Sync 10 DAGs
[2025-02-28T03:33:19.515+0000] {logging_mixin.py:190} INFO - [2025-02-28T03:33:19.515+0000] {dag.py:4180} INFO - Setting next_dagrun for conditional_dataset_and_time_based_timetable to 2025-02-26 01:00:00+00:00, run_after=2025-02-26 01:00:00+00:00
[2025-02-28T03:33:19.523+0000] {logging_mixin.py:190} INFO - [2025-02-28T03:33:19.523+0000] {dag.py:4180} INFO - Setting next_dagrun for consume_1_and_2_with_dataset_expressions to None, run_after=None
[2025-02-28T03:33:19.525+0000] {logging_mixin.py:190} INFO - [2025-02-28T03:33:19.525+0000] {dag.py:4180} INFO - Setting next_dagrun for consume_1_or_2_with_dataset_expressions to None, run_after=None
[2025-02-28T03:33:19.530+0000] {logging_mixin.py:190} INFO - [2025-02-28T03:33:19.530+0000] {dag.py:4180} INFO - Setting next_dagrun for consume_1_or_both_2_and_3_with_dataset_expressions to None, run_after=None
[2025-02-28T03:33:19.532+0000] {logging_mixin.py:190} INFO - [2025-02-28T03:33:19.532+0000] {dag.py:4180} INFO - Setting next_dagrun for dataset_consumes_1 to None, run_after=None
[2025-02-28T03:33:19.534+0000] {logging_mixin.py:190} INFO - [2025-02-28T03:33:19.534+0000] {dag.py:4180} INFO - Setting next_dagrun for dataset_consumes_1_and_2 to None, run_after=None
[2025-02-28T03:33:19.536+0000] {logging_mixin.py:190} INFO - [2025-02-28T03:33:19.536+0000] {dag.py:4180} INFO - Setting next_dagrun for dataset_consumes_1_never_scheduled to None, run_after=None
[2025-02-28T03:33:19.542+0000] {logging_mixin.py:190} INFO - [2025-02-28T03:33:19.542+0000] {dag.py:4180} INFO - Setting next_dagrun for dataset_consumes_unknown_never_scheduled to None, run_after=None
[2025-02-28T03:33:19.550+0000] {logging_mixin.py:190} INFO - [2025-02-28T03:33:19.550+0000] {dag.py:4180} INFO - Setting next_dagrun for dataset_produces_1 to 2025-02-27 00:00:00+00:00, run_after=2025-02-28 00:00:00+00:00
[2025-02-28T03:33:19.554+0000] {logging_mixin.py:190} INFO - [2025-02-28T03:33:19.554+0000] {dag.py:4180} INFO - Setting next_dagrun for dataset_produces_2 to None, run_after=None
[2025-02-28T03:33:19.666+0000] {processor.py:208} INFO - Processing /home/airflow/.local/lib/python3.12/site-packages/airflow/example_dags/example_datasets.py took 1.642 seconds
[2025-02-28T03:33:50.115+0000] {processor.py:186} INFO - Started process (PID=3580) to work on /home/airflow/.local/lib/python3.12/site-packages/airflow/example_dags/example_datasets.py
[2025-02-28T03:33:50.117+0000] {processor.py:914} INFO - Processing file /home/airflow/.local/lib/python3.12/site-packages/airflow/example_dags/example_datasets.py for tasks to queue
[2025-02-28T03:33:50.120+0000] {logging_mixin.py:190} INFO - [2025-02-28T03:33:50.120+0000] {dagbag.py:588} INFO - Filling up the DagBag from /home/airflow/.local/lib/python3.12/site-packages/airflow/example_dags/example_datasets.py
[2025-02-28T03:33:51.195+0000] {processor.py:925} INFO - DAG(s) 'dataset_consumes_1_never_scheduled', 'dataset_consumes_1', 'dataset_consumes_unknown_never_scheduled', 'conditional_dataset_and_time_based_timetable', 'dataset_produces_1', 'dataset_produces_2', 'consume_1_and_2_with_dataset_expressions', 'dataset_consumes_1_and_2', 'consume_1_or_both_2_and_3_with_dataset_expressions', 'consume_1_or_2_with_dataset_expressions' retrieved from /home/airflow/.local/lib/python3.12/site-packages/airflow/example_dags/example_datasets.py
[2025-02-28T03:33:51.237+0000] {logging_mixin.py:190} INFO - [2025-02-28T03:33:51.237+0000] {dag.py:3239} INFO - Sync 10 DAGs
[2025-02-28T03:33:51.266+0000] {logging_mixin.py:190} INFO - [2025-02-28T03:33:51.266+0000] {dag.py:4180} INFO - Setting next_dagrun for conditional_dataset_and_time_based_timetable to 2025-02-26 01:00:00+00:00, run_after=2025-02-26 01:00:00+00:00
[2025-02-28T03:33:51.269+0000] {logging_mixin.py:190} INFO - [2025-02-28T03:33:51.269+0000] {dag.py:4180} INFO - Setting next_dagrun for consume_1_and_2_with_dataset_expressions to None, run_after=None
[2025-02-28T03:33:51.271+0000] {logging_mixin.py:190} INFO - [2025-02-28T03:33:51.271+0000] {dag.py:4180} INFO - Setting next_dagrun for consume_1_or_2_with_dataset_expressions to None, run_after=None
[2025-02-28T03:33:51.272+0000] {logging_mixin.py:190} INFO - [2025-02-28T03:33:51.272+0000] {dag.py:4180} INFO - Setting next_dagrun for consume_1_or_both_2_and_3_with_dataset_expressions to None, run_after=None
[2025-02-28T03:33:51.273+0000] {logging_mixin.py:190} INFO - [2025-02-28T03:33:51.273+0000] {dag.py:4180} INFO - Setting next_dagrun for dataset_consumes_1 to None, run_after=None
[2025-02-28T03:33:51.275+0000] {logging_mixin.py:190} INFO - [2025-02-28T03:33:51.274+0000] {dag.py:4180} INFO - Setting next_dagrun for dataset_consumes_1_and_2 to None, run_after=None
[2025-02-28T03:33:51.276+0000] {logging_mixin.py:190} INFO - [2025-02-28T03:33:51.276+0000] {dag.py:4180} INFO - Setting next_dagrun for dataset_consumes_1_never_scheduled to None, run_after=None
[2025-02-28T03:33:51.277+0000] {logging_mixin.py:190} INFO - [2025-02-28T03:33:51.277+0000] {dag.py:4180} INFO - Setting next_dagrun for dataset_consumes_unknown_never_scheduled to None, run_after=None
[2025-02-28T03:33:51.279+0000] {logging_mixin.py:190} INFO - [2025-02-28T03:33:51.279+0000] {dag.py:4180} INFO - Setting next_dagrun for dataset_produces_1 to 2025-02-27 00:00:00+00:00, run_after=2025-02-28 00:00:00+00:00
[2025-02-28T03:33:51.281+0000] {logging_mixin.py:190} INFO - [2025-02-28T03:33:51.280+0000] {dag.py:4180} INFO - Setting next_dagrun for dataset_produces_2 to None, run_after=None
[2025-02-28T03:33:51.313+0000] {processor.py:208} INFO - Processing /home/airflow/.local/lib/python3.12/site-packages/airflow/example_dags/example_datasets.py took 1.206 seconds
[2025-02-28T03:34:21.645+0000] {processor.py:186} INFO - Started process (PID=3911) to work on /home/airflow/.local/lib/python3.12/site-packages/airflow/example_dags/example_datasets.py
[2025-02-28T03:34:21.646+0000] {processor.py:914} INFO - Processing file /home/airflow/.local/lib/python3.12/site-packages/airflow/example_dags/example_datasets.py for tasks to queue
[2025-02-28T03:34:21.648+0000] {logging_mixin.py:190} INFO - [2025-02-28T03:34:21.648+0000] {dagbag.py:588} INFO - Filling up the DagBag from /home/airflow/.local/lib/python3.12/site-packages/airflow/example_dags/example_datasets.py
[2025-02-28T03:34:22.268+0000] {processor.py:925} INFO - DAG(s) 'consume_1_or_both_2_and_3_with_dataset_expressions', 'dataset_consumes_1', 'dataset_consumes_1_never_scheduled', 'consume_1_and_2_with_dataset_expressions', 'consume_1_or_2_with_dataset_expressions', 'dataset_produces_2', 'conditional_dataset_and_time_based_timetable', 'dataset_produces_1', 'dataset_consumes_1_and_2', 'dataset_consumes_unknown_never_scheduled' retrieved from /home/airflow/.local/lib/python3.12/site-packages/airflow/example_dags/example_datasets.py
[2025-02-28T03:34:22.311+0000] {logging_mixin.py:190} INFO - [2025-02-28T03:34:22.311+0000] {dag.py:3239} INFO - Sync 10 DAGs
[2025-02-28T03:34:22.339+0000] {logging_mixin.py:190} INFO - [2025-02-28T03:34:22.338+0000] {dag.py:4180} INFO - Setting next_dagrun for conditional_dataset_and_time_based_timetable to 2025-02-26 01:00:00+00:00, run_after=2025-02-26 01:00:00+00:00
[2025-02-28T03:34:22.342+0000] {logging_mixin.py:190} INFO - [2025-02-28T03:34:22.342+0000] {dag.py:4180} INFO - Setting next_dagrun for consume_1_and_2_with_dataset_expressions to None, run_after=None
[2025-02-28T03:34:22.344+0000] {logging_mixin.py:190} INFO - [2025-02-28T03:34:22.344+0000] {dag.py:4180} INFO - Setting next_dagrun for consume_1_or_2_with_dataset_expressions to None, run_after=None
[2025-02-28T03:34:22.345+0000] {logging_mixin.py:190} INFO - [2025-02-28T03:34:22.345+0000] {dag.py:4180} INFO - Setting next_dagrun for consume_1_or_both_2_and_3_with_dataset_expressions to None, run_after=None
[2025-02-28T03:34:22.347+0000] {logging_mixin.py:190} INFO - [2025-02-28T03:34:22.347+0000] {dag.py:4180} INFO - Setting next_dagrun for dataset_consumes_1 to None, run_after=None
[2025-02-28T03:34:22.348+0000] {logging_mixin.py:190} INFO - [2025-02-28T03:34:22.348+0000] {dag.py:4180} INFO - Setting next_dagrun for dataset_consumes_1_and_2 to None, run_after=None
[2025-02-28T03:34:22.349+0000] {logging_mixin.py:190} INFO - [2025-02-28T03:34:22.349+0000] {dag.py:4180} INFO - Setting next_dagrun for dataset_consumes_1_never_scheduled to None, run_after=None
[2025-02-28T03:34:22.350+0000] {logging_mixin.py:190} INFO - [2025-02-28T03:34:22.350+0000] {dag.py:4180} INFO - Setting next_dagrun for dataset_consumes_unknown_never_scheduled to None, run_after=None
[2025-02-28T03:34:22.353+0000] {logging_mixin.py:190} INFO - [2025-02-28T03:34:22.353+0000] {dag.py:4180} INFO - Setting next_dagrun for dataset_produces_1 to 2025-02-27 00:00:00+00:00, run_after=2025-02-28 00:00:00+00:00
[2025-02-28T03:34:22.354+0000] {logging_mixin.py:190} INFO - [2025-02-28T03:34:22.354+0000] {dag.py:4180} INFO - Setting next_dagrun for dataset_produces_2 to None, run_after=None
[2025-02-28T03:34:22.391+0000] {processor.py:208} INFO - Processing /home/airflow/.local/lib/python3.12/site-packages/airflow/example_dags/example_datasets.py took 0.752 seconds
[2025-02-28T03:34:52.552+0000] {processor.py:186} INFO - Started process (PID=4210) to work on /home/airflow/.local/lib/python3.12/site-packages/airflow/example_dags/example_datasets.py
[2025-02-28T03:34:52.554+0000] {processor.py:914} INFO - Processing file /home/airflow/.local/lib/python3.12/site-packages/airflow/example_dags/example_datasets.py for tasks to queue
[2025-02-28T03:34:52.563+0000] {logging_mixin.py:190} INFO - [2025-02-28T03:34:52.561+0000] {dagbag.py:588} INFO - Filling up the DagBag from /home/airflow/.local/lib/python3.12/site-packages/airflow/example_dags/example_datasets.py
[2025-02-28T03:34:53.405+0000] {processor.py:925} INFO - DAG(s) 'dataset_consumes_unknown_never_scheduled', 'dataset_produces_2', 'dataset_consumes_1_and_2', 'consume_1_or_2_with_dataset_expressions', 'dataset_produces_1', 'conditional_dataset_and_time_based_timetable', 'consume_1_and_2_with_dataset_expressions', 'dataset_consumes_1_never_scheduled', 'consume_1_or_both_2_and_3_with_dataset_expressions', 'dataset_consumes_1' retrieved from /home/airflow/.local/lib/python3.12/site-packages/airflow/example_dags/example_datasets.py
[2025-02-28T03:34:53.448+0000] {logging_mixin.py:190} INFO - [2025-02-28T03:34:53.448+0000] {dag.py:3239} INFO - Sync 10 DAGs
[2025-02-28T03:34:53.476+0000] {logging_mixin.py:190} INFO - [2025-02-28T03:34:53.475+0000] {dag.py:4180} INFO - Setting next_dagrun for conditional_dataset_and_time_based_timetable to 2025-02-26 01:00:00+00:00, run_after=2025-02-26 01:00:00+00:00
[2025-02-28T03:34:53.480+0000] {logging_mixin.py:190} INFO - [2025-02-28T03:34:53.479+0000] {dag.py:4180} INFO - Setting next_dagrun for consume_1_and_2_with_dataset_expressions to None, run_after=None
[2025-02-28T03:34:53.481+0000] {logging_mixin.py:190} INFO - [2025-02-28T03:34:53.481+0000] {dag.py:4180} INFO - Setting next_dagrun for consume_1_or_2_with_dataset_expressions to None, run_after=None
[2025-02-28T03:34:53.483+0000] {logging_mixin.py:190} INFO - [2025-02-28T03:34:53.482+0000] {dag.py:4180} INFO - Setting next_dagrun for consume_1_or_both_2_and_3_with_dataset_expressions to None, run_after=None
[2025-02-28T03:34:53.484+0000] {logging_mixin.py:190} INFO - [2025-02-28T03:34:53.484+0000] {dag.py:4180} INFO - Setting next_dagrun for dataset_consumes_1 to None, run_after=None
[2025-02-28T03:34:53.485+0000] {logging_mixin.py:190} INFO - [2025-02-28T03:34:53.485+0000] {dag.py:4180} INFO - Setting next_dagrun for dataset_consumes_1_and_2 to None, run_after=None
[2025-02-28T03:34:53.486+0000] {logging_mixin.py:190} INFO - [2025-02-28T03:34:53.486+0000] {dag.py:4180} INFO - Setting next_dagrun for dataset_consumes_1_never_scheduled to None, run_after=None
[2025-02-28T03:34:53.488+0000] {logging_mixin.py:190} INFO - [2025-02-28T03:34:53.487+0000] {dag.py:4180} INFO - Setting next_dagrun for dataset_consumes_unknown_never_scheduled to None, run_after=None
[2025-02-28T03:34:53.490+0000] {logging_mixin.py:190} INFO - [2025-02-28T03:34:53.490+0000] {dag.py:4180} INFO - Setting next_dagrun for dataset_produces_1 to 2025-02-27 00:00:00+00:00, run_after=2025-02-28 00:00:00+00:00
[2025-02-28T03:34:53.491+0000] {logging_mixin.py:190} INFO - [2025-02-28T03:34:53.491+0000] {dag.py:4180} INFO - Setting next_dagrun for dataset_produces_2 to None, run_after=None
[2025-02-28T03:34:53.526+0000] {processor.py:208} INFO - Processing /home/airflow/.local/lib/python3.12/site-packages/airflow/example_dags/example_datasets.py took 0.984 seconds
[2025-02-28T03:35:23.722+0000] {processor.py:186} INFO - Started process (PID=4523) to work on /home/airflow/.local/lib/python3.12/site-packages/airflow/example_dags/example_datasets.py
[2025-02-28T03:35:23.723+0000] {processor.py:914} INFO - Processing file /home/airflow/.local/lib/python3.12/site-packages/airflow/example_dags/example_datasets.py for tasks to queue
[2025-02-28T03:35:23.726+0000] {logging_mixin.py:190} INFO - [2025-02-28T03:35:23.726+0000] {dagbag.py:588} INFO - Filling up the DagBag from /home/airflow/.local/lib/python3.12/site-packages/airflow/example_dags/example_datasets.py
[2025-02-28T03:35:24.773+0000] {processor.py:925} INFO - DAG(s) 'consume_1_or_2_with_dataset_expressions', 'dataset_consumes_1_never_scheduled', 'dataset_consumes_1', 'consume_1_or_both_2_and_3_with_dataset_expressions', 'consume_1_and_2_with_dataset_expressions', 'conditional_dataset_and_time_based_timetable', 'dataset_produces_1', 'dataset_produces_2', 'dataset_consumes_1_and_2', 'dataset_consumes_unknown_never_scheduled' retrieved from /home/airflow/.local/lib/python3.12/site-packages/airflow/example_dags/example_datasets.py
[2025-02-28T03:35:24.959+0000] {logging_mixin.py:190} INFO - [2025-02-28T03:35:24.959+0000] {dag.py:3239} INFO - Sync 10 DAGs
[2025-02-28T03:35:25.063+0000] {logging_mixin.py:190} INFO - [2025-02-28T03:35:25.062+0000] {dag.py:4180} INFO - Setting next_dagrun for conditional_dataset_and_time_based_timetable to 2025-02-26 01:00:00+00:00, run_after=2025-02-26 01:00:00+00:00
[2025-02-28T03:35:25.078+0000] {logging_mixin.py:190} INFO - [2025-02-28T03:35:25.078+0000] {dag.py:4180} INFO - Setting next_dagrun for consume_1_and_2_with_dataset_expressions to None, run_after=None
[2025-02-28T03:35:25.083+0000] {logging_mixin.py:190} INFO - [2025-02-28T03:35:25.083+0000] {dag.py:4180} INFO - Setting next_dagrun for consume_1_or_2_with_dataset_expressions to None, run_after=None
[2025-02-28T03:35:25.087+0000] {logging_mixin.py:190} INFO - [2025-02-28T03:35:25.087+0000] {dag.py:4180} INFO - Setting next_dagrun for consume_1_or_both_2_and_3_with_dataset_expressions to None, run_after=None
[2025-02-28T03:35:25.089+0000] {logging_mixin.py:190} INFO - [2025-02-28T03:35:25.089+0000] {dag.py:4180} INFO - Setting next_dagrun for dataset_consumes_1 to None, run_after=None
[2025-02-28T03:35:25.094+0000] {logging_mixin.py:190} INFO - [2025-02-28T03:35:25.094+0000] {dag.py:4180} INFO - Setting next_dagrun for dataset_consumes_1_and_2 to None, run_after=None
[2025-02-28T03:35:25.099+0000] {logging_mixin.py:190} INFO - [2025-02-28T03:35:25.098+0000] {dag.py:4180} INFO - Setting next_dagrun for dataset_consumes_1_never_scheduled to None, run_after=None
[2025-02-28T03:35:25.105+0000] {logging_mixin.py:190} INFO - [2025-02-28T03:35:25.104+0000] {dag.py:4180} INFO - Setting next_dagrun for dataset_consumes_unknown_never_scheduled to None, run_after=None
[2025-02-28T03:35:25.114+0000] {logging_mixin.py:190} INFO - [2025-02-28T03:35:25.114+0000] {dag.py:4180} INFO - Setting next_dagrun for dataset_produces_1 to 2025-02-27 00:00:00+00:00, run_after=2025-02-28 00:00:00+00:00
[2025-02-28T03:35:25.125+0000] {logging_mixin.py:190} INFO - [2025-02-28T03:35:25.124+0000] {dag.py:4180} INFO - Setting next_dagrun for dataset_produces_2 to None, run_after=None
[2025-02-28T03:35:25.257+0000] {processor.py:208} INFO - Processing /home/airflow/.local/lib/python3.12/site-packages/airflow/example_dags/example_datasets.py took 1.550 seconds
[2025-02-28T03:35:55.820+0000] {processor.py:186} INFO - Started process (PID=4834) to work on /home/airflow/.local/lib/python3.12/site-packages/airflow/example_dags/example_datasets.py
[2025-02-28T03:35:55.822+0000] {processor.py:914} INFO - Processing file /home/airflow/.local/lib/python3.12/site-packages/airflow/example_dags/example_datasets.py for tasks to queue
[2025-02-28T03:35:55.825+0000] {logging_mixin.py:190} INFO - [2025-02-28T03:35:55.825+0000] {dagbag.py:588} INFO - Filling up the DagBag from /home/airflow/.local/lib/python3.12/site-packages/airflow/example_dags/example_datasets.py
[2025-02-28T03:35:56.489+0000] {processor.py:925} INFO - DAG(s) 'consume_1_and_2_with_dataset_expressions', 'dataset_consumes_1_and_2', 'dataset_produces_2', 'consume_1_or_2_with_dataset_expressions', 'dataset_consumes_unknown_never_scheduled', 'dataset_consumes_1', 'conditional_dataset_and_time_based_timetable', 'consume_1_or_both_2_and_3_with_dataset_expressions', 'dataset_produces_1', 'dataset_consumes_1_never_scheduled' retrieved from /home/airflow/.local/lib/python3.12/site-packages/airflow/example_dags/example_datasets.py
[2025-02-28T03:35:56.557+0000] {logging_mixin.py:190} INFO - [2025-02-28T03:35:56.556+0000] {dag.py:3239} INFO - Sync 10 DAGs
[2025-02-28T03:35:56.610+0000] {logging_mixin.py:190} INFO - [2025-02-28T03:35:56.610+0000] {dag.py:4180} INFO - Setting next_dagrun for conditional_dataset_and_time_based_timetable to 2025-02-26 01:00:00+00:00, run_after=2025-02-26 01:00:00+00:00
[2025-02-28T03:35:56.616+0000] {logging_mixin.py:190} INFO - [2025-02-28T03:35:56.616+0000] {dag.py:4180} INFO - Setting next_dagrun for consume_1_and_2_with_dataset_expressions to None, run_after=None
[2025-02-28T03:35:56.619+0000] {logging_mixin.py:190} INFO - [2025-02-28T03:35:56.618+0000] {dag.py:4180} INFO - Setting next_dagrun for consume_1_or_2_with_dataset_expressions to None, run_after=None
[2025-02-28T03:35:56.621+0000] {logging_mixin.py:190} INFO - [2025-02-28T03:35:56.620+0000] {dag.py:4180} INFO - Setting next_dagrun for consume_1_or_both_2_and_3_with_dataset_expressions to None, run_after=None
[2025-02-28T03:35:56.622+0000] {logging_mixin.py:190} INFO - [2025-02-28T03:35:56.622+0000] {dag.py:4180} INFO - Setting next_dagrun for dataset_consumes_1 to None, run_after=None
[2025-02-28T03:35:56.624+0000] {logging_mixin.py:190} INFO - [2025-02-28T03:35:56.624+0000] {dag.py:4180} INFO - Setting next_dagrun for dataset_consumes_1_and_2 to None, run_after=None
[2025-02-28T03:35:56.626+0000] {logging_mixin.py:190} INFO - [2025-02-28T03:35:56.626+0000] {dag.py:4180} INFO - Setting next_dagrun for dataset_consumes_1_never_scheduled to None, run_after=None
[2025-02-28T03:35:56.628+0000] {logging_mixin.py:190} INFO - [2025-02-28T03:35:56.628+0000] {dag.py:4180} INFO - Setting next_dagrun for dataset_consumes_unknown_never_scheduled to None, run_after=None
[2025-02-28T03:35:56.632+0000] {logging_mixin.py:190} INFO - [2025-02-28T03:35:56.632+0000] {dag.py:4180} INFO - Setting next_dagrun for dataset_produces_1 to 2025-02-27 00:00:00+00:00, run_after=2025-02-28 00:00:00+00:00
[2025-02-28T03:35:56.634+0000] {logging_mixin.py:190} INFO - [2025-02-28T03:35:56.633+0000] {dag.py:4180} INFO - Setting next_dagrun for dataset_produces_2 to None, run_after=None
[2025-02-28T03:35:56.683+0000] {processor.py:208} INFO - Processing /home/airflow/.local/lib/python3.12/site-packages/airflow/example_dags/example_datasets.py took 0.873 seconds
[2025-02-28T03:36:27.121+0000] {processor.py:186} INFO - Started process (PID=5140) to work on /home/airflow/.local/lib/python3.12/site-packages/airflow/example_dags/example_datasets.py
[2025-02-28T03:36:27.124+0000] {processor.py:914} INFO - Processing file /home/airflow/.local/lib/python3.12/site-packages/airflow/example_dags/example_datasets.py for tasks to queue
[2025-02-28T03:36:27.128+0000] {logging_mixin.py:190} INFO - [2025-02-28T03:36:27.128+0000] {dagbag.py:588} INFO - Filling up the DagBag from /home/airflow/.local/lib/python3.12/site-packages/airflow/example_dags/example_datasets.py
[2025-02-28T03:36:28.080+0000] {processor.py:925} INFO - DAG(s) 'conditional_dataset_and_time_based_timetable', 'dataset_produces_2', 'dataset_consumes_1_never_scheduled', 'consume_1_or_both_2_and_3_with_dataset_expressions', 'dataset_consumes_1', 'consume_1_and_2_with_dataset_expressions', 'dataset_consumes_unknown_never_scheduled', 'dataset_produces_1', 'dataset_consumes_1_and_2', 'consume_1_or_2_with_dataset_expressions' retrieved from /home/airflow/.local/lib/python3.12/site-packages/airflow/example_dags/example_datasets.py
[2025-02-28T03:36:28.124+0000] {logging_mixin.py:190} INFO - [2025-02-28T03:36:28.124+0000] {dag.py:3239} INFO - Sync 10 DAGs
[2025-02-28T03:36:28.154+0000] {logging_mixin.py:190} INFO - [2025-02-28T03:36:28.154+0000] {dag.py:4180} INFO - Setting next_dagrun for conditional_dataset_and_time_based_timetable to 2025-02-26 01:00:00+00:00, run_after=2025-02-26 01:00:00+00:00
[2025-02-28T03:36:28.158+0000] {logging_mixin.py:190} INFO - [2025-02-28T03:36:28.158+0000] {dag.py:4180} INFO - Setting next_dagrun for consume_1_and_2_with_dataset_expressions to None, run_after=None
[2025-02-28T03:36:28.159+0000] {logging_mixin.py:190} INFO - [2025-02-28T03:36:28.159+0000] {dag.py:4180} INFO - Setting next_dagrun for consume_1_or_2_with_dataset_expressions to None, run_after=None
[2025-02-28T03:36:28.161+0000] {logging_mixin.py:190} INFO - [2025-02-28T03:36:28.160+0000] {dag.py:4180} INFO - Setting next_dagrun for consume_1_or_both_2_and_3_with_dataset_expressions to None, run_after=None
[2025-02-28T03:36:28.162+0000] {logging_mixin.py:190} INFO - [2025-02-28T03:36:28.162+0000] {dag.py:4180} INFO - Setting next_dagrun for dataset_consumes_1 to None, run_after=None
[2025-02-28T03:36:28.163+0000] {logging_mixin.py:190} INFO - [2025-02-28T03:36:28.163+0000] {dag.py:4180} INFO - Setting next_dagrun for dataset_consumes_1_and_2 to None, run_after=None
[2025-02-28T03:36:28.164+0000] {logging_mixin.py:190} INFO - [2025-02-28T03:36:28.164+0000] {dag.py:4180} INFO - Setting next_dagrun for dataset_consumes_1_never_scheduled to None, run_after=None
[2025-02-28T03:36:28.165+0000] {logging_mixin.py:190} INFO - [2025-02-28T03:36:28.165+0000] {dag.py:4180} INFO - Setting next_dagrun for dataset_consumes_unknown_never_scheduled to None, run_after=None
[2025-02-28T03:36:28.168+0000] {logging_mixin.py:190} INFO - [2025-02-28T03:36:28.168+0000] {dag.py:4180} INFO - Setting next_dagrun for dataset_produces_1 to 2025-02-27 00:00:00+00:00, run_after=2025-02-28 00:00:00+00:00
[2025-02-28T03:36:28.169+0000] {logging_mixin.py:190} INFO - [2025-02-28T03:36:28.169+0000] {dag.py:4180} INFO - Setting next_dagrun for dataset_produces_2 to None, run_after=None
[2025-02-28T03:36:28.202+0000] {processor.py:208} INFO - Processing /home/airflow/.local/lib/python3.12/site-packages/airflow/example_dags/example_datasets.py took 1.090 seconds
[2025-02-28T03:36:58.978+0000] {processor.py:186} INFO - Started process (PID=5463) to work on /home/airflow/.local/lib/python3.12/site-packages/airflow/example_dags/example_datasets.py
[2025-02-28T03:36:58.980+0000] {processor.py:914} INFO - Processing file /home/airflow/.local/lib/python3.12/site-packages/airflow/example_dags/example_datasets.py for tasks to queue
[2025-02-28T03:36:58.982+0000] {logging_mixin.py:190} INFO - [2025-02-28T03:36:58.982+0000] {dagbag.py:588} INFO - Filling up the DagBag from /home/airflow/.local/lib/python3.12/site-packages/airflow/example_dags/example_datasets.py
[2025-02-28T03:36:59.629+0000] {processor.py:925} INFO - DAG(s) 'consume_1_and_2_with_dataset_expressions', 'consume_1_or_both_2_and_3_with_dataset_expressions', 'dataset_produces_1', 'dataset_produces_2', 'consume_1_or_2_with_dataset_expressions', 'dataset_consumes_unknown_never_scheduled', 'conditional_dataset_and_time_based_timetable', 'dataset_consumes_1_never_scheduled', 'dataset_consumes_1_and_2', 'dataset_consumes_1' retrieved from /home/airflow/.local/lib/python3.12/site-packages/airflow/example_dags/example_datasets.py
[2025-02-28T03:36:59.672+0000] {logging_mixin.py:190} INFO - [2025-02-28T03:36:59.672+0000] {dag.py:3239} INFO - Sync 10 DAGs
[2025-02-28T03:36:59.703+0000] {logging_mixin.py:190} INFO - [2025-02-28T03:36:59.702+0000] {dag.py:4180} INFO - Setting next_dagrun for conditional_dataset_and_time_based_timetable to 2025-02-26 01:00:00+00:00, run_after=2025-02-26 01:00:00+00:00
[2025-02-28T03:36:59.707+0000] {logging_mixin.py:190} INFO - [2025-02-28T03:36:59.707+0000] {dag.py:4180} INFO - Setting next_dagrun for consume_1_and_2_with_dataset_expressions to None, run_after=None
[2025-02-28T03:36:59.709+0000] {logging_mixin.py:190} INFO - [2025-02-28T03:36:59.709+0000] {dag.py:4180} INFO - Setting next_dagrun for consume_1_or_2_with_dataset_expressions to None, run_after=None
[2025-02-28T03:36:59.710+0000] {logging_mixin.py:190} INFO - [2025-02-28T03:36:59.710+0000] {dag.py:4180} INFO - Setting next_dagrun for consume_1_or_both_2_and_3_with_dataset_expressions to None, run_after=None
[2025-02-28T03:36:59.712+0000] {logging_mixin.py:190} INFO - [2025-02-28T03:36:59.712+0000] {dag.py:4180} INFO - Setting next_dagrun for dataset_consumes_1 to None, run_after=None
[2025-02-28T03:36:59.713+0000] {logging_mixin.py:190} INFO - [2025-02-28T03:36:59.713+0000] {dag.py:4180} INFO - Setting next_dagrun for dataset_consumes_1_and_2 to None, run_after=None
[2025-02-28T03:36:59.715+0000] {logging_mixin.py:190} INFO - [2025-02-28T03:36:59.714+0000] {dag.py:4180} INFO - Setting next_dagrun for dataset_consumes_1_never_scheduled to None, run_after=None
[2025-02-28T03:36:59.716+0000] {logging_mixin.py:190} INFO - [2025-02-28T03:36:59.716+0000] {dag.py:4180} INFO - Setting next_dagrun for dataset_consumes_unknown_never_scheduled to None, run_after=None
[2025-02-28T03:36:59.719+0000] {logging_mixin.py:190} INFO - [2025-02-28T03:36:59.719+0000] {dag.py:4180} INFO - Setting next_dagrun for dataset_produces_1 to 2025-02-27 00:00:00+00:00, run_after=2025-02-28 00:00:00+00:00
[2025-02-28T03:36:59.720+0000] {logging_mixin.py:190} INFO - [2025-02-28T03:36:59.720+0000] {dag.py:4180} INFO - Setting next_dagrun for dataset_produces_2 to None, run_after=None
[2025-02-28T03:36:59.757+0000] {processor.py:208} INFO - Processing /home/airflow/.local/lib/python3.12/site-packages/airflow/example_dags/example_datasets.py took 0.785 seconds
