[2025-02-28T03:28:17.602+0000] {processor.py:186} INFO - Started process (PID=383) to work on /home/airflow/.local/lib/python3.12/site-packages/airflow/example_dags/example_sla_dag.py
[2025-02-28T03:28:17.605+0000] {processor.py:914} INFO - Processing file /home/airflow/.local/lib/python3.12/site-packages/airflow/example_dags/example_sla_dag.py for tasks to queue
[2025-02-28T03:28:17.613+0000] {logging_mixin.py:190} INFO - [2025-02-28T03:28:17.612+0000] {dagbag.py:588} INFO - Filling up the DagBag from /home/airflow/.local/lib/python3.12/site-packages/airflow/example_dags/example_sla_dag.py
[2025-02-28T03:28:17.653+0000] {processor.py:925} INFO - DAG(s) 'example_sla_dag' retrieved from /home/airflow/.local/lib/python3.12/site-packages/airflow/example_dags/example_sla_dag.py
[2025-02-28T03:28:17.778+0000] {logging_mixin.py:190} INFO - [2025-02-28T03:28:17.778+0000] {dag.py:3239} INFO - Sync 1 DAGs
[2025-02-28T03:28:17.911+0000] {logging_mixin.py:190} INFO - [2025-02-28T03:28:17.910+0000] {dag.py:4180} INFO - Setting next_dagrun for example_sla_dag to 2025-02-28 03:26:00+00:00, run_after=2025-02-28 03:28:00+00:00
[2025-02-28T03:28:17.981+0000] {processor.py:208} INFO - Processing /home/airflow/.local/lib/python3.12/site-packages/airflow/example_dags/example_sla_dag.py took 0.401 seconds
[2025-02-28T03:28:48.965+0000] {processor.py:186} INFO - Started process (PID=681) to work on /home/airflow/.local/lib/python3.12/site-packages/airflow/example_dags/example_sla_dag.py
[2025-02-28T03:28:48.967+0000] {processor.py:914} INFO - Processing file /home/airflow/.local/lib/python3.12/site-packages/airflow/example_dags/example_sla_dag.py for tasks to queue
[2025-02-28T03:28:48.974+0000] {logging_mixin.py:190} INFO - [2025-02-28T03:28:48.973+0000] {dagbag.py:588} INFO - Filling up the DagBag from /home/airflow/.local/lib/python3.12/site-packages/airflow/example_dags/example_sla_dag.py
[2025-02-28T03:28:49.017+0000] {processor.py:925} INFO - DAG(s) 'example_sla_dag' retrieved from /home/airflow/.local/lib/python3.12/site-packages/airflow/example_dags/example_sla_dag.py
[2025-02-28T03:28:49.082+0000] {logging_mixin.py:190} INFO - [2025-02-28T03:28:49.080+0000] {dag.py:3239} INFO - Sync 1 DAGs
[2025-02-28T03:28:49.166+0000] {logging_mixin.py:190} INFO - [2025-02-28T03:28:49.166+0000] {dag.py:4180} INFO - Setting next_dagrun for example_sla_dag to 2025-02-28 03:26:00+00:00, run_after=2025-02-28 03:28:00+00:00
[2025-02-28T03:28:49.233+0000] {processor.py:208} INFO - Processing /home/airflow/.local/lib/python3.12/site-packages/airflow/example_dags/example_sla_dag.py took 0.290 seconds
[2025-02-28T03:29:19.659+0000] {processor.py:186} INFO - Started process (PID=982) to work on /home/airflow/.local/lib/python3.12/site-packages/airflow/example_dags/example_sla_dag.py
[2025-02-28T03:29:19.661+0000] {processor.py:914} INFO - Processing file /home/airflow/.local/lib/python3.12/site-packages/airflow/example_dags/example_sla_dag.py for tasks to queue
[2025-02-28T03:29:19.665+0000] {logging_mixin.py:190} INFO - [2025-02-28T03:29:19.664+0000] {dagbag.py:588} INFO - Filling up the DagBag from /home/airflow/.local/lib/python3.12/site-packages/airflow/example_dags/example_sla_dag.py
[2025-02-28T03:29:19.682+0000] {processor.py:925} INFO - DAG(s) 'example_sla_dag' retrieved from /home/airflow/.local/lib/python3.12/site-packages/airflow/example_dags/example_sla_dag.py
[2025-02-28T03:29:19.716+0000] {logging_mixin.py:190} INFO - [2025-02-28T03:29:19.715+0000] {dag.py:3239} INFO - Sync 1 DAGs
[2025-02-28T03:29:19.833+0000] {logging_mixin.py:190} INFO - [2025-02-28T03:29:19.833+0000] {dag.py:4180} INFO - Setting next_dagrun for example_sla_dag to 2025-02-28 03:26:00+00:00, run_after=2025-02-28 03:28:00+00:00
[2025-02-28T03:29:19.899+0000] {processor.py:208} INFO - Processing /home/airflow/.local/lib/python3.12/site-packages/airflow/example_dags/example_sla_dag.py took 0.255 seconds
[2025-02-28T03:29:50.241+0000] {processor.py:186} INFO - Started process (PID=1281) to work on /home/airflow/.local/lib/python3.12/site-packages/airflow/example_dags/example_sla_dag.py
[2025-02-28T03:29:50.244+0000] {processor.py:914} INFO - Processing file /home/airflow/.local/lib/python3.12/site-packages/airflow/example_dags/example_sla_dag.py for tasks to queue
[2025-02-28T03:29:50.249+0000] {logging_mixin.py:190} INFO - [2025-02-28T03:29:50.248+0000] {dagbag.py:588} INFO - Filling up the DagBag from /home/airflow/.local/lib/python3.12/site-packages/airflow/example_dags/example_sla_dag.py
[2025-02-28T03:29:50.280+0000] {processor.py:925} INFO - DAG(s) 'example_sla_dag' retrieved from /home/airflow/.local/lib/python3.12/site-packages/airflow/example_dags/example_sla_dag.py
[2025-02-28T03:29:50.337+0000] {logging_mixin.py:190} INFO - [2025-02-28T03:29:50.337+0000] {dag.py:3239} INFO - Sync 1 DAGs
[2025-02-28T03:29:50.404+0000] {logging_mixin.py:190} INFO - [2025-02-28T03:29:50.402+0000] {dag.py:4180} INFO - Setting next_dagrun for example_sla_dag to 2025-02-28 03:26:00+00:00, run_after=2025-02-28 03:28:00+00:00
[2025-02-28T03:29:50.444+0000] {processor.py:208} INFO - Processing /home/airflow/.local/lib/python3.12/site-packages/airflow/example_dags/example_sla_dag.py took 0.212 seconds
[2025-02-28T03:30:21.529+0000] {processor.py:186} INFO - Started process (PID=1584) to work on /home/airflow/.local/lib/python3.12/site-packages/airflow/example_dags/example_sla_dag.py
[2025-02-28T03:30:21.534+0000] {processor.py:914} INFO - Processing file /home/airflow/.local/lib/python3.12/site-packages/airflow/example_dags/example_sla_dag.py for tasks to queue
[2025-02-28T03:30:21.543+0000] {logging_mixin.py:190} INFO - [2025-02-28T03:30:21.542+0000] {dagbag.py:588} INFO - Filling up the DagBag from /home/airflow/.local/lib/python3.12/site-packages/airflow/example_dags/example_sla_dag.py
[2025-02-28T03:30:21.580+0000] {processor.py:925} INFO - DAG(s) 'example_sla_dag' retrieved from /home/airflow/.local/lib/python3.12/site-packages/airflow/example_dags/example_sla_dag.py
[2025-02-28T03:30:21.655+0000] {logging_mixin.py:190} INFO - [2025-02-28T03:30:21.655+0000] {dag.py:3239} INFO - Sync 1 DAGs
[2025-02-28T03:30:21.757+0000] {logging_mixin.py:190} INFO - [2025-02-28T03:30:21.757+0000] {dag.py:4180} INFO - Setting next_dagrun for example_sla_dag to 2025-02-28 03:28:00+00:00, run_after=2025-02-28 03:30:00+00:00
[2025-02-28T03:30:21.799+0000] {processor.py:208} INFO - Processing /home/airflow/.local/lib/python3.12/site-packages/airflow/example_dags/example_sla_dag.py took 0.303 seconds
[2025-02-28T03:30:51.931+0000] {processor.py:186} INFO - Started process (PID=1881) to work on /home/airflow/.local/lib/python3.12/site-packages/airflow/example_dags/example_sla_dag.py
[2025-02-28T03:30:51.933+0000] {processor.py:914} INFO - Processing file /home/airflow/.local/lib/python3.12/site-packages/airflow/example_dags/example_sla_dag.py for tasks to queue
[2025-02-28T03:30:51.936+0000] {logging_mixin.py:190} INFO - [2025-02-28T03:30:51.936+0000] {dagbag.py:588} INFO - Filling up the DagBag from /home/airflow/.local/lib/python3.12/site-packages/airflow/example_dags/example_sla_dag.py
[2025-02-28T03:30:51.953+0000] {processor.py:925} INFO - DAG(s) 'example_sla_dag' retrieved from /home/airflow/.local/lib/python3.12/site-packages/airflow/example_dags/example_sla_dag.py
[2025-02-28T03:30:51.984+0000] {logging_mixin.py:190} INFO - [2025-02-28T03:30:51.984+0000] {dag.py:3239} INFO - Sync 1 DAGs
[2025-02-28T03:30:52.031+0000] {logging_mixin.py:190} INFO - [2025-02-28T03:30:52.031+0000] {dag.py:4180} INFO - Setting next_dagrun for example_sla_dag to 2025-02-28 03:28:00+00:00, run_after=2025-02-28 03:30:00+00:00
[2025-02-28T03:30:52.057+0000] {processor.py:208} INFO - Processing /home/airflow/.local/lib/python3.12/site-packages/airflow/example_dags/example_sla_dag.py took 0.135 seconds
[2025-02-28T03:31:22.697+0000] {processor.py:186} INFO - Started process (PID=2180) to work on /home/airflow/.local/lib/python3.12/site-packages/airflow/example_dags/example_sla_dag.py
[2025-02-28T03:31:22.701+0000] {processor.py:914} INFO - Processing file /home/airflow/.local/lib/python3.12/site-packages/airflow/example_dags/example_sla_dag.py for tasks to queue
[2025-02-28T03:31:22.709+0000] {logging_mixin.py:190} INFO - [2025-02-28T03:31:22.706+0000] {dagbag.py:588} INFO - Filling up the DagBag from /home/airflow/.local/lib/python3.12/site-packages/airflow/example_dags/example_sla_dag.py
[2025-02-28T03:31:22.750+0000] {processor.py:925} INFO - DAG(s) 'example_sla_dag' retrieved from /home/airflow/.local/lib/python3.12/site-packages/airflow/example_dags/example_sla_dag.py
[2025-02-28T03:31:22.844+0000] {logging_mixin.py:190} INFO - [2025-02-28T03:31:22.844+0000] {dag.py:3239} INFO - Sync 1 DAGs
[2025-02-28T03:31:22.909+0000] {logging_mixin.py:190} INFO - [2025-02-28T03:31:22.908+0000] {dag.py:4180} INFO - Setting next_dagrun for example_sla_dag to 2025-02-28 03:28:00+00:00, run_after=2025-02-28 03:30:00+00:00
[2025-02-28T03:31:22.941+0000] {processor.py:208} INFO - Processing /home/airflow/.local/lib/python3.12/site-packages/airflow/example_dags/example_sla_dag.py took 0.268 seconds
[2025-02-28T03:31:53.219+0000] {processor.py:186} INFO - Started process (PID=2481) to work on /home/airflow/.local/lib/python3.12/site-packages/airflow/example_dags/example_sla_dag.py
[2025-02-28T03:31:53.223+0000] {processor.py:914} INFO - Processing file /home/airflow/.local/lib/python3.12/site-packages/airflow/example_dags/example_sla_dag.py for tasks to queue
[2025-02-28T03:31:53.231+0000] {logging_mixin.py:190} INFO - [2025-02-28T03:31:53.230+0000] {dagbag.py:588} INFO - Filling up the DagBag from /home/airflow/.local/lib/python3.12/site-packages/airflow/example_dags/example_sla_dag.py
[2025-02-28T03:31:53.251+0000] {processor.py:925} INFO - DAG(s) 'example_sla_dag' retrieved from /home/airflow/.local/lib/python3.12/site-packages/airflow/example_dags/example_sla_dag.py
[2025-02-28T03:31:53.298+0000] {logging_mixin.py:190} INFO - [2025-02-28T03:31:53.298+0000] {dag.py:3239} INFO - Sync 1 DAGs
[2025-02-28T03:31:53.368+0000] {logging_mixin.py:190} INFO - [2025-02-28T03:31:53.368+0000] {dag.py:4180} INFO - Setting next_dagrun for example_sla_dag to 2025-02-28 03:28:00+00:00, run_after=2025-02-28 03:30:00+00:00
[2025-02-28T03:31:53.392+0000] {processor.py:208} INFO - Processing /home/airflow/.local/lib/python3.12/site-packages/airflow/example_dags/example_sla_dag.py took 0.187 seconds
[2025-02-28T03:32:23.675+0000] {processor.py:186} INFO - Started process (PID=2781) to work on /home/airflow/.local/lib/python3.12/site-packages/airflow/example_dags/example_sla_dag.py
[2025-02-28T03:32:23.678+0000] {processor.py:914} INFO - Processing file /home/airflow/.local/lib/python3.12/site-packages/airflow/example_dags/example_sla_dag.py for tasks to queue
[2025-02-28T03:32:23.685+0000] {logging_mixin.py:190} INFO - [2025-02-28T03:32:23.683+0000] {dagbag.py:588} INFO - Filling up the DagBag from /home/airflow/.local/lib/python3.12/site-packages/airflow/example_dags/example_sla_dag.py
[2025-02-28T03:32:23.719+0000] {processor.py:925} INFO - DAG(s) 'example_sla_dag' retrieved from /home/airflow/.local/lib/python3.12/site-packages/airflow/example_dags/example_sla_dag.py
[2025-02-28T03:32:23.778+0000] {logging_mixin.py:190} INFO - [2025-02-28T03:32:23.778+0000] {dag.py:3239} INFO - Sync 1 DAGs
[2025-02-28T03:32:23.865+0000] {logging_mixin.py:190} INFO - [2025-02-28T03:32:23.864+0000] {dag.py:4180} INFO - Setting next_dagrun for example_sla_dag to 2025-02-28 03:30:00+00:00, run_after=2025-02-28 03:32:00+00:00
[2025-02-28T03:32:23.893+0000] {processor.py:208} INFO - Processing /home/airflow/.local/lib/python3.12/site-packages/airflow/example_dags/example_sla_dag.py took 0.233 seconds
[2025-02-28T03:32:54.490+0000] {processor.py:186} INFO - Started process (PID=3082) to work on /home/airflow/.local/lib/python3.12/site-packages/airflow/example_dags/example_sla_dag.py
[2025-02-28T03:32:54.493+0000] {processor.py:914} INFO - Processing file /home/airflow/.local/lib/python3.12/site-packages/airflow/example_dags/example_sla_dag.py for tasks to queue
[2025-02-28T03:32:54.500+0000] {logging_mixin.py:190} INFO - [2025-02-28T03:32:54.499+0000] {dagbag.py:588} INFO - Filling up the DagBag from /home/airflow/.local/lib/python3.12/site-packages/airflow/example_dags/example_sla_dag.py
[2025-02-28T03:32:54.533+0000] {processor.py:925} INFO - DAG(s) 'example_sla_dag' retrieved from /home/airflow/.local/lib/python3.12/site-packages/airflow/example_dags/example_sla_dag.py
[2025-02-28T03:32:54.603+0000] {logging_mixin.py:190} INFO - [2025-02-28T03:32:54.603+0000] {dag.py:3239} INFO - Sync 1 DAGs
[2025-02-28T03:32:54.698+0000] {logging_mixin.py:190} INFO - [2025-02-28T03:32:54.698+0000] {dag.py:4180} INFO - Setting next_dagrun for example_sla_dag to 2025-02-28 03:30:00+00:00, run_after=2025-02-28 03:32:00+00:00
[2025-02-28T03:32:54.722+0000] {processor.py:208} INFO - Processing /home/airflow/.local/lib/python3.12/site-packages/airflow/example_dags/example_sla_dag.py took 0.248 seconds
[2025-02-28T03:33:25.158+0000] {processor.py:186} INFO - Started process (PID=3383) to work on /home/airflow/.local/lib/python3.12/site-packages/airflow/example_dags/example_sla_dag.py
[2025-02-28T03:33:25.160+0000] {processor.py:914} INFO - Processing file /home/airflow/.local/lib/python3.12/site-packages/airflow/example_dags/example_sla_dag.py for tasks to queue
[2025-02-28T03:33:25.163+0000] {logging_mixin.py:190} INFO - [2025-02-28T03:33:25.163+0000] {dagbag.py:588} INFO - Filling up the DagBag from /home/airflow/.local/lib/python3.12/site-packages/airflow/example_dags/example_sla_dag.py
[2025-02-28T03:33:25.180+0000] {processor.py:925} INFO - DAG(s) 'example_sla_dag' retrieved from /home/airflow/.local/lib/python3.12/site-packages/airflow/example_dags/example_sla_dag.py
[2025-02-28T03:33:25.237+0000] {logging_mixin.py:190} INFO - [2025-02-28T03:33:25.237+0000] {dag.py:3239} INFO - Sync 1 DAGs
[2025-02-28T03:33:25.320+0000] {logging_mixin.py:190} INFO - [2025-02-28T03:33:25.319+0000] {dag.py:4180} INFO - Setting next_dagrun for example_sla_dag to 2025-02-28 03:30:00+00:00, run_after=2025-02-28 03:32:00+00:00
[2025-02-28T03:33:25.367+0000] {processor.py:208} INFO - Processing /home/airflow/.local/lib/python3.12/site-packages/airflow/example_dags/example_sla_dag.py took 0.228 seconds
[2025-02-28T03:33:55.657+0000] {processor.py:186} INFO - Started process (PID=3685) to work on /home/airflow/.local/lib/python3.12/site-packages/airflow/example_dags/example_sla_dag.py
[2025-02-28T03:33:55.658+0000] {processor.py:914} INFO - Processing file /home/airflow/.local/lib/python3.12/site-packages/airflow/example_dags/example_sla_dag.py for tasks to queue
[2025-02-28T03:33:55.661+0000] {logging_mixin.py:190} INFO - [2025-02-28T03:33:55.660+0000] {dagbag.py:588} INFO - Filling up the DagBag from /home/airflow/.local/lib/python3.12/site-packages/airflow/example_dags/example_sla_dag.py
[2025-02-28T03:33:55.672+0000] {processor.py:925} INFO - DAG(s) 'example_sla_dag' retrieved from /home/airflow/.local/lib/python3.12/site-packages/airflow/example_dags/example_sla_dag.py
[2025-02-28T03:33:55.692+0000] {logging_mixin.py:190} INFO - [2025-02-28T03:33:55.692+0000] {dag.py:3239} INFO - Sync 1 DAGs
[2025-02-28T03:33:55.718+0000] {logging_mixin.py:190} INFO - [2025-02-28T03:33:55.718+0000] {dag.py:4180} INFO - Setting next_dagrun for example_sla_dag to 2025-02-28 03:30:00+00:00, run_after=2025-02-28 03:32:00+00:00
[2025-02-28T03:33:55.734+0000] {processor.py:208} INFO - Processing /home/airflow/.local/lib/python3.12/site-packages/airflow/example_dags/example_sla_dag.py took 0.083 seconds
[2025-02-28T03:34:27.233+0000] {processor.py:186} INFO - Started process (PID=3984) to work on /home/airflow/.local/lib/python3.12/site-packages/airflow/example_dags/example_sla_dag.py
[2025-02-28T03:34:27.237+0000] {processor.py:914} INFO - Processing file /home/airflow/.local/lib/python3.12/site-packages/airflow/example_dags/example_sla_dag.py for tasks to queue
[2025-02-28T03:34:27.243+0000] {logging_mixin.py:190} INFO - [2025-02-28T03:34:27.243+0000] {dagbag.py:588} INFO - Filling up the DagBag from /home/airflow/.local/lib/python3.12/site-packages/airflow/example_dags/example_sla_dag.py
[2025-02-28T03:34:27.272+0000] {processor.py:925} INFO - DAG(s) 'example_sla_dag' retrieved from /home/airflow/.local/lib/python3.12/site-packages/airflow/example_dags/example_sla_dag.py
[2025-02-28T03:34:27.331+0000] {logging_mixin.py:190} INFO - [2025-02-28T03:34:27.331+0000] {dag.py:3239} INFO - Sync 1 DAGs
[2025-02-28T03:34:27.370+0000] {logging_mixin.py:190} INFO - [2025-02-28T03:34:27.369+0000] {dag.py:4180} INFO - Setting next_dagrun for example_sla_dag to 2025-02-28 03:32:00+00:00, run_after=2025-02-28 03:34:00+00:00
[2025-02-28T03:34:27.392+0000] {processor.py:208} INFO - Processing /home/airflow/.local/lib/python3.12/site-packages/airflow/example_dags/example_sla_dag.py took 0.168 seconds
[2025-02-28T03:34:57.548+0000] {processor.py:186} INFO - Started process (PID=4285) to work on /home/airflow/.local/lib/python3.12/site-packages/airflow/example_dags/example_sla_dag.py
[2025-02-28T03:34:57.550+0000] {processor.py:914} INFO - Processing file /home/airflow/.local/lib/python3.12/site-packages/airflow/example_dags/example_sla_dag.py for tasks to queue
[2025-02-28T03:34:57.554+0000] {logging_mixin.py:190} INFO - [2025-02-28T03:34:57.553+0000] {dagbag.py:588} INFO - Filling up the DagBag from /home/airflow/.local/lib/python3.12/site-packages/airflow/example_dags/example_sla_dag.py
[2025-02-28T03:34:57.569+0000] {processor.py:925} INFO - DAG(s) 'example_sla_dag' retrieved from /home/airflow/.local/lib/python3.12/site-packages/airflow/example_dags/example_sla_dag.py
[2025-02-28T03:34:57.597+0000] {logging_mixin.py:190} INFO - [2025-02-28T03:34:57.596+0000] {dag.py:3239} INFO - Sync 1 DAGs
[2025-02-28T03:34:57.637+0000] {logging_mixin.py:190} INFO - [2025-02-28T03:34:57.637+0000] {dag.py:4180} INFO - Setting next_dagrun for example_sla_dag to 2025-02-28 03:32:00+00:00, run_after=2025-02-28 03:34:00+00:00
[2025-02-28T03:34:57.659+0000] {processor.py:208} INFO - Processing /home/airflow/.local/lib/python3.12/site-packages/airflow/example_dags/example_sla_dag.py took 0.120 seconds
[2025-02-28T03:35:28.081+0000] {processor.py:186} INFO - Started process (PID=4583) to work on /home/airflow/.local/lib/python3.12/site-packages/airflow/example_dags/example_sla_dag.py
[2025-02-28T03:35:28.082+0000] {processor.py:914} INFO - Processing file /home/airflow/.local/lib/python3.12/site-packages/airflow/example_dags/example_sla_dag.py for tasks to queue
[2025-02-28T03:35:28.085+0000] {logging_mixin.py:190} INFO - [2025-02-28T03:35:28.084+0000] {dagbag.py:588} INFO - Filling up the DagBag from /home/airflow/.local/lib/python3.12/site-packages/airflow/example_dags/example_sla_dag.py
[2025-02-28T03:35:28.100+0000] {processor.py:925} INFO - DAG(s) 'example_sla_dag' retrieved from /home/airflow/.local/lib/python3.12/site-packages/airflow/example_dags/example_sla_dag.py
[2025-02-28T03:35:28.129+0000] {logging_mixin.py:190} INFO - [2025-02-28T03:35:28.129+0000] {dag.py:3239} INFO - Sync 1 DAGs
[2025-02-28T03:35:28.171+0000] {logging_mixin.py:190} INFO - [2025-02-28T03:35:28.170+0000] {dag.py:4180} INFO - Setting next_dagrun for example_sla_dag to 2025-02-28 03:32:00+00:00, run_after=2025-02-28 03:34:00+00:00
[2025-02-28T03:35:28.194+0000] {processor.py:208} INFO - Processing /home/airflow/.local/lib/python3.12/site-packages/airflow/example_dags/example_sla_dag.py took 0.122 seconds
[2025-02-28T03:35:59.272+0000] {processor.py:186} INFO - Started process (PID=4886) to work on /home/airflow/.local/lib/python3.12/site-packages/airflow/example_dags/example_sla_dag.py
[2025-02-28T03:35:59.277+0000] {processor.py:914} INFO - Processing file /home/airflow/.local/lib/python3.12/site-packages/airflow/example_dags/example_sla_dag.py for tasks to queue
[2025-02-28T03:35:59.282+0000] {logging_mixin.py:190} INFO - [2025-02-28T03:35:59.281+0000] {dagbag.py:588} INFO - Filling up the DagBag from /home/airflow/.local/lib/python3.12/site-packages/airflow/example_dags/example_sla_dag.py
[2025-02-28T03:35:59.306+0000] {processor.py:925} INFO - DAG(s) 'example_sla_dag' retrieved from /home/airflow/.local/lib/python3.12/site-packages/airflow/example_dags/example_sla_dag.py
[2025-02-28T03:35:59.333+0000] {logging_mixin.py:190} INFO - [2025-02-28T03:35:59.333+0000] {dag.py:3239} INFO - Sync 1 DAGs
[2025-02-28T03:35:59.373+0000] {logging_mixin.py:190} INFO - [2025-02-28T03:35:59.373+0000] {dag.py:4180} INFO - Setting next_dagrun for example_sla_dag to 2025-02-28 03:32:00+00:00, run_after=2025-02-28 03:34:00+00:00
[2025-02-28T03:35:59.395+0000] {processor.py:208} INFO - Processing /home/airflow/.local/lib/python3.12/site-packages/airflow/example_dags/example_sla_dag.py took 0.142 seconds
[2025-02-28T03:36:30.611+0000] {processor.py:186} INFO - Started process (PID=5187) to work on /home/airflow/.local/lib/python3.12/site-packages/airflow/example_dags/example_sla_dag.py
[2025-02-28T03:36:30.612+0000] {processor.py:914} INFO - Processing file /home/airflow/.local/lib/python3.12/site-packages/airflow/example_dags/example_sla_dag.py for tasks to queue
[2025-02-28T03:36:30.616+0000] {logging_mixin.py:190} INFO - [2025-02-28T03:36:30.615+0000] {dagbag.py:588} INFO - Filling up the DagBag from /home/airflow/.local/lib/python3.12/site-packages/airflow/example_dags/example_sla_dag.py
[2025-02-28T03:36:30.633+0000] {processor.py:925} INFO - DAG(s) 'example_sla_dag' retrieved from /home/airflow/.local/lib/python3.12/site-packages/airflow/example_dags/example_sla_dag.py
[2025-02-28T03:36:30.695+0000] {logging_mixin.py:190} INFO - [2025-02-28T03:36:30.695+0000] {dag.py:3239} INFO - Sync 1 DAGs
[2025-02-28T03:36:30.793+0000] {logging_mixin.py:190} INFO - [2025-02-28T03:36:30.793+0000] {dag.py:4180} INFO - Setting next_dagrun for example_sla_dag to 2025-02-28 03:34:00+00:00, run_after=2025-02-28 03:36:00+00:00
[2025-02-28T03:36:30.835+0000] {processor.py:208} INFO - Processing /home/airflow/.local/lib/python3.12/site-packages/airflow/example_dags/example_sla_dag.py took 0.235 seconds
[2025-02-28T03:37:01.213+0000] {processor.py:186} INFO - Started process (PID=5488) to work on /home/airflow/.local/lib/python3.12/site-packages/airflow/example_dags/example_sla_dag.py
[2025-02-28T03:37:01.215+0000] {processor.py:914} INFO - Processing file /home/airflow/.local/lib/python3.12/site-packages/airflow/example_dags/example_sla_dag.py for tasks to queue
[2025-02-28T03:37:01.217+0000] {logging_mixin.py:190} INFO - [2025-02-28T03:37:01.217+0000] {dagbag.py:588} INFO - Filling up the DagBag from /home/airflow/.local/lib/python3.12/site-packages/airflow/example_dags/example_sla_dag.py
[2025-02-28T03:37:01.229+0000] {processor.py:925} INFO - DAG(s) 'example_sla_dag' retrieved from /home/airflow/.local/lib/python3.12/site-packages/airflow/example_dags/example_sla_dag.py
[2025-02-28T03:37:01.253+0000] {logging_mixin.py:190} INFO - [2025-02-28T03:37:01.252+0000] {dag.py:3239} INFO - Sync 1 DAGs
[2025-02-28T03:37:01.279+0000] {logging_mixin.py:190} INFO - [2025-02-28T03:37:01.279+0000] {dag.py:4180} INFO - Setting next_dagrun for example_sla_dag to 2025-02-28 03:34:00+00:00, run_after=2025-02-28 03:36:00+00:00
[2025-02-28T03:37:01.298+0000] {processor.py:208} INFO - Processing /home/airflow/.local/lib/python3.12/site-packages/airflow/example_dags/example_sla_dag.py took 0.092 seconds
