[2025-02-28T03:28:14.333+0000] {processor.py:186} INFO - Started process (PID=332) to work on /home/airflow/.local/lib/python3.12/site-packages/airflow/example_dags/example_subdag_operator.py
[2025-02-28T03:28:14.335+0000] {processor.py:914} INFO - Processing file /home/airflow/.local/lib/python3.12/site-packages/airflow/example_dags/example_subdag_operator.py for tasks to queue
[2025-02-28T03:28:14.344+0000] {logging_mixin.py:190} INFO - [2025-02-28T03:28:14.343+0000] {dagbag.py:588} INFO - Filling up the DagBag from /home/airflow/.local/lib/python3.12/site-packages/airflow/example_dags/example_subdag_operator.py
[2025-02-28T03:28:14.439+0000] {processor.py:925} INFO - DAG(s) 'example_subdag_operator.section-1', 'example_subdag_operator.section-2', 'example_subdag_operator' retrieved from /home/airflow/.local/lib/python3.12/site-packages/airflow/example_dags/example_subdag_operator.py
[2025-02-28T03:28:14.496+0000] {logging_mixin.py:190} INFO - [2025-02-28T03:28:14.495+0000] {dag.py:3239} INFO - Sync 3 DAGs
[2025-02-28T03:28:14.639+0000] {logging_mixin.py:190} INFO - [2025-02-28T03:28:14.639+0000] {dag.py:4180} INFO - Setting next_dagrun for example_subdag_operator to 2022-01-01 00:00:00+00:00, run_after=2022-01-01 00:00:00+00:00
[2025-02-28T03:28:14.651+0000] {logging_mixin.py:190} INFO - [2025-02-28T03:28:14.651+0000] {dag.py:4180} INFO - Setting next_dagrun for example_subdag_operator.section-1 to None, run_after=None
[2025-02-28T03:28:14.657+0000] {logging_mixin.py:190} INFO - [2025-02-28T03:28:14.657+0000] {dag.py:4180} INFO - Setting next_dagrun for example_subdag_operator.section-2 to None, run_after=None
[2025-02-28T03:28:14.683+0000] {logging_mixin.py:190} INFO - [2025-02-28T03:28:14.683+0000] {dag.py:3239} INFO - Sync 2 DAGs
[2025-02-28T03:28:14.707+0000] {logging_mixin.py:190} INFO - [2025-02-28T03:28:14.707+0000] {dag.py:4180} INFO - Setting next_dagrun for example_subdag_operator.section-1 to None, run_after=None
[2025-02-28T03:28:14.708+0000] {logging_mixin.py:190} INFO - [2025-02-28T03:28:14.707+0000] {dag.py:4180} INFO - Setting next_dagrun for example_subdag_operator.section-2 to None, run_after=None
[2025-02-28T03:28:14.747+0000] {processor.py:208} INFO - Processing /home/airflow/.local/lib/python3.12/site-packages/airflow/example_dags/example_subdag_operator.py took 0.440 seconds
[2025-02-28T03:28:45.567+0000] {processor.py:186} INFO - Started process (PID=633) to work on /home/airflow/.local/lib/python3.12/site-packages/airflow/example_dags/example_subdag_operator.py
[2025-02-28T03:28:45.570+0000] {processor.py:914} INFO - Processing file /home/airflow/.local/lib/python3.12/site-packages/airflow/example_dags/example_subdag_operator.py for tasks to queue
[2025-02-28T03:28:45.579+0000] {logging_mixin.py:190} INFO - [2025-02-28T03:28:45.578+0000] {dagbag.py:588} INFO - Filling up the DagBag from /home/airflow/.local/lib/python3.12/site-packages/airflow/example_dags/example_subdag_operator.py
[2025-02-28T03:28:45.638+0000] {processor.py:925} INFO - DAG(s) 'example_subdag_operator.section-1', 'example_subdag_operator.section-2', 'example_subdag_operator' retrieved from /home/airflow/.local/lib/python3.12/site-packages/airflow/example_dags/example_subdag_operator.py
[2025-02-28T03:28:45.660+0000] {logging_mixin.py:190} INFO - [2025-02-28T03:28:45.659+0000] {dag.py:3239} INFO - Sync 3 DAGs
[2025-02-28T03:28:45.743+0000] {logging_mixin.py:190} INFO - [2025-02-28T03:28:45.743+0000] {dag.py:4180} INFO - Setting next_dagrun for example_subdag_operator to 2022-01-01 00:00:00+00:00, run_after=2022-01-01 00:00:00+00:00
[2025-02-28T03:28:45.760+0000] {logging_mixin.py:190} INFO - [2025-02-28T03:28:45.760+0000] {dag.py:4180} INFO - Setting next_dagrun for example_subdag_operator.section-1 to None, run_after=None
[2025-02-28T03:28:45.771+0000] {logging_mixin.py:190} INFO - [2025-02-28T03:28:45.770+0000] {dag.py:4180} INFO - Setting next_dagrun for example_subdag_operator.section-2 to None, run_after=None
[2025-02-28T03:28:45.789+0000] {logging_mixin.py:190} INFO - [2025-02-28T03:28:45.789+0000] {dag.py:3239} INFO - Sync 2 DAGs
[2025-02-28T03:28:45.801+0000] {logging_mixin.py:190} INFO - [2025-02-28T03:28:45.801+0000] {dag.py:4180} INFO - Setting next_dagrun for example_subdag_operator.section-1 to None, run_after=None
[2025-02-28T03:28:45.802+0000] {logging_mixin.py:190} INFO - [2025-02-28T03:28:45.802+0000] {dag.py:4180} INFO - Setting next_dagrun for example_subdag_operator.section-2 to None, run_after=None
[2025-02-28T03:28:45.848+0000] {processor.py:208} INFO - Processing /home/airflow/.local/lib/python3.12/site-packages/airflow/example_dags/example_subdag_operator.py took 0.302 seconds
[2025-02-28T03:29:16.441+0000] {processor.py:186} INFO - Started process (PID=934) to work on /home/airflow/.local/lib/python3.12/site-packages/airflow/example_dags/example_subdag_operator.py
[2025-02-28T03:29:16.444+0000] {processor.py:914} INFO - Processing file /home/airflow/.local/lib/python3.12/site-packages/airflow/example_dags/example_subdag_operator.py for tasks to queue
[2025-02-28T03:29:16.451+0000] {logging_mixin.py:190} INFO - [2025-02-28T03:29:16.449+0000] {dagbag.py:588} INFO - Filling up the DagBag from /home/airflow/.local/lib/python3.12/site-packages/airflow/example_dags/example_subdag_operator.py
[2025-02-28T03:29:16.542+0000] {processor.py:925} INFO - DAG(s) 'example_subdag_operator.section-1', 'example_subdag_operator.section-2', 'example_subdag_operator' retrieved from /home/airflow/.local/lib/python3.12/site-packages/airflow/example_dags/example_subdag_operator.py
[2025-02-28T03:29:16.611+0000] {logging_mixin.py:190} INFO - [2025-02-28T03:29:16.610+0000] {dag.py:3239} INFO - Sync 3 DAGs
[2025-02-28T03:29:16.739+0000] {logging_mixin.py:190} INFO - [2025-02-28T03:29:16.737+0000] {dag.py:4180} INFO - Setting next_dagrun for example_subdag_operator to 2022-01-01 00:00:00+00:00, run_after=2022-01-01 00:00:00+00:00
[2025-02-28T03:29:16.761+0000] {logging_mixin.py:190} INFO - [2025-02-28T03:29:16.759+0000] {dag.py:4180} INFO - Setting next_dagrun for example_subdag_operator.section-1 to None, run_after=None
[2025-02-28T03:29:16.766+0000] {logging_mixin.py:190} INFO - [2025-02-28T03:29:16.766+0000] {dag.py:4180} INFO - Setting next_dagrun for example_subdag_operator.section-2 to None, run_after=None
[2025-02-28T03:29:16.800+0000] {logging_mixin.py:190} INFO - [2025-02-28T03:29:16.798+0000] {dag.py:3239} INFO - Sync 2 DAGs
[2025-02-28T03:29:16.818+0000] {logging_mixin.py:190} INFO - [2025-02-28T03:29:16.818+0000] {dag.py:4180} INFO - Setting next_dagrun for example_subdag_operator.section-1 to None, run_after=None
[2025-02-28T03:29:16.819+0000] {logging_mixin.py:190} INFO - [2025-02-28T03:29:16.819+0000] {dag.py:4180} INFO - Setting next_dagrun for example_subdag_operator.section-2 to None, run_after=None
[2025-02-28T03:29:16.862+0000] {processor.py:208} INFO - Processing /home/airflow/.local/lib/python3.12/site-packages/airflow/example_dags/example_subdag_operator.py took 0.443 seconds
[2025-02-28T03:29:47.056+0000] {processor.py:186} INFO - Started process (PID=1238) to work on /home/airflow/.local/lib/python3.12/site-packages/airflow/example_dags/example_subdag_operator.py
[2025-02-28T03:29:47.058+0000] {processor.py:914} INFO - Processing file /home/airflow/.local/lib/python3.12/site-packages/airflow/example_dags/example_subdag_operator.py for tasks to queue
[2025-02-28T03:29:47.064+0000] {logging_mixin.py:190} INFO - [2025-02-28T03:29:47.063+0000] {dagbag.py:588} INFO - Filling up the DagBag from /home/airflow/.local/lib/python3.12/site-packages/airflow/example_dags/example_subdag_operator.py
[2025-02-28T03:29:47.104+0000] {processor.py:925} INFO - DAG(s) 'example_subdag_operator.section-1', 'example_subdag_operator.section-2', 'example_subdag_operator' retrieved from /home/airflow/.local/lib/python3.12/site-packages/airflow/example_dags/example_subdag_operator.py
[2025-02-28T03:29:47.131+0000] {logging_mixin.py:190} INFO - [2025-02-28T03:29:47.131+0000] {dag.py:3239} INFO - Sync 3 DAGs
[2025-02-28T03:29:47.171+0000] {logging_mixin.py:190} INFO - [2025-02-28T03:29:47.171+0000] {dag.py:4180} INFO - Setting next_dagrun for example_subdag_operator to 2022-01-01 00:00:00+00:00, run_after=2022-01-01 00:00:00+00:00
[2025-02-28T03:29:47.182+0000] {logging_mixin.py:190} INFO - [2025-02-28T03:29:47.180+0000] {dag.py:4180} INFO - Setting next_dagrun for example_subdag_operator.section-1 to None, run_after=None
[2025-02-28T03:29:47.184+0000] {logging_mixin.py:190} INFO - [2025-02-28T03:29:47.184+0000] {dag.py:4180} INFO - Setting next_dagrun for example_subdag_operator.section-2 to None, run_after=None
[2025-02-28T03:29:47.196+0000] {logging_mixin.py:190} INFO - [2025-02-28T03:29:47.196+0000] {dag.py:3239} INFO - Sync 2 DAGs
[2025-02-28T03:29:47.205+0000] {logging_mixin.py:190} INFO - [2025-02-28T03:29:47.205+0000] {dag.py:4180} INFO - Setting next_dagrun for example_subdag_operator.section-1 to None, run_after=None
[2025-02-28T03:29:47.206+0000] {logging_mixin.py:190} INFO - [2025-02-28T03:29:47.205+0000] {dag.py:4180} INFO - Setting next_dagrun for example_subdag_operator.section-2 to None, run_after=None
[2025-02-28T03:29:47.223+0000] {processor.py:208} INFO - Processing /home/airflow/.local/lib/python3.12/site-packages/airflow/example_dags/example_subdag_operator.py took 0.176 seconds
[2025-02-28T03:30:17.573+0000] {processor.py:186} INFO - Started process (PID=1539) to work on /home/airflow/.local/lib/python3.12/site-packages/airflow/example_dags/example_subdag_operator.py
[2025-02-28T03:30:17.576+0000] {processor.py:914} INFO - Processing file /home/airflow/.local/lib/python3.12/site-packages/airflow/example_dags/example_subdag_operator.py for tasks to queue
[2025-02-28T03:30:17.582+0000] {logging_mixin.py:190} INFO - [2025-02-28T03:30:17.581+0000] {dagbag.py:588} INFO - Filling up the DagBag from /home/airflow/.local/lib/python3.12/site-packages/airflow/example_dags/example_subdag_operator.py
[2025-02-28T03:30:17.648+0000] {processor.py:925} INFO - DAG(s) 'example_subdag_operator.section-1', 'example_subdag_operator.section-2', 'example_subdag_operator' retrieved from /home/airflow/.local/lib/python3.12/site-packages/airflow/example_dags/example_subdag_operator.py
[2025-02-28T03:30:17.683+0000] {logging_mixin.py:190} INFO - [2025-02-28T03:30:17.682+0000] {dag.py:3239} INFO - Sync 3 DAGs
[2025-02-28T03:30:17.729+0000] {logging_mixin.py:190} INFO - [2025-02-28T03:30:17.728+0000] {dag.py:4180} INFO - Setting next_dagrun for example_subdag_operator to 2022-01-01 00:00:00+00:00, run_after=2022-01-01 00:00:00+00:00
[2025-02-28T03:30:17.738+0000] {logging_mixin.py:190} INFO - [2025-02-28T03:30:17.737+0000] {dag.py:4180} INFO - Setting next_dagrun for example_subdag_operator.section-1 to None, run_after=None
[2025-02-28T03:30:17.750+0000] {logging_mixin.py:190} INFO - [2025-02-28T03:30:17.750+0000] {dag.py:4180} INFO - Setting next_dagrun for example_subdag_operator.section-2 to None, run_after=None
[2025-02-28T03:30:17.795+0000] {logging_mixin.py:190} INFO - [2025-02-28T03:30:17.793+0000] {dag.py:3239} INFO - Sync 2 DAGs
[2025-02-28T03:30:17.816+0000] {logging_mixin.py:190} INFO - [2025-02-28T03:30:17.815+0000] {dag.py:4180} INFO - Setting next_dagrun for example_subdag_operator.section-1 to None, run_after=None
[2025-02-28T03:30:17.819+0000] {logging_mixin.py:190} INFO - [2025-02-28T03:30:17.819+0000] {dag.py:4180} INFO - Setting next_dagrun for example_subdag_operator.section-2 to None, run_after=None
[2025-02-28T03:30:17.845+0000] {processor.py:208} INFO - Processing /home/airflow/.local/lib/python3.12/site-packages/airflow/example_dags/example_subdag_operator.py took 0.286 seconds
[2025-02-28T03:30:48.640+0000] {processor.py:186} INFO - Started process (PID=1839) to work on /home/airflow/.local/lib/python3.12/site-packages/airflow/example_dags/example_subdag_operator.py
[2025-02-28T03:30:48.645+0000] {processor.py:914} INFO - Processing file /home/airflow/.local/lib/python3.12/site-packages/airflow/example_dags/example_subdag_operator.py for tasks to queue
[2025-02-28T03:30:48.652+0000] {logging_mixin.py:190} INFO - [2025-02-28T03:30:48.651+0000] {dagbag.py:588} INFO - Filling up the DagBag from /home/airflow/.local/lib/python3.12/site-packages/airflow/example_dags/example_subdag_operator.py
[2025-02-28T03:30:48.760+0000] {processor.py:925} INFO - DAG(s) 'example_subdag_operator.section-1', 'example_subdag_operator.section-2', 'example_subdag_operator' retrieved from /home/airflow/.local/lib/python3.12/site-packages/airflow/example_dags/example_subdag_operator.py
[2025-02-28T03:30:48.825+0000] {logging_mixin.py:190} INFO - [2025-02-28T03:30:48.825+0000] {dag.py:3239} INFO - Sync 3 DAGs
[2025-02-28T03:30:48.891+0000] {logging_mixin.py:190} INFO - [2025-02-28T03:30:48.891+0000] {dag.py:4180} INFO - Setting next_dagrun for example_subdag_operator to 2022-01-01 00:00:00+00:00, run_after=2022-01-01 00:00:00+00:00
[2025-02-28T03:30:48.906+0000] {logging_mixin.py:190} INFO - [2025-02-28T03:30:48.905+0000] {dag.py:4180} INFO - Setting next_dagrun for example_subdag_operator.section-1 to None, run_after=None
[2025-02-28T03:30:48.910+0000] {logging_mixin.py:190} INFO - [2025-02-28T03:30:48.909+0000] {dag.py:4180} INFO - Setting next_dagrun for example_subdag_operator.section-2 to None, run_after=None
[2025-02-28T03:30:48.932+0000] {logging_mixin.py:190} INFO - [2025-02-28T03:30:48.931+0000] {dag.py:3239} INFO - Sync 2 DAGs
[2025-02-28T03:30:48.948+0000] {logging_mixin.py:190} INFO - [2025-02-28T03:30:48.948+0000] {dag.py:4180} INFO - Setting next_dagrun for example_subdag_operator.section-1 to None, run_after=None
[2025-02-28T03:30:48.949+0000] {logging_mixin.py:190} INFO - [2025-02-28T03:30:48.949+0000] {dag.py:4180} INFO - Setting next_dagrun for example_subdag_operator.section-2 to None, run_after=None
[2025-02-28T03:30:48.981+0000] {processor.py:208} INFO - Processing /home/airflow/.local/lib/python3.12/site-packages/airflow/example_dags/example_subdag_operator.py took 0.357 seconds
[2025-02-28T03:31:19.438+0000] {processor.py:186} INFO - Started process (PID=2140) to work on /home/airflow/.local/lib/python3.12/site-packages/airflow/example_dags/example_subdag_operator.py
[2025-02-28T03:31:19.440+0000] {processor.py:914} INFO - Processing file /home/airflow/.local/lib/python3.12/site-packages/airflow/example_dags/example_subdag_operator.py for tasks to queue
[2025-02-28T03:31:19.449+0000] {logging_mixin.py:190} INFO - [2025-02-28T03:31:19.448+0000] {dagbag.py:588} INFO - Filling up the DagBag from /home/airflow/.local/lib/python3.12/site-packages/airflow/example_dags/example_subdag_operator.py
[2025-02-28T03:31:19.543+0000] {processor.py:925} INFO - DAG(s) 'example_subdag_operator.section-1', 'example_subdag_operator.section-2', 'example_subdag_operator' retrieved from /home/airflow/.local/lib/python3.12/site-packages/airflow/example_dags/example_subdag_operator.py
[2025-02-28T03:31:19.574+0000] {logging_mixin.py:190} INFO - [2025-02-28T03:31:19.573+0000] {dag.py:3239} INFO - Sync 3 DAGs
[2025-02-28T03:31:19.610+0000] {logging_mixin.py:190} INFO - [2025-02-28T03:31:19.610+0000] {dag.py:4180} INFO - Setting next_dagrun for example_subdag_operator to 2022-01-01 00:00:00+00:00, run_after=2022-01-01 00:00:00+00:00
[2025-02-28T03:31:19.615+0000] {logging_mixin.py:190} INFO - [2025-02-28T03:31:19.615+0000] {dag.py:4180} INFO - Setting next_dagrun for example_subdag_operator.section-1 to None, run_after=None
[2025-02-28T03:31:19.617+0000] {logging_mixin.py:190} INFO - [2025-02-28T03:31:19.617+0000] {dag.py:4180} INFO - Setting next_dagrun for example_subdag_operator.section-2 to None, run_after=None
[2025-02-28T03:31:19.626+0000] {logging_mixin.py:190} INFO - [2025-02-28T03:31:19.626+0000] {dag.py:3239} INFO - Sync 2 DAGs
[2025-02-28T03:31:19.635+0000] {logging_mixin.py:190} INFO - [2025-02-28T03:31:19.635+0000] {dag.py:4180} INFO - Setting next_dagrun for example_subdag_operator.section-1 to None, run_after=None
[2025-02-28T03:31:19.636+0000] {logging_mixin.py:190} INFO - [2025-02-28T03:31:19.636+0000] {dag.py:4180} INFO - Setting next_dagrun for example_subdag_operator.section-2 to None, run_after=None
[2025-02-28T03:31:19.649+0000] {processor.py:208} INFO - Processing /home/airflow/.local/lib/python3.12/site-packages/airflow/example_dags/example_subdag_operator.py took 0.230 seconds
[2025-02-28T03:31:49.927+0000] {processor.py:186} INFO - Started process (PID=2441) to work on /home/airflow/.local/lib/python3.12/site-packages/airflow/example_dags/example_subdag_operator.py
[2025-02-28T03:31:49.933+0000] {processor.py:914} INFO - Processing file /home/airflow/.local/lib/python3.12/site-packages/airflow/example_dags/example_subdag_operator.py for tasks to queue
[2025-02-28T03:31:49.940+0000] {logging_mixin.py:190} INFO - [2025-02-28T03:31:49.939+0000] {dagbag.py:588} INFO - Filling up the DagBag from /home/airflow/.local/lib/python3.12/site-packages/airflow/example_dags/example_subdag_operator.py
[2025-02-28T03:31:50.041+0000] {processor.py:925} INFO - DAG(s) 'example_subdag_operator.section-1', 'example_subdag_operator.section-2', 'example_subdag_operator' retrieved from /home/airflow/.local/lib/python3.12/site-packages/airflow/example_dags/example_subdag_operator.py
[2025-02-28T03:31:50.108+0000] {logging_mixin.py:190} INFO - [2025-02-28T03:31:50.107+0000] {dag.py:3239} INFO - Sync 3 DAGs
[2025-02-28T03:31:50.186+0000] {logging_mixin.py:190} INFO - [2025-02-28T03:31:50.186+0000] {dag.py:4180} INFO - Setting next_dagrun for example_subdag_operator to 2022-01-01 00:00:00+00:00, run_after=2022-01-01 00:00:00+00:00
[2025-02-28T03:31:50.193+0000] {logging_mixin.py:190} INFO - [2025-02-28T03:31:50.192+0000] {dag.py:4180} INFO - Setting next_dagrun for example_subdag_operator.section-1 to None, run_after=None
[2025-02-28T03:31:50.195+0000] {logging_mixin.py:190} INFO - [2025-02-28T03:31:50.195+0000] {dag.py:4180} INFO - Setting next_dagrun for example_subdag_operator.section-2 to None, run_after=None
[2025-02-28T03:31:50.207+0000] {logging_mixin.py:190} INFO - [2025-02-28T03:31:50.207+0000] {dag.py:3239} INFO - Sync 2 DAGs
[2025-02-28T03:31:50.217+0000] {logging_mixin.py:190} INFO - [2025-02-28T03:31:50.217+0000] {dag.py:4180} INFO - Setting next_dagrun for example_subdag_operator.section-1 to None, run_after=None
[2025-02-28T03:31:50.218+0000] {logging_mixin.py:190} INFO - [2025-02-28T03:31:50.218+0000] {dag.py:4180} INFO - Setting next_dagrun for example_subdag_operator.section-2 to None, run_after=None
[2025-02-28T03:31:50.245+0000] {processor.py:208} INFO - Processing /home/airflow/.local/lib/python3.12/site-packages/airflow/example_dags/example_subdag_operator.py took 0.338 seconds
[2025-02-28T03:32:20.556+0000] {processor.py:186} INFO - Started process (PID=2743) to work on /home/airflow/.local/lib/python3.12/site-packages/airflow/example_dags/example_subdag_operator.py
[2025-02-28T03:32:20.558+0000] {processor.py:914} INFO - Processing file /home/airflow/.local/lib/python3.12/site-packages/airflow/example_dags/example_subdag_operator.py for tasks to queue
[2025-02-28T03:32:20.562+0000] {logging_mixin.py:190} INFO - [2025-02-28T03:32:20.561+0000] {dagbag.py:588} INFO - Filling up the DagBag from /home/airflow/.local/lib/python3.12/site-packages/airflow/example_dags/example_subdag_operator.py
[2025-02-28T03:32:20.624+0000] {processor.py:925} INFO - DAG(s) 'example_subdag_operator.section-1', 'example_subdag_operator.section-2', 'example_subdag_operator' retrieved from /home/airflow/.local/lib/python3.12/site-packages/airflow/example_dags/example_subdag_operator.py
[2025-02-28T03:32:20.672+0000] {logging_mixin.py:190} INFO - [2025-02-28T03:32:20.672+0000] {dag.py:3239} INFO - Sync 3 DAGs
[2025-02-28T03:32:20.738+0000] {logging_mixin.py:190} INFO - [2025-02-28T03:32:20.738+0000] {dag.py:4180} INFO - Setting next_dagrun for example_subdag_operator to 2022-01-01 00:00:00+00:00, run_after=2022-01-01 00:00:00+00:00
[2025-02-28T03:32:20.751+0000] {logging_mixin.py:190} INFO - [2025-02-28T03:32:20.751+0000] {dag.py:4180} INFO - Setting next_dagrun for example_subdag_operator.section-1 to None, run_after=None
[2025-02-28T03:32:20.754+0000] {logging_mixin.py:190} INFO - [2025-02-28T03:32:20.754+0000] {dag.py:4180} INFO - Setting next_dagrun for example_subdag_operator.section-2 to None, run_after=None
[2025-02-28T03:32:20.774+0000] {logging_mixin.py:190} INFO - [2025-02-28T03:32:20.773+0000] {dag.py:3239} INFO - Sync 2 DAGs
[2025-02-28T03:32:20.792+0000] {logging_mixin.py:190} INFO - [2025-02-28T03:32:20.792+0000] {dag.py:4180} INFO - Setting next_dagrun for example_subdag_operator.section-1 to None, run_after=None
[2025-02-28T03:32:20.792+0000] {logging_mixin.py:190} INFO - [2025-02-28T03:32:20.792+0000] {dag.py:4180} INFO - Setting next_dagrun for example_subdag_operator.section-2 to None, run_after=None
[2025-02-28T03:32:20.812+0000] {processor.py:208} INFO - Processing /home/airflow/.local/lib/python3.12/site-packages/airflow/example_dags/example_subdag_operator.py took 0.268 seconds
[2025-02-28T03:32:52.169+0000] {processor.py:186} INFO - Started process (PID=3042) to work on /home/airflow/.local/lib/python3.12/site-packages/airflow/example_dags/example_subdag_operator.py
[2025-02-28T03:32:52.173+0000] {processor.py:914} INFO - Processing file /home/airflow/.local/lib/python3.12/site-packages/airflow/example_dags/example_subdag_operator.py for tasks to queue
[2025-02-28T03:32:52.180+0000] {logging_mixin.py:190} INFO - [2025-02-28T03:32:52.179+0000] {dagbag.py:588} INFO - Filling up the DagBag from /home/airflow/.local/lib/python3.12/site-packages/airflow/example_dags/example_subdag_operator.py
[2025-02-28T03:32:52.320+0000] {processor.py:925} INFO - DAG(s) 'example_subdag_operator.section-1', 'example_subdag_operator.section-2', 'example_subdag_operator' retrieved from /home/airflow/.local/lib/python3.12/site-packages/airflow/example_dags/example_subdag_operator.py
[2025-02-28T03:32:52.381+0000] {logging_mixin.py:190} INFO - [2025-02-28T03:32:52.381+0000] {dag.py:3239} INFO - Sync 3 DAGs
[2025-02-28T03:32:52.490+0000] {logging_mixin.py:190} INFO - [2025-02-28T03:32:52.490+0000] {dag.py:4180} INFO - Setting next_dagrun for example_subdag_operator to 2022-01-01 00:00:00+00:00, run_after=2022-01-01 00:00:00+00:00
[2025-02-28T03:32:52.505+0000] {logging_mixin.py:190} INFO - [2025-02-28T03:32:52.505+0000] {dag.py:4180} INFO - Setting next_dagrun for example_subdag_operator.section-1 to None, run_after=None
[2025-02-28T03:32:52.508+0000] {logging_mixin.py:190} INFO - [2025-02-28T03:32:52.508+0000] {dag.py:4180} INFO - Setting next_dagrun for example_subdag_operator.section-2 to None, run_after=None
[2025-02-28T03:32:52.529+0000] {logging_mixin.py:190} INFO - [2025-02-28T03:32:52.529+0000] {dag.py:3239} INFO - Sync 2 DAGs
[2025-02-28T03:32:52.549+0000] {logging_mixin.py:190} INFO - [2025-02-28T03:32:52.549+0000] {dag.py:4180} INFO - Setting next_dagrun for example_subdag_operator.section-1 to None, run_after=None
[2025-02-28T03:32:52.551+0000] {logging_mixin.py:190} INFO - [2025-02-28T03:32:52.550+0000] {dag.py:4180} INFO - Setting next_dagrun for example_subdag_operator.section-2 to None, run_after=None
[2025-02-28T03:32:52.577+0000] {processor.py:208} INFO - Processing /home/airflow/.local/lib/python3.12/site-packages/airflow/example_dags/example_subdag_operator.py took 0.417 seconds
[2025-02-28T03:33:23.034+0000] {processor.py:186} INFO - Started process (PID=3343) to work on /home/airflow/.local/lib/python3.12/site-packages/airflow/example_dags/example_subdag_operator.py
[2025-02-28T03:33:23.035+0000] {processor.py:914} INFO - Processing file /home/airflow/.local/lib/python3.12/site-packages/airflow/example_dags/example_subdag_operator.py for tasks to queue
[2025-02-28T03:33:23.039+0000] {logging_mixin.py:190} INFO - [2025-02-28T03:33:23.038+0000] {dagbag.py:588} INFO - Filling up the DagBag from /home/airflow/.local/lib/python3.12/site-packages/airflow/example_dags/example_subdag_operator.py
[2025-02-28T03:33:23.077+0000] {processor.py:925} INFO - DAG(s) 'example_subdag_operator.section-1', 'example_subdag_operator.section-2', 'example_subdag_operator' retrieved from /home/airflow/.local/lib/python3.12/site-packages/airflow/example_dags/example_subdag_operator.py
[2025-02-28T03:33:23.102+0000] {logging_mixin.py:190} INFO - [2025-02-28T03:33:23.101+0000] {dag.py:3239} INFO - Sync 3 DAGs
[2025-02-28T03:33:23.168+0000] {logging_mixin.py:190} INFO - [2025-02-28T03:33:23.168+0000] {dag.py:4180} INFO - Setting next_dagrun for example_subdag_operator to 2022-01-01 00:00:00+00:00, run_after=2022-01-01 00:00:00+00:00
[2025-02-28T03:33:23.183+0000] {logging_mixin.py:190} INFO - [2025-02-28T03:33:23.181+0000] {dag.py:4180} INFO - Setting next_dagrun for example_subdag_operator.section-1 to None, run_after=None
[2025-02-28T03:33:23.189+0000] {logging_mixin.py:190} INFO - [2025-02-28T03:33:23.188+0000] {dag.py:4180} INFO - Setting next_dagrun for example_subdag_operator.section-2 to None, run_after=None
[2025-02-28T03:33:23.206+0000] {logging_mixin.py:190} INFO - [2025-02-28T03:33:23.206+0000] {dag.py:3239} INFO - Sync 2 DAGs
[2025-02-28T03:33:23.217+0000] {logging_mixin.py:190} INFO - [2025-02-28T03:33:23.217+0000] {dag.py:4180} INFO - Setting next_dagrun for example_subdag_operator.section-1 to None, run_after=None
[2025-02-28T03:33:23.218+0000] {logging_mixin.py:190} INFO - [2025-02-28T03:33:23.218+0000] {dag.py:4180} INFO - Setting next_dagrun for example_subdag_operator.section-2 to None, run_after=None
[2025-02-28T03:33:23.242+0000] {processor.py:208} INFO - Processing /home/airflow/.local/lib/python3.12/site-packages/airflow/example_dags/example_subdag_operator.py took 0.217 seconds
[2025-02-28T03:33:54.024+0000] {processor.py:186} INFO - Started process (PID=3643) to work on /home/airflow/.local/lib/python3.12/site-packages/airflow/example_dags/example_subdag_operator.py
[2025-02-28T03:33:54.029+0000] {processor.py:914} INFO - Processing file /home/airflow/.local/lib/python3.12/site-packages/airflow/example_dags/example_subdag_operator.py for tasks to queue
[2025-02-28T03:33:54.044+0000] {logging_mixin.py:190} INFO - [2025-02-28T03:33:54.043+0000] {dagbag.py:588} INFO - Filling up the DagBag from /home/airflow/.local/lib/python3.12/site-packages/airflow/example_dags/example_subdag_operator.py
[2025-02-28T03:33:54.145+0000] {processor.py:925} INFO - DAG(s) 'example_subdag_operator.section-1', 'example_subdag_operator.section-2', 'example_subdag_operator' retrieved from /home/airflow/.local/lib/python3.12/site-packages/airflow/example_dags/example_subdag_operator.py
[2025-02-28T03:33:54.194+0000] {logging_mixin.py:190} INFO - [2025-02-28T03:33:54.194+0000] {dag.py:3239} INFO - Sync 3 DAGs
[2025-02-28T03:33:54.269+0000] {logging_mixin.py:190} INFO - [2025-02-28T03:33:54.268+0000] {dag.py:4180} INFO - Setting next_dagrun for example_subdag_operator to 2022-01-01 00:00:00+00:00, run_after=2022-01-01 00:00:00+00:00
[2025-02-28T03:33:54.281+0000] {logging_mixin.py:190} INFO - [2025-02-28T03:33:54.281+0000] {dag.py:4180} INFO - Setting next_dagrun for example_subdag_operator.section-1 to None, run_after=None
[2025-02-28T03:33:54.285+0000] {logging_mixin.py:190} INFO - [2025-02-28T03:33:54.284+0000] {dag.py:4180} INFO - Setting next_dagrun for example_subdag_operator.section-2 to None, run_after=None
[2025-02-28T03:33:54.304+0000] {logging_mixin.py:190} INFO - [2025-02-28T03:33:54.304+0000] {dag.py:3239} INFO - Sync 2 DAGs
[2025-02-28T03:33:54.318+0000] {logging_mixin.py:190} INFO - [2025-02-28T03:33:54.318+0000] {dag.py:4180} INFO - Setting next_dagrun for example_subdag_operator.section-1 to None, run_after=None
[2025-02-28T03:33:54.319+0000] {logging_mixin.py:190} INFO - [2025-02-28T03:33:54.318+0000] {dag.py:4180} INFO - Setting next_dagrun for example_subdag_operator.section-2 to None, run_after=None
[2025-02-28T03:33:54.346+0000] {processor.py:208} INFO - Processing /home/airflow/.local/lib/python3.12/site-packages/airflow/example_dags/example_subdag_operator.py took 0.357 seconds
[2025-02-28T03:34:24.842+0000] {processor.py:186} INFO - Started process (PID=3939) to work on /home/airflow/.local/lib/python3.12/site-packages/airflow/example_dags/example_subdag_operator.py
[2025-02-28T03:34:24.844+0000] {processor.py:914} INFO - Processing file /home/airflow/.local/lib/python3.12/site-packages/airflow/example_dags/example_subdag_operator.py for tasks to queue
[2025-02-28T03:34:24.848+0000] {logging_mixin.py:190} INFO - [2025-02-28T03:34:24.847+0000] {dagbag.py:588} INFO - Filling up the DagBag from /home/airflow/.local/lib/python3.12/site-packages/airflow/example_dags/example_subdag_operator.py
[2025-02-28T03:34:24.914+0000] {processor.py:925} INFO - DAG(s) 'example_subdag_operator.section-1', 'example_subdag_operator.section-2', 'example_subdag_operator' retrieved from /home/airflow/.local/lib/python3.12/site-packages/airflow/example_dags/example_subdag_operator.py
[2025-02-28T03:34:24.966+0000] {logging_mixin.py:190} INFO - [2025-02-28T03:34:24.966+0000] {dag.py:3239} INFO - Sync 3 DAGs
[2025-02-28T03:34:25.039+0000] {logging_mixin.py:190} INFO - [2025-02-28T03:34:25.039+0000] {dag.py:4180} INFO - Setting next_dagrun for example_subdag_operator to 2022-01-01 00:00:00+00:00, run_after=2022-01-01 00:00:00+00:00
[2025-02-28T03:34:25.051+0000] {logging_mixin.py:190} INFO - [2025-02-28T03:34:25.051+0000] {dag.py:4180} INFO - Setting next_dagrun for example_subdag_operator.section-1 to None, run_after=None
[2025-02-28T03:34:25.059+0000] {logging_mixin.py:190} INFO - [2025-02-28T03:34:25.058+0000] {dag.py:4180} INFO - Setting next_dagrun for example_subdag_operator.section-2 to None, run_after=None
[2025-02-28T03:34:25.074+0000] {logging_mixin.py:190} INFO - [2025-02-28T03:34:25.074+0000] {dag.py:3239} INFO - Sync 2 DAGs
[2025-02-28T03:34:25.084+0000] {logging_mixin.py:190} INFO - [2025-02-28T03:34:25.084+0000] {dag.py:4180} INFO - Setting next_dagrun for example_subdag_operator.section-1 to None, run_after=None
[2025-02-28T03:34:25.085+0000] {logging_mixin.py:190} INFO - [2025-02-28T03:34:25.085+0000] {dag.py:4180} INFO - Setting next_dagrun for example_subdag_operator.section-2 to None, run_after=None
[2025-02-28T03:34:25.113+0000] {processor.py:208} INFO - Processing /home/airflow/.local/lib/python3.12/site-packages/airflow/example_dags/example_subdag_operator.py took 0.294 seconds
[2025-02-28T03:34:55.300+0000] {processor.py:186} INFO - Started process (PID=4240) to work on /home/airflow/.local/lib/python3.12/site-packages/airflow/example_dags/example_subdag_operator.py
[2025-02-28T03:34:55.309+0000] {processor.py:914} INFO - Processing file /home/airflow/.local/lib/python3.12/site-packages/airflow/example_dags/example_subdag_operator.py for tasks to queue
[2025-02-28T03:34:55.320+0000] {logging_mixin.py:190} INFO - [2025-02-28T03:34:55.317+0000] {dagbag.py:588} INFO - Filling up the DagBag from /home/airflow/.local/lib/python3.12/site-packages/airflow/example_dags/example_subdag_operator.py
[2025-02-28T03:34:55.424+0000] {processor.py:925} INFO - DAG(s) 'example_subdag_operator.section-1', 'example_subdag_operator.section-2', 'example_subdag_operator' retrieved from /home/airflow/.local/lib/python3.12/site-packages/airflow/example_dags/example_subdag_operator.py
[2025-02-28T03:34:55.487+0000] {logging_mixin.py:190} INFO - [2025-02-28T03:34:55.487+0000] {dag.py:3239} INFO - Sync 3 DAGs
[2025-02-28T03:34:55.560+0000] {logging_mixin.py:190} INFO - [2025-02-28T03:34:55.559+0000] {dag.py:4180} INFO - Setting next_dagrun for example_subdag_operator to 2022-01-01 00:00:00+00:00, run_after=2022-01-01 00:00:00+00:00
[2025-02-28T03:34:55.573+0000] {logging_mixin.py:190} INFO - [2025-02-28T03:34:55.573+0000] {dag.py:4180} INFO - Setting next_dagrun for example_subdag_operator.section-1 to None, run_after=None
[2025-02-28T03:34:55.579+0000] {logging_mixin.py:190} INFO - [2025-02-28T03:34:55.578+0000] {dag.py:4180} INFO - Setting next_dagrun for example_subdag_operator.section-2 to None, run_after=None
[2025-02-28T03:34:55.600+0000] {logging_mixin.py:190} INFO - [2025-02-28T03:34:55.600+0000] {dag.py:3239} INFO - Sync 2 DAGs
[2025-02-28T03:34:55.611+0000] {logging_mixin.py:190} INFO - [2025-02-28T03:34:55.611+0000] {dag.py:4180} INFO - Setting next_dagrun for example_subdag_operator.section-1 to None, run_after=None
[2025-02-28T03:34:55.614+0000] {logging_mixin.py:190} INFO - [2025-02-28T03:34:55.613+0000] {dag.py:4180} INFO - Setting next_dagrun for example_subdag_operator.section-2 to None, run_after=None
[2025-02-28T03:34:55.640+0000] {processor.py:208} INFO - Processing /home/airflow/.local/lib/python3.12/site-packages/airflow/example_dags/example_subdag_operator.py took 0.371 seconds
[2025-02-28T03:35:26.394+0000] {processor.py:186} INFO - Started process (PID=4543) to work on /home/airflow/.local/lib/python3.12/site-packages/airflow/example_dags/example_subdag_operator.py
[2025-02-28T03:35:26.398+0000] {processor.py:914} INFO - Processing file /home/airflow/.local/lib/python3.12/site-packages/airflow/example_dags/example_subdag_operator.py for tasks to queue
[2025-02-28T03:35:26.403+0000] {logging_mixin.py:190} INFO - [2025-02-28T03:35:26.403+0000] {dagbag.py:588} INFO - Filling up the DagBag from /home/airflow/.local/lib/python3.12/site-packages/airflow/example_dags/example_subdag_operator.py
[2025-02-28T03:35:26.447+0000] {processor.py:925} INFO - DAG(s) 'example_subdag_operator.section-1', 'example_subdag_operator.section-2', 'example_subdag_operator' retrieved from /home/airflow/.local/lib/python3.12/site-packages/airflow/example_dags/example_subdag_operator.py
[2025-02-28T03:35:26.475+0000] {logging_mixin.py:190} INFO - [2025-02-28T03:35:26.475+0000] {dag.py:3239} INFO - Sync 3 DAGs
[2025-02-28T03:35:26.516+0000] {logging_mixin.py:190} INFO - [2025-02-28T03:35:26.515+0000] {dag.py:4180} INFO - Setting next_dagrun for example_subdag_operator to 2022-01-01 00:00:00+00:00, run_after=2022-01-01 00:00:00+00:00
[2025-02-28T03:35:26.521+0000] {logging_mixin.py:190} INFO - [2025-02-28T03:35:26.521+0000] {dag.py:4180} INFO - Setting next_dagrun for example_subdag_operator.section-1 to None, run_after=None
[2025-02-28T03:35:26.523+0000] {logging_mixin.py:190} INFO - [2025-02-28T03:35:26.523+0000] {dag.py:4180} INFO - Setting next_dagrun for example_subdag_operator.section-2 to None, run_after=None
[2025-02-28T03:35:26.532+0000] {logging_mixin.py:190} INFO - [2025-02-28T03:35:26.531+0000] {dag.py:3239} INFO - Sync 2 DAGs
[2025-02-28T03:35:26.540+0000] {logging_mixin.py:190} INFO - [2025-02-28T03:35:26.539+0000] {dag.py:4180} INFO - Setting next_dagrun for example_subdag_operator.section-1 to None, run_after=None
[2025-02-28T03:35:26.540+0000] {logging_mixin.py:190} INFO - [2025-02-28T03:35:26.540+0000] {dag.py:4180} INFO - Setting next_dagrun for example_subdag_operator.section-2 to None, run_after=None
[2025-02-28T03:35:26.564+0000] {processor.py:208} INFO - Processing /home/airflow/.local/lib/python3.12/site-packages/airflow/example_dags/example_subdag_operator.py took 0.179 seconds
[2025-02-28T03:35:56.798+0000] {processor.py:186} INFO - Started process (PID=4844) to work on /home/airflow/.local/lib/python3.12/site-packages/airflow/example_dags/example_subdag_operator.py
[2025-02-28T03:35:56.802+0000] {processor.py:914} INFO - Processing file /home/airflow/.local/lib/python3.12/site-packages/airflow/example_dags/example_subdag_operator.py for tasks to queue
[2025-02-28T03:35:56.808+0000] {logging_mixin.py:190} INFO - [2025-02-28T03:35:56.806+0000] {dagbag.py:588} INFO - Filling up the DagBag from /home/airflow/.local/lib/python3.12/site-packages/airflow/example_dags/example_subdag_operator.py
[2025-02-28T03:35:56.887+0000] {processor.py:925} INFO - DAG(s) 'example_subdag_operator.section-1', 'example_subdag_operator.section-2', 'example_subdag_operator' retrieved from /home/airflow/.local/lib/python3.12/site-packages/airflow/example_dags/example_subdag_operator.py
[2025-02-28T03:35:56.936+0000] {logging_mixin.py:190} INFO - [2025-02-28T03:35:56.935+0000] {dag.py:3239} INFO - Sync 3 DAGs
[2025-02-28T03:35:57.005+0000] {logging_mixin.py:190} INFO - [2025-02-28T03:35:57.005+0000] {dag.py:4180} INFO - Setting next_dagrun for example_subdag_operator to 2022-01-01 00:00:00+00:00, run_after=2022-01-01 00:00:00+00:00
[2025-02-28T03:35:57.015+0000] {logging_mixin.py:190} INFO - [2025-02-28T03:35:57.014+0000] {dag.py:4180} INFO - Setting next_dagrun for example_subdag_operator.section-1 to None, run_after=None
[2025-02-28T03:35:57.019+0000] {logging_mixin.py:190} INFO - [2025-02-28T03:35:57.018+0000] {dag.py:4180} INFO - Setting next_dagrun for example_subdag_operator.section-2 to None, run_after=None
[2025-02-28T03:35:57.040+0000] {logging_mixin.py:190} INFO - [2025-02-28T03:35:57.038+0000] {dag.py:3239} INFO - Sync 2 DAGs
[2025-02-28T03:35:57.057+0000] {logging_mixin.py:190} INFO - [2025-02-28T03:35:57.056+0000] {dag.py:4180} INFO - Setting next_dagrun for example_subdag_operator.section-1 to None, run_after=None
[2025-02-28T03:35:57.057+0000] {logging_mixin.py:190} INFO - [2025-02-28T03:35:57.057+0000] {dag.py:4180} INFO - Setting next_dagrun for example_subdag_operator.section-2 to None, run_after=None
[2025-02-28T03:35:57.090+0000] {processor.py:208} INFO - Processing /home/airflow/.local/lib/python3.12/site-packages/airflow/example_dags/example_subdag_operator.py took 0.313 seconds
[2025-02-28T03:36:27.300+0000] {processor.py:186} INFO - Started process (PID=5145) to work on /home/airflow/.local/lib/python3.12/site-packages/airflow/example_dags/example_subdag_operator.py
[2025-02-28T03:36:27.301+0000] {processor.py:914} INFO - Processing file /home/airflow/.local/lib/python3.12/site-packages/airflow/example_dags/example_subdag_operator.py for tasks to queue
[2025-02-28T03:36:27.305+0000] {logging_mixin.py:190} INFO - [2025-02-28T03:36:27.304+0000] {dagbag.py:588} INFO - Filling up the DagBag from /home/airflow/.local/lib/python3.12/site-packages/airflow/example_dags/example_subdag_operator.py
[2025-02-28T03:36:27.344+0000] {processor.py:925} INFO - DAG(s) 'example_subdag_operator.section-1', 'example_subdag_operator.section-2', 'example_subdag_operator' retrieved from /home/airflow/.local/lib/python3.12/site-packages/airflow/example_dags/example_subdag_operator.py
[2025-02-28T03:36:27.398+0000] {logging_mixin.py:190} INFO - [2025-02-28T03:36:27.398+0000] {dag.py:3239} INFO - Sync 3 DAGs
[2025-02-28T03:36:27.441+0000] {logging_mixin.py:190} INFO - [2025-02-28T03:36:27.440+0000] {dag.py:4180} INFO - Setting next_dagrun for example_subdag_operator to 2022-01-01 00:00:00+00:00, run_after=2022-01-01 00:00:00+00:00
[2025-02-28T03:36:27.446+0000] {logging_mixin.py:190} INFO - [2025-02-28T03:36:27.446+0000] {dag.py:4180} INFO - Setting next_dagrun for example_subdag_operator.section-1 to None, run_after=None
[2025-02-28T03:36:27.448+0000] {logging_mixin.py:190} INFO - [2025-02-28T03:36:27.448+0000] {dag.py:4180} INFO - Setting next_dagrun for example_subdag_operator.section-2 to None, run_after=None
[2025-02-28T03:36:27.458+0000] {logging_mixin.py:190} INFO - [2025-02-28T03:36:27.458+0000] {dag.py:3239} INFO - Sync 2 DAGs
[2025-02-28T03:36:27.467+0000] {logging_mixin.py:190} INFO - [2025-02-28T03:36:27.466+0000] {dag.py:4180} INFO - Setting next_dagrun for example_subdag_operator.section-1 to None, run_after=None
[2025-02-28T03:36:27.467+0000] {logging_mixin.py:190} INFO - [2025-02-28T03:36:27.467+0000] {dag.py:4180} INFO - Setting next_dagrun for example_subdag_operator.section-2 to None, run_after=None
[2025-02-28T03:36:27.482+0000] {processor.py:208} INFO - Processing /home/airflow/.local/lib/python3.12/site-packages/airflow/example_dags/example_subdag_operator.py took 0.196 seconds
[2025-02-28T03:36:58.038+0000] {processor.py:186} INFO - Started process (PID=5441) to work on /home/airflow/.local/lib/python3.12/site-packages/airflow/example_dags/example_subdag_operator.py
[2025-02-28T03:36:58.040+0000] {processor.py:914} INFO - Processing file /home/airflow/.local/lib/python3.12/site-packages/airflow/example_dags/example_subdag_operator.py for tasks to queue
[2025-02-28T03:36:58.046+0000] {logging_mixin.py:190} INFO - [2025-02-28T03:36:58.046+0000] {dagbag.py:588} INFO - Filling up the DagBag from /home/airflow/.local/lib/python3.12/site-packages/airflow/example_dags/example_subdag_operator.py
[2025-02-28T03:36:58.134+0000] {processor.py:925} INFO - DAG(s) 'example_subdag_operator.section-1', 'example_subdag_operator.section-2', 'example_subdag_operator' retrieved from /home/airflow/.local/lib/python3.12/site-packages/airflow/example_dags/example_subdag_operator.py
[2025-02-28T03:36:58.186+0000] {logging_mixin.py:190} INFO - [2025-02-28T03:36:58.185+0000] {dag.py:3239} INFO - Sync 3 DAGs
[2025-02-28T03:36:58.270+0000] {logging_mixin.py:190} INFO - [2025-02-28T03:36:58.270+0000] {dag.py:4180} INFO - Setting next_dagrun for example_subdag_operator to 2022-01-01 00:00:00+00:00, run_after=2022-01-01 00:00:00+00:00
[2025-02-28T03:36:58.283+0000] {logging_mixin.py:190} INFO - [2025-02-28T03:36:58.282+0000] {dag.py:4180} INFO - Setting next_dagrun for example_subdag_operator.section-1 to None, run_after=None
[2025-02-28T03:36:58.289+0000] {logging_mixin.py:190} INFO - [2025-02-28T03:36:58.289+0000] {dag.py:4180} INFO - Setting next_dagrun for example_subdag_operator.section-2 to None, run_after=None
[2025-02-28T03:36:58.311+0000] {logging_mixin.py:190} INFO - [2025-02-28T03:36:58.311+0000] {dag.py:3239} INFO - Sync 2 DAGs
[2025-02-28T03:36:58.332+0000] {logging_mixin.py:190} INFO - [2025-02-28T03:36:58.331+0000] {dag.py:4180} INFO - Setting next_dagrun for example_subdag_operator.section-1 to None, run_after=None
[2025-02-28T03:36:58.332+0000] {logging_mixin.py:190} INFO - [2025-02-28T03:36:58.332+0000] {dag.py:4180} INFO - Setting next_dagrun for example_subdag_operator.section-2 to None, run_after=None
[2025-02-28T03:36:58.361+0000] {processor.py:208} INFO - Processing /home/airflow/.local/lib/python3.12/site-packages/airflow/example_dags/example_subdag_operator.py took 0.342 seconds
