[2025-02-28T03:28:13.072+0000] {processor.py:186} INFO - Started process (PID=302) to work on /home/airflow/.local/lib/python3.12/site-packages/airflow/example_dags/example_latest_only.py
[2025-02-28T03:28:13.073+0000] {processor.py:914} INFO - Processing file /home/airflow/.local/lib/python3.12/site-packages/airflow/example_dags/example_latest_only.py for tasks to queue
[2025-02-28T03:28:13.078+0000] {logging_mixin.py:190} INFO - [2025-02-28T03:28:13.077+0000] {dagbag.py:588} INFO - Filling up the DagBag from /home/airflow/.local/lib/python3.12/site-packages/airflow/example_dags/example_latest_only.py
[2025-02-28T03:28:13.098+0000] {processor.py:925} INFO - DAG(s) 'latest_only' retrieved from /home/airflow/.local/lib/python3.12/site-packages/airflow/example_dags/example_latest_only.py
[2025-02-28T03:28:13.182+0000] {logging_mixin.py:190} INFO - [2025-02-28T03:28:13.182+0000] {dag.py:3239} INFO - Sync 1 DAGs
[2025-02-28T03:28:13.260+0000] {logging_mixin.py:190} INFO - [2025-02-28T03:28:13.257+0000] {dag.py:4180} INFO - Setting next_dagrun for latest_only to 2025-02-27 20:00:00+00:00, run_after=2025-02-28 00:00:00+00:00
[2025-02-28T03:28:13.300+0000] {processor.py:208} INFO - Processing /home/airflow/.local/lib/python3.12/site-packages/airflow/example_dags/example_latest_only.py took 0.261 seconds
[2025-02-28T03:28:43.436+0000] {processor.py:186} INFO - Started process (PID=603) to work on /home/airflow/.local/lib/python3.12/site-packages/airflow/example_dags/example_latest_only.py
[2025-02-28T03:28:43.439+0000] {processor.py:914} INFO - Processing file /home/airflow/.local/lib/python3.12/site-packages/airflow/example_dags/example_latest_only.py for tasks to queue
[2025-02-28T03:28:43.442+0000] {logging_mixin.py:190} INFO - [2025-02-28T03:28:43.442+0000] {dagbag.py:588} INFO - Filling up the DagBag from /home/airflow/.local/lib/python3.12/site-packages/airflow/example_dags/example_latest_only.py
[2025-02-28T03:28:43.463+0000] {processor.py:925} INFO - DAG(s) 'latest_only' retrieved from /home/airflow/.local/lib/python3.12/site-packages/airflow/example_dags/example_latest_only.py
[2025-02-28T03:28:43.526+0000] {logging_mixin.py:190} INFO - [2025-02-28T03:28:43.526+0000] {dag.py:3239} INFO - Sync 1 DAGs
[2025-02-28T03:28:43.612+0000] {logging_mixin.py:190} INFO - [2025-02-28T03:28:43.610+0000] {dag.py:4180} INFO - Setting next_dagrun for latest_only to 2025-02-27 20:00:00+00:00, run_after=2025-02-28 00:00:00+00:00
[2025-02-28T03:28:43.657+0000] {processor.py:208} INFO - Processing /home/airflow/.local/lib/python3.12/site-packages/airflow/example_dags/example_latest_only.py took 0.230 seconds
[2025-02-28T03:29:14.139+0000] {processor.py:186} INFO - Started process (PID=901) to work on /home/airflow/.local/lib/python3.12/site-packages/airflow/example_dags/example_latest_only.py
[2025-02-28T03:29:14.143+0000] {processor.py:914} INFO - Processing file /home/airflow/.local/lib/python3.12/site-packages/airflow/example_dags/example_latest_only.py for tasks to queue
[2025-02-28T03:29:14.147+0000] {logging_mixin.py:190} INFO - [2025-02-28T03:29:14.147+0000] {dagbag.py:588} INFO - Filling up the DagBag from /home/airflow/.local/lib/python3.12/site-packages/airflow/example_dags/example_latest_only.py
[2025-02-28T03:29:14.169+0000] {processor.py:925} INFO - DAG(s) 'latest_only' retrieved from /home/airflow/.local/lib/python3.12/site-packages/airflow/example_dags/example_latest_only.py
[2025-02-28T03:29:14.228+0000] {logging_mixin.py:190} INFO - [2025-02-28T03:29:14.228+0000] {dag.py:3239} INFO - Sync 1 DAGs
[2025-02-28T03:29:14.312+0000] {logging_mixin.py:190} INFO - [2025-02-28T03:29:14.311+0000] {dag.py:4180} INFO - Setting next_dagrun for latest_only to 2025-02-27 20:00:00+00:00, run_after=2025-02-28 00:00:00+00:00
[2025-02-28T03:29:14.370+0000] {processor.py:208} INFO - Processing /home/airflow/.local/lib/python3.12/site-packages/airflow/example_dags/example_latest_only.py took 0.260 seconds
[2025-02-28T03:29:45.001+0000] {processor.py:186} INFO - Started process (PID=1200) to work on /home/airflow/.local/lib/python3.12/site-packages/airflow/example_dags/example_latest_only.py
[2025-02-28T03:29:45.003+0000] {processor.py:914} INFO - Processing file /home/airflow/.local/lib/python3.12/site-packages/airflow/example_dags/example_latest_only.py for tasks to queue
[2025-02-28T03:29:45.013+0000] {logging_mixin.py:190} INFO - [2025-02-28T03:29:45.012+0000] {dagbag.py:588} INFO - Filling up the DagBag from /home/airflow/.local/lib/python3.12/site-packages/airflow/example_dags/example_latest_only.py
[2025-02-28T03:29:45.035+0000] {processor.py:925} INFO - DAG(s) 'latest_only' retrieved from /home/airflow/.local/lib/python3.12/site-packages/airflow/example_dags/example_latest_only.py
[2025-02-28T03:29:45.081+0000] {logging_mixin.py:190} INFO - [2025-02-28T03:29:45.081+0000] {dag.py:3239} INFO - Sync 1 DAGs
[2025-02-28T03:29:45.118+0000] {logging_mixin.py:190} INFO - [2025-02-28T03:29:45.118+0000] {dag.py:4180} INFO - Setting next_dagrun for latest_only to 2025-02-27 20:00:00+00:00, run_after=2025-02-28 00:00:00+00:00
[2025-02-28T03:29:45.154+0000] {processor.py:208} INFO - Processing /home/airflow/.local/lib/python3.12/site-packages/airflow/example_dags/example_latest_only.py took 0.173 seconds
[2025-02-28T03:30:15.508+0000] {processor.py:186} INFO - Started process (PID=1504) to work on /home/airflow/.local/lib/python3.12/site-packages/airflow/example_dags/example_latest_only.py
[2025-02-28T03:30:15.513+0000] {processor.py:914} INFO - Processing file /home/airflow/.local/lib/python3.12/site-packages/airflow/example_dags/example_latest_only.py for tasks to queue
[2025-02-28T03:30:15.519+0000] {logging_mixin.py:190} INFO - [2025-02-28T03:30:15.518+0000] {dagbag.py:588} INFO - Filling up the DagBag from /home/airflow/.local/lib/python3.12/site-packages/airflow/example_dags/example_latest_only.py
[2025-02-28T03:30:15.543+0000] {processor.py:925} INFO - DAG(s) 'latest_only' retrieved from /home/airflow/.local/lib/python3.12/site-packages/airflow/example_dags/example_latest_only.py
[2025-02-28T03:30:15.590+0000] {logging_mixin.py:190} INFO - [2025-02-28T03:30:15.589+0000] {dag.py:3239} INFO - Sync 1 DAGs
[2025-02-28T03:30:15.630+0000] {logging_mixin.py:190} INFO - [2025-02-28T03:30:15.629+0000] {dag.py:4180} INFO - Setting next_dagrun for latest_only to 2025-02-27 20:00:00+00:00, run_after=2025-02-28 00:00:00+00:00
[2025-02-28T03:30:15.666+0000] {processor.py:208} INFO - Processing /home/airflow/.local/lib/python3.12/site-packages/airflow/example_dags/example_latest_only.py took 0.180 seconds
[2025-02-28T03:30:45.885+0000] {processor.py:186} INFO - Started process (PID=1806) to work on /home/airflow/.local/lib/python3.12/site-packages/airflow/example_dags/example_latest_only.py
[2025-02-28T03:30:45.886+0000] {processor.py:914} INFO - Processing file /home/airflow/.local/lib/python3.12/site-packages/airflow/example_dags/example_latest_only.py for tasks to queue
[2025-02-28T03:30:45.890+0000] {logging_mixin.py:190} INFO - [2025-02-28T03:30:45.889+0000] {dagbag.py:588} INFO - Filling up the DagBag from /home/airflow/.local/lib/python3.12/site-packages/airflow/example_dags/example_latest_only.py
[2025-02-28T03:30:45.902+0000] {processor.py:925} INFO - DAG(s) 'latest_only' retrieved from /home/airflow/.local/lib/python3.12/site-packages/airflow/example_dags/example_latest_only.py
[2025-02-28T03:30:45.932+0000] {logging_mixin.py:190} INFO - [2025-02-28T03:30:45.932+0000] {dag.py:3239} INFO - Sync 1 DAGs
[2025-02-28T03:30:45.973+0000] {logging_mixin.py:190} INFO - [2025-02-28T03:30:45.973+0000] {dag.py:4180} INFO - Setting next_dagrun for latest_only to 2025-02-27 20:00:00+00:00, run_after=2025-02-28 00:00:00+00:00
[2025-02-28T03:30:46.011+0000] {processor.py:208} INFO - Processing /home/airflow/.local/lib/python3.12/site-packages/airflow/example_dags/example_latest_only.py took 0.141 seconds
[2025-02-28T03:31:16.680+0000] {processor.py:186} INFO - Started process (PID=2106) to work on /home/airflow/.local/lib/python3.12/site-packages/airflow/example_dags/example_latest_only.py
[2025-02-28T03:31:16.682+0000] {processor.py:914} INFO - Processing file /home/airflow/.local/lib/python3.12/site-packages/airflow/example_dags/example_latest_only.py for tasks to queue
[2025-02-28T03:31:16.685+0000] {logging_mixin.py:190} INFO - [2025-02-28T03:31:16.685+0000] {dagbag.py:588} INFO - Filling up the DagBag from /home/airflow/.local/lib/python3.12/site-packages/airflow/example_dags/example_latest_only.py
[2025-02-28T03:31:16.697+0000] {processor.py:925} INFO - DAG(s) 'latest_only' retrieved from /home/airflow/.local/lib/python3.12/site-packages/airflow/example_dags/example_latest_only.py
[2025-02-28T03:31:16.727+0000] {logging_mixin.py:190} INFO - [2025-02-28T03:31:16.726+0000] {dag.py:3239} INFO - Sync 1 DAGs
[2025-02-28T03:31:16.768+0000] {logging_mixin.py:190} INFO - [2025-02-28T03:31:16.767+0000] {dag.py:4180} INFO - Setting next_dagrun for latest_only to 2025-02-27 20:00:00+00:00, run_after=2025-02-28 00:00:00+00:00
[2025-02-28T03:31:16.826+0000] {processor.py:208} INFO - Processing /home/airflow/.local/lib/python3.12/site-packages/airflow/example_dags/example_latest_only.py took 0.155 seconds
[2025-02-28T03:31:47.216+0000] {processor.py:186} INFO - Started process (PID=2405) to work on /home/airflow/.local/lib/python3.12/site-packages/airflow/example_dags/example_latest_only.py
[2025-02-28T03:31:47.218+0000] {processor.py:914} INFO - Processing file /home/airflow/.local/lib/python3.12/site-packages/airflow/example_dags/example_latest_only.py for tasks to queue
[2025-02-28T03:31:47.222+0000] {logging_mixin.py:190} INFO - [2025-02-28T03:31:47.222+0000] {dagbag.py:588} INFO - Filling up the DagBag from /home/airflow/.local/lib/python3.12/site-packages/airflow/example_dags/example_latest_only.py
[2025-02-28T03:31:47.242+0000] {processor.py:925} INFO - DAG(s) 'latest_only' retrieved from /home/airflow/.local/lib/python3.12/site-packages/airflow/example_dags/example_latest_only.py
[2025-02-28T03:31:47.297+0000] {logging_mixin.py:190} INFO - [2025-02-28T03:31:47.297+0000] {dag.py:3239} INFO - Sync 1 DAGs
[2025-02-28T03:31:47.356+0000] {logging_mixin.py:190} INFO - [2025-02-28T03:31:47.356+0000] {dag.py:4180} INFO - Setting next_dagrun for latest_only to 2025-02-27 20:00:00+00:00, run_after=2025-02-28 00:00:00+00:00
[2025-02-28T03:31:47.410+0000] {processor.py:208} INFO - Processing /home/airflow/.local/lib/python3.12/site-packages/airflow/example_dags/example_latest_only.py took 0.215 seconds
[2025-02-28T03:32:19.537+0000] {processor.py:186} INFO - Started process (PID=2711) to work on /home/airflow/.local/lib/python3.12/site-packages/airflow/example_dags/example_latest_only.py
[2025-02-28T03:32:19.541+0000] {processor.py:914} INFO - Processing file /home/airflow/.local/lib/python3.12/site-packages/airflow/example_dags/example_latest_only.py for tasks to queue
[2025-02-28T03:32:19.545+0000] {logging_mixin.py:190} INFO - [2025-02-28T03:32:19.545+0000] {dagbag.py:588} INFO - Filling up the DagBag from /home/airflow/.local/lib/python3.12/site-packages/airflow/example_dags/example_latest_only.py
[2025-02-28T03:32:19.568+0000] {processor.py:925} INFO - DAG(s) 'latest_only' retrieved from /home/airflow/.local/lib/python3.12/site-packages/airflow/example_dags/example_latest_only.py
[2025-02-28T03:32:19.622+0000] {logging_mixin.py:190} INFO - [2025-02-28T03:32:19.622+0000] {dag.py:3239} INFO - Sync 1 DAGs
[2025-02-28T03:32:19.658+0000] {logging_mixin.py:190} INFO - [2025-02-28T03:32:19.658+0000] {dag.py:4180} INFO - Setting next_dagrun for latest_only to 2025-02-27 20:00:00+00:00, run_after=2025-02-28 00:00:00+00:00
[2025-02-28T03:32:19.696+0000] {processor.py:208} INFO - Processing /home/airflow/.local/lib/python3.12/site-packages/airflow/example_dags/example_latest_only.py took 0.180 seconds
[2025-02-28T03:32:50.294+0000] {processor.py:186} INFO - Started process (PID=3012) to work on /home/airflow/.local/lib/python3.12/site-packages/airflow/example_dags/example_latest_only.py
[2025-02-28T03:32:50.300+0000] {processor.py:914} INFO - Processing file /home/airflow/.local/lib/python3.12/site-packages/airflow/example_dags/example_latest_only.py for tasks to queue
[2025-02-28T03:32:50.307+0000] {logging_mixin.py:190} INFO - [2025-02-28T03:32:50.306+0000] {dagbag.py:588} INFO - Filling up the DagBag from /home/airflow/.local/lib/python3.12/site-packages/airflow/example_dags/example_latest_only.py
[2025-02-28T03:32:50.337+0000] {processor.py:925} INFO - DAG(s) 'latest_only' retrieved from /home/airflow/.local/lib/python3.12/site-packages/airflow/example_dags/example_latest_only.py
[2025-02-28T03:32:50.425+0000] {logging_mixin.py:190} INFO - [2025-02-28T03:32:50.420+0000] {dag.py:3239} INFO - Sync 1 DAGs
[2025-02-28T03:32:50.509+0000] {logging_mixin.py:190} INFO - [2025-02-28T03:32:50.509+0000] {dag.py:4180} INFO - Setting next_dagrun for latest_only to 2025-02-27 20:00:00+00:00, run_after=2025-02-28 00:00:00+00:00
[2025-02-28T03:32:50.586+0000] {processor.py:208} INFO - Processing /home/airflow/.local/lib/python3.12/site-packages/airflow/example_dags/example_latest_only.py took 0.324 seconds
[2025-02-28T03:33:20.742+0000] {processor.py:186} INFO - Started process (PID=3308) to work on /home/airflow/.local/lib/python3.12/site-packages/airflow/example_dags/example_latest_only.py
[2025-02-28T03:33:20.747+0000] {processor.py:914} INFO - Processing file /home/airflow/.local/lib/python3.12/site-packages/airflow/example_dags/example_latest_only.py for tasks to queue
[2025-02-28T03:33:20.764+0000] {logging_mixin.py:190} INFO - [2025-02-28T03:33:20.757+0000] {dagbag.py:588} INFO - Filling up the DagBag from /home/airflow/.local/lib/python3.12/site-packages/airflow/example_dags/example_latest_only.py
[2025-02-28T03:33:20.793+0000] {processor.py:925} INFO - DAG(s) 'latest_only' retrieved from /home/airflow/.local/lib/python3.12/site-packages/airflow/example_dags/example_latest_only.py
[2025-02-28T03:33:20.856+0000] {logging_mixin.py:190} INFO - [2025-02-28T03:33:20.855+0000] {dag.py:3239} INFO - Sync 1 DAGs
[2025-02-28T03:33:20.894+0000] {logging_mixin.py:190} INFO - [2025-02-28T03:33:20.894+0000] {dag.py:4180} INFO - Setting next_dagrun for latest_only to 2025-02-27 20:00:00+00:00, run_after=2025-02-28 00:00:00+00:00
[2025-02-28T03:33:20.921+0000] {processor.py:208} INFO - Processing /home/airflow/.local/lib/python3.12/site-packages/airflow/example_dags/example_latest_only.py took 0.223 seconds
[2025-02-28T03:33:51.053+0000] {processor.py:186} INFO - Started process (PID=3608) to work on /home/airflow/.local/lib/python3.12/site-packages/airflow/example_dags/example_latest_only.py
[2025-02-28T03:33:51.055+0000] {processor.py:914} INFO - Processing file /home/airflow/.local/lib/python3.12/site-packages/airflow/example_dags/example_latest_only.py for tasks to queue
[2025-02-28T03:33:51.059+0000] {logging_mixin.py:190} INFO - [2025-02-28T03:33:51.058+0000] {dagbag.py:588} INFO - Filling up the DagBag from /home/airflow/.local/lib/python3.12/site-packages/airflow/example_dags/example_latest_only.py
[2025-02-28T03:33:51.068+0000] {processor.py:925} INFO - DAG(s) 'latest_only' retrieved from /home/airflow/.local/lib/python3.12/site-packages/airflow/example_dags/example_latest_only.py
[2025-02-28T03:33:51.096+0000] {logging_mixin.py:190} INFO - [2025-02-28T03:33:51.095+0000] {dag.py:3239} INFO - Sync 1 DAGs
[2025-02-28T03:33:51.130+0000] {logging_mixin.py:190} INFO - [2025-02-28T03:33:51.130+0000] {dag.py:4180} INFO - Setting next_dagrun for latest_only to 2025-02-27 20:00:00+00:00, run_after=2025-02-28 00:00:00+00:00
[2025-02-28T03:33:51.153+0000] {processor.py:208} INFO - Processing /home/airflow/.local/lib/python3.12/site-packages/airflow/example_dags/example_latest_only.py took 0.109 seconds
[2025-02-28T03:34:21.532+0000] {processor.py:186} INFO - Started process (PID=3906) to work on /home/airflow/.local/lib/python3.12/site-packages/airflow/example_dags/example_latest_only.py
[2025-02-28T03:34:21.533+0000] {processor.py:914} INFO - Processing file /home/airflow/.local/lib/python3.12/site-packages/airflow/example_dags/example_latest_only.py for tasks to queue
[2025-02-28T03:34:21.535+0000] {logging_mixin.py:190} INFO - [2025-02-28T03:34:21.535+0000] {dagbag.py:588} INFO - Filling up the DagBag from /home/airflow/.local/lib/python3.12/site-packages/airflow/example_dags/example_latest_only.py
[2025-02-28T03:34:21.543+0000] {processor.py:925} INFO - DAG(s) 'latest_only' retrieved from /home/airflow/.local/lib/python3.12/site-packages/airflow/example_dags/example_latest_only.py
[2025-02-28T03:34:21.566+0000] {logging_mixin.py:190} INFO - [2025-02-28T03:34:21.566+0000] {dag.py:3239} INFO - Sync 1 DAGs
[2025-02-28T03:34:21.594+0000] {logging_mixin.py:190} INFO - [2025-02-28T03:34:21.594+0000] {dag.py:4180} INFO - Setting next_dagrun for latest_only to 2025-02-27 20:00:00+00:00, run_after=2025-02-28 00:00:00+00:00
[2025-02-28T03:34:21.612+0000] {processor.py:208} INFO - Processing /home/airflow/.local/lib/python3.12/site-packages/airflow/example_dags/example_latest_only.py took 0.086 seconds
[2025-02-28T03:34:52.509+0000] {processor.py:186} INFO - Started process (PID=4205) to work on /home/airflow/.local/lib/python3.12/site-packages/airflow/example_dags/example_latest_only.py
[2025-02-28T03:34:52.511+0000] {processor.py:914} INFO - Processing file /home/airflow/.local/lib/python3.12/site-packages/airflow/example_dags/example_latest_only.py for tasks to queue
[2025-02-28T03:34:52.515+0000] {logging_mixin.py:190} INFO - [2025-02-28T03:34:52.514+0000] {dagbag.py:588} INFO - Filling up the DagBag from /home/airflow/.local/lib/python3.12/site-packages/airflow/example_dags/example_latest_only.py
[2025-02-28T03:34:52.526+0000] {processor.py:925} INFO - DAG(s) 'latest_only' retrieved from /home/airflow/.local/lib/python3.12/site-packages/airflow/example_dags/example_latest_only.py
[2025-02-28T03:34:52.555+0000] {logging_mixin.py:190} INFO - [2025-02-28T03:34:52.554+0000] {dag.py:3239} INFO - Sync 1 DAGs
[2025-02-28T03:34:52.607+0000] {logging_mixin.py:190} INFO - [2025-02-28T03:34:52.606+0000] {dag.py:4180} INFO - Setting next_dagrun for latest_only to 2025-02-27 20:00:00+00:00, run_after=2025-02-28 00:00:00+00:00
[2025-02-28T03:34:52.640+0000] {processor.py:208} INFO - Processing /home/airflow/.local/lib/python3.12/site-packages/airflow/example_dags/example_latest_only.py took 0.140 seconds
[2025-02-28T03:35:23.217+0000] {processor.py:186} INFO - Started process (PID=4508) to work on /home/airflow/.local/lib/python3.12/site-packages/airflow/example_dags/example_latest_only.py
[2025-02-28T03:35:23.219+0000] {processor.py:914} INFO - Processing file /home/airflow/.local/lib/python3.12/site-packages/airflow/example_dags/example_latest_only.py for tasks to queue
[2025-02-28T03:35:23.227+0000] {logging_mixin.py:190} INFO - [2025-02-28T03:35:23.225+0000] {dagbag.py:588} INFO - Filling up the DagBag from /home/airflow/.local/lib/python3.12/site-packages/airflow/example_dags/example_latest_only.py
[2025-02-28T03:35:23.252+0000] {processor.py:925} INFO - DAG(s) 'latest_only' retrieved from /home/airflow/.local/lib/python3.12/site-packages/airflow/example_dags/example_latest_only.py
[2025-02-28T03:35:23.300+0000] {logging_mixin.py:190} INFO - [2025-02-28T03:35:23.300+0000] {dag.py:3239} INFO - Sync 1 DAGs
[2025-02-28T03:35:23.350+0000] {logging_mixin.py:190} INFO - [2025-02-28T03:35:23.350+0000] {dag.py:4180} INFO - Setting next_dagrun for latest_only to 2025-02-27 20:00:00+00:00, run_after=2025-02-28 00:00:00+00:00
[2025-02-28T03:35:23.409+0000] {processor.py:208} INFO - Processing /home/airflow/.local/lib/python3.12/site-packages/airflow/example_dags/example_latest_only.py took 0.226 seconds
[2025-02-28T03:35:54.340+0000] {processor.py:186} INFO - Started process (PID=4809) to work on /home/airflow/.local/lib/python3.12/site-packages/airflow/example_dags/example_latest_only.py
[2025-02-28T03:35:54.341+0000] {processor.py:914} INFO - Processing file /home/airflow/.local/lib/python3.12/site-packages/airflow/example_dags/example_latest_only.py for tasks to queue
[2025-02-28T03:35:54.344+0000] {logging_mixin.py:190} INFO - [2025-02-28T03:35:54.344+0000] {dagbag.py:588} INFO - Filling up the DagBag from /home/airflow/.local/lib/python3.12/site-packages/airflow/example_dags/example_latest_only.py
[2025-02-28T03:35:54.354+0000] {processor.py:925} INFO - DAG(s) 'latest_only' retrieved from /home/airflow/.local/lib/python3.12/site-packages/airflow/example_dags/example_latest_only.py
[2025-02-28T03:35:54.381+0000] {logging_mixin.py:190} INFO - [2025-02-28T03:35:54.381+0000] {dag.py:3239} INFO - Sync 1 DAGs
[2025-02-28T03:35:54.416+0000] {logging_mixin.py:190} INFO - [2025-02-28T03:35:54.416+0000] {dag.py:4180} INFO - Setting next_dagrun for latest_only to 2025-02-27 20:00:00+00:00, run_after=2025-02-28 00:00:00+00:00
[2025-02-28T03:35:54.440+0000] {processor.py:208} INFO - Processing /home/airflow/.local/lib/python3.12/site-packages/airflow/example_dags/example_latest_only.py took 0.109 seconds
[2025-02-28T03:36:25.325+0000] {processor.py:186} INFO - Started process (PID=5105) to work on /home/airflow/.local/lib/python3.12/site-packages/airflow/example_dags/example_latest_only.py
[2025-02-28T03:36:25.327+0000] {processor.py:914} INFO - Processing file /home/airflow/.local/lib/python3.12/site-packages/airflow/example_dags/example_latest_only.py for tasks to queue
[2025-02-28T03:36:25.330+0000] {logging_mixin.py:190} INFO - [2025-02-28T03:36:25.330+0000] {dagbag.py:588} INFO - Filling up the DagBag from /home/airflow/.local/lib/python3.12/site-packages/airflow/example_dags/example_latest_only.py
[2025-02-28T03:36:25.356+0000] {processor.py:925} INFO - DAG(s) 'latest_only' retrieved from /home/airflow/.local/lib/python3.12/site-packages/airflow/example_dags/example_latest_only.py
[2025-02-28T03:36:25.402+0000] {logging_mixin.py:190} INFO - [2025-02-28T03:36:25.402+0000] {dag.py:3239} INFO - Sync 1 DAGs
[2025-02-28T03:36:25.477+0000] {logging_mixin.py:190} INFO - [2025-02-28T03:36:25.475+0000] {dag.py:4180} INFO - Setting next_dagrun for latest_only to 2025-02-27 20:00:00+00:00, run_after=2025-02-28 00:00:00+00:00
[2025-02-28T03:36:25.525+0000] {processor.py:208} INFO - Processing /home/airflow/.local/lib/python3.12/site-packages/airflow/example_dags/example_latest_only.py took 0.234 seconds
[2025-02-28T03:36:56.578+0000] {processor.py:186} INFO - Started process (PID=5406) to work on /home/airflow/.local/lib/python3.12/site-packages/airflow/example_dags/example_latest_only.py
[2025-02-28T03:36:56.580+0000] {processor.py:914} INFO - Processing file /home/airflow/.local/lib/python3.12/site-packages/airflow/example_dags/example_latest_only.py for tasks to queue
[2025-02-28T03:36:56.591+0000] {logging_mixin.py:190} INFO - [2025-02-28T03:36:56.590+0000] {dagbag.py:588} INFO - Filling up the DagBag from /home/airflow/.local/lib/python3.12/site-packages/airflow/example_dags/example_latest_only.py
[2025-02-28T03:36:56.635+0000] {processor.py:925} INFO - DAG(s) 'latest_only' retrieved from /home/airflow/.local/lib/python3.12/site-packages/airflow/example_dags/example_latest_only.py
[2025-02-28T03:36:56.707+0000] {logging_mixin.py:190} INFO - [2025-02-28T03:36:56.707+0000] {dag.py:3239} INFO - Sync 1 DAGs
[2025-02-28T03:36:56.777+0000] {logging_mixin.py:190} INFO - [2025-02-28T03:36:56.775+0000] {dag.py:4180} INFO - Setting next_dagrun for latest_only to 2025-02-27 20:00:00+00:00, run_after=2025-02-28 00:00:00+00:00
[2025-02-28T03:36:56.827+0000] {processor.py:208} INFO - Processing /home/airflow/.local/lib/python3.12/site-packages/airflow/example_dags/example_latest_only.py took 0.282 seconds
[2025-02-28T03:37:27.428+0000] {processor.py:186} INFO - Started process (PID=5707) to work on /home/airflow/.local/lib/python3.12/site-packages/airflow/example_dags/example_latest_only.py
[2025-02-28T03:37:27.429+0000] {processor.py:914} INFO - Processing file /home/airflow/.local/lib/python3.12/site-packages/airflow/example_dags/example_latest_only.py for tasks to queue
[2025-02-28T03:37:27.433+0000] {logging_mixin.py:190} INFO - [2025-02-28T03:37:27.433+0000] {dagbag.py:588} INFO - Filling up the DagBag from /home/airflow/.local/lib/python3.12/site-packages/airflow/example_dags/example_latest_only.py
[2025-02-28T03:37:27.447+0000] {processor.py:925} INFO - DAG(s) 'latest_only' retrieved from /home/airflow/.local/lib/python3.12/site-packages/airflow/example_dags/example_latest_only.py
[2025-02-28T03:37:27.479+0000] {logging_mixin.py:190} INFO - [2025-02-28T03:37:27.478+0000] {dag.py:3239} INFO - Sync 1 DAGs
[2025-02-28T03:37:27.541+0000] {logging_mixin.py:190} INFO - [2025-02-28T03:37:27.540+0000] {dag.py:4180} INFO - Setting next_dagrun for latest_only to 2025-02-27 20:00:00+00:00, run_after=2025-02-28 00:00:00+00:00
[2025-02-28T03:37:27.637+0000] {processor.py:208} INFO - Processing /home/airflow/.local/lib/python3.12/site-packages/airflow/example_dags/example_latest_only.py took 0.218 seconds
