[2025-02-28T03:28:22.378+0000] {processor.py:186} INFO - Started process (PID=435) to work on /home/airflow/.local/lib/python3.12/site-packages/airflow/example_dags/example_nested_branch_dag.py
[2025-02-28T03:28:22.381+0000] {processor.py:914} INFO - Processing file /home/airflow/.local/lib/python3.12/site-packages/airflow/example_dags/example_nested_branch_dag.py for tasks to queue
[2025-02-28T03:28:22.388+0000] {logging_mixin.py:190} INFO - [2025-02-28T03:28:22.386+0000] {dagbag.py:588} INFO - Filling up the DagBag from /home/airflow/.local/lib/python3.12/site-packages/airflow/example_dags/example_nested_branch_dag.py
[2025-02-28T03:28:22.412+0000] {processor.py:925} INFO - DAG(s) 'example_nested_branch_dag' retrieved from /home/airflow/.local/lib/python3.12/site-packages/airflow/example_dags/example_nested_branch_dag.py
[2025-02-28T03:28:22.480+0000] {logging_mixin.py:190} INFO - [2025-02-28T03:28:22.479+0000] {dag.py:3239} INFO - Sync 1 DAGs
[2025-02-28T03:28:22.563+0000] {logging_mixin.py:190} INFO - [2025-02-28T03:28:22.563+0000] {dag.py:4180} INFO - Setting next_dagrun for example_nested_branch_dag to 2025-02-27 00:00:00+00:00, run_after=2025-02-28 00:00:00+00:00
[2025-02-28T03:28:22.623+0000] {processor.py:208} INFO - Processing /home/airflow/.local/lib/python3.12/site-packages/airflow/example_dags/example_nested_branch_dag.py took 0.264 seconds
[2025-02-28T03:28:52.769+0000] {processor.py:186} INFO - Started process (PID=734) to work on /home/airflow/.local/lib/python3.12/site-packages/airflow/example_dags/example_nested_branch_dag.py
[2025-02-28T03:28:52.774+0000] {processor.py:914} INFO - Processing file /home/airflow/.local/lib/python3.12/site-packages/airflow/example_dags/example_nested_branch_dag.py for tasks to queue
[2025-02-28T03:28:52.781+0000] {logging_mixin.py:190} INFO - [2025-02-28T03:28:52.780+0000] {dagbag.py:588} INFO - Filling up the DagBag from /home/airflow/.local/lib/python3.12/site-packages/airflow/example_dags/example_nested_branch_dag.py
[2025-02-28T03:28:52.819+0000] {processor.py:925} INFO - DAG(s) 'example_nested_branch_dag' retrieved from /home/airflow/.local/lib/python3.12/site-packages/airflow/example_dags/example_nested_branch_dag.py
[2025-02-28T03:28:52.852+0000] {logging_mixin.py:190} INFO - [2025-02-28T03:28:52.852+0000] {dag.py:3239} INFO - Sync 1 DAGs
[2025-02-28T03:28:52.892+0000] {logging_mixin.py:190} INFO - [2025-02-28T03:28:52.892+0000] {dag.py:4180} INFO - Setting next_dagrun for example_nested_branch_dag to 2025-02-27 00:00:00+00:00, run_after=2025-02-28 00:00:00+00:00
[2025-02-28T03:28:52.917+0000] {processor.py:208} INFO - Processing /home/airflow/.local/lib/python3.12/site-packages/airflow/example_dags/example_nested_branch_dag.py took 0.170 seconds
[2025-02-28T03:29:24.286+0000] {processor.py:186} INFO - Started process (PID=1035) to work on /home/airflow/.local/lib/python3.12/site-packages/airflow/example_dags/example_nested_branch_dag.py
[2025-02-28T03:29:24.291+0000] {processor.py:914} INFO - Processing file /home/airflow/.local/lib/python3.12/site-packages/airflow/example_dags/example_nested_branch_dag.py for tasks to queue
[2025-02-28T03:29:24.294+0000] {logging_mixin.py:190} INFO - [2025-02-28T03:29:24.294+0000] {dagbag.py:588} INFO - Filling up the DagBag from /home/airflow/.local/lib/python3.12/site-packages/airflow/example_dags/example_nested_branch_dag.py
[2025-02-28T03:29:24.351+0000] {processor.py:925} INFO - DAG(s) 'example_nested_branch_dag' retrieved from /home/airflow/.local/lib/python3.12/site-packages/airflow/example_dags/example_nested_branch_dag.py
[2025-02-28T03:29:24.403+0000] {logging_mixin.py:190} INFO - [2025-02-28T03:29:24.403+0000] {dag.py:3239} INFO - Sync 1 DAGs
[2025-02-28T03:29:24.464+0000] {logging_mixin.py:190} INFO - [2025-02-28T03:29:24.464+0000] {dag.py:4180} INFO - Setting next_dagrun for example_nested_branch_dag to 2025-02-27 00:00:00+00:00, run_after=2025-02-28 00:00:00+00:00
[2025-02-28T03:29:24.495+0000] {processor.py:208} INFO - Processing /home/airflow/.local/lib/python3.12/site-packages/airflow/example_dags/example_nested_branch_dag.py took 0.225 seconds
[2025-02-28T03:29:55.731+0000] {processor.py:186} INFO - Started process (PID=1336) to work on /home/airflow/.local/lib/python3.12/site-packages/airflow/example_dags/example_nested_branch_dag.py
[2025-02-28T03:29:55.736+0000] {processor.py:914} INFO - Processing file /home/airflow/.local/lib/python3.12/site-packages/airflow/example_dags/example_nested_branch_dag.py for tasks to queue
[2025-02-28T03:29:55.742+0000] {logging_mixin.py:190} INFO - [2025-02-28T03:29:55.741+0000] {dagbag.py:588} INFO - Filling up the DagBag from /home/airflow/.local/lib/python3.12/site-packages/airflow/example_dags/example_nested_branch_dag.py
[2025-02-28T03:29:55.782+0000] {processor.py:925} INFO - DAG(s) 'example_nested_branch_dag' retrieved from /home/airflow/.local/lib/python3.12/site-packages/airflow/example_dags/example_nested_branch_dag.py
[2025-02-28T03:29:55.849+0000] {logging_mixin.py:190} INFO - [2025-02-28T03:29:55.848+0000] {dag.py:3239} INFO - Sync 1 DAGs
[2025-02-28T03:29:55.927+0000] {logging_mixin.py:190} INFO - [2025-02-28T03:29:55.927+0000] {dag.py:4180} INFO - Setting next_dagrun for example_nested_branch_dag to 2025-02-27 00:00:00+00:00, run_after=2025-02-28 00:00:00+00:00
[2025-02-28T03:29:55.972+0000] {processor.py:208} INFO - Processing /home/airflow/.local/lib/python3.12/site-packages/airflow/example_dags/example_nested_branch_dag.py took 0.259 seconds
[2025-02-28T03:30:26.671+0000] {processor.py:186} INFO - Started process (PID=1639) to work on /home/airflow/.local/lib/python3.12/site-packages/airflow/example_dags/example_nested_branch_dag.py
[2025-02-28T03:30:26.675+0000] {processor.py:914} INFO - Processing file /home/airflow/.local/lib/python3.12/site-packages/airflow/example_dags/example_nested_branch_dag.py for tasks to queue
[2025-02-28T03:30:26.678+0000] {logging_mixin.py:190} INFO - [2025-02-28T03:30:26.678+0000] {dagbag.py:588} INFO - Filling up the DagBag from /home/airflow/.local/lib/python3.12/site-packages/airflow/example_dags/example_nested_branch_dag.py
[2025-02-28T03:30:26.714+0000] {processor.py:925} INFO - DAG(s) 'example_nested_branch_dag' retrieved from /home/airflow/.local/lib/python3.12/site-packages/airflow/example_dags/example_nested_branch_dag.py
[2025-02-28T03:30:26.780+0000] {logging_mixin.py:190} INFO - [2025-02-28T03:30:26.779+0000] {dag.py:3239} INFO - Sync 1 DAGs
[2025-02-28T03:30:26.853+0000] {logging_mixin.py:190} INFO - [2025-02-28T03:30:26.853+0000] {dag.py:4180} INFO - Setting next_dagrun for example_nested_branch_dag to 2025-02-27 00:00:00+00:00, run_after=2025-02-28 00:00:00+00:00
[2025-02-28T03:30:26.901+0000] {processor.py:208} INFO - Processing /home/airflow/.local/lib/python3.12/site-packages/airflow/example_dags/example_nested_branch_dag.py took 0.254 seconds
[2025-02-28T03:30:57.068+0000] {processor.py:186} INFO - Started process (PID=1936) to work on /home/airflow/.local/lib/python3.12/site-packages/airflow/example_dags/example_nested_branch_dag.py
[2025-02-28T03:30:57.070+0000] {processor.py:914} INFO - Processing file /home/airflow/.local/lib/python3.12/site-packages/airflow/example_dags/example_nested_branch_dag.py for tasks to queue
[2025-02-28T03:30:57.073+0000] {logging_mixin.py:190} INFO - [2025-02-28T03:30:57.073+0000] {dagbag.py:588} INFO - Filling up the DagBag from /home/airflow/.local/lib/python3.12/site-packages/airflow/example_dags/example_nested_branch_dag.py
[2025-02-28T03:30:57.091+0000] {processor.py:925} INFO - DAG(s) 'example_nested_branch_dag' retrieved from /home/airflow/.local/lib/python3.12/site-packages/airflow/example_dags/example_nested_branch_dag.py
[2025-02-28T03:30:57.123+0000] {logging_mixin.py:190} INFO - [2025-02-28T03:30:57.122+0000] {dag.py:3239} INFO - Sync 1 DAGs
[2025-02-28T03:30:57.162+0000] {logging_mixin.py:190} INFO - [2025-02-28T03:30:57.162+0000] {dag.py:4180} INFO - Setting next_dagrun for example_nested_branch_dag to 2025-02-27 00:00:00+00:00, run_after=2025-02-28 00:00:00+00:00
[2025-02-28T03:30:57.189+0000] {processor.py:208} INFO - Processing /home/airflow/.local/lib/python3.12/site-packages/airflow/example_dags/example_nested_branch_dag.py took 0.129 seconds
[2025-02-28T03:31:27.511+0000] {processor.py:186} INFO - Started process (PID=2235) to work on /home/airflow/.local/lib/python3.12/site-packages/airflow/example_dags/example_nested_branch_dag.py
[2025-02-28T03:31:27.515+0000] {processor.py:914} INFO - Processing file /home/airflow/.local/lib/python3.12/site-packages/airflow/example_dags/example_nested_branch_dag.py for tasks to queue
[2025-02-28T03:31:27.521+0000] {logging_mixin.py:190} INFO - [2025-02-28T03:31:27.520+0000] {dagbag.py:588} INFO - Filling up the DagBag from /home/airflow/.local/lib/python3.12/site-packages/airflow/example_dags/example_nested_branch_dag.py
[2025-02-28T03:31:27.554+0000] {processor.py:925} INFO - DAG(s) 'example_nested_branch_dag' retrieved from /home/airflow/.local/lib/python3.12/site-packages/airflow/example_dags/example_nested_branch_dag.py
[2025-02-28T03:31:27.597+0000] {logging_mixin.py:190} INFO - [2025-02-28T03:31:27.597+0000] {dag.py:3239} INFO - Sync 1 DAGs
[2025-02-28T03:31:27.647+0000] {logging_mixin.py:190} INFO - [2025-02-28T03:31:27.647+0000] {dag.py:4180} INFO - Setting next_dagrun for example_nested_branch_dag to 2025-02-27 00:00:00+00:00, run_after=2025-02-28 00:00:00+00:00
[2025-02-28T03:31:27.672+0000] {processor.py:208} INFO - Processing /home/airflow/.local/lib/python3.12/site-packages/airflow/example_dags/example_nested_branch_dag.py took 0.179 seconds
[2025-02-28T03:31:58.796+0000] {processor.py:186} INFO - Started process (PID=2536) to work on /home/airflow/.local/lib/python3.12/site-packages/airflow/example_dags/example_nested_branch_dag.py
[2025-02-28T03:31:58.802+0000] {processor.py:914} INFO - Processing file /home/airflow/.local/lib/python3.12/site-packages/airflow/example_dags/example_nested_branch_dag.py for tasks to queue
[2025-02-28T03:31:58.809+0000] {logging_mixin.py:190} INFO - [2025-02-28T03:31:58.808+0000] {dagbag.py:588} INFO - Filling up the DagBag from /home/airflow/.local/lib/python3.12/site-packages/airflow/example_dags/example_nested_branch_dag.py
[2025-02-28T03:31:58.847+0000] {processor.py:925} INFO - DAG(s) 'example_nested_branch_dag' retrieved from /home/airflow/.local/lib/python3.12/site-packages/airflow/example_dags/example_nested_branch_dag.py
[2025-02-28T03:31:58.910+0000] {logging_mixin.py:190} INFO - [2025-02-28T03:31:58.910+0000] {dag.py:3239} INFO - Sync 1 DAGs
[2025-02-28T03:31:58.986+0000] {logging_mixin.py:190} INFO - [2025-02-28T03:31:58.986+0000] {dag.py:4180} INFO - Setting next_dagrun for example_nested_branch_dag to 2025-02-27 00:00:00+00:00, run_after=2025-02-28 00:00:00+00:00
[2025-02-28T03:31:59.024+0000] {processor.py:208} INFO - Processing /home/airflow/.local/lib/python3.12/site-packages/airflow/example_dags/example_nested_branch_dag.py took 0.258 seconds
[2025-02-28T03:32:29.351+0000] {processor.py:186} INFO - Started process (PID=2836) to work on /home/airflow/.local/lib/python3.12/site-packages/airflow/example_dags/example_nested_branch_dag.py
[2025-02-28T03:32:29.359+0000] {processor.py:914} INFO - Processing file /home/airflow/.local/lib/python3.12/site-packages/airflow/example_dags/example_nested_branch_dag.py for tasks to queue
[2025-02-28T03:32:29.366+0000] {logging_mixin.py:190} INFO - [2025-02-28T03:32:29.365+0000] {dagbag.py:588} INFO - Filling up the DagBag from /home/airflow/.local/lib/python3.12/site-packages/airflow/example_dags/example_nested_branch_dag.py
[2025-02-28T03:32:29.419+0000] {processor.py:925} INFO - DAG(s) 'example_nested_branch_dag' retrieved from /home/airflow/.local/lib/python3.12/site-packages/airflow/example_dags/example_nested_branch_dag.py
[2025-02-28T03:32:29.484+0000] {logging_mixin.py:190} INFO - [2025-02-28T03:32:29.483+0000] {dag.py:3239} INFO - Sync 1 DAGs
[2025-02-28T03:32:29.564+0000] {logging_mixin.py:190} INFO - [2025-02-28T03:32:29.563+0000] {dag.py:4180} INFO - Setting next_dagrun for example_nested_branch_dag to 2025-02-27 00:00:00+00:00, run_after=2025-02-28 00:00:00+00:00
[2025-02-28T03:32:29.618+0000] {processor.py:208} INFO - Processing /home/airflow/.local/lib/python3.12/site-packages/airflow/example_dags/example_nested_branch_dag.py took 0.297 seconds
[2025-02-28T03:33:00.074+0000] {processor.py:186} INFO - Started process (PID=3134) to work on /home/airflow/.local/lib/python3.12/site-packages/airflow/example_dags/example_nested_branch_dag.py
[2025-02-28T03:33:00.076+0000] {processor.py:914} INFO - Processing file /home/airflow/.local/lib/python3.12/site-packages/airflow/example_dags/example_nested_branch_dag.py for tasks to queue
[2025-02-28T03:33:00.083+0000] {logging_mixin.py:190} INFO - [2025-02-28T03:33:00.080+0000] {dagbag.py:588} INFO - Filling up the DagBag from /home/airflow/.local/lib/python3.12/site-packages/airflow/example_dags/example_nested_branch_dag.py
[2025-02-28T03:33:00.127+0000] {processor.py:925} INFO - DAG(s) 'example_nested_branch_dag' retrieved from /home/airflow/.local/lib/python3.12/site-packages/airflow/example_dags/example_nested_branch_dag.py
[2025-02-28T03:33:00.192+0000] {logging_mixin.py:190} INFO - [2025-02-28T03:33:00.192+0000] {dag.py:3239} INFO - Sync 1 DAGs
[2025-02-28T03:33:00.292+0000] {logging_mixin.py:190} INFO - [2025-02-28T03:33:00.292+0000] {dag.py:4180} INFO - Setting next_dagrun for example_nested_branch_dag to 2025-02-27 00:00:00+00:00, run_after=2025-02-28 00:00:00+00:00
[2025-02-28T03:33:00.335+0000] {processor.py:208} INFO - Processing /home/airflow/.local/lib/python3.12/site-packages/airflow/example_dags/example_nested_branch_dag.py took 0.280 seconds
[2025-02-28T03:33:30.537+0000] {processor.py:186} INFO - Started process (PID=3433) to work on /home/airflow/.local/lib/python3.12/site-packages/airflow/example_dags/example_nested_branch_dag.py
[2025-02-28T03:33:30.540+0000] {processor.py:914} INFO - Processing file /home/airflow/.local/lib/python3.12/site-packages/airflow/example_dags/example_nested_branch_dag.py for tasks to queue
[2025-02-28T03:33:30.546+0000] {logging_mixin.py:190} INFO - [2025-02-28T03:33:30.545+0000] {dagbag.py:588} INFO - Filling up the DagBag from /home/airflow/.local/lib/python3.12/site-packages/airflow/example_dags/example_nested_branch_dag.py
[2025-02-28T03:33:30.587+0000] {processor.py:925} INFO - DAG(s) 'example_nested_branch_dag' retrieved from /home/airflow/.local/lib/python3.12/site-packages/airflow/example_dags/example_nested_branch_dag.py
[2025-02-28T03:33:30.660+0000] {logging_mixin.py:190} INFO - [2025-02-28T03:33:30.660+0000] {dag.py:3239} INFO - Sync 1 DAGs
[2025-02-28T03:33:30.742+0000] {logging_mixin.py:190} INFO - [2025-02-28T03:33:30.740+0000] {dag.py:4180} INFO - Setting next_dagrun for example_nested_branch_dag to 2025-02-27 00:00:00+00:00, run_after=2025-02-28 00:00:00+00:00
[2025-02-28T03:33:30.805+0000] {processor.py:208} INFO - Processing /home/airflow/.local/lib/python3.12/site-packages/airflow/example_dags/example_nested_branch_dag.py took 0.288 seconds
[2025-02-28T03:34:01.308+0000] {processor.py:186} INFO - Started process (PID=3733) to work on /home/airflow/.local/lib/python3.12/site-packages/airflow/example_dags/example_nested_branch_dag.py
[2025-02-28T03:34:01.309+0000] {processor.py:914} INFO - Processing file /home/airflow/.local/lib/python3.12/site-packages/airflow/example_dags/example_nested_branch_dag.py for tasks to queue
[2025-02-28T03:34:01.312+0000] {logging_mixin.py:190} INFO - [2025-02-28T03:34:01.311+0000] {dagbag.py:588} INFO - Filling up the DagBag from /home/airflow/.local/lib/python3.12/site-packages/airflow/example_dags/example_nested_branch_dag.py
[2025-02-28T03:34:01.329+0000] {processor.py:925} INFO - DAG(s) 'example_nested_branch_dag' retrieved from /home/airflow/.local/lib/python3.12/site-packages/airflow/example_dags/example_nested_branch_dag.py
[2025-02-28T03:34:01.359+0000] {logging_mixin.py:190} INFO - [2025-02-28T03:34:01.358+0000] {dag.py:3239} INFO - Sync 1 DAGs
[2025-02-28T03:34:01.398+0000] {logging_mixin.py:190} INFO - [2025-02-28T03:34:01.398+0000] {dag.py:4180} INFO - Setting next_dagrun for example_nested_branch_dag to 2025-02-27 00:00:00+00:00, run_after=2025-02-28 00:00:00+00:00
[2025-02-28T03:34:01.421+0000] {processor.py:208} INFO - Processing /home/airflow/.local/lib/python3.12/site-packages/airflow/example_dags/example_nested_branch_dag.py took 0.122 seconds
[2025-02-28T03:34:32.292+0000] {processor.py:186} INFO - Started process (PID=4034) to work on /home/airflow/.local/lib/python3.12/site-packages/airflow/example_dags/example_nested_branch_dag.py
[2025-02-28T03:34:32.295+0000] {processor.py:914} INFO - Processing file /home/airflow/.local/lib/python3.12/site-packages/airflow/example_dags/example_nested_branch_dag.py for tasks to queue
[2025-02-28T03:34:32.302+0000] {logging_mixin.py:190} INFO - [2025-02-28T03:34:32.299+0000] {dagbag.py:588} INFO - Filling up the DagBag from /home/airflow/.local/lib/python3.12/site-packages/airflow/example_dags/example_nested_branch_dag.py
[2025-02-28T03:34:32.343+0000] {processor.py:925} INFO - DAG(s) 'example_nested_branch_dag' retrieved from /home/airflow/.local/lib/python3.12/site-packages/airflow/example_dags/example_nested_branch_dag.py
[2025-02-28T03:34:32.429+0000] {logging_mixin.py:190} INFO - [2025-02-28T03:34:32.426+0000] {dag.py:3239} INFO - Sync 1 DAGs
[2025-02-28T03:34:32.541+0000] {logging_mixin.py:190} INFO - [2025-02-28T03:34:32.540+0000] {dag.py:4180} INFO - Setting next_dagrun for example_nested_branch_dag to 2025-02-27 00:00:00+00:00, run_after=2025-02-28 00:00:00+00:00
[2025-02-28T03:34:32.599+0000] {processor.py:208} INFO - Processing /home/airflow/.local/lib/python3.12/site-packages/airflow/example_dags/example_nested_branch_dag.py took 0.328 seconds
[2025-02-28T03:35:03.161+0000] {processor.py:186} INFO - Started process (PID=4336) to work on /home/airflow/.local/lib/python3.12/site-packages/airflow/example_dags/example_nested_branch_dag.py
[2025-02-28T03:35:03.165+0000] {processor.py:914} INFO - Processing file /home/airflow/.local/lib/python3.12/site-packages/airflow/example_dags/example_nested_branch_dag.py for tasks to queue
[2025-02-28T03:35:03.173+0000] {logging_mixin.py:190} INFO - [2025-02-28T03:35:03.172+0000] {dagbag.py:588} INFO - Filling up the DagBag from /home/airflow/.local/lib/python3.12/site-packages/airflow/example_dags/example_nested_branch_dag.py
[2025-02-28T03:35:03.212+0000] {processor.py:925} INFO - DAG(s) 'example_nested_branch_dag' retrieved from /home/airflow/.local/lib/python3.12/site-packages/airflow/example_dags/example_nested_branch_dag.py
[2025-02-28T03:35:03.285+0000] {logging_mixin.py:190} INFO - [2025-02-28T03:35:03.285+0000] {dag.py:3239} INFO - Sync 1 DAGs
[2025-02-28T03:35:03.406+0000] {logging_mixin.py:190} INFO - [2025-02-28T03:35:03.406+0000] {dag.py:4180} INFO - Setting next_dagrun for example_nested_branch_dag to 2025-02-27 00:00:00+00:00, run_after=2025-02-28 00:00:00+00:00
[2025-02-28T03:35:03.496+0000] {processor.py:208} INFO - Processing /home/airflow/.local/lib/python3.12/site-packages/airflow/example_dags/example_nested_branch_dag.py took 0.355 seconds
[2025-02-28T03:35:34.030+0000] {processor.py:186} INFO - Started process (PID=4638) to work on /home/airflow/.local/lib/python3.12/site-packages/airflow/example_dags/example_nested_branch_dag.py
[2025-02-28T03:35:34.031+0000] {processor.py:914} INFO - Processing file /home/airflow/.local/lib/python3.12/site-packages/airflow/example_dags/example_nested_branch_dag.py for tasks to queue
[2025-02-28T03:35:34.034+0000] {logging_mixin.py:190} INFO - [2025-02-28T03:35:34.033+0000] {dagbag.py:588} INFO - Filling up the DagBag from /home/airflow/.local/lib/python3.12/site-packages/airflow/example_dags/example_nested_branch_dag.py
[2025-02-28T03:35:34.051+0000] {processor.py:925} INFO - DAG(s) 'example_nested_branch_dag' retrieved from /home/airflow/.local/lib/python3.12/site-packages/airflow/example_dags/example_nested_branch_dag.py
[2025-02-28T03:35:34.085+0000] {logging_mixin.py:190} INFO - [2025-02-28T03:35:34.084+0000] {dag.py:3239} INFO - Sync 1 DAGs
[2025-02-28T03:35:34.131+0000] {logging_mixin.py:190} INFO - [2025-02-28T03:35:34.131+0000] {dag.py:4180} INFO - Setting next_dagrun for example_nested_branch_dag to 2025-02-27 00:00:00+00:00, run_after=2025-02-28 00:00:00+00:00
[2025-02-28T03:35:34.155+0000] {processor.py:208} INFO - Processing /home/airflow/.local/lib/python3.12/site-packages/airflow/example_dags/example_nested_branch_dag.py took 0.134 seconds
[2025-02-28T03:36:04.904+0000] {processor.py:186} INFO - Started process (PID=4939) to work on /home/airflow/.local/lib/python3.12/site-packages/airflow/example_dags/example_nested_branch_dag.py
[2025-02-28T03:36:04.906+0000] {processor.py:914} INFO - Processing file /home/airflow/.local/lib/python3.12/site-packages/airflow/example_dags/example_nested_branch_dag.py for tasks to queue
[2025-02-28T03:36:04.909+0000] {logging_mixin.py:190} INFO - [2025-02-28T03:36:04.908+0000] {dagbag.py:588} INFO - Filling up the DagBag from /home/airflow/.local/lib/python3.12/site-packages/airflow/example_dags/example_nested_branch_dag.py
[2025-02-28T03:36:04.926+0000] {processor.py:925} INFO - DAG(s) 'example_nested_branch_dag' retrieved from /home/airflow/.local/lib/python3.12/site-packages/airflow/example_dags/example_nested_branch_dag.py
[2025-02-28T03:36:04.959+0000] {logging_mixin.py:190} INFO - [2025-02-28T03:36:04.959+0000] {dag.py:3239} INFO - Sync 1 DAGs
[2025-02-28T03:36:05.000+0000] {logging_mixin.py:190} INFO - [2025-02-28T03:36:05.000+0000] {dag.py:4180} INFO - Setting next_dagrun for example_nested_branch_dag to 2025-02-27 00:00:00+00:00, run_after=2025-02-28 00:00:00+00:00
[2025-02-28T03:36:05.025+0000] {processor.py:208} INFO - Processing /home/airflow/.local/lib/python3.12/site-packages/airflow/example_dags/example_nested_branch_dag.py took 0.130 seconds
[2025-02-28T03:36:35.924+0000] {processor.py:186} INFO - Started process (PID=5240) to work on /home/airflow/.local/lib/python3.12/site-packages/airflow/example_dags/example_nested_branch_dag.py
[2025-02-28T03:36:35.928+0000] {processor.py:914} INFO - Processing file /home/airflow/.local/lib/python3.12/site-packages/airflow/example_dags/example_nested_branch_dag.py for tasks to queue
[2025-02-28T03:36:35.936+0000] {logging_mixin.py:190} INFO - [2025-02-28T03:36:35.935+0000] {dagbag.py:588} INFO - Filling up the DagBag from /home/airflow/.local/lib/python3.12/site-packages/airflow/example_dags/example_nested_branch_dag.py
[2025-02-28T03:36:35.969+0000] {processor.py:925} INFO - DAG(s) 'example_nested_branch_dag' retrieved from /home/airflow/.local/lib/python3.12/site-packages/airflow/example_dags/example_nested_branch_dag.py
[2025-02-28T03:36:36.021+0000] {logging_mixin.py:190} INFO - [2025-02-28T03:36:36.020+0000] {dag.py:3239} INFO - Sync 1 DAGs
[2025-02-28T03:36:36.066+0000] {logging_mixin.py:190} INFO - [2025-02-28T03:36:36.066+0000] {dag.py:4180} INFO - Setting next_dagrun for example_nested_branch_dag to 2025-02-27 00:00:00+00:00, run_after=2025-02-28 00:00:00+00:00
[2025-02-28T03:36:36.114+0000] {processor.py:208} INFO - Processing /home/airflow/.local/lib/python3.12/site-packages/airflow/example_dags/example_nested_branch_dag.py took 0.207 seconds
[2025-02-28T03:37:07.013+0000] {processor.py:186} INFO - Started process (PID=5541) to work on /home/airflow/.local/lib/python3.12/site-packages/airflow/example_dags/example_nested_branch_dag.py
[2025-02-28T03:37:07.017+0000] {processor.py:914} INFO - Processing file /home/airflow/.local/lib/python3.12/site-packages/airflow/example_dags/example_nested_branch_dag.py for tasks to queue
[2025-02-28T03:37:07.021+0000] {logging_mixin.py:190} INFO - [2025-02-28T03:37:07.021+0000] {dagbag.py:588} INFO - Filling up the DagBag from /home/airflow/.local/lib/python3.12/site-packages/airflow/example_dags/example_nested_branch_dag.py
[2025-02-28T03:37:07.046+0000] {processor.py:925} INFO - DAG(s) 'example_nested_branch_dag' retrieved from /home/airflow/.local/lib/python3.12/site-packages/airflow/example_dags/example_nested_branch_dag.py
[2025-02-28T03:37:07.091+0000] {logging_mixin.py:190} INFO - [2025-02-28T03:37:07.091+0000] {dag.py:3239} INFO - Sync 1 DAGs
[2025-02-28T03:37:07.161+0000] {logging_mixin.py:190} INFO - [2025-02-28T03:37:07.161+0000] {dag.py:4180} INFO - Setting next_dagrun for example_nested_branch_dag to 2025-02-27 00:00:00+00:00, run_after=2025-02-28 00:00:00+00:00
[2025-02-28T03:37:07.205+0000] {processor.py:208} INFO - Processing /home/airflow/.local/lib/python3.12/site-packages/airflow/example_dags/example_nested_branch_dag.py took 0.204 seconds
