[2025-02-28T03:27:54.078+0000] {processor.py:186} INFO - Started process (PID=210) to work on /home/airflow/.local/lib/python3.12/site-packages/airflow/example_dags/example_display_name.py
[2025-02-28T03:27:54.088+0000] {processor.py:914} INFO - Processing file /home/airflow/.local/lib/python3.12/site-packages/airflow/example_dags/example_display_name.py for tasks to queue
[2025-02-28T03:27:54.101+0000] {logging_mixin.py:190} INFO - [2025-02-28T03:27:54.100+0000] {dagbag.py:588} INFO - Filling up the DagBag from /home/airflow/.local/lib/python3.12/site-packages/airflow/example_dags/example_display_name.py
[2025-02-28T03:27:54.195+0000] {processor.py:925} INFO - DAG(s) 'example_display_name' retrieved from /home/airflow/.local/lib/python3.12/site-packages/airflow/example_dags/example_display_name.py
[2025-02-28T03:27:54.461+0000] {logging_mixin.py:190} INFO - [2025-02-28T03:27:54.460+0000] {dag.py:3239} INFO - Sync 1 DAGs
[2025-02-28T03:27:54.596+0000] {logging_mixin.py:190} INFO - [2025-02-28T03:27:54.596+0000] {dag.py:4180} INFO - Setting next_dagrun for example_display_name to None, run_after=None
[2025-02-28T03:27:54.736+0000] {processor.py:208} INFO - Processing /home/airflow/.local/lib/python3.12/site-packages/airflow/example_dags/example_display_name.py took 0.706 seconds
[2025-02-28T03:28:26.960+0000] {processor.py:186} INFO - Started process (PID=513) to work on /home/airflow/.local/lib/python3.12/site-packages/airflow/example_dags/example_display_name.py
[2025-02-28T03:28:26.964+0000] {processor.py:914} INFO - Processing file /home/airflow/.local/lib/python3.12/site-packages/airflow/example_dags/example_display_name.py for tasks to queue
[2025-02-28T03:28:26.973+0000] {logging_mixin.py:190} INFO - [2025-02-28T03:28:26.972+0000] {dagbag.py:588} INFO - Filling up the DagBag from /home/airflow/.local/lib/python3.12/site-packages/airflow/example_dags/example_display_name.py
[2025-02-28T03:28:27.000+0000] {processor.py:925} INFO - DAG(s) 'example_display_name' retrieved from /home/airflow/.local/lib/python3.12/site-packages/airflow/example_dags/example_display_name.py
[2025-02-28T03:28:27.048+0000] {logging_mixin.py:190} INFO - [2025-02-28T03:28:27.048+0000] {dag.py:3239} INFO - Sync 1 DAGs
[2025-02-28T03:28:27.072+0000] {logging_mixin.py:190} INFO - [2025-02-28T03:28:27.072+0000] {dag.py:4180} INFO - Setting next_dagrun for example_display_name to None, run_after=None
[2025-02-28T03:28:27.107+0000] {processor.py:208} INFO - Processing /home/airflow/.local/lib/python3.12/site-packages/airflow/example_dags/example_display_name.py took 0.187 seconds
[2025-02-28T03:29:00.025+0000] {processor.py:186} INFO - Started process (PID=816) to work on /home/airflow/.local/lib/python3.12/site-packages/airflow/example_dags/example_display_name.py
[2025-02-28T03:29:00.027+0000] {processor.py:914} INFO - Processing file /home/airflow/.local/lib/python3.12/site-packages/airflow/example_dags/example_display_name.py for tasks to queue
[2025-02-28T03:29:00.030+0000] {logging_mixin.py:190} INFO - [2025-02-28T03:29:00.030+0000] {dagbag.py:588} INFO - Filling up the DagBag from /home/airflow/.local/lib/python3.12/site-packages/airflow/example_dags/example_display_name.py
[2025-02-28T03:29:00.041+0000] {processor.py:925} INFO - DAG(s) 'example_display_name' retrieved from /home/airflow/.local/lib/python3.12/site-packages/airflow/example_dags/example_display_name.py
[2025-02-28T03:29:00.070+0000] {logging_mixin.py:190} INFO - [2025-02-28T03:29:00.070+0000] {dag.py:3239} INFO - Sync 1 DAGs
[2025-02-28T03:29:00.093+0000] {logging_mixin.py:190} INFO - [2025-02-28T03:29:00.092+0000] {dag.py:4180} INFO - Setting next_dagrun for example_display_name to None, run_after=None
[2025-02-28T03:29:00.122+0000] {processor.py:208} INFO - Processing /home/airflow/.local/lib/python3.12/site-packages/airflow/example_dags/example_display_name.py took 0.105 seconds
[2025-02-28T03:29:32.281+0000] {processor.py:186} INFO - Started process (PID=1095) to work on /home/airflow/.local/lib/python3.12/site-packages/airflow/example_dags/example_display_name.py
[2025-02-28T03:29:32.287+0000] {processor.py:914} INFO - Processing file /home/airflow/.local/lib/python3.12/site-packages/airflow/example_dags/example_display_name.py for tasks to queue
[2025-02-28T03:29:32.294+0000] {logging_mixin.py:190} INFO - [2025-02-28T03:29:32.294+0000] {dagbag.py:588} INFO - Filling up the DagBag from /home/airflow/.local/lib/python3.12/site-packages/airflow/example_dags/example_display_name.py
[2025-02-28T03:29:32.306+0000] {processor.py:925} INFO - DAG(s) 'example_display_name' retrieved from /home/airflow/.local/lib/python3.12/site-packages/airflow/example_dags/example_display_name.py
[2025-02-28T03:29:32.380+0000] {logging_mixin.py:190} INFO - [2025-02-28T03:29:32.379+0000] {dag.py:3239} INFO - Sync 1 DAGs
[2025-02-28T03:29:32.430+0000] {logging_mixin.py:190} INFO - [2025-02-28T03:29:32.430+0000] {dag.py:4180} INFO - Setting next_dagrun for example_display_name to None, run_after=None
[2025-02-28T03:29:32.466+0000] {processor.py:208} INFO - Processing /home/airflow/.local/lib/python3.12/site-packages/airflow/example_dags/example_display_name.py took 0.217 seconds
[2025-02-28T03:30:03.753+0000] {processor.py:186} INFO - Started process (PID=1382) to work on /home/airflow/.local/lib/python3.12/site-packages/airflow/example_dags/example_display_name.py
[2025-02-28T03:30:03.759+0000] {processor.py:914} INFO - Processing file /home/airflow/.local/lib/python3.12/site-packages/airflow/example_dags/example_display_name.py for tasks to queue
[2025-02-28T03:30:03.771+0000] {logging_mixin.py:190} INFO - [2025-02-28T03:30:03.769+0000] {dagbag.py:588} INFO - Filling up the DagBag from /home/airflow/.local/lib/python3.12/site-packages/airflow/example_dags/example_display_name.py
[2025-02-28T03:30:03.810+0000] {processor.py:925} INFO - DAG(s) 'example_display_name' retrieved from /home/airflow/.local/lib/python3.12/site-packages/airflow/example_dags/example_display_name.py
[2025-02-28T03:30:03.881+0000] {logging_mixin.py:190} INFO - [2025-02-28T03:30:03.880+0000] {dag.py:3239} INFO - Sync 1 DAGs
[2025-02-28T03:30:03.948+0000] {logging_mixin.py:190} INFO - [2025-02-28T03:30:03.947+0000] {dag.py:4180} INFO - Setting next_dagrun for example_display_name to None, run_after=None
[2025-02-28T03:30:04.036+0000] {processor.py:208} INFO - Processing /home/airflow/.local/lib/python3.12/site-packages/airflow/example_dags/example_display_name.py took 0.329 seconds
[2025-02-28T03:30:34.559+0000] {processor.py:186} INFO - Started process (PID=1679) to work on /home/airflow/.local/lib/python3.12/site-packages/airflow/example_dags/example_display_name.py
[2025-02-28T03:30:34.564+0000] {processor.py:914} INFO - Processing file /home/airflow/.local/lib/python3.12/site-packages/airflow/example_dags/example_display_name.py for tasks to queue
[2025-02-28T03:30:34.568+0000] {logging_mixin.py:190} INFO - [2025-02-28T03:30:34.567+0000] {dagbag.py:588} INFO - Filling up the DagBag from /home/airflow/.local/lib/python3.12/site-packages/airflow/example_dags/example_display_name.py
[2025-02-28T03:30:34.584+0000] {processor.py:925} INFO - DAG(s) 'example_display_name' retrieved from /home/airflow/.local/lib/python3.12/site-packages/airflow/example_dags/example_display_name.py
[2025-02-28T03:30:34.652+0000] {logging_mixin.py:190} INFO - [2025-02-28T03:30:34.652+0000] {dag.py:3239} INFO - Sync 1 DAGs
[2025-02-28T03:30:34.707+0000] {logging_mixin.py:190} INFO - [2025-02-28T03:30:34.706+0000] {dag.py:4180} INFO - Setting next_dagrun for example_display_name to None, run_after=None
[2025-02-28T03:30:34.767+0000] {processor.py:208} INFO - Processing /home/airflow/.local/lib/python3.12/site-packages/airflow/example_dags/example_display_name.py took 0.235 seconds
[2025-02-28T03:31:05.114+0000] {processor.py:186} INFO - Started process (PID=1979) to work on /home/airflow/.local/lib/python3.12/site-packages/airflow/example_dags/example_display_name.py
[2025-02-28T03:31:05.117+0000] {processor.py:914} INFO - Processing file /home/airflow/.local/lib/python3.12/site-packages/airflow/example_dags/example_display_name.py for tasks to queue
[2025-02-28T03:31:05.122+0000] {logging_mixin.py:190} INFO - [2025-02-28T03:31:05.121+0000] {dagbag.py:588} INFO - Filling up the DagBag from /home/airflow/.local/lib/python3.12/site-packages/airflow/example_dags/example_display_name.py
[2025-02-28T03:31:05.144+0000] {processor.py:925} INFO - DAG(s) 'example_display_name' retrieved from /home/airflow/.local/lib/python3.12/site-packages/airflow/example_dags/example_display_name.py
[2025-02-28T03:31:05.202+0000] {logging_mixin.py:190} INFO - [2025-02-28T03:31:05.202+0000] {dag.py:3239} INFO - Sync 1 DAGs
[2025-02-28T03:31:05.243+0000] {logging_mixin.py:190} INFO - [2025-02-28T03:31:05.242+0000] {dag.py:4180} INFO - Setting next_dagrun for example_display_name to None, run_after=None
[2025-02-28T03:31:05.287+0000] {processor.py:208} INFO - Processing /home/airflow/.local/lib/python3.12/site-packages/airflow/example_dags/example_display_name.py took 0.183 seconds
[2025-02-28T03:31:35.508+0000] {processor.py:186} INFO - Started process (PID=2280) to work on /home/airflow/.local/lib/python3.12/site-packages/airflow/example_dags/example_display_name.py
[2025-02-28T03:31:35.513+0000] {processor.py:914} INFO - Processing file /home/airflow/.local/lib/python3.12/site-packages/airflow/example_dags/example_display_name.py for tasks to queue
[2025-02-28T03:31:35.516+0000] {logging_mixin.py:190} INFO - [2025-02-28T03:31:35.515+0000] {dagbag.py:588} INFO - Filling up the DagBag from /home/airflow/.local/lib/python3.12/site-packages/airflow/example_dags/example_display_name.py
[2025-02-28T03:31:35.532+0000] {processor.py:925} INFO - DAG(s) 'example_display_name' retrieved from /home/airflow/.local/lib/python3.12/site-packages/airflow/example_dags/example_display_name.py
[2025-02-28T03:31:35.602+0000] {logging_mixin.py:190} INFO - [2025-02-28T03:31:35.602+0000] {dag.py:3239} INFO - Sync 1 DAGs
[2025-02-28T03:31:35.677+0000] {logging_mixin.py:190} INFO - [2025-02-28T03:31:35.676+0000] {dag.py:4180} INFO - Setting next_dagrun for example_display_name to None, run_after=None
[2025-02-28T03:31:35.718+0000] {processor.py:208} INFO - Processing /home/airflow/.local/lib/python3.12/site-packages/airflow/example_dags/example_display_name.py took 0.230 seconds
[2025-02-28T03:32:05.915+0000] {processor.py:186} INFO - Started process (PID=2581) to work on /home/airflow/.local/lib/python3.12/site-packages/airflow/example_dags/example_display_name.py
[2025-02-28T03:32:05.919+0000] {processor.py:914} INFO - Processing file /home/airflow/.local/lib/python3.12/site-packages/airflow/example_dags/example_display_name.py for tasks to queue
[2025-02-28T03:32:05.926+0000] {logging_mixin.py:190} INFO - [2025-02-28T03:32:05.925+0000] {dagbag.py:588} INFO - Filling up the DagBag from /home/airflow/.local/lib/python3.12/site-packages/airflow/example_dags/example_display_name.py
[2025-02-28T03:32:05.946+0000] {processor.py:925} INFO - DAG(s) 'example_display_name' retrieved from /home/airflow/.local/lib/python3.12/site-packages/airflow/example_dags/example_display_name.py
[2025-02-28T03:32:06.005+0000] {logging_mixin.py:190} INFO - [2025-02-28T03:32:06.004+0000] {dag.py:3239} INFO - Sync 1 DAGs
[2025-02-28T03:32:06.053+0000] {logging_mixin.py:190} INFO - [2025-02-28T03:32:06.052+0000] {dag.py:4180} INFO - Setting next_dagrun for example_display_name to None, run_after=None
[2025-02-28T03:32:06.100+0000] {processor.py:208} INFO - Processing /home/airflow/.local/lib/python3.12/site-packages/airflow/example_dags/example_display_name.py took 0.203 seconds
[2025-02-28T03:32:36.494+0000] {processor.py:186} INFO - Started process (PID=2881) to work on /home/airflow/.local/lib/python3.12/site-packages/airflow/example_dags/example_display_name.py
[2025-02-28T03:32:36.500+0000] {processor.py:914} INFO - Processing file /home/airflow/.local/lib/python3.12/site-packages/airflow/example_dags/example_display_name.py for tasks to queue
[2025-02-28T03:32:36.507+0000] {logging_mixin.py:190} INFO - [2025-02-28T03:32:36.506+0000] {dagbag.py:588} INFO - Filling up the DagBag from /home/airflow/.local/lib/python3.12/site-packages/airflow/example_dags/example_display_name.py
[2025-02-28T03:32:36.523+0000] {processor.py:925} INFO - DAG(s) 'example_display_name' retrieved from /home/airflow/.local/lib/python3.12/site-packages/airflow/example_dags/example_display_name.py
[2025-02-28T03:32:36.582+0000] {logging_mixin.py:190} INFO - [2025-02-28T03:32:36.581+0000] {dag.py:3239} INFO - Sync 1 DAGs
[2025-02-28T03:32:36.617+0000] {logging_mixin.py:190} INFO - [2025-02-28T03:32:36.617+0000] {dag.py:4180} INFO - Setting next_dagrun for example_display_name to None, run_after=None
[2025-02-28T03:32:36.657+0000] {processor.py:208} INFO - Processing /home/airflow/.local/lib/python3.12/site-packages/airflow/example_dags/example_display_name.py took 0.186 seconds
[2025-02-28T03:33:07.590+0000] {processor.py:186} INFO - Started process (PID=3182) to work on /home/airflow/.local/lib/python3.12/site-packages/airflow/example_dags/example_display_name.py
[2025-02-28T03:33:07.593+0000] {processor.py:914} INFO - Processing file /home/airflow/.local/lib/python3.12/site-packages/airflow/example_dags/example_display_name.py for tasks to queue
[2025-02-28T03:33:07.605+0000] {logging_mixin.py:190} INFO - [2025-02-28T03:33:07.604+0000] {dagbag.py:588} INFO - Filling up the DagBag from /home/airflow/.local/lib/python3.12/site-packages/airflow/example_dags/example_display_name.py
[2025-02-28T03:33:07.622+0000] {processor.py:925} INFO - DAG(s) 'example_display_name' retrieved from /home/airflow/.local/lib/python3.12/site-packages/airflow/example_dags/example_display_name.py
[2025-02-28T03:33:07.653+0000] {logging_mixin.py:190} INFO - [2025-02-28T03:33:07.653+0000] {dag.py:3239} INFO - Sync 1 DAGs
[2025-02-28T03:33:07.688+0000] {logging_mixin.py:190} INFO - [2025-02-28T03:33:07.687+0000] {dag.py:4180} INFO - Setting next_dagrun for example_display_name to None, run_after=None
[2025-02-28T03:33:07.728+0000] {processor.py:208} INFO - Processing /home/airflow/.local/lib/python3.12/site-packages/airflow/example_dags/example_display_name.py took 0.148 seconds
[2025-02-28T03:33:38.319+0000] {processor.py:186} INFO - Started process (PID=3483) to work on /home/airflow/.local/lib/python3.12/site-packages/airflow/example_dags/example_display_name.py
[2025-02-28T03:33:38.320+0000] {processor.py:914} INFO - Processing file /home/airflow/.local/lib/python3.12/site-packages/airflow/example_dags/example_display_name.py for tasks to queue
[2025-02-28T03:33:38.323+0000] {logging_mixin.py:190} INFO - [2025-02-28T03:33:38.323+0000] {dagbag.py:588} INFO - Filling up the DagBag from /home/airflow/.local/lib/python3.12/site-packages/airflow/example_dags/example_display_name.py
[2025-02-28T03:33:38.334+0000] {processor.py:925} INFO - DAG(s) 'example_display_name' retrieved from /home/airflow/.local/lib/python3.12/site-packages/airflow/example_dags/example_display_name.py
[2025-02-28T03:33:38.361+0000] {logging_mixin.py:190} INFO - [2025-02-28T03:33:38.361+0000] {dag.py:3239} INFO - Sync 1 DAGs
[2025-02-28T03:33:38.385+0000] {logging_mixin.py:190} INFO - [2025-02-28T03:33:38.384+0000] {dag.py:4180} INFO - Setting next_dagrun for example_display_name to None, run_after=None
[2025-02-28T03:33:38.415+0000] {processor.py:208} INFO - Processing /home/airflow/.local/lib/python3.12/site-packages/airflow/example_dags/example_display_name.py took 0.106 seconds
[2025-02-28T03:34:08.590+0000] {processor.py:186} INFO - Started process (PID=3783) to work on /home/airflow/.local/lib/python3.12/site-packages/airflow/example_dags/example_display_name.py
[2025-02-28T03:34:08.591+0000] {processor.py:914} INFO - Processing file /home/airflow/.local/lib/python3.12/site-packages/airflow/example_dags/example_display_name.py for tasks to queue
[2025-02-28T03:34:08.595+0000] {logging_mixin.py:190} INFO - [2025-02-28T03:34:08.594+0000] {dagbag.py:588} INFO - Filling up the DagBag from /home/airflow/.local/lib/python3.12/site-packages/airflow/example_dags/example_display_name.py
[2025-02-28T03:34:08.615+0000] {processor.py:925} INFO - DAG(s) 'example_display_name' retrieved from /home/airflow/.local/lib/python3.12/site-packages/airflow/example_dags/example_display_name.py
[2025-02-28T03:34:08.663+0000] {logging_mixin.py:190} INFO - [2025-02-28T03:34:08.663+0000] {dag.py:3239} INFO - Sync 1 DAGs
[2025-02-28T03:34:08.697+0000] {logging_mixin.py:190} INFO - [2025-02-28T03:34:08.697+0000] {dag.py:4180} INFO - Setting next_dagrun for example_display_name to None, run_after=None
[2025-02-28T03:34:08.748+0000] {processor.py:208} INFO - Processing /home/airflow/.local/lib/python3.12/site-packages/airflow/example_dags/example_display_name.py took 0.170 seconds
[2025-02-28T03:34:39.451+0000] {processor.py:186} INFO - Started process (PID=4084) to work on /home/airflow/.local/lib/python3.12/site-packages/airflow/example_dags/example_display_name.py
[2025-02-28T03:34:39.453+0000] {processor.py:914} INFO - Processing file /home/airflow/.local/lib/python3.12/site-packages/airflow/example_dags/example_display_name.py for tasks to queue
[2025-02-28T03:34:39.456+0000] {logging_mixin.py:190} INFO - [2025-02-28T03:34:39.456+0000] {dagbag.py:588} INFO - Filling up the DagBag from /home/airflow/.local/lib/python3.12/site-packages/airflow/example_dags/example_display_name.py
[2025-02-28T03:34:39.468+0000] {processor.py:925} INFO - DAG(s) 'example_display_name' retrieved from /home/airflow/.local/lib/python3.12/site-packages/airflow/example_dags/example_display_name.py
[2025-02-28T03:34:39.495+0000] {logging_mixin.py:190} INFO - [2025-02-28T03:34:39.495+0000] {dag.py:3239} INFO - Sync 1 DAGs
[2025-02-28T03:34:39.516+0000] {logging_mixin.py:190} INFO - [2025-02-28T03:34:39.516+0000] {dag.py:4180} INFO - Setting next_dagrun for example_display_name to None, run_after=None
[2025-02-28T03:34:39.537+0000] {processor.py:208} INFO - Processing /home/airflow/.local/lib/python3.12/site-packages/airflow/example_dags/example_display_name.py took 0.094 seconds
[2025-02-28T03:35:10.352+0000] {processor.py:186} INFO - Started process (PID=4388) to work on /home/airflow/.local/lib/python3.12/site-packages/airflow/example_dags/example_display_name.py
[2025-02-28T03:35:10.354+0000] {processor.py:914} INFO - Processing file /home/airflow/.local/lib/python3.12/site-packages/airflow/example_dags/example_display_name.py for tasks to queue
[2025-02-28T03:35:10.359+0000] {logging_mixin.py:190} INFO - [2025-02-28T03:35:10.358+0000] {dagbag.py:588} INFO - Filling up the DagBag from /home/airflow/.local/lib/python3.12/site-packages/airflow/example_dags/example_display_name.py
[2025-02-28T03:35:10.371+0000] {processor.py:925} INFO - DAG(s) 'example_display_name' retrieved from /home/airflow/.local/lib/python3.12/site-packages/airflow/example_dags/example_display_name.py
[2025-02-28T03:35:10.399+0000] {logging_mixin.py:190} INFO - [2025-02-28T03:35:10.399+0000] {dag.py:3239} INFO - Sync 1 DAGs
[2025-02-28T03:35:10.421+0000] {logging_mixin.py:190} INFO - [2025-02-28T03:35:10.421+0000] {dag.py:4180} INFO - Setting next_dagrun for example_display_name to None, run_after=None
[2025-02-28T03:35:10.445+0000] {processor.py:208} INFO - Processing /home/airflow/.local/lib/python3.12/site-packages/airflow/example_dags/example_display_name.py took 0.103 seconds
[2025-02-28T03:35:41.099+0000] {processor.py:186} INFO - Started process (PID=4683) to work on /home/airflow/.local/lib/python3.12/site-packages/airflow/example_dags/example_display_name.py
[2025-02-28T03:35:41.103+0000] {processor.py:914} INFO - Processing file /home/airflow/.local/lib/python3.12/site-packages/airflow/example_dags/example_display_name.py for tasks to queue
[2025-02-28T03:35:41.109+0000] {logging_mixin.py:190} INFO - [2025-02-28T03:35:41.108+0000] {dagbag.py:588} INFO - Filling up the DagBag from /home/airflow/.local/lib/python3.12/site-packages/airflow/example_dags/example_display_name.py
[2025-02-28T03:35:41.149+0000] {processor.py:925} INFO - DAG(s) 'example_display_name' retrieved from /home/airflow/.local/lib/python3.12/site-packages/airflow/example_dags/example_display_name.py
[2025-02-28T03:35:41.213+0000] {logging_mixin.py:190} INFO - [2025-02-28T03:35:41.212+0000] {dag.py:3239} INFO - Sync 1 DAGs
[2025-02-28T03:35:41.257+0000] {logging_mixin.py:190} INFO - [2025-02-28T03:35:41.257+0000] {dag.py:4180} INFO - Setting next_dagrun for example_display_name to None, run_after=None
[2025-02-28T03:35:41.314+0000] {processor.py:208} INFO - Processing /home/airflow/.local/lib/python3.12/site-packages/airflow/example_dags/example_display_name.py took 0.239 seconds
[2025-02-28T03:36:11.478+0000] {processor.py:186} INFO - Started process (PID=4979) to work on /home/airflow/.local/lib/python3.12/site-packages/airflow/example_dags/example_display_name.py
[2025-02-28T03:36:11.480+0000] {processor.py:914} INFO - Processing file /home/airflow/.local/lib/python3.12/site-packages/airflow/example_dags/example_display_name.py for tasks to queue
[2025-02-28T03:36:11.484+0000] {logging_mixin.py:190} INFO - [2025-02-28T03:36:11.484+0000] {dagbag.py:588} INFO - Filling up the DagBag from /home/airflow/.local/lib/python3.12/site-packages/airflow/example_dags/example_display_name.py
[2025-02-28T03:36:11.500+0000] {processor.py:925} INFO - DAG(s) 'example_display_name' retrieved from /home/airflow/.local/lib/python3.12/site-packages/airflow/example_dags/example_display_name.py
[2025-02-28T03:36:11.539+0000] {logging_mixin.py:190} INFO - [2025-02-28T03:36:11.538+0000] {dag.py:3239} INFO - Sync 1 DAGs
[2025-02-28T03:36:11.564+0000] {logging_mixin.py:190} INFO - [2025-02-28T03:36:11.564+0000] {dag.py:4180} INFO - Setting next_dagrun for example_display_name to None, run_after=None
[2025-02-28T03:36:11.588+0000] {processor.py:208} INFO - Processing /home/airflow/.local/lib/python3.12/site-packages/airflow/example_dags/example_display_name.py took 0.120 seconds
[2025-02-28T03:36:42.124+0000] {processor.py:186} INFO - Started process (PID=5280) to work on /home/airflow/.local/lib/python3.12/site-packages/airflow/example_dags/example_display_name.py
[2025-02-28T03:36:42.127+0000] {processor.py:914} INFO - Processing file /home/airflow/.local/lib/python3.12/site-packages/airflow/example_dags/example_display_name.py for tasks to queue
[2025-02-28T03:36:42.131+0000] {logging_mixin.py:190} INFO - [2025-02-28T03:36:42.131+0000] {dagbag.py:588} INFO - Filling up the DagBag from /home/airflow/.local/lib/python3.12/site-packages/airflow/example_dags/example_display_name.py
[2025-02-28T03:36:42.143+0000] {processor.py:925} INFO - DAG(s) 'example_display_name' retrieved from /home/airflow/.local/lib/python3.12/site-packages/airflow/example_dags/example_display_name.py
[2025-02-28T03:36:42.172+0000] {logging_mixin.py:190} INFO - [2025-02-28T03:36:42.172+0000] {dag.py:3239} INFO - Sync 1 DAGs
[2025-02-28T03:36:42.195+0000] {logging_mixin.py:190} INFO - [2025-02-28T03:36:42.195+0000] {dag.py:4180} INFO - Setting next_dagrun for example_display_name to None, run_after=None
[2025-02-28T03:36:42.222+0000] {processor.py:208} INFO - Processing /home/airflow/.local/lib/python3.12/site-packages/airflow/example_dags/example_display_name.py took 0.110 seconds
[2025-02-28T03:37:13.191+0000] {processor.py:186} INFO - Started process (PID=5581) to work on /home/airflow/.local/lib/python3.12/site-packages/airflow/example_dags/example_display_name.py
[2025-02-28T03:37:13.200+0000] {processor.py:914} INFO - Processing file /home/airflow/.local/lib/python3.12/site-packages/airflow/example_dags/example_display_name.py for tasks to queue
[2025-02-28T03:37:13.213+0000] {logging_mixin.py:190} INFO - [2025-02-28T03:37:13.212+0000] {dagbag.py:588} INFO - Filling up the DagBag from /home/airflow/.local/lib/python3.12/site-packages/airflow/example_dags/example_display_name.py
[2025-02-28T03:37:13.261+0000] {processor.py:925} INFO - DAG(s) 'example_display_name' retrieved from /home/airflow/.local/lib/python3.12/site-packages/airflow/example_dags/example_display_name.py
[2025-02-28T03:37:13.296+0000] {logging_mixin.py:190} INFO - [2025-02-28T03:37:13.296+0000] {dag.py:3239} INFO - Sync 1 DAGs
[2025-02-28T03:37:13.321+0000] {logging_mixin.py:190} INFO - [2025-02-28T03:37:13.320+0000] {dag.py:4180} INFO - Setting next_dagrun for example_display_name to None, run_after=None
[2025-02-28T03:37:13.345+0000] {processor.py:208} INFO - Processing /home/airflow/.local/lib/python3.12/site-packages/airflow/example_dags/example_display_name.py took 0.198 seconds
