[2025-02-28T03:28:23.909+0000] {processor.py:186} INFO - Started process (PID=468) to work on /home/airflow/.local/lib/python3.12/site-packages/airflow/example_dags/example_inlet_event_extra.py
[2025-02-28T03:28:23.911+0000] {processor.py:914} INFO - Processing file /home/airflow/.local/lib/python3.12/site-packages/airflow/example_dags/example_inlet_event_extra.py for tasks to queue
[2025-02-28T03:28:23.918+0000] {logging_mixin.py:190} INFO - [2025-02-28T03:28:23.917+0000] {dagbag.py:588} INFO - Filling up the DagBag from /home/airflow/.local/lib/python3.12/site-packages/airflow/example_dags/example_inlet_event_extra.py
[2025-02-28T03:28:25.306+0000] {processor.py:925} INFO - DAG(s) 'read_dataset_event_from_classic', 'read_dataset_event' retrieved from /home/airflow/.local/lib/python3.12/site-packages/airflow/example_dags/example_inlet_event_extra.py
[2025-02-28T03:28:25.351+0000] {logging_mixin.py:190} INFO - [2025-02-28T03:28:25.350+0000] {dag.py:3239} INFO - Sync 2 DAGs
[2025-02-28T03:28:25.987+0000] {logging_mixin.py:190} INFO - [2025-02-28T03:28:25.987+0000] {dag.py:4180} INFO - Setting next_dagrun for read_dataset_event to 2025-02-27 00:00:00+00:00, run_after=2025-02-28 00:00:00+00:00
[2025-02-28T03:28:25.996+0000] {logging_mixin.py:190} INFO - [2025-02-28T03:28:25.996+0000] {dag.py:4180} INFO - Setting next_dagrun for read_dataset_event_from_classic to 2025-02-27 00:00:00+00:00, run_after=2025-02-28 00:00:00+00:00
[2025-02-28T03:28:26.028+0000] {processor.py:208} INFO - Processing /home/airflow/.local/lib/python3.12/site-packages/airflow/example_dags/example_inlet_event_extra.py took 2.152 seconds
[2025-02-28T03:28:56.688+0000] {processor.py:186} INFO - Started process (PID=769) to work on /home/airflow/.local/lib/python3.12/site-packages/airflow/example_dags/example_inlet_event_extra.py
[2025-02-28T03:28:56.692+0000] {processor.py:914} INFO - Processing file /home/airflow/.local/lib/python3.12/site-packages/airflow/example_dags/example_inlet_event_extra.py for tasks to queue
[2025-02-28T03:28:56.698+0000] {logging_mixin.py:190} INFO - [2025-02-28T03:28:56.698+0000] {dagbag.py:588} INFO - Filling up the DagBag from /home/airflow/.local/lib/python3.12/site-packages/airflow/example_dags/example_inlet_event_extra.py
[2025-02-28T03:28:58.209+0000] {processor.py:925} INFO - DAG(s) 'read_dataset_event_from_classic', 'read_dataset_event' retrieved from /home/airflow/.local/lib/python3.12/site-packages/airflow/example_dags/example_inlet_event_extra.py
[2025-02-28T03:28:58.292+0000] {logging_mixin.py:190} INFO - [2025-02-28T03:28:58.292+0000] {dag.py:3239} INFO - Sync 2 DAGs
[2025-02-28T03:28:58.933+0000] {logging_mixin.py:190} INFO - [2025-02-28T03:28:58.933+0000] {dag.py:4180} INFO - Setting next_dagrun for read_dataset_event to 2025-02-27 00:00:00+00:00, run_after=2025-02-28 00:00:00+00:00
[2025-02-28T03:28:58.951+0000] {logging_mixin.py:190} INFO - [2025-02-28T03:28:58.950+0000] {dag.py:4180} INFO - Setting next_dagrun for read_dataset_event_from_classic to 2025-02-27 00:00:00+00:00, run_after=2025-02-28 00:00:00+00:00
[2025-02-28T03:28:59.002+0000] {processor.py:208} INFO - Processing /home/airflow/.local/lib/python3.12/site-packages/airflow/example_dags/example_inlet_event_extra.py took 2.333 seconds
[2025-02-28T03:29:29.351+0000] {processor.py:186} INFO - Started process (PID=1070) to work on /home/airflow/.local/lib/python3.12/site-packages/airflow/example_dags/example_inlet_event_extra.py
[2025-02-28T03:29:29.353+0000] {processor.py:914} INFO - Processing file /home/airflow/.local/lib/python3.12/site-packages/airflow/example_dags/example_inlet_event_extra.py for tasks to queue
[2025-02-28T03:29:29.360+0000] {logging_mixin.py:190} INFO - [2025-02-28T03:29:29.359+0000] {dagbag.py:588} INFO - Filling up the DagBag from /home/airflow/.local/lib/python3.12/site-packages/airflow/example_dags/example_inlet_event_extra.py
[2025-02-28T03:29:30.554+0000] {processor.py:925} INFO - DAG(s) 'read_dataset_event', 'read_dataset_event_from_classic' retrieved from /home/airflow/.local/lib/python3.12/site-packages/airflow/example_dags/example_inlet_event_extra.py
[2025-02-28T03:29:30.684+0000] {logging_mixin.py:190} INFO - [2025-02-28T03:29:30.684+0000] {dag.py:3239} INFO - Sync 2 DAGs
[2025-02-28T03:29:31.429+0000] {logging_mixin.py:190} INFO - [2025-02-28T03:29:31.428+0000] {dag.py:4180} INFO - Setting next_dagrun for read_dataset_event to 2025-02-27 00:00:00+00:00, run_after=2025-02-28 00:00:00+00:00
[2025-02-28T03:29:31.455+0000] {logging_mixin.py:190} INFO - [2025-02-28T03:29:31.453+0000] {dag.py:4180} INFO - Setting next_dagrun for read_dataset_event_from_classic to 2025-02-27 00:00:00+00:00, run_after=2025-02-28 00:00:00+00:00
[2025-02-28T03:29:31.509+0000] {processor.py:208} INFO - Processing /home/airflow/.local/lib/python3.12/site-packages/airflow/example_dags/example_inlet_event_extra.py took 2.182 seconds
[2025-02-28T03:30:01.662+0000] {processor.py:186} INFO - Started process (PID=1369) to work on /home/airflow/.local/lib/python3.12/site-packages/airflow/example_dags/example_inlet_event_extra.py
[2025-02-28T03:30:01.667+0000] {processor.py:914} INFO - Processing file /home/airflow/.local/lib/python3.12/site-packages/airflow/example_dags/example_inlet_event_extra.py for tasks to queue
[2025-02-28T03:30:01.678+0000] {logging_mixin.py:190} INFO - [2025-02-28T03:30:01.677+0000] {dagbag.py:588} INFO - Filling up the DagBag from /home/airflow/.local/lib/python3.12/site-packages/airflow/example_dags/example_inlet_event_extra.py
[2025-02-28T03:30:04.340+0000] {processor.py:925} INFO - DAG(s) 'read_dataset_event_from_classic', 'read_dataset_event' retrieved from /home/airflow/.local/lib/python3.12/site-packages/airflow/example_dags/example_inlet_event_extra.py
[2025-02-28T03:30:04.411+0000] {logging_mixin.py:190} INFO - [2025-02-28T03:30:04.411+0000] {dag.py:3239} INFO - Sync 2 DAGs
[2025-02-28T03:30:04.542+0000] {logging_mixin.py:190} INFO - [2025-02-28T03:30:04.541+0000] {dag.py:4180} INFO - Setting next_dagrun for read_dataset_event to 2025-02-27 00:00:00+00:00, run_after=2025-02-28 00:00:00+00:00
[2025-02-28T03:30:04.566+0000] {logging_mixin.py:190} INFO - [2025-02-28T03:30:04.565+0000] {dag.py:4180} INFO - Setting next_dagrun for read_dataset_event_from_classic to 2025-02-27 00:00:00+00:00, run_after=2025-02-28 00:00:00+00:00
[2025-02-28T03:30:04.618+0000] {processor.py:208} INFO - Processing /home/airflow/.local/lib/python3.12/site-packages/airflow/example_dags/example_inlet_event_extra.py took 2.988 seconds
[2025-02-28T03:30:34.827+0000] {processor.py:186} INFO - Started process (PID=1686) to work on /home/airflow/.local/lib/python3.12/site-packages/airflow/example_dags/example_inlet_event_extra.py
[2025-02-28T03:30:34.829+0000] {processor.py:914} INFO - Processing file /home/airflow/.local/lib/python3.12/site-packages/airflow/example_dags/example_inlet_event_extra.py for tasks to queue
[2025-02-28T03:30:34.832+0000] {logging_mixin.py:190} INFO - [2025-02-28T03:30:34.832+0000] {dagbag.py:588} INFO - Filling up the DagBag from /home/airflow/.local/lib/python3.12/site-packages/airflow/example_dags/example_inlet_event_extra.py
[2025-02-28T03:30:35.913+0000] {processor.py:925} INFO - DAG(s) 'read_dataset_event_from_classic', 'read_dataset_event' retrieved from /home/airflow/.local/lib/python3.12/site-packages/airflow/example_dags/example_inlet_event_extra.py
[2025-02-28T03:30:35.941+0000] {logging_mixin.py:190} INFO - [2025-02-28T03:30:35.940+0000] {dag.py:3239} INFO - Sync 2 DAGs
[2025-02-28T03:30:35.977+0000] {logging_mixin.py:190} INFO - [2025-02-28T03:30:35.977+0000] {dag.py:4180} INFO - Setting next_dagrun for read_dataset_event to 2025-02-27 00:00:00+00:00, run_after=2025-02-28 00:00:00+00:00
[2025-02-28T03:30:35.985+0000] {logging_mixin.py:190} INFO - [2025-02-28T03:30:35.985+0000] {dag.py:4180} INFO - Setting next_dagrun for read_dataset_event_from_classic to 2025-02-27 00:00:00+00:00, run_after=2025-02-28 00:00:00+00:00
[2025-02-28T03:30:36.004+0000] {processor.py:208} INFO - Processing /home/airflow/.local/lib/python3.12/site-packages/airflow/example_dags/example_inlet_event_extra.py took 1.187 seconds
[2025-02-28T03:31:06.364+0000] {processor.py:186} INFO - Started process (PID=1986) to work on /home/airflow/.local/lib/python3.12/site-packages/airflow/example_dags/example_inlet_event_extra.py
[2025-02-28T03:31:06.367+0000] {processor.py:914} INFO - Processing file /home/airflow/.local/lib/python3.12/site-packages/airflow/example_dags/example_inlet_event_extra.py for tasks to queue
[2025-02-28T03:31:06.372+0000] {logging_mixin.py:190} INFO - [2025-02-28T03:31:06.371+0000] {dagbag.py:588} INFO - Filling up the DagBag from /home/airflow/.local/lib/python3.12/site-packages/airflow/example_dags/example_inlet_event_extra.py
[2025-02-28T03:31:07.145+0000] {processor.py:925} INFO - DAG(s) 'read_dataset_event', 'read_dataset_event_from_classic' retrieved from /home/airflow/.local/lib/python3.12/site-packages/airflow/example_dags/example_inlet_event_extra.py
[2025-02-28T03:31:07.478+0000] {logging_mixin.py:190} INFO - [2025-02-28T03:31:07.478+0000] {dag.py:3239} INFO - Sync 2 DAGs
[2025-02-28T03:31:07.518+0000] {logging_mixin.py:190} INFO - [2025-02-28T03:31:07.518+0000] {dag.py:4180} INFO - Setting next_dagrun for read_dataset_event to 2025-02-27 00:00:00+00:00, run_after=2025-02-28 00:00:00+00:00
[2025-02-28T03:31:07.527+0000] {logging_mixin.py:190} INFO - [2025-02-28T03:31:07.527+0000] {dag.py:4180} INFO - Setting next_dagrun for read_dataset_event_from_classic to 2025-02-27 00:00:00+00:00, run_after=2025-02-28 00:00:00+00:00
[2025-02-28T03:31:07.547+0000] {processor.py:208} INFO - Processing /home/airflow/.local/lib/python3.12/site-packages/airflow/example_dags/example_inlet_event_extra.py took 1.193 seconds
[2025-02-28T03:31:38.310+0000] {processor.py:186} INFO - Started process (PID=2307) to work on /home/airflow/.local/lib/python3.12/site-packages/airflow/example_dags/example_inlet_event_extra.py
[2025-02-28T03:31:38.312+0000] {processor.py:914} INFO - Processing file /home/airflow/.local/lib/python3.12/site-packages/airflow/example_dags/example_inlet_event_extra.py for tasks to queue
[2025-02-28T03:31:38.315+0000] {logging_mixin.py:190} INFO - [2025-02-28T03:31:38.315+0000] {dagbag.py:588} INFO - Filling up the DagBag from /home/airflow/.local/lib/python3.12/site-packages/airflow/example_dags/example_inlet_event_extra.py
[2025-02-28T03:31:39.039+0000] {processor.py:925} INFO - DAG(s) 'read_dataset_event_from_classic', 'read_dataset_event' retrieved from /home/airflow/.local/lib/python3.12/site-packages/airflow/example_dags/example_inlet_event_extra.py
[2025-02-28T03:31:39.093+0000] {logging_mixin.py:190} INFO - [2025-02-28T03:31:39.092+0000] {dag.py:3239} INFO - Sync 2 DAGs
[2025-02-28T03:31:39.647+0000] {logging_mixin.py:190} INFO - [2025-02-28T03:31:39.647+0000] {dag.py:4180} INFO - Setting next_dagrun for read_dataset_event to 2025-02-27 00:00:00+00:00, run_after=2025-02-28 00:00:00+00:00
[2025-02-28T03:31:39.670+0000] {logging_mixin.py:190} INFO - [2025-02-28T03:31:39.669+0000] {dag.py:4180} INFO - Setting next_dagrun for read_dataset_event_from_classic to 2025-02-27 00:00:00+00:00, run_after=2025-02-28 00:00:00+00:00
[2025-02-28T03:31:39.730+0000] {processor.py:208} INFO - Processing /home/airflow/.local/lib/python3.12/site-packages/airflow/example_dags/example_inlet_event_extra.py took 1.430 seconds
[2025-02-28T03:32:10.744+0000] {processor.py:186} INFO - Started process (PID=2616) to work on /home/airflow/.local/lib/python3.12/site-packages/airflow/example_dags/example_inlet_event_extra.py
[2025-02-28T03:32:10.746+0000] {processor.py:914} INFO - Processing file /home/airflow/.local/lib/python3.12/site-packages/airflow/example_dags/example_inlet_event_extra.py for tasks to queue
[2025-02-28T03:32:10.762+0000] {logging_mixin.py:190} INFO - [2025-02-28T03:32:10.762+0000] {dagbag.py:588} INFO - Filling up the DagBag from /home/airflow/.local/lib/python3.12/site-packages/airflow/example_dags/example_inlet_event_extra.py
[2025-02-28T03:32:12.067+0000] {processor.py:925} INFO - DAG(s) 'read_dataset_event', 'read_dataset_event_from_classic' retrieved from /home/airflow/.local/lib/python3.12/site-packages/airflow/example_dags/example_inlet_event_extra.py
[2025-02-28T03:32:12.097+0000] {logging_mixin.py:190} INFO - [2025-02-28T03:32:12.096+0000] {dag.py:3239} INFO - Sync 2 DAGs
[2025-02-28T03:32:12.137+0000] {logging_mixin.py:190} INFO - [2025-02-28T03:32:12.137+0000] {dag.py:4180} INFO - Setting next_dagrun for read_dataset_event to 2025-02-27 00:00:00+00:00, run_after=2025-02-28 00:00:00+00:00
[2025-02-28T03:32:12.145+0000] {logging_mixin.py:190} INFO - [2025-02-28T03:32:12.144+0000] {dag.py:4180} INFO - Setting next_dagrun for read_dataset_event_from_classic to 2025-02-27 00:00:00+00:00, run_after=2025-02-28 00:00:00+00:00
[2025-02-28T03:32:12.165+0000] {processor.py:208} INFO - Processing /home/airflow/.local/lib/python3.12/site-packages/airflow/example_dags/example_inlet_event_extra.py took 1.454 seconds
[2025-02-28T03:32:42.548+0000] {processor.py:186} INFO - Started process (PID=2926) to work on /home/airflow/.local/lib/python3.12/site-packages/airflow/example_dags/example_inlet_event_extra.py
[2025-02-28T03:32:42.555+0000] {processor.py:914} INFO - Processing file /home/airflow/.local/lib/python3.12/site-packages/airflow/example_dags/example_inlet_event_extra.py for tasks to queue
[2025-02-28T03:32:42.563+0000] {logging_mixin.py:190} INFO - [2025-02-28T03:32:42.563+0000] {dagbag.py:588} INFO - Filling up the DagBag from /home/airflow/.local/lib/python3.12/site-packages/airflow/example_dags/example_inlet_event_extra.py
[2025-02-28T03:32:43.826+0000] {processor.py:925} INFO - DAG(s) 'read_dataset_event_from_classic', 'read_dataset_event' retrieved from /home/airflow/.local/lib/python3.12/site-packages/airflow/example_dags/example_inlet_event_extra.py
[2025-02-28T03:32:43.855+0000] {logging_mixin.py:190} INFO - [2025-02-28T03:32:43.855+0000] {dag.py:3239} INFO - Sync 2 DAGs
[2025-02-28T03:32:43.896+0000] {logging_mixin.py:190} INFO - [2025-02-28T03:32:43.896+0000] {dag.py:4180} INFO - Setting next_dagrun for read_dataset_event to 2025-02-27 00:00:00+00:00, run_after=2025-02-28 00:00:00+00:00
[2025-02-28T03:32:43.904+0000] {logging_mixin.py:190} INFO - [2025-02-28T03:32:43.904+0000] {dag.py:4180} INFO - Setting next_dagrun for read_dataset_event_from_classic to 2025-02-27 00:00:00+00:00, run_after=2025-02-28 00:00:00+00:00
[2025-02-28T03:32:43.924+0000] {processor.py:208} INFO - Processing /home/airflow/.local/lib/python3.12/site-packages/airflow/example_dags/example_inlet_event_extra.py took 1.405 seconds
[2025-02-28T03:33:14.805+0000] {processor.py:186} INFO - Started process (PID=3249) to work on /home/airflow/.local/lib/python3.12/site-packages/airflow/example_dags/example_inlet_event_extra.py
[2025-02-28T03:33:14.807+0000] {processor.py:914} INFO - Processing file /home/airflow/.local/lib/python3.12/site-packages/airflow/example_dags/example_inlet_event_extra.py for tasks to queue
[2025-02-28T03:33:14.810+0000] {logging_mixin.py:190} INFO - [2025-02-28T03:33:14.810+0000] {dagbag.py:588} INFO - Filling up the DagBag from /home/airflow/.local/lib/python3.12/site-packages/airflow/example_dags/example_inlet_event_extra.py
[2025-02-28T03:33:15.521+0000] {processor.py:925} INFO - DAG(s) 'read_dataset_event_from_classic', 'read_dataset_event' retrieved from /home/airflow/.local/lib/python3.12/site-packages/airflow/example_dags/example_inlet_event_extra.py
[2025-02-28T03:33:15.542+0000] {logging_mixin.py:190} INFO - [2025-02-28T03:33:15.542+0000] {dag.py:3239} INFO - Sync 2 DAGs
[2025-02-28T03:33:15.569+0000] {logging_mixin.py:190} INFO - [2025-02-28T03:33:15.569+0000] {dag.py:4180} INFO - Setting next_dagrun for read_dataset_event to 2025-02-27 00:00:00+00:00, run_after=2025-02-28 00:00:00+00:00
[2025-02-28T03:33:15.574+0000] {logging_mixin.py:190} INFO - [2025-02-28T03:33:15.574+0000] {dag.py:4180} INFO - Setting next_dagrun for read_dataset_event_from_classic to 2025-02-27 00:00:00+00:00, run_after=2025-02-28 00:00:00+00:00
[2025-02-28T03:33:15.588+0000] {processor.py:208} INFO - Processing /home/airflow/.local/lib/python3.12/site-packages/airflow/example_dags/example_inlet_event_extra.py took 0.792 seconds
[2025-02-28T03:33:46.494+0000] {processor.py:186} INFO - Started process (PID=3550) to work on /home/airflow/.local/lib/python3.12/site-packages/airflow/example_dags/example_inlet_event_extra.py
[2025-02-28T03:33:46.496+0000] {processor.py:914} INFO - Processing file /home/airflow/.local/lib/python3.12/site-packages/airflow/example_dags/example_inlet_event_extra.py for tasks to queue
[2025-02-28T03:33:46.500+0000] {logging_mixin.py:190} INFO - [2025-02-28T03:33:46.499+0000] {dagbag.py:588} INFO - Filling up the DagBag from /home/airflow/.local/lib/python3.12/site-packages/airflow/example_dags/example_inlet_event_extra.py
[2025-02-28T03:33:47.522+0000] {processor.py:925} INFO - DAG(s) 'read_dataset_event', 'read_dataset_event_from_classic' retrieved from /home/airflow/.local/lib/python3.12/site-packages/airflow/example_dags/example_inlet_event_extra.py
[2025-02-28T03:33:47.560+0000] {logging_mixin.py:190} INFO - [2025-02-28T03:33:47.559+0000] {dag.py:3239} INFO - Sync 2 DAGs
[2025-02-28T03:33:47.604+0000] {logging_mixin.py:190} INFO - [2025-02-28T03:33:47.604+0000] {dag.py:4180} INFO - Setting next_dagrun for read_dataset_event to 2025-02-27 00:00:00+00:00, run_after=2025-02-28 00:00:00+00:00
[2025-02-28T03:33:47.612+0000] {logging_mixin.py:190} INFO - [2025-02-28T03:33:47.612+0000] {dag.py:4180} INFO - Setting next_dagrun for read_dataset_event_from_classic to 2025-02-27 00:00:00+00:00, run_after=2025-02-28 00:00:00+00:00
[2025-02-28T03:33:47.633+0000] {processor.py:208} INFO - Processing /home/airflow/.local/lib/python3.12/site-packages/airflow/example_dags/example_inlet_event_extra.py took 1.148 seconds
[2025-02-28T03:34:17.933+0000] {processor.py:186} INFO - Started process (PID=3850) to work on /home/airflow/.local/lib/python3.12/site-packages/airflow/example_dags/example_inlet_event_extra.py
[2025-02-28T03:34:17.935+0000] {processor.py:914} INFO - Processing file /home/airflow/.local/lib/python3.12/site-packages/airflow/example_dags/example_inlet_event_extra.py for tasks to queue
[2025-02-28T03:34:17.938+0000] {logging_mixin.py:190} INFO - [2025-02-28T03:34:17.937+0000] {dagbag.py:588} INFO - Filling up the DagBag from /home/airflow/.local/lib/python3.12/site-packages/airflow/example_dags/example_inlet_event_extra.py
[2025-02-28T03:34:18.853+0000] {processor.py:925} INFO - DAG(s) 'read_dataset_event', 'read_dataset_event_from_classic' retrieved from /home/airflow/.local/lib/python3.12/site-packages/airflow/example_dags/example_inlet_event_extra.py
[2025-02-28T03:34:18.881+0000] {logging_mixin.py:190} INFO - [2025-02-28T03:34:18.881+0000] {dag.py:3239} INFO - Sync 2 DAGs
[2025-02-28T03:34:18.920+0000] {logging_mixin.py:190} INFO - [2025-02-28T03:34:18.920+0000] {dag.py:4180} INFO - Setting next_dagrun for read_dataset_event to 2025-02-27 00:00:00+00:00, run_after=2025-02-28 00:00:00+00:00
[2025-02-28T03:34:18.940+0000] {logging_mixin.py:190} INFO - [2025-02-28T03:34:18.939+0000] {dag.py:4180} INFO - Setting next_dagrun for read_dataset_event_from_classic to 2025-02-27 00:00:00+00:00, run_after=2025-02-28 00:00:00+00:00
[2025-02-28T03:34:18.980+0000] {processor.py:208} INFO - Processing /home/airflow/.local/lib/python3.12/site-packages/airflow/example_dags/example_inlet_event_extra.py took 1.055 seconds
[2025-02-28T03:34:49.289+0000] {processor.py:186} INFO - Started process (PID=4160) to work on /home/airflow/.local/lib/python3.12/site-packages/airflow/example_dags/example_inlet_event_extra.py
[2025-02-28T03:34:49.293+0000] {processor.py:914} INFO - Processing file /home/airflow/.local/lib/python3.12/site-packages/airflow/example_dags/example_inlet_event_extra.py for tasks to queue
[2025-02-28T03:34:49.296+0000] {logging_mixin.py:190} INFO - [2025-02-28T03:34:49.295+0000] {dagbag.py:588} INFO - Filling up the DagBag from /home/airflow/.local/lib/python3.12/site-packages/airflow/example_dags/example_inlet_event_extra.py
[2025-02-28T03:34:50.338+0000] {processor.py:925} INFO - DAG(s) 'read_dataset_event_from_classic', 'read_dataset_event' retrieved from /home/airflow/.local/lib/python3.12/site-packages/airflow/example_dags/example_inlet_event_extra.py
[2025-02-28T03:34:50.369+0000] {logging_mixin.py:190} INFO - [2025-02-28T03:34:50.369+0000] {dag.py:3239} INFO - Sync 2 DAGs
[2025-02-28T03:34:50.409+0000] {logging_mixin.py:190} INFO - [2025-02-28T03:34:50.408+0000] {dag.py:4180} INFO - Setting next_dagrun for read_dataset_event to 2025-02-27 00:00:00+00:00, run_after=2025-02-28 00:00:00+00:00
[2025-02-28T03:34:50.417+0000] {logging_mixin.py:190} INFO - [2025-02-28T03:34:50.416+0000] {dag.py:4180} INFO - Setting next_dagrun for read_dataset_event_from_classic to 2025-02-27 00:00:00+00:00, run_after=2025-02-28 00:00:00+00:00
[2025-02-28T03:34:50.437+0000] {processor.py:208} INFO - Processing /home/airflow/.local/lib/python3.12/site-packages/airflow/example_dags/example_inlet_event_extra.py took 1.157 seconds
[2025-02-28T03:35:21.331+0000] {processor.py:186} INFO - Started process (PID=4465) to work on /home/airflow/.local/lib/python3.12/site-packages/airflow/example_dags/example_inlet_event_extra.py
[2025-02-28T03:35:21.333+0000] {processor.py:914} INFO - Processing file /home/airflow/.local/lib/python3.12/site-packages/airflow/example_dags/example_inlet_event_extra.py for tasks to queue
[2025-02-28T03:35:21.335+0000] {logging_mixin.py:190} INFO - [2025-02-28T03:35:21.335+0000] {dagbag.py:588} INFO - Filling up the DagBag from /home/airflow/.local/lib/python3.12/site-packages/airflow/example_dags/example_inlet_event_extra.py
[2025-02-28T03:35:21.978+0000] {processor.py:925} INFO - DAG(s) 'read_dataset_event', 'read_dataset_event_from_classic' retrieved from /home/airflow/.local/lib/python3.12/site-packages/airflow/example_dags/example_inlet_event_extra.py
[2025-02-28T03:35:21.999+0000] {logging_mixin.py:190} INFO - [2025-02-28T03:35:21.999+0000] {dag.py:3239} INFO - Sync 2 DAGs
[2025-02-28T03:35:22.027+0000] {logging_mixin.py:190} INFO - [2025-02-28T03:35:22.027+0000] {dag.py:4180} INFO - Setting next_dagrun for read_dataset_event to 2025-02-27 00:00:00+00:00, run_after=2025-02-28 00:00:00+00:00
[2025-02-28T03:35:22.033+0000] {logging_mixin.py:190} INFO - [2025-02-28T03:35:22.032+0000] {dag.py:4180} INFO - Setting next_dagrun for read_dataset_event_from_classic to 2025-02-27 00:00:00+00:00, run_after=2025-02-28 00:00:00+00:00
[2025-02-28T03:35:22.049+0000] {processor.py:208} INFO - Processing /home/airflow/.local/lib/python3.12/site-packages/airflow/example_dags/example_inlet_event_extra.py took 0.725 seconds
[2025-02-28T03:35:53.569+0000] {processor.py:186} INFO - Started process (PID=4784) to work on /home/airflow/.local/lib/python3.12/site-packages/airflow/example_dags/example_inlet_event_extra.py
[2025-02-28T03:35:53.571+0000] {processor.py:914} INFO - Processing file /home/airflow/.local/lib/python3.12/site-packages/airflow/example_dags/example_inlet_event_extra.py for tasks to queue
[2025-02-28T03:35:53.574+0000] {logging_mixin.py:190} INFO - [2025-02-28T03:35:53.574+0000] {dagbag.py:588} INFO - Filling up the DagBag from /home/airflow/.local/lib/python3.12/site-packages/airflow/example_dags/example_inlet_event_extra.py
[2025-02-28T03:35:54.492+0000] {processor.py:925} INFO - DAG(s) 'read_dataset_event', 'read_dataset_event_from_classic' retrieved from /home/airflow/.local/lib/python3.12/site-packages/airflow/example_dags/example_inlet_event_extra.py
[2025-02-28T03:35:54.522+0000] {logging_mixin.py:190} INFO - [2025-02-28T03:35:54.522+0000] {dag.py:3239} INFO - Sync 2 DAGs
[2025-02-28T03:35:54.563+0000] {logging_mixin.py:190} INFO - [2025-02-28T03:35:54.563+0000] {dag.py:4180} INFO - Setting next_dagrun for read_dataset_event to 2025-02-27 00:00:00+00:00, run_after=2025-02-28 00:00:00+00:00
[2025-02-28T03:35:54.572+0000] {logging_mixin.py:190} INFO - [2025-02-28T03:35:54.572+0000] {dag.py:4180} INFO - Setting next_dagrun for read_dataset_event_from_classic to 2025-02-27 00:00:00+00:00, run_after=2025-02-28 00:00:00+00:00
[2025-02-28T03:35:54.594+0000] {processor.py:208} INFO - Processing /home/airflow/.local/lib/python3.12/site-packages/airflow/example_dags/example_inlet_event_extra.py took 1.037 seconds
[2025-02-28T03:36:25.754+0000] {processor.py:186} INFO - Started process (PID=5120) to work on /home/airflow/.local/lib/python3.12/site-packages/airflow/example_dags/example_inlet_event_extra.py
[2025-02-28T03:36:25.757+0000] {processor.py:914} INFO - Processing file /home/airflow/.local/lib/python3.12/site-packages/airflow/example_dags/example_inlet_event_extra.py for tasks to queue
[2025-02-28T03:36:25.763+0000] {logging_mixin.py:190} INFO - [2025-02-28T03:36:25.763+0000] {dagbag.py:588} INFO - Filling up the DagBag from /home/airflow/.local/lib/python3.12/site-packages/airflow/example_dags/example_inlet_event_extra.py
[2025-02-28T03:36:27.001+0000] {processor.py:925} INFO - DAG(s) 'read_dataset_event_from_classic', 'read_dataset_event' retrieved from /home/airflow/.local/lib/python3.12/site-packages/airflow/example_dags/example_inlet_event_extra.py
[2025-02-28T03:36:27.021+0000] {logging_mixin.py:190} INFO - [2025-02-28T03:36:27.021+0000] {dag.py:3239} INFO - Sync 2 DAGs
[2025-02-28T03:36:27.047+0000] {logging_mixin.py:190} INFO - [2025-02-28T03:36:27.047+0000] {dag.py:4180} INFO - Setting next_dagrun for read_dataset_event to 2025-02-27 00:00:00+00:00, run_after=2025-02-28 00:00:00+00:00
[2025-02-28T03:36:27.052+0000] {logging_mixin.py:190} INFO - [2025-02-28T03:36:27.052+0000] {dag.py:4180} INFO - Setting next_dagrun for read_dataset_event_from_classic to 2025-02-27 00:00:00+00:00, run_after=2025-02-28 00:00:00+00:00
[2025-02-28T03:36:27.066+0000] {processor.py:208} INFO - Processing /home/airflow/.local/lib/python3.12/site-packages/airflow/example_dags/example_inlet_event_extra.py took 1.328 seconds
[2025-02-28T03:36:57.434+0000] {processor.py:186} INFO - Started process (PID=5431) to work on /home/airflow/.local/lib/python3.12/site-packages/airflow/example_dags/example_inlet_event_extra.py
[2025-02-28T03:36:57.441+0000] {processor.py:914} INFO - Processing file /home/airflow/.local/lib/python3.12/site-packages/airflow/example_dags/example_inlet_event_extra.py for tasks to queue
[2025-02-28T03:36:57.446+0000] {logging_mixin.py:190} INFO - [2025-02-28T03:36:57.445+0000] {dagbag.py:588} INFO - Filling up the DagBag from /home/airflow/.local/lib/python3.12/site-packages/airflow/example_dags/example_inlet_event_extra.py
[2025-02-28T03:36:58.847+0000] {processor.py:925} INFO - DAG(s) 'read_dataset_event_from_classic', 'read_dataset_event' retrieved from /home/airflow/.local/lib/python3.12/site-packages/airflow/example_dags/example_inlet_event_extra.py
[2025-02-28T03:36:58.875+0000] {logging_mixin.py:190} INFO - [2025-02-28T03:36:58.874+0000] {dag.py:3239} INFO - Sync 2 DAGs
[2025-02-28T03:36:58.914+0000] {logging_mixin.py:190} INFO - [2025-02-28T03:36:58.914+0000] {dag.py:4180} INFO - Setting next_dagrun for read_dataset_event to 2025-02-27 00:00:00+00:00, run_after=2025-02-28 00:00:00+00:00
[2025-02-28T03:36:58.922+0000] {logging_mixin.py:190} INFO - [2025-02-28T03:36:58.921+0000] {dag.py:4180} INFO - Setting next_dagrun for read_dataset_event_from_classic to 2025-02-27 00:00:00+00:00, run_after=2025-02-28 00:00:00+00:00
[2025-02-28T03:36:58.941+0000] {processor.py:208} INFO - Processing /home/airflow/.local/lib/python3.12/site-packages/airflow/example_dags/example_inlet_event_extra.py took 1.525 seconds
