[2025-02-28T03:28:14.194+0000] {processor.py:186} INFO - Started process (PID=327) to work on /home/airflow/.local/lib/python3.12/site-packages/airflow/example_dags/example_branch_python_dop_operator_3.py
[2025-02-28T03:28:14.196+0000] {processor.py:914} INFO - Processing file /home/airflow/.local/lib/python3.12/site-packages/airflow/example_dags/example_branch_python_dop_operator_3.py for tasks to queue
[2025-02-28T03:28:14.206+0000] {logging_mixin.py:190} INFO - [2025-02-28T03:28:14.205+0000] {dagbag.py:588} INFO - Filling up the DagBag from /home/airflow/.local/lib/python3.12/site-packages/airflow/example_dags/example_branch_python_dop_operator_3.py
[2025-02-28T03:28:14.234+0000] {processor.py:925} INFO - DAG(s) 'example_branch_dop_operator_v3' retrieved from /home/airflow/.local/lib/python3.12/site-packages/airflow/example_dags/example_branch_python_dop_operator_3.py
[2025-02-28T03:28:14.280+0000] {logging_mixin.py:190} INFO - [2025-02-28T03:28:14.279+0000] {dag.py:3239} INFO - Sync 1 DAGs
[2025-02-28T03:28:14.345+0000] {logging_mixin.py:190} INFO - [2025-02-28T03:28:14.345+0000] {dag.py:4180} INFO - Setting next_dagrun for example_branch_dop_operator_v3 to 2025-02-28 03:27:00+00:00, run_after=2025-02-28 03:28:00+00:00
[2025-02-28T03:28:14.399+0000] {processor.py:208} INFO - Processing /home/airflow/.local/lib/python3.12/site-packages/airflow/example_dags/example_branch_python_dop_operator_3.py took 0.221 seconds
[2025-02-28T03:28:45.397+0000] {processor.py:186} INFO - Started process (PID=628) to work on /home/airflow/.local/lib/python3.12/site-packages/airflow/example_dags/example_branch_python_dop_operator_3.py
[2025-02-28T03:28:45.399+0000] {processor.py:914} INFO - Processing file /home/airflow/.local/lib/python3.12/site-packages/airflow/example_dags/example_branch_python_dop_operator_3.py for tasks to queue
[2025-02-28T03:28:45.405+0000] {logging_mixin.py:190} INFO - [2025-02-28T03:28:45.404+0000] {dagbag.py:588} INFO - Filling up the DagBag from /home/airflow/.local/lib/python3.12/site-packages/airflow/example_dags/example_branch_python_dop_operator_3.py
[2025-02-28T03:28:45.442+0000] {processor.py:925} INFO - DAG(s) 'example_branch_dop_operator_v3' retrieved from /home/airflow/.local/lib/python3.12/site-packages/airflow/example_dags/example_branch_python_dop_operator_3.py
[2025-02-28T03:28:45.483+0000] {logging_mixin.py:190} INFO - [2025-02-28T03:28:45.483+0000] {dag.py:3239} INFO - Sync 1 DAGs
[2025-02-28T03:28:45.532+0000] {logging_mixin.py:190} INFO - [2025-02-28T03:28:45.530+0000] {dag.py:4180} INFO - Setting next_dagrun for example_branch_dop_operator_v3 to 2025-02-28 03:27:00+00:00, run_after=2025-02-28 03:28:00+00:00
[2025-02-28T03:28:45.588+0000] {processor.py:208} INFO - Processing /home/airflow/.local/lib/python3.12/site-packages/airflow/example_dags/example_branch_python_dop_operator_3.py took 0.200 seconds
[2025-02-28T03:29:16.049+0000] {processor.py:186} INFO - Started process (PID=929) to work on /home/airflow/.local/lib/python3.12/site-packages/airflow/example_dags/example_branch_python_dop_operator_3.py
[2025-02-28T03:29:16.053+0000] {processor.py:914} INFO - Processing file /home/airflow/.local/lib/python3.12/site-packages/airflow/example_dags/example_branch_python_dop_operator_3.py for tasks to queue
[2025-02-28T03:29:16.061+0000] {logging_mixin.py:190} INFO - [2025-02-28T03:29:16.060+0000] {dagbag.py:588} INFO - Filling up the DagBag from /home/airflow/.local/lib/python3.12/site-packages/airflow/example_dags/example_branch_python_dop_operator_3.py
[2025-02-28T03:29:16.098+0000] {processor.py:925} INFO - DAG(s) 'example_branch_dop_operator_v3' retrieved from /home/airflow/.local/lib/python3.12/site-packages/airflow/example_dags/example_branch_python_dop_operator_3.py
[2025-02-28T03:29:16.185+0000] {logging_mixin.py:190} INFO - [2025-02-28T03:29:16.185+0000] {dag.py:3239} INFO - Sync 1 DAGs
[2025-02-28T03:29:16.273+0000] {logging_mixin.py:190} INFO - [2025-02-28T03:29:16.272+0000] {dag.py:4180} INFO - Setting next_dagrun for example_branch_dop_operator_v3 to 2025-02-28 03:28:00+00:00, run_after=2025-02-28 03:29:00+00:00
[2025-02-28T03:29:16.328+0000] {processor.py:208} INFO - Processing /home/airflow/.local/lib/python3.12/site-packages/airflow/example_dags/example_branch_python_dop_operator_3.py took 0.303 seconds
[2025-02-28T03:29:46.785+0000] {processor.py:186} INFO - Started process (PID=1227) to work on /home/airflow/.local/lib/python3.12/site-packages/airflow/example_dags/example_branch_python_dop_operator_3.py
[2025-02-28T03:29:46.788+0000] {processor.py:914} INFO - Processing file /home/airflow/.local/lib/python3.12/site-packages/airflow/example_dags/example_branch_python_dop_operator_3.py for tasks to queue
[2025-02-28T03:29:46.796+0000] {logging_mixin.py:190} INFO - [2025-02-28T03:29:46.794+0000] {dagbag.py:588} INFO - Filling up the DagBag from /home/airflow/.local/lib/python3.12/site-packages/airflow/example_dags/example_branch_python_dop_operator_3.py
[2025-02-28T03:29:46.822+0000] {processor.py:925} INFO - DAG(s) 'example_branch_dop_operator_v3' retrieved from /home/airflow/.local/lib/python3.12/site-packages/airflow/example_dags/example_branch_python_dop_operator_3.py
[2025-02-28T03:29:46.880+0000] {logging_mixin.py:190} INFO - [2025-02-28T03:29:46.880+0000] {dag.py:3239} INFO - Sync 1 DAGs
[2025-02-28T03:29:46.927+0000] {logging_mixin.py:190} INFO - [2025-02-28T03:29:46.926+0000] {dag.py:4180} INFO - Setting next_dagrun for example_branch_dop_operator_v3 to 2025-02-28 03:28:00+00:00, run_after=2025-02-28 03:29:00+00:00
[2025-02-28T03:29:46.963+0000] {processor.py:208} INFO - Processing /home/airflow/.local/lib/python3.12/site-packages/airflow/example_dags/example_branch_python_dop_operator_3.py took 0.193 seconds
[2025-02-28T03:30:17.554+0000] {processor.py:186} INFO - Started process (PID=1536) to work on /home/airflow/.local/lib/python3.12/site-packages/airflow/example_dags/example_branch_python_dop_operator_3.py
[2025-02-28T03:30:17.558+0000] {processor.py:914} INFO - Processing file /home/airflow/.local/lib/python3.12/site-packages/airflow/example_dags/example_branch_python_dop_operator_3.py for tasks to queue
[2025-02-28T03:30:17.571+0000] {logging_mixin.py:190} INFO - [2025-02-28T03:30:17.571+0000] {dagbag.py:588} INFO - Filling up the DagBag from /home/airflow/.local/lib/python3.12/site-packages/airflow/example_dags/example_branch_python_dop_operator_3.py
[2025-02-28T03:30:17.601+0000] {processor.py:925} INFO - DAG(s) 'example_branch_dop_operator_v3' retrieved from /home/airflow/.local/lib/python3.12/site-packages/airflow/example_dags/example_branch_python_dop_operator_3.py
[2025-02-28T03:30:17.646+0000] {logging_mixin.py:190} INFO - [2025-02-28T03:30:17.645+0000] {dag.py:3239} INFO - Sync 1 DAGs
[2025-02-28T03:30:17.769+0000] {logging_mixin.py:190} INFO - [2025-02-28T03:30:17.769+0000] {dag.py:4180} INFO - Setting next_dagrun for example_branch_dop_operator_v3 to 2025-02-28 03:29:00+00:00, run_after=2025-02-28 03:30:00+00:00
[2025-02-28T03:30:17.865+0000] {processor.py:208} INFO - Processing /home/airflow/.local/lib/python3.12/site-packages/airflow/example_dags/example_branch_python_dop_operator_3.py took 0.349 seconds
[2025-02-28T03:30:48.613+0000] {processor.py:186} INFO - Started process (PID=1836) to work on /home/airflow/.local/lib/python3.12/site-packages/airflow/example_dags/example_branch_python_dop_operator_3.py
[2025-02-28T03:30:48.615+0000] {processor.py:914} INFO - Processing file /home/airflow/.local/lib/python3.12/site-packages/airflow/example_dags/example_branch_python_dop_operator_3.py for tasks to queue
[2025-02-28T03:30:48.622+0000] {logging_mixin.py:190} INFO - [2025-02-28T03:30:48.621+0000] {dagbag.py:588} INFO - Filling up the DagBag from /home/airflow/.local/lib/python3.12/site-packages/airflow/example_dags/example_branch_python_dop_operator_3.py
[2025-02-28T03:30:48.652+0000] {processor.py:925} INFO - DAG(s) 'example_branch_dop_operator_v3' retrieved from /home/airflow/.local/lib/python3.12/site-packages/airflow/example_dags/example_branch_python_dop_operator_3.py
[2025-02-28T03:30:48.688+0000] {logging_mixin.py:190} INFO - [2025-02-28T03:30:48.687+0000] {dag.py:3239} INFO - Sync 1 DAGs
[2025-02-28T03:30:48.745+0000] {logging_mixin.py:190} INFO - [2025-02-28T03:30:48.745+0000] {dag.py:4180} INFO - Setting next_dagrun for example_branch_dop_operator_v3 to 2025-02-28 03:29:00+00:00, run_after=2025-02-28 03:30:00+00:00
[2025-02-28T03:30:48.773+0000] {processor.py:208} INFO - Processing /home/airflow/.local/lib/python3.12/site-packages/airflow/example_dags/example_branch_python_dop_operator_3.py took 0.173 seconds
[2025-02-28T03:31:19.398+0000] {processor.py:186} INFO - Started process (PID=2137) to work on /home/airflow/.local/lib/python3.12/site-packages/airflow/example_dags/example_branch_python_dop_operator_3.py
[2025-02-28T03:31:19.401+0000] {processor.py:914} INFO - Processing file /home/airflow/.local/lib/python3.12/site-packages/airflow/example_dags/example_branch_python_dop_operator_3.py for tasks to queue
[2025-02-28T03:31:19.407+0000] {logging_mixin.py:190} INFO - [2025-02-28T03:31:19.406+0000] {dagbag.py:588} INFO - Filling up the DagBag from /home/airflow/.local/lib/python3.12/site-packages/airflow/example_dags/example_branch_python_dop_operator_3.py
[2025-02-28T03:31:19.425+0000] {processor.py:925} INFO - DAG(s) 'example_branch_dop_operator_v3' retrieved from /home/airflow/.local/lib/python3.12/site-packages/airflow/example_dags/example_branch_python_dop_operator_3.py
[2025-02-28T03:31:19.461+0000] {logging_mixin.py:190} INFO - [2025-02-28T03:31:19.461+0000] {dag.py:3239} INFO - Sync 1 DAGs
[2025-02-28T03:31:19.508+0000] {logging_mixin.py:190} INFO - [2025-02-28T03:31:19.508+0000] {dag.py:4180} INFO - Setting next_dagrun for example_branch_dop_operator_v3 to 2025-02-28 03:30:00+00:00, run_after=2025-02-28 03:31:00+00:00
[2025-02-28T03:31:19.535+0000] {processor.py:208} INFO - Processing /home/airflow/.local/lib/python3.12/site-packages/airflow/example_dags/example_branch_python_dop_operator_3.py took 0.157 seconds
[2025-02-28T03:31:49.894+0000] {processor.py:186} INFO - Started process (PID=2438) to work on /home/airflow/.local/lib/python3.12/site-packages/airflow/example_dags/example_branch_python_dop_operator_3.py
[2025-02-28T03:31:49.896+0000] {processor.py:914} INFO - Processing file /home/airflow/.local/lib/python3.12/site-packages/airflow/example_dags/example_branch_python_dop_operator_3.py for tasks to queue
[2025-02-28T03:31:49.901+0000] {logging_mixin.py:190} INFO - [2025-02-28T03:31:49.901+0000] {dagbag.py:588} INFO - Filling up the DagBag from /home/airflow/.local/lib/python3.12/site-packages/airflow/example_dags/example_branch_python_dop_operator_3.py
[2025-02-28T03:31:49.936+0000] {processor.py:925} INFO - DAG(s) 'example_branch_dop_operator_v3' retrieved from /home/airflow/.local/lib/python3.12/site-packages/airflow/example_dags/example_branch_python_dop_operator_3.py
[2025-02-28T03:31:49.999+0000] {logging_mixin.py:190} INFO - [2025-02-28T03:31:49.998+0000] {dag.py:3239} INFO - Sync 1 DAGs
[2025-02-28T03:31:50.046+0000] {logging_mixin.py:190} INFO - [2025-02-28T03:31:50.046+0000] {dag.py:4180} INFO - Setting next_dagrun for example_branch_dop_operator_v3 to 2025-02-28 03:30:00+00:00, run_after=2025-02-28 03:31:00+00:00
[2025-02-28T03:31:50.089+0000] {processor.py:208} INFO - Processing /home/airflow/.local/lib/python3.12/site-packages/airflow/example_dags/example_branch_python_dop_operator_3.py took 0.210 seconds
[2025-02-28T03:32:20.378+0000] {processor.py:186} INFO - Started process (PID=2738) to work on /home/airflow/.local/lib/python3.12/site-packages/airflow/example_dags/example_branch_python_dop_operator_3.py
[2025-02-28T03:32:20.380+0000] {processor.py:914} INFO - Processing file /home/airflow/.local/lib/python3.12/site-packages/airflow/example_dags/example_branch_python_dop_operator_3.py for tasks to queue
[2025-02-28T03:32:20.384+0000] {logging_mixin.py:190} INFO - [2025-02-28T03:32:20.383+0000] {dagbag.py:588} INFO - Filling up the DagBag from /home/airflow/.local/lib/python3.12/site-packages/airflow/example_dags/example_branch_python_dop_operator_3.py
[2025-02-28T03:32:20.400+0000] {processor.py:925} INFO - DAG(s) 'example_branch_dop_operator_v3' retrieved from /home/airflow/.local/lib/python3.12/site-packages/airflow/example_dags/example_branch_python_dop_operator_3.py
[2025-02-28T03:32:20.431+0000] {logging_mixin.py:190} INFO - [2025-02-28T03:32:20.431+0000] {dag.py:3239} INFO - Sync 1 DAGs
[2025-02-28T03:32:20.477+0000] {logging_mixin.py:190} INFO - [2025-02-28T03:32:20.477+0000] {dag.py:4180} INFO - Setting next_dagrun for example_branch_dop_operator_v3 to 2025-02-28 03:31:00+00:00, run_after=2025-02-28 03:32:00+00:00
[2025-02-28T03:32:20.503+0000] {processor.py:208} INFO - Processing /home/airflow/.local/lib/python3.12/site-packages/airflow/example_dags/example_branch_python_dop_operator_3.py took 0.134 seconds
[2025-02-28T03:32:52.074+0000] {processor.py:186} INFO - Started process (PID=3037) to work on /home/airflow/.local/lib/python3.12/site-packages/airflow/example_dags/example_branch_python_dop_operator_3.py
[2025-02-28T03:32:52.076+0000] {processor.py:914} INFO - Processing file /home/airflow/.local/lib/python3.12/site-packages/airflow/example_dags/example_branch_python_dop_operator_3.py for tasks to queue
[2025-02-28T03:32:52.080+0000] {logging_mixin.py:190} INFO - [2025-02-28T03:32:52.079+0000] {dagbag.py:588} INFO - Filling up the DagBag from /home/airflow/.local/lib/python3.12/site-packages/airflow/example_dags/example_branch_python_dop_operator_3.py
[2025-02-28T03:32:52.100+0000] {processor.py:925} INFO - DAG(s) 'example_branch_dop_operator_v3' retrieved from /home/airflow/.local/lib/python3.12/site-packages/airflow/example_dags/example_branch_python_dop_operator_3.py
[2025-02-28T03:32:52.176+0000] {logging_mixin.py:190} INFO - [2025-02-28T03:32:52.176+0000] {dag.py:3239} INFO - Sync 1 DAGs
[2025-02-28T03:32:52.315+0000] {logging_mixin.py:190} INFO - [2025-02-28T03:32:52.314+0000] {dag.py:4180} INFO - Setting next_dagrun for example_branch_dop_operator_v3 to 2025-02-28 03:31:00+00:00, run_after=2025-02-28 03:32:00+00:00
[2025-02-28T03:32:52.373+0000] {processor.py:208} INFO - Processing /home/airflow/.local/lib/python3.12/site-packages/airflow/example_dags/example_branch_python_dop_operator_3.py took 0.309 seconds
[2025-02-28T03:33:23.019+0000] {processor.py:186} INFO - Started process (PID=3340) to work on /home/airflow/.local/lib/python3.12/site-packages/airflow/example_dags/example_branch_python_dop_operator_3.py
[2025-02-28T03:33:23.021+0000] {processor.py:914} INFO - Processing file /home/airflow/.local/lib/python3.12/site-packages/airflow/example_dags/example_branch_python_dop_operator_3.py for tasks to queue
[2025-02-28T03:33:23.024+0000] {logging_mixin.py:190} INFO - [2025-02-28T03:33:23.024+0000] {dagbag.py:588} INFO - Filling up the DagBag from /home/airflow/.local/lib/python3.12/site-packages/airflow/example_dags/example_branch_python_dop_operator_3.py
[2025-02-28T03:33:23.041+0000] {processor.py:925} INFO - DAG(s) 'example_branch_dop_operator_v3' retrieved from /home/airflow/.local/lib/python3.12/site-packages/airflow/example_dags/example_branch_python_dop_operator_3.py
[2025-02-28T03:33:23.072+0000] {logging_mixin.py:190} INFO - [2025-02-28T03:33:23.072+0000] {dag.py:3239} INFO - Sync 1 DAGs
[2025-02-28T03:33:23.113+0000] {logging_mixin.py:190} INFO - [2025-02-28T03:33:23.113+0000] {dag.py:4180} INFO - Setting next_dagrun for example_branch_dop_operator_v3 to 2025-02-28 03:32:00+00:00, run_after=2025-02-28 03:33:00+00:00
[2025-02-28T03:33:23.141+0000] {processor.py:208} INFO - Processing /home/airflow/.local/lib/python3.12/site-packages/airflow/example_dags/example_branch_python_dop_operator_3.py took 0.130 seconds
[2025-02-28T03:33:53.700+0000] {processor.py:186} INFO - Started process (PID=3638) to work on /home/airflow/.local/lib/python3.12/site-packages/airflow/example_dags/example_branch_python_dop_operator_3.py
[2025-02-28T03:33:53.704+0000] {processor.py:914} INFO - Processing file /home/airflow/.local/lib/python3.12/site-packages/airflow/example_dags/example_branch_python_dop_operator_3.py for tasks to queue
[2025-02-28T03:33:53.712+0000] {logging_mixin.py:190} INFO - [2025-02-28T03:33:53.709+0000] {dagbag.py:588} INFO - Filling up the DagBag from /home/airflow/.local/lib/python3.12/site-packages/airflow/example_dags/example_branch_python_dop_operator_3.py
[2025-02-28T03:33:53.747+0000] {processor.py:925} INFO - DAG(s) 'example_branch_dop_operator_v3' retrieved from /home/airflow/.local/lib/python3.12/site-packages/airflow/example_dags/example_branch_python_dop_operator_3.py
[2025-02-28T03:33:53.822+0000] {logging_mixin.py:190} INFO - [2025-02-28T03:33:53.822+0000] {dag.py:3239} INFO - Sync 1 DAGs
[2025-02-28T03:33:53.865+0000] {logging_mixin.py:190} INFO - [2025-02-28T03:33:53.864+0000] {dag.py:4180} INFO - Setting next_dagrun for example_branch_dop_operator_v3 to 2025-02-28 03:32:00+00:00, run_after=2025-02-28 03:33:00+00:00
[2025-02-28T03:33:53.903+0000] {processor.py:208} INFO - Processing /home/airflow/.local/lib/python3.12/site-packages/airflow/example_dags/example_branch_python_dop_operator_3.py took 0.216 seconds
[2025-02-28T03:34:24.796+0000] {processor.py:186} INFO - Started process (PID=3936) to work on /home/airflow/.local/lib/python3.12/site-packages/airflow/example_dags/example_branch_python_dop_operator_3.py
[2025-02-28T03:34:24.797+0000] {processor.py:914} INFO - Processing file /home/airflow/.local/lib/python3.12/site-packages/airflow/example_dags/example_branch_python_dop_operator_3.py for tasks to queue
[2025-02-28T03:34:24.801+0000] {logging_mixin.py:190} INFO - [2025-02-28T03:34:24.800+0000] {dagbag.py:588} INFO - Filling up the DagBag from /home/airflow/.local/lib/python3.12/site-packages/airflow/example_dags/example_branch_python_dop_operator_3.py
[2025-02-28T03:34:24.827+0000] {processor.py:925} INFO - DAG(s) 'example_branch_dop_operator_v3' retrieved from /home/airflow/.local/lib/python3.12/site-packages/airflow/example_dags/example_branch_python_dop_operator_3.py
[2025-02-28T03:34:24.878+0000] {logging_mixin.py:190} INFO - [2025-02-28T03:34:24.878+0000] {dag.py:3239} INFO - Sync 1 DAGs
[2025-02-28T03:34:24.949+0000] {logging_mixin.py:190} INFO - [2025-02-28T03:34:24.948+0000] {dag.py:4180} INFO - Setting next_dagrun for example_branch_dop_operator_v3 to 2025-02-28 03:33:00+00:00, run_after=2025-02-28 03:34:00+00:00
[2025-02-28T03:34:24.996+0000] {processor.py:208} INFO - Processing /home/airflow/.local/lib/python3.12/site-packages/airflow/example_dags/example_branch_python_dop_operator_3.py took 0.216 seconds
[2025-02-28T03:34:55.255+0000] {processor.py:186} INFO - Started process (PID=4237) to work on /home/airflow/.local/lib/python3.12/site-packages/airflow/example_dags/example_branch_python_dop_operator_3.py
[2025-02-28T03:34:55.260+0000] {processor.py:914} INFO - Processing file /home/airflow/.local/lib/python3.12/site-packages/airflow/example_dags/example_branch_python_dop_operator_3.py for tasks to queue
[2025-02-28T03:34:55.267+0000] {logging_mixin.py:190} INFO - [2025-02-28T03:34:55.266+0000] {dagbag.py:588} INFO - Filling up the DagBag from /home/airflow/.local/lib/python3.12/site-packages/airflow/example_dags/example_branch_python_dop_operator_3.py
[2025-02-28T03:34:55.284+0000] {processor.py:925} INFO - DAG(s) 'example_branch_dop_operator_v3' retrieved from /home/airflow/.local/lib/python3.12/site-packages/airflow/example_dags/example_branch_python_dop_operator_3.py
[2025-02-28T03:34:55.315+0000] {logging_mixin.py:190} INFO - [2025-02-28T03:34:55.314+0000] {dag.py:3239} INFO - Sync 1 DAGs
[2025-02-28T03:34:55.362+0000] {logging_mixin.py:190} INFO - [2025-02-28T03:34:55.361+0000] {dag.py:4180} INFO - Setting next_dagrun for example_branch_dop_operator_v3 to 2025-02-28 03:33:00+00:00, run_after=2025-02-28 03:34:00+00:00
[2025-02-28T03:34:55.391+0000] {processor.py:208} INFO - Processing /home/airflow/.local/lib/python3.12/site-packages/airflow/example_dags/example_branch_python_dop_operator_3.py took 0.153 seconds
[2025-02-28T03:35:26.378+0000] {processor.py:186} INFO - Started process (PID=4540) to work on /home/airflow/.local/lib/python3.12/site-packages/airflow/example_dags/example_branch_python_dop_operator_3.py
[2025-02-28T03:35:26.380+0000] {processor.py:914} INFO - Processing file /home/airflow/.local/lib/python3.12/site-packages/airflow/example_dags/example_branch_python_dop_operator_3.py for tasks to queue
[2025-02-28T03:35:26.383+0000] {logging_mixin.py:190} INFO - [2025-02-28T03:35:26.383+0000] {dagbag.py:588} INFO - Filling up the DagBag from /home/airflow/.local/lib/python3.12/site-packages/airflow/example_dags/example_branch_python_dop_operator_3.py
[2025-02-28T03:35:26.400+0000] {processor.py:925} INFO - DAG(s) 'example_branch_dop_operator_v3' retrieved from /home/airflow/.local/lib/python3.12/site-packages/airflow/example_dags/example_branch_python_dop_operator_3.py
[2025-02-28T03:35:26.430+0000] {logging_mixin.py:190} INFO - [2025-02-28T03:35:26.430+0000] {dag.py:3239} INFO - Sync 1 DAGs
[2025-02-28T03:35:26.473+0000] {logging_mixin.py:190} INFO - [2025-02-28T03:35:26.472+0000] {dag.py:4180} INFO - Setting next_dagrun for example_branch_dop_operator_v3 to 2025-02-28 03:34:00+00:00, run_after=2025-02-28 03:35:00+00:00
[2025-02-28T03:35:26.502+0000] {processor.py:208} INFO - Processing /home/airflow/.local/lib/python3.12/site-packages/airflow/example_dags/example_branch_python_dop_operator_3.py took 0.132 seconds
[2025-02-28T03:35:56.763+0000] {processor.py:186} INFO - Started process (PID=4841) to work on /home/airflow/.local/lib/python3.12/site-packages/airflow/example_dags/example_branch_python_dop_operator_3.py
[2025-02-28T03:35:56.766+0000] {processor.py:914} INFO - Processing file /home/airflow/.local/lib/python3.12/site-packages/airflow/example_dags/example_branch_python_dop_operator_3.py for tasks to queue
[2025-02-28T03:35:56.770+0000] {logging_mixin.py:190} INFO - [2025-02-28T03:35:56.769+0000] {dagbag.py:588} INFO - Filling up the DagBag from /home/airflow/.local/lib/python3.12/site-packages/airflow/example_dags/example_branch_python_dop_operator_3.py
[2025-02-28T03:35:56.804+0000] {processor.py:925} INFO - DAG(s) 'example_branch_dop_operator_v3' retrieved from /home/airflow/.local/lib/python3.12/site-packages/airflow/example_dags/example_branch_python_dop_operator_3.py
[2025-02-28T03:35:56.867+0000] {logging_mixin.py:190} INFO - [2025-02-28T03:35:56.867+0000] {dag.py:3239} INFO - Sync 1 DAGs
[2025-02-28T03:35:56.969+0000] {logging_mixin.py:190} INFO - [2025-02-28T03:35:56.969+0000] {dag.py:4180} INFO - Setting next_dagrun for example_branch_dop_operator_v3 to 2025-02-28 03:34:00+00:00, run_after=2025-02-28 03:35:00+00:00
[2025-02-28T03:35:57.023+0000] {processor.py:208} INFO - Processing /home/airflow/.local/lib/python3.12/site-packages/airflow/example_dags/example_branch_python_dop_operator_3.py took 0.276 seconds
[2025-02-28T03:36:27.105+0000] {processor.py:186} INFO - Started process (PID=5137) to work on /home/airflow/.local/lib/python3.12/site-packages/airflow/example_dags/example_branch_python_dop_operator_3.py
[2025-02-28T03:36:27.106+0000] {processor.py:914} INFO - Processing file /home/airflow/.local/lib/python3.12/site-packages/airflow/example_dags/example_branch_python_dop_operator_3.py for tasks to queue
[2025-02-28T03:36:27.110+0000] {logging_mixin.py:190} INFO - [2025-02-28T03:36:27.109+0000] {dagbag.py:588} INFO - Filling up the DagBag from /home/airflow/.local/lib/python3.12/site-packages/airflow/example_dags/example_branch_python_dop_operator_3.py
[2025-02-28T03:36:27.130+0000] {processor.py:925} INFO - DAG(s) 'example_branch_dop_operator_v3' retrieved from /home/airflow/.local/lib/python3.12/site-packages/airflow/example_dags/example_branch_python_dop_operator_3.py
[2025-02-28T03:36:27.159+0000] {logging_mixin.py:190} INFO - [2025-02-28T03:36:27.158+0000] {dag.py:3239} INFO - Sync 1 DAGs
[2025-02-28T03:36:27.205+0000] {logging_mixin.py:190} INFO - [2025-02-28T03:36:27.204+0000] {dag.py:4180} INFO - Setting next_dagrun for example_branch_dop_operator_v3 to 2025-02-28 03:35:00+00:00, run_after=2025-02-28 03:36:00+00:00
[2025-02-28T03:36:27.230+0000] {processor.py:208} INFO - Processing /home/airflow/.local/lib/python3.12/site-packages/airflow/example_dags/example_branch_python_dop_operator_3.py took 0.133 seconds
[2025-02-28T03:36:57.679+0000] {processor.py:186} INFO - Started process (PID=5436) to work on /home/airflow/.local/lib/python3.12/site-packages/airflow/example_dags/example_branch_python_dop_operator_3.py
[2025-02-28T03:36:57.683+0000] {processor.py:914} INFO - Processing file /home/airflow/.local/lib/python3.12/site-packages/airflow/example_dags/example_branch_python_dop_operator_3.py for tasks to queue
[2025-02-28T03:36:57.688+0000] {logging_mixin.py:190} INFO - [2025-02-28T03:36:57.687+0000] {dagbag.py:588} INFO - Filling up the DagBag from /home/airflow/.local/lib/python3.12/site-packages/airflow/example_dags/example_branch_python_dop_operator_3.py
[2025-02-28T03:36:57.726+0000] {processor.py:925} INFO - DAG(s) 'example_branch_dop_operator_v3' retrieved from /home/airflow/.local/lib/python3.12/site-packages/airflow/example_dags/example_branch_python_dop_operator_3.py
[2025-02-28T03:36:57.782+0000] {logging_mixin.py:190} INFO - [2025-02-28T03:36:57.782+0000] {dag.py:3239} INFO - Sync 1 DAGs
[2025-02-28T03:36:57.883+0000] {logging_mixin.py:190} INFO - [2025-02-28T03:36:57.883+0000] {dag.py:4180} INFO - Setting next_dagrun for example_branch_dop_operator_v3 to 2025-02-28 03:35:00+00:00, run_after=2025-02-28 03:36:00+00:00
[2025-02-28T03:36:57.928+0000] {processor.py:208} INFO - Processing /home/airflow/.local/lib/python3.12/site-packages/airflow/example_dags/example_branch_python_dop_operator_3.py took 0.280 seconds
