[2025-02-28T03:27:55.985+0000] {processor.py:186} INFO - Started process (PID=228) to work on /home/airflow/.local/lib/python3.12/site-packages/airflow/example_dags/tutorial.py
[2025-02-28T03:27:55.991+0000] {processor.py:914} INFO - Processing file /home/airflow/.local/lib/python3.12/site-packages/airflow/example_dags/tutorial.py for tasks to queue
[2025-02-28T03:27:56.006+0000] {logging_mixin.py:190} INFO - [2025-02-28T03:27:56.003+0000] {dagbag.py:588} INFO - Filling up the DagBag from /home/airflow/.local/lib/python3.12/site-packages/airflow/example_dags/tutorial.py
[2025-02-28T03:27:56.066+0000] {processor.py:925} INFO - DAG(s) 'tutorial' retrieved from /home/airflow/.local/lib/python3.12/site-packages/airflow/example_dags/tutorial.py
[2025-02-28T03:27:56.282+0000] {logging_mixin.py:190} INFO - [2025-02-28T03:27:56.270+0000] {dag.py:3239} INFO - Sync 1 DAGs
[2025-02-28T03:27:56.535+0000] {logging_mixin.py:190} INFO - [2025-02-28T03:27:56.527+0000] {dag.py:4180} INFO - Setting next_dagrun for tutorial to 2025-02-27 00:00:00+00:00, run_after=2025-02-28 00:00:00+00:00
[2025-02-28T03:27:56.691+0000] {processor.py:208} INFO - Processing /home/airflow/.local/lib/python3.12/site-packages/airflow/example_dags/tutorial.py took 0.746 seconds
[2025-02-28T03:28:27.444+0000] {processor.py:186} INFO - Started process (PID=528) to work on /home/airflow/.local/lib/python3.12/site-packages/airflow/example_dags/tutorial.py
[2025-02-28T03:28:27.449+0000] {processor.py:914} INFO - Processing file /home/airflow/.local/lib/python3.12/site-packages/airflow/example_dags/tutorial.py for tasks to queue
[2025-02-28T03:28:27.454+0000] {logging_mixin.py:190} INFO - [2025-02-28T03:28:27.453+0000] {dagbag.py:588} INFO - Filling up the DagBag from /home/airflow/.local/lib/python3.12/site-packages/airflow/example_dags/tutorial.py
[2025-02-28T03:28:27.478+0000] {processor.py:925} INFO - DAG(s) 'tutorial' retrieved from /home/airflow/.local/lib/python3.12/site-packages/airflow/example_dags/tutorial.py
[2025-02-28T03:28:27.512+0000] {logging_mixin.py:190} INFO - [2025-02-28T03:28:27.512+0000] {dag.py:3239} INFO - Sync 1 DAGs
[2025-02-28T03:28:27.554+0000] {logging_mixin.py:190} INFO - [2025-02-28T03:28:27.553+0000] {dag.py:4180} INFO - Setting next_dagrun for tutorial to 2025-02-27 00:00:00+00:00, run_after=2025-02-28 00:00:00+00:00
[2025-02-28T03:28:27.581+0000] {processor.py:208} INFO - Processing /home/airflow/.local/lib/python3.12/site-packages/airflow/example_dags/tutorial.py took 0.158 seconds
[2025-02-28T03:29:00.699+0000] {processor.py:186} INFO - Started process (PID=831) to work on /home/airflow/.local/lib/python3.12/site-packages/airflow/example_dags/tutorial.py
[2025-02-28T03:29:00.702+0000] {processor.py:914} INFO - Processing file /home/airflow/.local/lib/python3.12/site-packages/airflow/example_dags/tutorial.py for tasks to queue
[2025-02-28T03:29:00.707+0000] {logging_mixin.py:190} INFO - [2025-02-28T03:29:00.707+0000] {dagbag.py:588} INFO - Filling up the DagBag from /home/airflow/.local/lib/python3.12/site-packages/airflow/example_dags/tutorial.py
[2025-02-28T03:29:00.731+0000] {processor.py:925} INFO - DAG(s) 'tutorial' retrieved from /home/airflow/.local/lib/python3.12/site-packages/airflow/example_dags/tutorial.py
[2025-02-28T03:29:00.795+0000] {logging_mixin.py:190} INFO - [2025-02-28T03:29:00.793+0000] {dag.py:3239} INFO - Sync 1 DAGs
[2025-02-28T03:29:00.872+0000] {logging_mixin.py:190} INFO - [2025-02-28T03:29:00.872+0000] {dag.py:4180} INFO - Setting next_dagrun for tutorial to 2025-02-27 00:00:00+00:00, run_after=2025-02-28 00:00:00+00:00
[2025-02-28T03:29:00.898+0000] {processor.py:208} INFO - Processing /home/airflow/.local/lib/python3.12/site-packages/airflow/example_dags/tutorial.py took 0.213 seconds
[2025-02-28T03:29:32.714+0000] {processor.py:186} INFO - Started process (PID=1110) to work on /home/airflow/.local/lib/python3.12/site-packages/airflow/example_dags/tutorial.py
[2025-02-28T03:29:32.718+0000] {processor.py:914} INFO - Processing file /home/airflow/.local/lib/python3.12/site-packages/airflow/example_dags/tutorial.py for tasks to queue
[2025-02-28T03:29:32.723+0000] {logging_mixin.py:190} INFO - [2025-02-28T03:29:32.723+0000] {dagbag.py:588} INFO - Filling up the DagBag from /home/airflow/.local/lib/python3.12/site-packages/airflow/example_dags/tutorial.py
[2025-02-28T03:29:32.752+0000] {processor.py:925} INFO - DAG(s) 'tutorial' retrieved from /home/airflow/.local/lib/python3.12/site-packages/airflow/example_dags/tutorial.py
[2025-02-28T03:29:32.826+0000] {logging_mixin.py:190} INFO - [2025-02-28T03:29:32.825+0000] {dag.py:3239} INFO - Sync 1 DAGs
[2025-02-28T03:29:32.973+0000] {logging_mixin.py:190} INFO - [2025-02-28T03:29:32.972+0000] {dag.py:4180} INFO - Setting next_dagrun for tutorial to 2025-02-27 00:00:00+00:00, run_after=2025-02-28 00:00:00+00:00
[2025-02-28T03:29:33.067+0000] {processor.py:208} INFO - Processing /home/airflow/.local/lib/python3.12/site-packages/airflow/example_dags/tutorial.py took 0.364 seconds
[2025-02-28T03:30:06.681+0000] {processor.py:186} INFO - Started process (PID=1414) to work on /home/airflow/.local/lib/python3.12/site-packages/airflow/example_dags/tutorial.py
[2025-02-28T03:30:06.685+0000] {processor.py:914} INFO - Processing file /home/airflow/.local/lib/python3.12/site-packages/airflow/example_dags/tutorial.py for tasks to queue
[2025-02-28T03:30:06.690+0000] {logging_mixin.py:190} INFO - [2025-02-28T03:30:06.689+0000] {dagbag.py:588} INFO - Filling up the DagBag from /home/airflow/.local/lib/python3.12/site-packages/airflow/example_dags/tutorial.py
[2025-02-28T03:30:06.714+0000] {processor.py:925} INFO - DAG(s) 'tutorial' retrieved from /home/airflow/.local/lib/python3.12/site-packages/airflow/example_dags/tutorial.py
[2025-02-28T03:30:06.775+0000] {logging_mixin.py:190} INFO - [2025-02-28T03:30:06.775+0000] {dag.py:3239} INFO - Sync 1 DAGs
[2025-02-28T03:30:06.845+0000] {logging_mixin.py:190} INFO - [2025-02-28T03:30:06.845+0000] {dag.py:4180} INFO - Setting next_dagrun for tutorial to 2025-02-27 00:00:00+00:00, run_after=2025-02-28 00:00:00+00:00
[2025-02-28T03:30:06.896+0000] {processor.py:208} INFO - Processing /home/airflow/.local/lib/python3.12/site-packages/airflow/example_dags/tutorial.py took 0.241 seconds
[2025-02-28T03:30:37.397+0000] {processor.py:186} INFO - Started process (PID=1711) to work on /home/airflow/.local/lib/python3.12/site-packages/airflow/example_dags/tutorial.py
[2025-02-28T03:30:37.399+0000] {processor.py:914} INFO - Processing file /home/airflow/.local/lib/python3.12/site-packages/airflow/example_dags/tutorial.py for tasks to queue
[2025-02-28T03:30:37.402+0000] {logging_mixin.py:190} INFO - [2025-02-28T03:30:37.402+0000] {dagbag.py:588} INFO - Filling up the DagBag from /home/airflow/.local/lib/python3.12/site-packages/airflow/example_dags/tutorial.py
[2025-02-28T03:30:37.415+0000] {processor.py:925} INFO - DAG(s) 'tutorial' retrieved from /home/airflow/.local/lib/python3.12/site-packages/airflow/example_dags/tutorial.py
[2025-02-28T03:30:37.444+0000] {logging_mixin.py:190} INFO - [2025-02-28T03:30:37.444+0000] {dag.py:3239} INFO - Sync 1 DAGs
[2025-02-28T03:30:37.481+0000] {logging_mixin.py:190} INFO - [2025-02-28T03:30:37.481+0000] {dag.py:4180} INFO - Setting next_dagrun for tutorial to 2025-02-27 00:00:00+00:00, run_after=2025-02-28 00:00:00+00:00
[2025-02-28T03:30:37.507+0000] {processor.py:208} INFO - Processing /home/airflow/.local/lib/python3.12/site-packages/airflow/example_dags/tutorial.py took 0.118 seconds
[2025-02-28T03:31:07.946+0000] {processor.py:186} INFO - Started process (PID=2011) to work on /home/airflow/.local/lib/python3.12/site-packages/airflow/example_dags/tutorial.py
[2025-02-28T03:31:07.947+0000] {processor.py:914} INFO - Processing file /home/airflow/.local/lib/python3.12/site-packages/airflow/example_dags/tutorial.py for tasks to queue
[2025-02-28T03:31:07.951+0000] {logging_mixin.py:190} INFO - [2025-02-28T03:31:07.950+0000] {dagbag.py:588} INFO - Filling up the DagBag from /home/airflow/.local/lib/python3.12/site-packages/airflow/example_dags/tutorial.py
[2025-02-28T03:31:07.964+0000] {processor.py:925} INFO - DAG(s) 'tutorial' retrieved from /home/airflow/.local/lib/python3.12/site-packages/airflow/example_dags/tutorial.py
[2025-02-28T03:31:07.995+0000] {logging_mixin.py:190} INFO - [2025-02-28T03:31:07.995+0000] {dag.py:3239} INFO - Sync 1 DAGs
[2025-02-28T03:31:08.035+0000] {logging_mixin.py:190} INFO - [2025-02-28T03:31:08.034+0000] {dag.py:4180} INFO - Setting next_dagrun for tutorial to 2025-02-27 00:00:00+00:00, run_after=2025-02-28 00:00:00+00:00
[2025-02-28T03:31:08.059+0000] {processor.py:208} INFO - Processing /home/airflow/.local/lib/python3.12/site-packages/airflow/example_dags/tutorial.py took 0.123 seconds
[2025-02-28T03:31:39.073+0000] {processor.py:186} INFO - Started process (PID=2310) to work on /home/airflow/.local/lib/python3.12/site-packages/airflow/example_dags/tutorial.py
[2025-02-28T03:31:39.077+0000] {processor.py:914} INFO - Processing file /home/airflow/.local/lib/python3.12/site-packages/airflow/example_dags/tutorial.py for tasks to queue
[2025-02-28T03:31:39.084+0000] {logging_mixin.py:190} INFO - [2025-02-28T03:31:39.083+0000] {dagbag.py:588} INFO - Filling up the DagBag from /home/airflow/.local/lib/python3.12/site-packages/airflow/example_dags/tutorial.py
[2025-02-28T03:31:39.105+0000] {processor.py:925} INFO - DAG(s) 'tutorial' retrieved from /home/airflow/.local/lib/python3.12/site-packages/airflow/example_dags/tutorial.py
[2025-02-28T03:31:39.198+0000] {logging_mixin.py:190} INFO - [2025-02-28T03:31:39.198+0000] {dag.py:3239} INFO - Sync 1 DAGs
[2025-02-28T03:31:39.307+0000] {logging_mixin.py:190} INFO - [2025-02-28T03:31:39.307+0000] {dag.py:4180} INFO - Setting next_dagrun for tutorial to 2025-02-27 00:00:00+00:00, run_after=2025-02-28 00:00:00+00:00
[2025-02-28T03:31:39.373+0000] {processor.py:208} INFO - Processing /home/airflow/.local/lib/python3.12/site-packages/airflow/example_dags/tutorial.py took 0.318 seconds
[2025-02-28T03:32:09.530+0000] {processor.py:186} INFO - Started process (PID=2606) to work on /home/airflow/.local/lib/python3.12/site-packages/airflow/example_dags/tutorial.py
[2025-02-28T03:32:09.534+0000] {processor.py:914} INFO - Processing file /home/airflow/.local/lib/python3.12/site-packages/airflow/example_dags/tutorial.py for tasks to queue
[2025-02-28T03:32:09.541+0000] {logging_mixin.py:190} INFO - [2025-02-28T03:32:09.540+0000] {dagbag.py:588} INFO - Filling up the DagBag from /home/airflow/.local/lib/python3.12/site-packages/airflow/example_dags/tutorial.py
[2025-02-28T03:32:09.572+0000] {processor.py:925} INFO - DAG(s) 'tutorial' retrieved from /home/airflow/.local/lib/python3.12/site-packages/airflow/example_dags/tutorial.py
[2025-02-28T03:32:09.633+0000] {logging_mixin.py:190} INFO - [2025-02-28T03:32:09.632+0000] {dag.py:3239} INFO - Sync 1 DAGs
[2025-02-28T03:32:09.672+0000] {logging_mixin.py:190} INFO - [2025-02-28T03:32:09.671+0000] {dag.py:4180} INFO - Setting next_dagrun for tutorial to 2025-02-27 00:00:00+00:00, run_after=2025-02-28 00:00:00+00:00
[2025-02-28T03:32:09.697+0000] {processor.py:208} INFO - Processing /home/airflow/.local/lib/python3.12/site-packages/airflow/example_dags/tutorial.py took 0.188 seconds
[2025-02-28T03:32:40.179+0000] {processor.py:186} INFO - Started process (PID=2906) to work on /home/airflow/.local/lib/python3.12/site-packages/airflow/example_dags/tutorial.py
[2025-02-28T03:32:40.182+0000] {processor.py:914} INFO - Processing file /home/airflow/.local/lib/python3.12/site-packages/airflow/example_dags/tutorial.py for tasks to queue
[2025-02-28T03:32:40.187+0000] {logging_mixin.py:190} INFO - [2025-02-28T03:32:40.186+0000] {dagbag.py:588} INFO - Filling up the DagBag from /home/airflow/.local/lib/python3.12/site-packages/airflow/example_dags/tutorial.py
[2025-02-28T03:32:40.209+0000] {processor.py:925} INFO - DAG(s) 'tutorial' retrieved from /home/airflow/.local/lib/python3.12/site-packages/airflow/example_dags/tutorial.py
[2025-02-28T03:32:40.243+0000] {logging_mixin.py:190} INFO - [2025-02-28T03:32:40.243+0000] {dag.py:3239} INFO - Sync 1 DAGs
[2025-02-28T03:32:40.285+0000] {logging_mixin.py:190} INFO - [2025-02-28T03:32:40.285+0000] {dag.py:4180} INFO - Setting next_dagrun for tutorial to 2025-02-27 00:00:00+00:00, run_after=2025-02-28 00:00:00+00:00
[2025-02-28T03:32:40.313+0000] {processor.py:208} INFO - Processing /home/airflow/.local/lib/python3.12/site-packages/airflow/example_dags/tutorial.py took 0.144 seconds
[2025-02-28T03:33:11.150+0000] {processor.py:186} INFO - Started process (PID=3209) to work on /home/airflow/.local/lib/python3.12/site-packages/airflow/example_dags/tutorial.py
[2025-02-28T03:33:11.152+0000] {processor.py:914} INFO - Processing file /home/airflow/.local/lib/python3.12/site-packages/airflow/example_dags/tutorial.py for tasks to queue
[2025-02-28T03:33:11.154+0000] {logging_mixin.py:190} INFO - [2025-02-28T03:33:11.154+0000] {dagbag.py:588} INFO - Filling up the DagBag from /home/airflow/.local/lib/python3.12/site-packages/airflow/example_dags/tutorial.py
[2025-02-28T03:33:11.163+0000] {processor.py:925} INFO - DAG(s) 'tutorial' retrieved from /home/airflow/.local/lib/python3.12/site-packages/airflow/example_dags/tutorial.py
[2025-02-28T03:33:11.185+0000] {logging_mixin.py:190} INFO - [2025-02-28T03:33:11.184+0000] {dag.py:3239} INFO - Sync 1 DAGs
[2025-02-28T03:33:11.210+0000] {logging_mixin.py:190} INFO - [2025-02-28T03:33:11.210+0000] {dag.py:4180} INFO - Setting next_dagrun for tutorial to 2025-02-27 00:00:00+00:00, run_after=2025-02-28 00:00:00+00:00
[2025-02-28T03:33:11.228+0000] {processor.py:208} INFO - Processing /home/airflow/.local/lib/python3.12/site-packages/airflow/example_dags/tutorial.py took 0.086 seconds
[2025-02-28T03:33:41.836+0000] {processor.py:186} INFO - Started process (PID=3508) to work on /home/airflow/.local/lib/python3.12/site-packages/airflow/example_dags/tutorial.py
[2025-02-28T03:33:41.840+0000] {processor.py:914} INFO - Processing file /home/airflow/.local/lib/python3.12/site-packages/airflow/example_dags/tutorial.py for tasks to queue
[2025-02-28T03:33:41.846+0000] {logging_mixin.py:190} INFO - [2025-02-28T03:33:41.846+0000] {dagbag.py:588} INFO - Filling up the DagBag from /home/airflow/.local/lib/python3.12/site-packages/airflow/example_dags/tutorial.py
[2025-02-28T03:33:41.860+0000] {processor.py:925} INFO - DAG(s) 'tutorial' retrieved from /home/airflow/.local/lib/python3.12/site-packages/airflow/example_dags/tutorial.py
[2025-02-28T03:33:41.889+0000] {logging_mixin.py:190} INFO - [2025-02-28T03:33:41.889+0000] {dag.py:3239} INFO - Sync 1 DAGs
[2025-02-28T03:33:41.927+0000] {logging_mixin.py:190} INFO - [2025-02-28T03:33:41.927+0000] {dag.py:4180} INFO - Setting next_dagrun for tutorial to 2025-02-27 00:00:00+00:00, run_after=2025-02-28 00:00:00+00:00
[2025-02-28T03:33:41.952+0000] {processor.py:208} INFO - Processing /home/airflow/.local/lib/python3.12/site-packages/airflow/example_dags/tutorial.py took 0.133 seconds
[2025-02-28T03:34:12.188+0000] {processor.py:186} INFO - Started process (PID=3810) to work on /home/airflow/.local/lib/python3.12/site-packages/airflow/example_dags/tutorial.py
[2025-02-28T03:34:12.189+0000] {processor.py:914} INFO - Processing file /home/airflow/.local/lib/python3.12/site-packages/airflow/example_dags/tutorial.py for tasks to queue
[2025-02-28T03:34:12.192+0000] {logging_mixin.py:190} INFO - [2025-02-28T03:34:12.192+0000] {dagbag.py:588} INFO - Filling up the DagBag from /home/airflow/.local/lib/python3.12/site-packages/airflow/example_dags/tutorial.py
[2025-02-28T03:34:12.201+0000] {processor.py:925} INFO - DAG(s) 'tutorial' retrieved from /home/airflow/.local/lib/python3.12/site-packages/airflow/example_dags/tutorial.py
[2025-02-28T03:34:12.221+0000] {logging_mixin.py:190} INFO - [2025-02-28T03:34:12.221+0000] {dag.py:3239} INFO - Sync 1 DAGs
[2025-02-28T03:34:12.246+0000] {logging_mixin.py:190} INFO - [2025-02-28T03:34:12.246+0000] {dag.py:4180} INFO - Setting next_dagrun for tutorial to 2025-02-27 00:00:00+00:00, run_after=2025-02-28 00:00:00+00:00
[2025-02-28T03:34:12.265+0000] {processor.py:208} INFO - Processing /home/airflow/.local/lib/python3.12/site-packages/airflow/example_dags/tutorial.py took 0.087 seconds
[2025-02-28T03:34:42.832+0000] {processor.py:186} INFO - Started process (PID=4111) to work on /home/airflow/.local/lib/python3.12/site-packages/airflow/example_dags/tutorial.py
[2025-02-28T03:34:42.834+0000] {processor.py:914} INFO - Processing file /home/airflow/.local/lib/python3.12/site-packages/airflow/example_dags/tutorial.py for tasks to queue
[2025-02-28T03:34:42.837+0000] {logging_mixin.py:190} INFO - [2025-02-28T03:34:42.837+0000] {dagbag.py:588} INFO - Filling up the DagBag from /home/airflow/.local/lib/python3.12/site-packages/airflow/example_dags/tutorial.py
[2025-02-28T03:34:42.849+0000] {processor.py:925} INFO - DAG(s) 'tutorial' retrieved from /home/airflow/.local/lib/python3.12/site-packages/airflow/example_dags/tutorial.py
[2025-02-28T03:34:42.878+0000] {logging_mixin.py:190} INFO - [2025-02-28T03:34:42.878+0000] {dag.py:3239} INFO - Sync 1 DAGs
[2025-02-28T03:34:42.916+0000] {logging_mixin.py:190} INFO - [2025-02-28T03:34:42.916+0000] {dag.py:4180} INFO - Setting next_dagrun for tutorial to 2025-02-27 00:00:00+00:00, run_after=2025-02-28 00:00:00+00:00
[2025-02-28T03:34:42.941+0000] {processor.py:208} INFO - Processing /home/airflow/.local/lib/python3.12/site-packages/airflow/example_dags/tutorial.py took 0.118 seconds
[2025-02-28T03:35:13.698+0000] {processor.py:186} INFO - Started process (PID=4413) to work on /home/airflow/.local/lib/python3.12/site-packages/airflow/example_dags/tutorial.py
[2025-02-28T03:35:13.701+0000] {processor.py:914} INFO - Processing file /home/airflow/.local/lib/python3.12/site-packages/airflow/example_dags/tutorial.py for tasks to queue
[2025-02-28T03:35:13.707+0000] {logging_mixin.py:190} INFO - [2025-02-28T03:35:13.707+0000] {dagbag.py:588} INFO - Filling up the DagBag from /home/airflow/.local/lib/python3.12/site-packages/airflow/example_dags/tutorial.py
[2025-02-28T03:35:13.741+0000] {processor.py:925} INFO - DAG(s) 'tutorial' retrieved from /home/airflow/.local/lib/python3.12/site-packages/airflow/example_dags/tutorial.py
[2025-02-28T03:35:13.774+0000] {logging_mixin.py:190} INFO - [2025-02-28T03:35:13.773+0000] {dag.py:3239} INFO - Sync 1 DAGs
[2025-02-28T03:35:13.819+0000] {logging_mixin.py:190} INFO - [2025-02-28T03:35:13.819+0000] {dag.py:4180} INFO - Setting next_dagrun for tutorial to 2025-02-27 00:00:00+00:00, run_after=2025-02-28 00:00:00+00:00
[2025-02-28T03:35:13.852+0000] {processor.py:208} INFO - Processing /home/airflow/.local/lib/python3.12/site-packages/airflow/example_dags/tutorial.py took 0.169 seconds
[2025-02-28T03:35:44.705+0000] {processor.py:186} INFO - Started process (PID=4713) to work on /home/airflow/.local/lib/python3.12/site-packages/airflow/example_dags/tutorial.py
[2025-02-28T03:35:44.707+0000] {processor.py:914} INFO - Processing file /home/airflow/.local/lib/python3.12/site-packages/airflow/example_dags/tutorial.py for tasks to queue
[2025-02-28T03:35:44.711+0000] {logging_mixin.py:190} INFO - [2025-02-28T03:35:44.710+0000] {dagbag.py:588} INFO - Filling up the DagBag from /home/airflow/.local/lib/python3.12/site-packages/airflow/example_dags/tutorial.py
[2025-02-28T03:35:44.726+0000] {processor.py:925} INFO - DAG(s) 'tutorial' retrieved from /home/airflow/.local/lib/python3.12/site-packages/airflow/example_dags/tutorial.py
[2025-02-28T03:35:44.762+0000] {logging_mixin.py:190} INFO - [2025-02-28T03:35:44.762+0000] {dag.py:3239} INFO - Sync 1 DAGs
[2025-02-28T03:35:44.801+0000] {logging_mixin.py:190} INFO - [2025-02-28T03:35:44.801+0000] {dag.py:4180} INFO - Setting next_dagrun for tutorial to 2025-02-27 00:00:00+00:00, run_after=2025-02-28 00:00:00+00:00
[2025-02-28T03:35:44.821+0000] {processor.py:208} INFO - Processing /home/airflow/.local/lib/python3.12/site-packages/airflow/example_dags/tutorial.py took 0.128 seconds
[2025-02-28T03:36:15.051+0000] {processor.py:186} INFO - Started process (PID=5014) to work on /home/airflow/.local/lib/python3.12/site-packages/airflow/example_dags/tutorial.py
[2025-02-28T03:36:15.053+0000] {processor.py:914} INFO - Processing file /home/airflow/.local/lib/python3.12/site-packages/airflow/example_dags/tutorial.py for tasks to queue
[2025-02-28T03:36:15.058+0000] {logging_mixin.py:190} INFO - [2025-02-28T03:36:15.058+0000] {dagbag.py:588} INFO - Filling up the DagBag from /home/airflow/.local/lib/python3.12/site-packages/airflow/example_dags/tutorial.py
[2025-02-28T03:36:15.082+0000] {processor.py:925} INFO - DAG(s) 'tutorial' retrieved from /home/airflow/.local/lib/python3.12/site-packages/airflow/example_dags/tutorial.py
[2025-02-28T03:36:15.147+0000] {logging_mixin.py:190} INFO - [2025-02-28T03:36:15.147+0000] {dag.py:3239} INFO - Sync 1 DAGs
[2025-02-28T03:36:15.222+0000] {logging_mixin.py:190} INFO - [2025-02-28T03:36:15.222+0000] {dag.py:4180} INFO - Setting next_dagrun for tutorial to 2025-02-27 00:00:00+00:00, run_after=2025-02-28 00:00:00+00:00
[2025-02-28T03:36:15.255+0000] {processor.py:208} INFO - Processing /home/airflow/.local/lib/python3.12/site-packages/airflow/example_dags/tutorial.py took 0.214 seconds
[2025-02-28T03:36:45.423+0000] {processor.py:186} INFO - Started process (PID=5317) to work on /home/airflow/.local/lib/python3.12/site-packages/airflow/example_dags/tutorial.py
[2025-02-28T03:36:45.425+0000] {processor.py:914} INFO - Processing file /home/airflow/.local/lib/python3.12/site-packages/airflow/example_dags/tutorial.py for tasks to queue
[2025-02-28T03:36:45.428+0000] {logging_mixin.py:190} INFO - [2025-02-28T03:36:45.428+0000] {dagbag.py:588} INFO - Filling up the DagBag from /home/airflow/.local/lib/python3.12/site-packages/airflow/example_dags/tutorial.py
[2025-02-28T03:36:45.440+0000] {processor.py:925} INFO - DAG(s) 'tutorial' retrieved from /home/airflow/.local/lib/python3.12/site-packages/airflow/example_dags/tutorial.py
[2025-02-28T03:36:45.468+0000] {logging_mixin.py:190} INFO - [2025-02-28T03:36:45.468+0000] {dag.py:3239} INFO - Sync 1 DAGs
[2025-02-28T03:36:45.507+0000] {logging_mixin.py:190} INFO - [2025-02-28T03:36:45.506+0000] {dag.py:4180} INFO - Setting next_dagrun for tutorial to 2025-02-27 00:00:00+00:00, run_after=2025-02-28 00:00:00+00:00
[2025-02-28T03:36:45.530+0000] {processor.py:208} INFO - Processing /home/airflow/.local/lib/python3.12/site-packages/airflow/example_dags/tutorial.py took 0.116 seconds
[2025-02-28T03:37:15.612+0000] {processor.py:186} INFO - Started process (PID=5616) to work on /home/airflow/.local/lib/python3.12/site-packages/airflow/example_dags/tutorial.py
[2025-02-28T03:37:15.614+0000] {processor.py:914} INFO - Processing file /home/airflow/.local/lib/python3.12/site-packages/airflow/example_dags/tutorial.py for tasks to queue
[2025-02-28T03:37:15.617+0000] {logging_mixin.py:190} INFO - [2025-02-28T03:37:15.616+0000] {dagbag.py:588} INFO - Filling up the DagBag from /home/airflow/.local/lib/python3.12/site-packages/airflow/example_dags/tutorial.py
[2025-02-28T03:37:15.629+0000] {processor.py:925} INFO - DAG(s) 'tutorial' retrieved from /home/airflow/.local/lib/python3.12/site-packages/airflow/example_dags/tutorial.py
[2025-02-28T03:37:15.657+0000] {logging_mixin.py:190} INFO - [2025-02-28T03:37:15.657+0000] {dag.py:3239} INFO - Sync 1 DAGs
[2025-02-28T03:37:15.693+0000] {logging_mixin.py:190} INFO - [2025-02-28T03:37:15.692+0000] {dag.py:4180} INFO - Setting next_dagrun for tutorial to 2025-02-27 00:00:00+00:00, run_after=2025-02-28 00:00:00+00:00
[2025-02-28T03:37:15.716+0000] {processor.py:208} INFO - Processing /home/airflow/.local/lib/python3.12/site-packages/airflow/example_dags/tutorial.py took 0.113 seconds
